ARM GAS  C:\Users\bccho\AppData\Local\Temp\ccbD4Y7z.s 			page 1


   1              		.syntax unified
   2              		.cpu cortex-m3
   3              		.fpu softvfp
   4              		.eabi_attribute 20, 1
   5              		.eabi_attribute 21, 1
   6              		.eabi_attribute 23, 3
   7              		.eabi_attribute 24, 1
   8              		.eabi_attribute 25, 1
   9              		.eabi_attribute 26, 1
  10              		.eabi_attribute 30, 6
  11              		.eabi_attribute 18, 4
  12              		.thumb
  13              		.file	"cyfitter_cfg.c"
  14              		.section	.debug_abbrev,"",%progbits
  15              	.Ldebug_abbrev0:
  16              		.section	.debug_info,"",%progbits
  17              	.Ldebug_info0:
  18              		.section	.debug_line,"",%progbits
  19              	.Ldebug_line0:
  20 0000 1C010000 		.text
  20      02006400 
  20      00000201 
  20      FB0E0D00 
  20      01010101 
  21              	.Ltext0:
  22              		.cfi_sections	.debug_frame
  23              		.section	.text.CyClockStartupError,"ax",%progbits
  24              		.align	2
  25              		.thumb
  26              		.thumb_func
  27              		.type	CyClockStartupError, %function
  28              	CyClockStartupError:
  29              	.LFB0:
  30              		.file 1 ".\\Generated_Source\\PSoC5\\cyfitter_cfg.c"
   1:.\Generated_Source\PSoC5/cyfitter_cfg.c **** /*******************************************************************************
   2:.\Generated_Source\PSoC5/cyfitter_cfg.c **** * FILENAME: cyfitter_cfg.c
   3:.\Generated_Source\PSoC5/cyfitter_cfg.c **** * PSoC Creator 2.1 SP1
   4:.\Generated_Source\PSoC5/cyfitter_cfg.c **** *
   5:.\Generated_Source\PSoC5/cyfitter_cfg.c **** * Description:
   6:.\Generated_Source\PSoC5/cyfitter_cfg.c **** * This file is automatically generated by PSoC Creator with device 
   7:.\Generated_Source\PSoC5/cyfitter_cfg.c **** * initialization code.  Except for the user defined sections in
   8:.\Generated_Source\PSoC5/cyfitter_cfg.c **** * CyClockStartupError(), this file should not be modified.
   9:.\Generated_Source\PSoC5/cyfitter_cfg.c **** *
  10:.\Generated_Source\PSoC5/cyfitter_cfg.c **** ********************************************************************************
  11:.\Generated_Source\PSoC5/cyfitter_cfg.c **** * Copyright 2012, Cypress Semiconductor Corporation.  All rights reserved.
  12:.\Generated_Source\PSoC5/cyfitter_cfg.c **** * You may use this file only in accordance with the license, terms, conditions, 
  13:.\Generated_Source\PSoC5/cyfitter_cfg.c **** * disclaimers, and limitations in the end user license agreement accompanying 
  14:.\Generated_Source\PSoC5/cyfitter_cfg.c **** * the software package with which this file was provided.
  15:.\Generated_Source\PSoC5/cyfitter_cfg.c **** ********************************************************************************/
  16:.\Generated_Source\PSoC5/cyfitter_cfg.c **** 
  17:.\Generated_Source\PSoC5/cyfitter_cfg.c **** #include <string.h>
  18:.\Generated_Source\PSoC5/cyfitter_cfg.c **** #include <cytypes.h>
  19:.\Generated_Source\PSoC5/cyfitter_cfg.c **** #include <cydevice_trm.h>
  20:.\Generated_Source\PSoC5/cyfitter_cfg.c **** #include <cyfitter.h>
  21:.\Generated_Source\PSoC5/cyfitter_cfg.c **** #include <CyLib.h>
  22:.\Generated_Source\PSoC5/cyfitter_cfg.c **** #include <cyfitter_cfg.h>
  23:.\Generated_Source\PSoC5/cyfitter_cfg.c **** 
ARM GAS  C:\Users\bccho\AppData\Local\Temp\ccbD4Y7z.s 			page 2


  24:.\Generated_Source\PSoC5/cyfitter_cfg.c **** /* Clock startup error codes                                                   */
  25:.\Generated_Source\PSoC5/cyfitter_cfg.c **** #define CYCLOCKSTART_NO_ERROR    0
  26:.\Generated_Source\PSoC5/cyfitter_cfg.c **** #define CYCLOCKSTART_XTAL_ERROR  1
  27:.\Generated_Source\PSoC5/cyfitter_cfg.c **** #define CYCLOCKSTART_32KHZ_ERROR 2
  28:.\Generated_Source\PSoC5/cyfitter_cfg.c **** #define CYCLOCKSTART_PLL_ERROR   3
  29:.\Generated_Source\PSoC5/cyfitter_cfg.c **** 
  30:.\Generated_Source\PSoC5/cyfitter_cfg.c **** /*******************************************************************************
  31:.\Generated_Source\PSoC5/cyfitter_cfg.c **** * Function Name: CyClockStartupError
  32:.\Generated_Source\PSoC5/cyfitter_cfg.c **** ********************************************************************************
  33:.\Generated_Source\PSoC5/cyfitter_cfg.c **** * Summary:
  34:.\Generated_Source\PSoC5/cyfitter_cfg.c **** *  If an error is encountered during clock configuration (crystal startup error,
  35:.\Generated_Source\PSoC5/cyfitter_cfg.c **** *  PLL lock error, etc) the system will end up here.  Unless reimplemented by 
  36:.\Generated_Source\PSoC5/cyfitter_cfg.c **** *  the customer, an infinite loop will be encountered.
  37:.\Generated_Source\PSoC5/cyfitter_cfg.c **** *
  38:.\Generated_Source\PSoC5/cyfitter_cfg.c **** * Parameters:  
  39:.\Generated_Source\PSoC5/cyfitter_cfg.c **** *   void
  40:.\Generated_Source\PSoC5/cyfitter_cfg.c **** *
  41:.\Generated_Source\PSoC5/cyfitter_cfg.c **** * Return:
  42:.\Generated_Source\PSoC5/cyfitter_cfg.c **** *   void
  43:.\Generated_Source\PSoC5/cyfitter_cfg.c **** *
  44:.\Generated_Source\PSoC5/cyfitter_cfg.c **** *******************************************************************************/
  45:.\Generated_Source\PSoC5/cyfitter_cfg.c **** #if defined(__GNUC__) || defined(__ARMCC_VERSION)
  46:.\Generated_Source\PSoC5/cyfitter_cfg.c **** __attribute__ ((unused))
  47:.\Generated_Source\PSoC5/cyfitter_cfg.c **** #endif
  48:.\Generated_Source\PSoC5/cyfitter_cfg.c **** static void CyClockStartupError(uint8 errorCode)
  49:.\Generated_Source\PSoC5/cyfitter_cfg.c **** {
  31              		.loc 1 49 0
  32              		.cfi_startproc
  33              		@ args = 0, pretend = 0, frame = 8
  34              		@ frame_needed = 1, uses_anonymous_args = 0
  35              		@ link register save eliminated.
  36 0000 80B4     		push	{r7}
  37              	.LCFI0:
  38              		.cfi_def_cfa_offset 4
  39 0002 83B0     		sub	sp, sp, #12
  40              	.LCFI1:
  41              		.cfi_def_cfa_offset 16
  42 0004 00AF     		add	r7, sp, #0
  43              		.cfi_offset 7, -4
  44              	.LCFI2:
  45              		.cfi_def_cfa_register 7
  46 0006 0346     		mov	r3, r0
  47 0008 FB71     		strb	r3, [r7, #7]
  48              	.L2:
  50:.\Generated_Source\PSoC5/cyfitter_cfg.c ****     /* To remove the compiler warning if errorCode not used.                */
  51:.\Generated_Source\PSoC5/cyfitter_cfg.c ****     errorCode = errorCode;
  52:.\Generated_Source\PSoC5/cyfitter_cfg.c **** 
  53:.\Generated_Source\PSoC5/cyfitter_cfg.c ****     /* `#START CyClockStartupError` */
  54:.\Generated_Source\PSoC5/cyfitter_cfg.c **** 
  55:.\Generated_Source\PSoC5/cyfitter_cfg.c ****     /* If we have a clock startup error (bad MHz crystal, PLL lock, etc)    */
  56:.\Generated_Source\PSoC5/cyfitter_cfg.c ****     /* we will end up here to allow the customer to implement something to  */
  57:.\Generated_Source\PSoC5/cyfitter_cfg.c ****     /* deal with the clock condition.                                       */
  58:.\Generated_Source\PSoC5/cyfitter_cfg.c **** 
  59:.\Generated_Source\PSoC5/cyfitter_cfg.c ****     /* `#END` */
  60:.\Generated_Source\PSoC5/cyfitter_cfg.c **** 
  61:.\Generated_Source\PSoC5/cyfitter_cfg.c ****     /* If nothing else, stop here since the clocks have not started         */
  62:.\Generated_Source\PSoC5/cyfitter_cfg.c ****     /* correctly.                                                           */
ARM GAS  C:\Users\bccho\AppData\Local\Temp\ccbD4Y7z.s 			page 3


  63:.\Generated_Source\PSoC5/cyfitter_cfg.c ****     while(1) {}
  49              		.loc 1 63 0
  50 000a FEE7     		b	.L2
  51              		.cfi_endproc
  52              	.LFE0:
  53              		.size	CyClockStartupError, .-CyClockStartupError
  54              		.section	.rodata
  55              		.align	2
  56              		.type	cfg_memset_list, %object
  57              		.size	cfg_memset_list, 54
  58              	cfg_memset_list:
  59 0000 004F0040 		.word	1073762048
  60 0004 2400     		.short	36
  61 0006 10510040 		.4byte	1073762576
  62 000a 1000     		.short	16
  63 000c C0510040 		.word	1073762752
  64 0010 1000     		.short	16
  65 0012 F0510040 		.4byte	1073762800
  66 0016 1000     		.short	16
  67 0018 00000140 		.word	1073807360
  68 001c 0010     		.short	4096
  69 001e 00140140 		.4byte	1073812480
  70 0022 0008     		.short	2048
  71 0024 00400140 		.word	1073823744
  72 0028 000A     		.short	2560
  73 002a 004C0140 		.4byte	1073826816
  74 002e 0002     		.short	512
  75 0030 00500140 		.word	1073827840
  76 0034 2000     		.short	32
  77 0036 0000     		.section	.text.cfg_write_bytes32,"ax",%progbits
  78              		.align	2
  79              		.thumb
  80              		.thumb_func
  81              		.type	cfg_write_bytes32, %function
  82              	cfg_write_bytes32:
  83              	.LFB1:
  64:.\Generated_Source\PSoC5/cyfitter_cfg.c **** }
  65:.\Generated_Source\PSoC5/cyfitter_cfg.c **** 
  66:.\Generated_Source\PSoC5/cyfitter_cfg.c **** 
  67:.\Generated_Source\PSoC5/cyfitter_cfg.c **** #undef CYCODE
  68:.\Generated_Source\PSoC5/cyfitter_cfg.c **** #undef CYDATA
  69:.\Generated_Source\PSoC5/cyfitter_cfg.c **** #undef CYXDATA
  70:.\Generated_Source\PSoC5/cyfitter_cfg.c **** #undef CYFAR
  71:.\Generated_Source\PSoC5/cyfitter_cfg.c **** #if defined(__GNUC__) || defined(__ARMCC_VERSION)
  72:.\Generated_Source\PSoC5/cyfitter_cfg.c **** 	#define CYCODE
  73:.\Generated_Source\PSoC5/cyfitter_cfg.c **** 	#define CYDATA
  74:.\Generated_Source\PSoC5/cyfitter_cfg.c **** 	#define CYXDATA
  75:.\Generated_Source\PSoC5/cyfitter_cfg.c **** 	#define CYFAR
  76:.\Generated_Source\PSoC5/cyfitter_cfg.c **** 
  77:.\Generated_Source\PSoC5/cyfitter_cfg.c **** 	#define CYPACKED __attribute__ ((packed))
  78:.\Generated_Source\PSoC5/cyfitter_cfg.c **** 	#define CYALIGNED __attribute__ ((aligned))
  79:.\Generated_Source\PSoC5/cyfitter_cfg.c **** 	
  80:.\Generated_Source\PSoC5/cyfitter_cfg.c **** 	#if defined(__ARMCC_VERSION)
  81:.\Generated_Source\PSoC5/cyfitter_cfg.c **** 		#define CY_CFG_MEMORY_BARRIER() __memory_changed()
  82:.\Generated_Source\PSoC5/cyfitter_cfg.c **** 	#else
  83:.\Generated_Source\PSoC5/cyfitter_cfg.c **** 		#define CY_CFG_MEMORY_BARRIER() __sync_synchronize()
  84:.\Generated_Source\PSoC5/cyfitter_cfg.c **** 	#endif
ARM GAS  C:\Users\bccho\AppData\Local\Temp\ccbD4Y7z.s 			page 4


  85:.\Generated_Source\PSoC5/cyfitter_cfg.c **** 	
  86:.\Generated_Source\PSoC5/cyfitter_cfg.c **** 	
  87:.\Generated_Source\PSoC5/cyfitter_cfg.c **** 	#define CYMEMZERO(a,c) memset((a),0,(c))
  88:.\Generated_Source\PSoC5/cyfitter_cfg.c **** 	#define CYCONFIGCPY(d,s,c) memcpy((d),(s),(c))
  89:.\Generated_Source\PSoC5/cyfitter_cfg.c **** 	#define CYCONFIGCPYCODE(d,s,c) memcpy((d),(s),(c))
  90:.\Generated_Source\PSoC5/cyfitter_cfg.c **** #else
  91:.\Generated_Source\PSoC5/cyfitter_cfg.c **** 	#error Unsupported toolchain
  92:.\Generated_Source\PSoC5/cyfitter_cfg.c **** #endif
  93:.\Generated_Source\PSoC5/cyfitter_cfg.c **** 
  94:.\Generated_Source\PSoC5/cyfitter_cfg.c **** /* Defines the layout and meaning of each entry in the cfg_memset_list used for clearing registers 
  95:.\Generated_Source\PSoC5/cyfitter_cfg.c **** typedef struct {
  96:.\Generated_Source\PSoC5/cyfitter_cfg.c **** 	void CYFAR *address;
  97:.\Generated_Source\PSoC5/cyfitter_cfg.c **** 	uint16 size;
  98:.\Generated_Source\PSoC5/cyfitter_cfg.c **** } CYPACKED cfg_memset_t;
  99:.\Generated_Source\PSoC5/cyfitter_cfg.c **** 
 100:.\Generated_Source\PSoC5/cyfitter_cfg.c **** /* Defines the layout and meaning of each entry in the cfg_memcpy_list used for initializing regist
 101:.\Generated_Source\PSoC5/cyfitter_cfg.c **** typedef struct {
 102:.\Generated_Source\PSoC5/cyfitter_cfg.c **** 	void CYFAR *dest;
 103:.\Generated_Source\PSoC5/cyfitter_cfg.c **** 	const void CYFAR *src;
 104:.\Generated_Source\PSoC5/cyfitter_cfg.c **** 	uint16 size;
 105:.\Generated_Source\PSoC5/cyfitter_cfg.c **** } CYPACKED cfg_memcpy_t;
 106:.\Generated_Source\PSoC5/cyfitter_cfg.c **** 
 107:.\Generated_Source\PSoC5/cyfitter_cfg.c **** /* Contains the regions of memory that must be set to 0 during configuration */
 108:.\Generated_Source\PSoC5/cyfitter_cfg.c **** #define CFG_MEMSET_COUNT (sizeof(cfg_memset_list)/sizeof(*cfg_memset_list))
 109:.\Generated_Source\PSoC5/cyfitter_cfg.c **** static const cfg_memset_t CYCODE cfg_memset_list [] = {
 110:.\Generated_Source\PSoC5/cyfitter_cfg.c **** 	/* address, size */
 111:.\Generated_Source\PSoC5/cyfitter_cfg.c **** 	{(void CYFAR *)(CYREG_TMR0_CFG0), 36},
 112:.\Generated_Source\PSoC5/cyfitter_cfg.c **** 	{(void CYFAR *)(CYREG_PRT1_DR), 16},
 113:.\Generated_Source\PSoC5/cyfitter_cfg.c **** 	{(void CYFAR *)(CYREG_PRT12_DR), 16},
 114:.\Generated_Source\PSoC5/cyfitter_cfg.c **** 	{(void CYFAR *)(CYREG_PRT15_DR), 16},
 115:.\Generated_Source\PSoC5/cyfitter_cfg.c **** 	{(void CYFAR *)(CYDEV_UCFG_B0_P0_U0_BASE), 4096},
 116:.\Generated_Source\PSoC5/cyfitter_cfg.c **** 	{(void CYFAR *)(CYDEV_UCFG_B1_P2_U0_BASE), 2048},
 117:.\Generated_Source\PSoC5/cyfitter_cfg.c **** 	{(void CYFAR *)(CYDEV_UCFG_DSI0_BASE), 2560},
 118:.\Generated_Source\PSoC5/cyfitter_cfg.c **** 	{(void CYFAR *)(CYDEV_UCFG_DSI12_BASE), 512},
 119:.\Generated_Source\PSoC5/cyfitter_cfg.c **** 	{(void CYFAR *)(CYREG_BCTL0_MDCLK_EN), 32},
 120:.\Generated_Source\PSoC5/cyfitter_cfg.c **** };
 121:.\Generated_Source\PSoC5/cyfitter_cfg.c **** 
 122:.\Generated_Source\PSoC5/cyfitter_cfg.c **** #define CY_CFG_BASE_ADDR_COUNT 35
 123:.\Generated_Source\PSoC5/cyfitter_cfg.c **** typedef struct
 124:.\Generated_Source\PSoC5/cyfitter_cfg.c **** {
 125:.\Generated_Source\PSoC5/cyfitter_cfg.c **** 	uint8 offset;
 126:.\Generated_Source\PSoC5/cyfitter_cfg.c **** 	uint8 value;
 127:.\Generated_Source\PSoC5/cyfitter_cfg.c **** } CYPACKED cy_cfg_addrvalue_t;
 128:.\Generated_Source\PSoC5/cyfitter_cfg.c **** 
 129:.\Generated_Source\PSoC5/cyfitter_cfg.c **** #define cy_cfg_addr_table ((const uint32 CYFAR *)0x48000000)
 130:.\Generated_Source\PSoC5/cyfitter_cfg.c **** #define cy_cfg_data_table ((const cy_cfg_addrvalue_t CYFAR *)0x4800008C)
 131:.\Generated_Source\PSoC5/cyfitter_cfg.c **** 
 132:.\Generated_Source\PSoC5/cyfitter_cfg.c **** /* IOPINS0_0 Address: CYREG_PRT0_DM0 Size (bytes): 8 */
 133:.\Generated_Source\PSoC5/cyfitter_cfg.c **** #define BS_IOPINS0_0_VAL ((const uint8 CYFAR *)0x48000D14)
 134:.\Generated_Source\PSoC5/cyfitter_cfg.c **** 
 135:.\Generated_Source\PSoC5/cyfitter_cfg.c **** /* IOPINS0_2 Address: CYREG_PRT2_DM0 Size (bytes): 8 */
 136:.\Generated_Source\PSoC5/cyfitter_cfg.c **** #define BS_IOPINS0_2_VAL ((const uint8 CYFAR *)0x48000D1C)
 137:.\Generated_Source\PSoC5/cyfitter_cfg.c **** 
 138:.\Generated_Source\PSoC5/cyfitter_cfg.c **** /* IOPINS0_3 Address: CYREG_PRT3_DR Size (bytes): 10 */
 139:.\Generated_Source\PSoC5/cyfitter_cfg.c **** #define BS_IOPINS0_3_VAL ((const uint8 CYFAR *)0x48000D24)
 140:.\Generated_Source\PSoC5/cyfitter_cfg.c **** 
 141:.\Generated_Source\PSoC5/cyfitter_cfg.c **** /* IOPINS0_4 Address: CYREG_PRT4_DM0 Size (bytes): 8 */
ARM GAS  C:\Users\bccho\AppData\Local\Temp\ccbD4Y7z.s 			page 5


 142:.\Generated_Source\PSoC5/cyfitter_cfg.c **** #define BS_IOPINS0_4_VAL ((const uint8 CYFAR *)0x48000D30)
 143:.\Generated_Source\PSoC5/cyfitter_cfg.c **** 
 144:.\Generated_Source\PSoC5/cyfitter_cfg.c **** /* IOPINS0_5 Address: CYREG_PRT5_DM0 Size (bytes): 8 */
 145:.\Generated_Source\PSoC5/cyfitter_cfg.c **** #define BS_IOPINS0_5_VAL ((const uint8 CYFAR *)0x48000D38)
 146:.\Generated_Source\PSoC5/cyfitter_cfg.c **** 
 147:.\Generated_Source\PSoC5/cyfitter_cfg.c **** /* IOPINS0_6 Address: CYREG_PRT6_DR Size (bytes): 10 */
 148:.\Generated_Source\PSoC5/cyfitter_cfg.c **** #define BS_IOPINS0_6_VAL ((const uint8 CYFAR *)0x48000D40)
 149:.\Generated_Source\PSoC5/cyfitter_cfg.c **** 
 150:.\Generated_Source\PSoC5/cyfitter_cfg.c **** 
 151:.\Generated_Source\PSoC5/cyfitter_cfg.c **** /*******************************************************************************
 152:.\Generated_Source\PSoC5/cyfitter_cfg.c **** * Function Name: cfg_write_bytes32
 153:.\Generated_Source\PSoC5/cyfitter_cfg.c **** ********************************************************************************
 154:.\Generated_Source\PSoC5/cyfitter_cfg.c **** * Summary:
 155:.\Generated_Source\PSoC5/cyfitter_cfg.c **** *  This function is used for setting up the chip configuration areas that 
 156:.\Generated_Source\PSoC5/cyfitter_cfg.c **** *  contain relativly sparse data.
 157:.\Generated_Source\PSoC5/cyfitter_cfg.c **** *
 158:.\Generated_Source\PSoC5/cyfitter_cfg.c **** * Parameters:  
 159:.\Generated_Source\PSoC5/cyfitter_cfg.c **** *   void
 160:.\Generated_Source\PSoC5/cyfitter_cfg.c **** *
 161:.\Generated_Source\PSoC5/cyfitter_cfg.c **** * Return:
 162:.\Generated_Source\PSoC5/cyfitter_cfg.c **** *   void
 163:.\Generated_Source\PSoC5/cyfitter_cfg.c **** *
 164:.\Generated_Source\PSoC5/cyfitter_cfg.c **** *******************************************************************************/
 165:.\Generated_Source\PSoC5/cyfitter_cfg.c **** /* For 32-bit little-endian architectures */
 166:.\Generated_Source\PSoC5/cyfitter_cfg.c **** static void cfg_write_bytes32(void)
 167:.\Generated_Source\PSoC5/cyfitter_cfg.c **** {
  84              		.loc 1 167 0
  85              		.cfi_startproc
  86              		@ args = 0, pretend = 0, frame = 16
  87              		@ frame_needed = 1, uses_anonymous_args = 0
  88              		@ link register save eliminated.
  89 0000 80B4     		push	{r7}
  90              	.LCFI3:
  91              		.cfi_def_cfa_offset 4
  92 0002 85B0     		sub	sp, sp, #20
  93              	.LCFI4:
  94              		.cfi_def_cfa_offset 24
  95 0004 00AF     		add	r7, sp, #0
  96              		.cfi_offset 7, -4
  97              	.LCFI5:
  98              		.cfi_def_cfa_register 7
 168:.\Generated_Source\PSoC5/cyfitter_cfg.c **** 	unsigned int i, j = 0;
  99              		.loc 1 168 0
 100 0006 4FF00003 		mov	r3, #0
 101 000a 7B60     		str	r3, [r7, #4]
 169:.\Generated_Source\PSoC5/cyfitter_cfg.c **** 	for (i = 0; i < CY_CFG_BASE_ADDR_COUNT; i++)
 102              		.loc 1 169 0
 103 000c 4FF00003 		mov	r3, #0
 104 0010 3B60     		str	r3, [r7, #0]
 105 0012 36E0     		b	.L5
 106              	.L8:
 107              	.LBB2:
 170:.\Generated_Source\PSoC5/cyfitter_cfg.c **** 	{
 171:.\Generated_Source\PSoC5/cyfitter_cfg.c **** 		uint32 baseAddr = cy_cfg_addr_table[i];
 108              		.loc 1 171 0
 109 0014 3B68     		ldr	r3, [r7, #0]
 110 0016 4FEA8303 		lsl	r3, r3, #2
ARM GAS  C:\Users\bccho\AppData\Local\Temp\ccbD4Y7z.s 			page 6


 111 001a 03F19043 		add	r3, r3, #1207959552
 112 001e 1B68     		ldr	r3, [r3, #0]
 113 0020 BB60     		str	r3, [r7, #8]
 172:.\Generated_Source\PSoC5/cyfitter_cfg.c **** 		uint8 count = baseAddr & 0xFFu;
 114              		.loc 1 172 0
 115 0022 BB68     		ldr	r3, [r7, #8]
 116 0024 FB73     		strb	r3, [r7, #15]
 173:.\Generated_Source\PSoC5/cyfitter_cfg.c **** 		baseAddr &= 0xFFFFFF00u;
 117              		.loc 1 173 0
 118 0026 BB68     		ldr	r3, [r7, #8]
 119 0028 23F0FF03 		bic	r3, r3, #255
 120 002c BB60     		str	r3, [r7, #8]
 174:.\Generated_Source\PSoC5/cyfitter_cfg.c **** 		while (count--)
 121              		.loc 1 174 0
 122 002e 18E0     		b	.L6
 123              	.L7:
 175:.\Generated_Source\PSoC5/cyfitter_cfg.c **** 		{
 176:.\Generated_Source\PSoC5/cyfitter_cfg.c **** 			CY_SET_XTND_REG8((void CYFAR *)(baseAddr + cy_cfg_data_table[j].offset), cy_cfg_data_table[j].va
 124              		.loc 1 176 0
 125 0030 7B68     		ldr	r3, [r7, #4]
 126 0032 4FEA4303 		lsl	r3, r3, #1
 127 0036 03F19043 		add	r3, r3, #1207959552
 128 003a 03F18C03 		add	r3, r3, #140
 129 003e 1B78     		ldrb	r3, [r3, #0]	@ zero_extendqisi2
 130 0040 1A46     		mov	r2, r3
 131 0042 BB68     		ldr	r3, [r7, #8]
 132 0044 1344     		add	r3, r2, r3
 133 0046 1A46     		mov	r2, r3
 134 0048 7B68     		ldr	r3, [r7, #4]
 135 004a 4FEA4303 		lsl	r3, r3, #1
 136 004e 03F19043 		add	r3, r3, #1207959552
 137 0052 03F18C03 		add	r3, r3, #140
 138 0056 5B78     		ldrb	r3, [r3, #1]	@ zero_extendqisi2
 139 0058 1370     		strb	r3, [r2, #0]
 177:.\Generated_Source\PSoC5/cyfitter_cfg.c **** 			j++;
 140              		.loc 1 177 0
 141 005a 7B68     		ldr	r3, [r7, #4]
 142 005c 03F10103 		add	r3, r3, #1
 143 0060 7B60     		str	r3, [r7, #4]
 144              	.L6:
 145              		.loc 1 174 0
 146 0062 FB7B     		ldrb	r3, [r7, #15]	@ zero_extendqisi2
 147 0064 002B     		cmp	r3, #0
 148 0066 0CBF     		ite	eq
 149 0068 0023     		moveq	r3, #0
 150 006a 0123     		movne	r3, #1
 151 006c DBB2     		uxtb	r3, r3
 152 006e FA7B     		ldrb	r2, [r7, #15]
 153 0070 02F1FF32 		add	r2, r2, #-1
 154 0074 FA73     		strb	r2, [r7, #15]
 155 0076 002B     		cmp	r3, #0
 156 0078 DAD1     		bne	.L7
 157              	.LBE2:
 158              		.loc 1 169 0
 159 007a 3B68     		ldr	r3, [r7, #0]
 160 007c 03F10103 		add	r3, r3, #1
 161 0080 3B60     		str	r3, [r7, #0]
ARM GAS  C:\Users\bccho\AppData\Local\Temp\ccbD4Y7z.s 			page 7


 162              	.L5:
 163 0082 3B68     		ldr	r3, [r7, #0]
 164 0084 222B     		cmp	r3, #34
 165 0086 C5D9     		bls	.L8
 178:.\Generated_Source\PSoC5/cyfitter_cfg.c **** 		}
 179:.\Generated_Source\PSoC5/cyfitter_cfg.c **** 	}
 180:.\Generated_Source\PSoC5/cyfitter_cfg.c **** }
 166              		.loc 1 180 0
 167 0088 07F11407 		add	r7, r7, #20
 168 008c BD46     		mov	sp, r7
 169 008e 80BC     		pop	{r7}
 170 0090 7047     		bx	lr
 171              		.cfi_endproc
 172              	.LFE1:
 173              		.size	cfg_write_bytes32, .-cfg_write_bytes32
 174 0092 00BF     		.section	.text.ClockSetup,"ax",%progbits
 175              		.align	2
 176              		.thumb
 177              		.thumb_func
 178              		.type	ClockSetup, %function
 179              	ClockSetup:
 180              	.LFB2:
 181:.\Generated_Source\PSoC5/cyfitter_cfg.c **** 
 182:.\Generated_Source\PSoC5/cyfitter_cfg.c **** /*******************************************************************************
 183:.\Generated_Source\PSoC5/cyfitter_cfg.c **** * Function Name: ClockSetup
 184:.\Generated_Source\PSoC5/cyfitter_cfg.c **** ********************************************************************************
 185:.\Generated_Source\PSoC5/cyfitter_cfg.c **** *
 186:.\Generated_Source\PSoC5/cyfitter_cfg.c **** * Summary:
 187:.\Generated_Source\PSoC5/cyfitter_cfg.c **** *  Performs the initialization of all of the clocks in the device based on the
 188:.\Generated_Source\PSoC5/cyfitter_cfg.c **** *  settings in the Clock tab of the DWR.  This includes enabling the requested
 189:.\Generated_Source\PSoC5/cyfitter_cfg.c **** *  clocks and setting the necessary dividers to produce the desired frequency. 
 190:.\Generated_Source\PSoC5/cyfitter_cfg.c **** *
 191:.\Generated_Source\PSoC5/cyfitter_cfg.c **** * Parameters:
 192:.\Generated_Source\PSoC5/cyfitter_cfg.c **** *  void
 193:.\Generated_Source\PSoC5/cyfitter_cfg.c **** *
 194:.\Generated_Source\PSoC5/cyfitter_cfg.c **** * Return:
 195:.\Generated_Source\PSoC5/cyfitter_cfg.c **** *  void
 196:.\Generated_Source\PSoC5/cyfitter_cfg.c **** *
 197:.\Generated_Source\PSoC5/cyfitter_cfg.c **** *******************************************************************************/
 198:.\Generated_Source\PSoC5/cyfitter_cfg.c **** static void ClockSetup(void)
 199:.\Generated_Source\PSoC5/cyfitter_cfg.c **** {
 181              		.loc 1 199 0
 182              		.cfi_startproc
 183              		@ args = 0, pretend = 0, frame = 16
 184              		@ frame_needed = 1, uses_anonymous_args = 0
 185 0000 80B5     		push	{r7, lr}
 186              	.LCFI6:
 187              		.cfi_def_cfa_offset 8
 188 0002 84B0     		sub	sp, sp, #16
 189              	.LCFI7:
 190              		.cfi_def_cfa_offset 24
 191 0004 00AF     		add	r7, sp, #0
 192              		.cfi_offset 14, -4
 193              		.cfi_offset 7, -8
 194              	.LCFI8:
 195              		.cfi_def_cfa_register 7
 200:.\Generated_Source\PSoC5/cyfitter_cfg.c **** 	reg32  timeout;
ARM GAS  C:\Users\bccho\AppData\Local\Temp\ccbD4Y7z.s 			page 8


 201:.\Generated_Source\PSoC5/cyfitter_cfg.c **** 	reg32* timeout_p = &timeout;
 196              		.loc 1 201 0
 197 0006 07F10803 		add	r3, r7, #8
 198 000a FB60     		str	r3, [r7, #12]
 202:.\Generated_Source\PSoC5/cyfitter_cfg.c **** 	reg8   pllLock;
 203:.\Generated_Source\PSoC5/cyfitter_cfg.c **** 
 204:.\Generated_Source\PSoC5/cyfitter_cfg.c **** 
 205:.\Generated_Source\PSoC5/cyfitter_cfg.c **** 	/* Configure Digital Clocks based on settings from Clock DWR */
 206:.\Generated_Source\PSoC5/cyfitter_cfg.c **** 	CY_SET_XTND_REG24((void CYFAR *)(CYREG_CLKDIST_DCFG0_CFG0), 0x180001);
 199              		.loc 1 206 0
 200 000c 44F28000 		movw	r0, #:lower16:1073758336
 201 0010 C4F20000 		movt	r0, #:upper16:1073758336
 202 0014 40F20101 		movw	r1, #:lower16:1572865
 203 0018 C0F21801 		movt	r1, #:upper16:1572865
 204 001c FFF7FEFF 		bl	CySetReg24
 207:.\Generated_Source\PSoC5/cyfitter_cfg.c **** 	CY_SET_XTND_REG24((void CYFAR *)(CYREG_CLKDIST_DCFG1_CFG0), 0x180033);
 205              		.loc 1 207 0
 206 0020 44F28400 		movw	r0, #:lower16:1073758340
 207 0024 C4F20000 		movt	r0, #:upper16:1073758340
 208 0028 40F23301 		movw	r1, #:lower16:1572915
 209 002c C0F21801 		movt	r1, #:upper16:1572915
 210 0030 FFF7FEFF 		bl	CySetReg24
 208:.\Generated_Source\PSoC5/cyfitter_cfg.c **** 	CY_SET_XTND_REG24((void CYFAR *)(CYREG_CLKDIST_DCFG2_CFG0), 0x19001D);
 211              		.loc 1 208 0
 212 0034 44F28800 		movw	r0, #:lower16:1073758344
 213 0038 C4F20000 		movt	r0, #:upper16:1073758344
 214 003c 40F21D01 		movw	r1, #:lower16:1638429
 215 0040 C0F21901 		movt	r1, #:upper16:1638429
 216 0044 FFF7FEFF 		bl	CySetReg24
 209:.\Generated_Source\PSoC5/cyfitter_cfg.c **** 	CY_SET_XTND_REG24((void CYFAR *)(CYREG_CLKDIST_DCFG3_CFG0), 0x19752F);
 217              		.loc 1 209 0
 218 0048 44F28C00 		movw	r0, #:lower16:1073758348
 219 004c C4F20000 		movt	r0, #:upper16:1073758348
 220 0050 47F22F51 		movw	r1, #:lower16:1668399
 221 0054 C0F21901 		movt	r1, #:upper16:1668399
 222 0058 FFF7FEFF 		bl	CySetReg24
 210:.\Generated_Source\PSoC5/cyfitter_cfg.c **** 
 211:.\Generated_Source\PSoC5/cyfitter_cfg.c **** 	/* Configure ILO based on settings from Clock DWR */
 212:.\Generated_Source\PSoC5/cyfitter_cfg.c **** 	CY_SET_XTND_REG8((void CYFAR *)(CYREG_SLOWCLK_ILO_CR0), 0x02);
 223              		.loc 1 212 0
 224 005c 44F20033 		movw	r3, #:lower16:1073758976
 225 0060 C4F20003 		movt	r3, #:upper16:1073758976
 226 0064 4FF00202 		mov	r2, #2
 227 0068 1A70     		strb	r2, [r3, #0]
 213:.\Generated_Source\PSoC5/cyfitter_cfg.c **** 	CY_SET_XTND_REG8((void CYFAR *)(CYREG_CLKDIST_CR), 0x08);
 228              		.loc 1 213 0
 229 006a 44F20003 		movw	r3, #:lower16:1073758208
 230 006e C4F20003 		movt	r3, #:upper16:1073758208
 231 0072 4FF00802 		mov	r2, #8
 232 0076 1A70     		strb	r2, [r3, #0]
 214:.\Generated_Source\PSoC5/cyfitter_cfg.c **** 
 215:.\Generated_Source\PSoC5/cyfitter_cfg.c **** 	/* Configure IMO based on settings from Clock DWR */
 216:.\Generated_Source\PSoC5/cyfitter_cfg.c **** 	CY_SET_XTND_REG8((void CYFAR *)(CYREG_FASTCLK_IMO_CR), 0x03);
 233              		.loc 1 216 0
 234 0078 44F20023 		movw	r3, #:lower16:1073758720
 235 007c C4F20003 		movt	r3, #:upper16:1073758720
 236 0080 4FF00302 		mov	r2, #3
ARM GAS  C:\Users\bccho\AppData\Local\Temp\ccbD4Y7z.s 			page 9


 237 0084 1A70     		strb	r2, [r3, #0]
 217:.\Generated_Source\PSoC5/cyfitter_cfg.c **** 	CY_SET_XTND_REG8((void CYFAR *)(CYREG_IMO_TR1), (CY_GET_XTND_REG8(CYREG_FLSHID_CUST_TABLES_IMO_3MH
 238              		.loc 1 217 0
 239 0086 44F2A163 		movw	r3, #:lower16:1073759905
 240 008a C4F20003 		movt	r3, #:upper16:1073759905
 241 008e 40F20812 		movw	r2, #:lower16:1224737032
 242 0092 C4F60012 		movt	r2, #:upper16:1224737032
 243 0096 1278     		ldrb	r2, [r2, #0]
 244 0098 D2B2     		uxtb	r2, r2
 245 009a 1A70     		strb	r2, [r3, #0]
 218:.\Generated_Source\PSoC5/cyfitter_cfg.c **** 
 219:.\Generated_Source\PSoC5/cyfitter_cfg.c **** 	/* Configure PLL based on settings from Clock DWR */
 220:.\Generated_Source\PSoC5/cyfitter_cfg.c **** 	CY_SET_XTND_REG16((void CYFAR *)(CYREG_FASTCLK_PLL_P), 0x0008);
 246              		.loc 1 220 0
 247 009c 44F22223 		movw	r3, #:lower16:1073758754
 248 00a0 C4F20003 		movt	r3, #:upper16:1073758754
 249 00a4 4FF00802 		mov	r2, #8
 250 00a8 1A80     		strh	r2, [r3, #0]	@ movhi
 221:.\Generated_Source\PSoC5/cyfitter_cfg.c **** 	CY_SET_XTND_REG16((void CYFAR *)(CYREG_FASTCLK_PLL_CFG0), 0x1051);
 251              		.loc 1 221 0
 252 00aa 44F22023 		movw	r3, #:lower16:1073758752
 253 00ae C4F20003 		movt	r3, #:upper16:1073758752
 254 00b2 41F25102 		movw	r2, #4177
 255 00b6 1A80     		strh	r2, [r3, #0]	@ movhi
 222:.\Generated_Source\PSoC5/cyfitter_cfg.c **** 	/* Wait up to 250us for the PLL to lock */
 223:.\Generated_Source\PSoC5/cyfitter_cfg.c **** 	pllLock = 0;
 256              		.loc 1 223 0
 257 00b8 4FF00003 		mov	r3, #0
 258 00bc FB71     		strb	r3, [r7, #7]
 224:.\Generated_Source\PSoC5/cyfitter_cfg.c **** 	for (timeout = 250 / 10; *timeout_p && (pllLock != 0x03u); timeout--) { 
 259              		.loc 1 224 0
 260 00be 4FF01903 		mov	r3, #25
 261 00c2 BB60     		str	r3, [r7, #8]
 262 00c4 1AE0     		b	.L11
 263              	.L13:
 225:.\Generated_Source\PSoC5/cyfitter_cfg.c **** 		pllLock = 0x03u & ((pllLock << 1) | ((CY_GET_XTND_REG8(CYREG_FASTCLK_PLL_SR) & 0x01u) >> 0));
 264              		.loc 1 225 0
 265 00c6 FB79     		ldrb	r3, [r7, #7]
 266 00c8 DBB2     		uxtb	r3, r3
 267 00ca 4FEA4303 		lsl	r3, r3, #1
 268 00ce DAB2     		uxtb	r2, r3
 269 00d0 44F22523 		movw	r3, #:lower16:1073758757
 270 00d4 C4F20003 		movt	r3, #:upper16:1073758757
 271 00d8 1B78     		ldrb	r3, [r3, #0]
 272 00da DBB2     		uxtb	r3, r3
 273 00dc 03F00103 		and	r3, r3, #1
 274 00e0 42EA0303 		orr	r3, r2, r3
 275 00e4 DBB2     		uxtb	r3, r3
 276 00e6 03F00303 		and	r3, r3, #3
 277 00ea FB71     		strb	r3, [r7, #7]
 226:.\Generated_Source\PSoC5/cyfitter_cfg.c **** 		CyDelayCycles(10 * 48); /* Delay 10us based on 48MHz clock */
 278              		.loc 1 226 0
 279 00ec 4FF4F070 		mov	r0, #480
 280 00f0 FFF7FEFF 		bl	CyDelayCycles
 281              		.loc 1 224 0
 282 00f4 BB68     		ldr	r3, [r7, #8]
 283 00f6 03F1FF33 		add	r3, r3, #-1
ARM GAS  C:\Users\bccho\AppData\Local\Temp\ccbD4Y7z.s 			page 10


 284 00fa BB60     		str	r3, [r7, #8]
 285              	.L11:
 286 00fc FB68     		ldr	r3, [r7, #12]
 287 00fe 1B68     		ldr	r3, [r3, #0]
 288 0100 002B     		cmp	r3, #0
 289 0102 03D0     		beq	.L12
 290 0104 FB79     		ldrb	r3, [r7, #7]
 291 0106 DBB2     		uxtb	r3, r3
 292 0108 032B     		cmp	r3, #3
 293 010a DCD1     		bne	.L13
 294              	.L12:
 227:.\Generated_Source\PSoC5/cyfitter_cfg.c **** 	}
 228:.\Generated_Source\PSoC5/cyfitter_cfg.c **** 
 229:.\Generated_Source\PSoC5/cyfitter_cfg.c **** 	/* Configure Bus/Master Clock based on settings from Clock DWR */
 230:.\Generated_Source\PSoC5/cyfitter_cfg.c **** 	CY_SET_XTND_REG16((void CYFAR *)(CYREG_CLKDIST_MSTR0), 0x0100);
 295              		.loc 1 230 0
 296 010c 44F20403 		movw	r3, #:lower16:1073758212
 297 0110 C4F20003 		movt	r3, #:upper16:1073758212
 298 0114 4FF48072 		mov	r2, #256
 299 0118 1A80     		strh	r2, [r3, #0]	@ movhi
 231:.\Generated_Source\PSoC5/cyfitter_cfg.c **** 	CY_SET_XTND_REG8((void CYFAR *)(CYREG_CLKDIST_MSTR0), 0x07);
 300              		.loc 1 231 0
 301 011a 44F20403 		movw	r3, #:lower16:1073758212
 302 011e C4F20003 		movt	r3, #:upper16:1073758212
 303 0122 4FF00702 		mov	r2, #7
 304 0126 1A70     		strb	r2, [r3, #0]
 232:.\Generated_Source\PSoC5/cyfitter_cfg.c **** 	CY_SET_XTND_REG8((void CYFAR *)(CYREG_CLKDIST_BCFG0), 0x00);
 305              		.loc 1 232 0
 306 0128 44F20603 		movw	r3, #:lower16:1073758214
 307 012c C4F20003 		movt	r3, #:upper16:1073758214
 308 0130 4FF00002 		mov	r2, #0
 309 0134 1A70     		strb	r2, [r3, #0]
 233:.\Generated_Source\PSoC5/cyfitter_cfg.c **** 	CY_SET_XTND_REG8((void CYFAR *)(CYREG_CLKDIST_BCFG2), 0x48);
 310              		.loc 1 233 0
 311 0136 44F20803 		movw	r3, #:lower16:1073758216
 312 013a C4F20003 		movt	r3, #:upper16:1073758216
 313 013e 4FF04802 		mov	r2, #72
 314 0142 1A70     		strb	r2, [r3, #0]
 234:.\Generated_Source\PSoC5/cyfitter_cfg.c **** 	CY_SET_XTND_REG8((void CYFAR *)(CYREG_CLKDIST_MSTR0), 0x00);
 315              		.loc 1 234 0
 316 0144 44F20403 		movw	r3, #:lower16:1073758212
 317 0148 C4F20003 		movt	r3, #:upper16:1073758212
 318 014c 4FF00002 		mov	r2, #0
 319 0150 1A70     		strb	r2, [r3, #0]
 235:.\Generated_Source\PSoC5/cyfitter_cfg.c **** 	CY_SET_XTND_REG8((void CYFAR *)(CYREG_CLKDIST_LD), 0x02);
 320              		.loc 1 235 0
 321 0152 44F20103 		movw	r3, #:lower16:1073758209
 322 0156 C4F20003 		movt	r3, #:upper16:1073758209
 323 015a 4FF00202 		mov	r2, #2
 324 015e 1A70     		strb	r2, [r3, #0]
 236:.\Generated_Source\PSoC5/cyfitter_cfg.c **** 
 237:.\Generated_Source\PSoC5/cyfitter_cfg.c **** 	CY_SET_XTND_REG8((void CYFAR *)(CYREG_PM_ACT_CFG2), ((CY_GET_XTND_REG8(CYREG_PM_ACT_CFG2) | 0x0F))
 325              		.loc 1 237 0
 326 0160 44F2A233 		movw	r3, #:lower16:1073759138
 327 0164 C4F20003 		movt	r3, #:upper16:1073759138
 328 0168 44F2A232 		movw	r2, #:lower16:1073759138
 329 016c C4F20002 		movt	r2, #:upper16:1073759138
ARM GAS  C:\Users\bccho\AppData\Local\Temp\ccbD4Y7z.s 			page 11


 330 0170 1278     		ldrb	r2, [r2, #0]
 331 0172 D2B2     		uxtb	r2, r2
 332 0174 42F00F02 		orr	r2, r2, #15
 333 0178 D2B2     		uxtb	r2, r2
 334 017a 1A70     		strb	r2, [r3, #0]
 238:.\Generated_Source\PSoC5/cyfitter_cfg.c **** }
 335              		.loc 1 238 0
 336 017c 07F11007 		add	r7, r7, #16
 337 0180 BD46     		mov	sp, r7
 338 0182 80BD     		pop	{r7, pc}
 339              		.cfi_endproc
 340              	.LFE2:
 341              		.size	ClockSetup, .-ClockSetup
 342              		.section	.text.AnalogSetDefault,"ax",%progbits
 343              		.align	2
 344              		.global	AnalogSetDefault
 345              		.thumb
 346              		.thumb_func
 347              		.type	AnalogSetDefault, %function
 348              	AnalogSetDefault:
 349              	.LFB3:
 239:.\Generated_Source\PSoC5/cyfitter_cfg.c **** 
 240:.\Generated_Source\PSoC5/cyfitter_cfg.c **** 
 241:.\Generated_Source\PSoC5/cyfitter_cfg.c **** /* Analog API Functions */
 242:.\Generated_Source\PSoC5/cyfitter_cfg.c **** 
 243:.\Generated_Source\PSoC5/cyfitter_cfg.c **** /*******************************************************************************
 244:.\Generated_Source\PSoC5/cyfitter_cfg.c **** * Function Name: AnalogSetDefault
 245:.\Generated_Source\PSoC5/cyfitter_cfg.c **** ********************************************************************************
 246:.\Generated_Source\PSoC5/cyfitter_cfg.c **** *
 247:.\Generated_Source\PSoC5/cyfitter_cfg.c **** * Summary:
 248:.\Generated_Source\PSoC5/cyfitter_cfg.c **** *  Sets up the analog portions of the chip to default values based on chip
 249:.\Generated_Source\PSoC5/cyfitter_cfg.c **** *  configuration options from the project.
 250:.\Generated_Source\PSoC5/cyfitter_cfg.c **** *
 251:.\Generated_Source\PSoC5/cyfitter_cfg.c **** * Parameters:
 252:.\Generated_Source\PSoC5/cyfitter_cfg.c **** *  void
 253:.\Generated_Source\PSoC5/cyfitter_cfg.c **** *
 254:.\Generated_Source\PSoC5/cyfitter_cfg.c **** * Return:
 255:.\Generated_Source\PSoC5/cyfitter_cfg.c **** *  void
 256:.\Generated_Source\PSoC5/cyfitter_cfg.c **** *
 257:.\Generated_Source\PSoC5/cyfitter_cfg.c **** *******************************************************************************/
 258:.\Generated_Source\PSoC5/cyfitter_cfg.c **** void AnalogSetDefault(void)
 259:.\Generated_Source\PSoC5/cyfitter_cfg.c **** {
 350              		.loc 1 259 0
 351              		.cfi_startproc
 352              		@ args = 0, pretend = 0, frame = 8
 353              		@ frame_needed = 1, uses_anonymous_args = 0
 354              		@ link register save eliminated.
 355 0000 80B4     		push	{r7}
 356              	.LCFI9:
 357              		.cfi_def_cfa_offset 4
 358 0002 83B0     		sub	sp, sp, #12
 359              	.LCFI10:
 360              		.cfi_def_cfa_offset 16
 361 0004 00AF     		add	r7, sp, #0
 362              		.cfi_offset 7, -4
 363              	.LCFI11:
 364              		.cfi_def_cfa_register 7
ARM GAS  C:\Users\bccho\AppData\Local\Temp\ccbD4Y7z.s 			page 12


 260:.\Generated_Source\PSoC5/cyfitter_cfg.c **** 	uint8 bg_xover_inl_trim = CY_GET_XTND_REG8(CYREG_FLSHID_MFG_CFG_BG_XOVER_INL_TRIM + 1u);
 365              		.loc 1 260 0
 366 0006 40F2CF13 		movw	r3, #:lower16:1224737231
 367 000a C4F60013 		movt	r3, #:upper16:1224737231
 368 000e 1B78     		ldrb	r3, [r3, #0]
 369 0010 FB71     		strb	r3, [r7, #7]
 261:.\Generated_Source\PSoC5/cyfitter_cfg.c **** 	CY_SET_XTND_REG8(CYREG_BG_DFT0, bg_xover_inl_trim & 0x07u);
 370              		.loc 1 261 0
 371 0012 45F66E03 		movw	r3, #:lower16:1073764462
 372 0016 C4F20003 		movt	r3, #:upper16:1073764462
 373 001a FA79     		ldrb	r2, [r7, #7]	@ zero_extendqisi2
 374 001c 02F00702 		and	r2, r2, #7
 375 0020 1A70     		strb	r2, [r3, #0]
 262:.\Generated_Source\PSoC5/cyfitter_cfg.c **** 	CY_SET_XTND_REG8(CYREG_BG_DFT1, (bg_xover_inl_trim >> 4) & 0x0Fu);
 376              		.loc 1 262 0
 377 0022 45F66F03 		movw	r3, #:lower16:1073764463
 378 0026 C4F20003 		movt	r3, #:upper16:1073764463
 379 002a FA79     		ldrb	r2, [r7, #7]	@ zero_extendqisi2
 380 002c 4FEA1212 		lsr	r2, r2, #4
 381 0030 D2B2     		uxtb	r2, r2
 382 0032 1A70     		strb	r2, [r3, #0]
 263:.\Generated_Source\PSoC5/cyfitter_cfg.c **** 	CY_SET_XTND_REG8(CYREG_PUMP_CR0, 0x44);
 383              		.loc 1 263 0
 384 0034 45F67603 		movw	r3, #:lower16:1073764470
 385 0038 C4F20003 		movt	r3, #:upper16:1073764470
 386 003c 4FF04402 		mov	r2, #68
 387 0040 1A70     		strb	r2, [r3, #0]
 264:.\Generated_Source\PSoC5/cyfitter_cfg.c **** }
 388              		.loc 1 264 0
 389 0042 07F10C07 		add	r7, r7, #12
 390 0046 BD46     		mov	sp, r7
 391 0048 80BC     		pop	{r7}
 392 004a 7047     		bx	lr
 393              		.cfi_endproc
 394              	.LFE3:
 395              		.size	AnalogSetDefault, .-AnalogSetDefault
 396              		.section	.text.SetAnalogRoutingPumps,"ax",%progbits
 397              		.align	2
 398              		.global	SetAnalogRoutingPumps
 399              		.thumb
 400              		.thumb_func
 401              		.type	SetAnalogRoutingPumps, %function
 402              	SetAnalogRoutingPumps:
 403              	.LFB4:
 265:.\Generated_Source\PSoC5/cyfitter_cfg.c **** 
 266:.\Generated_Source\PSoC5/cyfitter_cfg.c **** 
 267:.\Generated_Source\PSoC5/cyfitter_cfg.c **** /*******************************************************************************
 268:.\Generated_Source\PSoC5/cyfitter_cfg.c **** * Function Name: SetAnalogRoutingPumps
 269:.\Generated_Source\PSoC5/cyfitter_cfg.c **** ********************************************************************************
 270:.\Generated_Source\PSoC5/cyfitter_cfg.c **** *
 271:.\Generated_Source\PSoC5/cyfitter_cfg.c **** * Summary:
 272:.\Generated_Source\PSoC5/cyfitter_cfg.c **** * Enables or disables the analog pumps feeding analog routing switches.
 273:.\Generated_Source\PSoC5/cyfitter_cfg.c **** * Intended to be called at startup, based on the Vdda system configuration;
 274:.\Generated_Source\PSoC5/cyfitter_cfg.c **** * may be called during operation when the user informs us that the Vdda voltage crossed the pump th
 275:.\Generated_Source\PSoC5/cyfitter_cfg.c **** *
 276:.\Generated_Source\PSoC5/cyfitter_cfg.c **** * Parameters:
 277:.\Generated_Source\PSoC5/cyfitter_cfg.c **** *  enabled - 1 to enable the pumps, 0 to disable the pumps
ARM GAS  C:\Users\bccho\AppData\Local\Temp\ccbD4Y7z.s 			page 13


 278:.\Generated_Source\PSoC5/cyfitter_cfg.c **** *
 279:.\Generated_Source\PSoC5/cyfitter_cfg.c **** * Return:
 280:.\Generated_Source\PSoC5/cyfitter_cfg.c **** *  void
 281:.\Generated_Source\PSoC5/cyfitter_cfg.c **** *
 282:.\Generated_Source\PSoC5/cyfitter_cfg.c **** *******************************************************************************/
 283:.\Generated_Source\PSoC5/cyfitter_cfg.c **** void SetAnalogRoutingPumps(uint8 enabled)
 284:.\Generated_Source\PSoC5/cyfitter_cfg.c **** {
 404              		.loc 1 284 0
 405              		.cfi_startproc
 406              		@ args = 0, pretend = 0, frame = 16
 407              		@ frame_needed = 1, uses_anonymous_args = 0
 408              		@ link register save eliminated.
 409 0000 80B4     		push	{r7}
 410              	.LCFI12:
 411              		.cfi_def_cfa_offset 4
 412 0002 85B0     		sub	sp, sp, #20
 413              	.LCFI13:
 414              		.cfi_def_cfa_offset 24
 415 0004 00AF     		add	r7, sp, #0
 416              		.cfi_offset 7, -4
 417              	.LCFI14:
 418              		.cfi_def_cfa_register 7
 419 0006 0346     		mov	r3, r0
 420 0008 FB71     		strb	r3, [r7, #7]
 285:.\Generated_Source\PSoC5/cyfitter_cfg.c **** 	uint8 regValue = CY_GET_XTND_REG8(CYREG_PUMP_CR0);
 421              		.loc 1 285 0
 422 000a 45F67603 		movw	r3, #:lower16:1073764470
 423 000e C4F20003 		movt	r3, #:upper16:1073764470
 424 0012 1B78     		ldrb	r3, [r3, #0]
 425 0014 FB73     		strb	r3, [r7, #15]
 286:.\Generated_Source\PSoC5/cyfitter_cfg.c **** 	if (enabled)
 426              		.loc 1 286 0
 427 0016 FB79     		ldrb	r3, [r7, #7]	@ zero_extendqisi2
 428 0018 002B     		cmp	r3, #0
 287:.\Generated_Source\PSoC5/cyfitter_cfg.c **** 		regValue |= 0x00;
 288:.\Generated_Source\PSoC5/cyfitter_cfg.c **** 	else
 289:.\Generated_Source\PSoC5/cyfitter_cfg.c **** 		regValue &= ~0x00;
 290:.\Generated_Source\PSoC5/cyfitter_cfg.c **** 	CY_SET_XTND_REG8(CYREG_PUMP_CR0, regValue);
 429              		.loc 1 290 0
 430 001a 45F67603 		movw	r3, #:lower16:1073764470
 431 001e C4F20003 		movt	r3, #:upper16:1073764470
 432 0022 FA7B     		ldrb	r2, [r7, #15]
 433 0024 1A70     		strb	r2, [r3, #0]
 291:.\Generated_Source\PSoC5/cyfitter_cfg.c **** }
 434              		.loc 1 291 0
 435 0026 07F11407 		add	r7, r7, #20
 436 002a BD46     		mov	sp, r7
 437 002c 80BC     		pop	{r7}
 438 002e 7047     		bx	lr
 439              		.cfi_endproc
 440              	.LFE4:
 441              		.size	SetAnalogRoutingPumps, .-SetAnalogRoutingPumps
 442              		.section	.text.cyfitter_cfg,"ax",%progbits
 443              		.align	2
 444              		.global	cyfitter_cfg
 445              		.thumb
 446              		.thumb_func
ARM GAS  C:\Users\bccho\AppData\Local\Temp\ccbD4Y7z.s 			page 14


 447              		.type	cyfitter_cfg, %function
 448              	cyfitter_cfg:
 449              	.LFB5:
 292:.\Generated_Source\PSoC5/cyfitter_cfg.c **** 
 293:.\Generated_Source\PSoC5/cyfitter_cfg.c **** #define CY_AMUX_UNUSED CYREG_BOOST_SR
 294:.\Generated_Source\PSoC5/cyfitter_cfg.c **** 
 295:.\Generated_Source\PSoC5/cyfitter_cfg.c **** 
 296:.\Generated_Source\PSoC5/cyfitter_cfg.c **** /*******************************************************************************
 297:.\Generated_Source\PSoC5/cyfitter_cfg.c **** * Function Name: cyfitter_cfg
 298:.\Generated_Source\PSoC5/cyfitter_cfg.c **** ********************************************************************************
 299:.\Generated_Source\PSoC5/cyfitter_cfg.c **** * Summary:
 300:.\Generated_Source\PSoC5/cyfitter_cfg.c **** *  This function is called by the start-up code for the selected device. It
 301:.\Generated_Source\PSoC5/cyfitter_cfg.c **** *  performs all of the necessary device configuration based on the design
 302:.\Generated_Source\PSoC5/cyfitter_cfg.c **** *  settings.  This includes settings from the Design Wide Resources (DWR) such
 303:.\Generated_Source\PSoC5/cyfitter_cfg.c **** *  as Clocks and Pins as well as any component configuration that is necessary.
 304:.\Generated_Source\PSoC5/cyfitter_cfg.c **** *
 305:.\Generated_Source\PSoC5/cyfitter_cfg.c **** * Parameters:  
 306:.\Generated_Source\PSoC5/cyfitter_cfg.c **** *   void
 307:.\Generated_Source\PSoC5/cyfitter_cfg.c **** *
 308:.\Generated_Source\PSoC5/cyfitter_cfg.c **** * Return:
 309:.\Generated_Source\PSoC5/cyfitter_cfg.c **** *   void
 310:.\Generated_Source\PSoC5/cyfitter_cfg.c **** *
 311:.\Generated_Source\PSoC5/cyfitter_cfg.c **** *******************************************************************************/
 312:.\Generated_Source\PSoC5/cyfitter_cfg.c **** void cyfitter_cfg(void)
 313:.\Generated_Source\PSoC5/cyfitter_cfg.c **** {
 450              		.loc 1 313 0
 451              		.cfi_startproc
 452              		@ args = 0, pretend = 0, frame = 8
 453              		@ frame_needed = 1, uses_anonymous_args = 0
 454 0000 80B5     		push	{r7, lr}
 455              	.LCFI15:
 456              		.cfi_def_cfa_offset 8
 457 0002 82B0     		sub	sp, sp, #8
 458              	.LCFI16:
 459              		.cfi_def_cfa_offset 16
 460 0004 00AF     		add	r7, sp, #0
 461              		.cfi_offset 14, -4
 462              		.cfi_offset 7, -8
 463              	.LCFI17:
 464              		.cfi_def_cfa_register 7
 314:.\Generated_Source\PSoC5/cyfitter_cfg.c **** #ifdef CYGlobalIntDisable
 315:.\Generated_Source\PSoC5/cyfitter_cfg.c **** 	/* Disable interrupts by default. Let user enable if/when they want. */
 316:.\Generated_Source\PSoC5/cyfitter_cfg.c **** 	CYGlobalIntDisable;
 465              		.loc 1 316 0
 466              	@ 316 ".\Generated_Source\PSoC5\cyfitter_cfg.c" 1
 467 0006 72B6     		CPSID   i
 468              	@ 0 "" 2
 317:.\Generated_Source\PSoC5/cyfitter_cfg.c **** #endif
 318:.\Generated_Source\PSoC5/cyfitter_cfg.c **** 
 319:.\Generated_Source\PSoC5/cyfitter_cfg.c **** 	/* Enable/Disable Debug functionality based on settings from System DWR */
 320:.\Generated_Source\PSoC5/cyfitter_cfg.c **** 	CY_SET_XTND_REG8(CYREG_MLOGIC_DEBUG, (CY_GET_XTND_REG8(CYREG_MLOGIC_DEBUG) | 0x04));
 469              		.loc 1 320 0
 470              		.thumb
 471 0008 44F2E863 		movw	r3, #:lower16:1073759976
 472 000c C4F20003 		movt	r3, #:upper16:1073759976
 473 0010 44F2E862 		movw	r2, #:lower16:1073759976
 474 0014 C4F20002 		movt	r2, #:upper16:1073759976
ARM GAS  C:\Users\bccho\AppData\Local\Temp\ccbD4Y7z.s 			page 15


 475 0018 1278     		ldrb	r2, [r2, #0]
 476 001a D2B2     		uxtb	r2, r2
 477 001c 42F00402 		orr	r2, r2, #4
 478 0020 D2B2     		uxtb	r2, r2
 479 0022 1A70     		strb	r2, [r3, #0]
 480              	.LBB3:
 321:.\Generated_Source\PSoC5/cyfitter_cfg.c **** 
 322:.\Generated_Source\PSoC5/cyfitter_cfg.c **** 	{
 323:.\Generated_Source\PSoC5/cyfitter_cfg.c **** 		uint8 CYDATA i;
 324:.\Generated_Source\PSoC5/cyfitter_cfg.c **** 
 325:.\Generated_Source\PSoC5/cyfitter_cfg.c **** 		/* Zero out critical memory blocks before beginning configuration */
 326:.\Generated_Source\PSoC5/cyfitter_cfg.c **** 		for (i = 0; i < CFG_MEMSET_COUNT; i++)
 481              		.loc 1 326 0
 482 0024 4FF00003 		mov	r3, #0
 483 0028 FB70     		strb	r3, [r7, #3]
 484 002a 31E0     		b	.L22
 485              	.L23:
 486              	.LBB4:
 327:.\Generated_Source\PSoC5/cyfitter_cfg.c **** 		{
 328:.\Generated_Source\PSoC5/cyfitter_cfg.c **** 			const cfg_memset_t CYCODE * CYDATA ms = &cfg_memset_list[i];
 487              		.loc 1 328 0
 488 002c FA78     		ldrb	r2, [r7, #3]	@ zero_extendqisi2
 489 002e 1346     		mov	r3, r2
 490 0030 4FEA4303 		lsl	r3, r3, #1
 491 0034 1344     		add	r3, r3, r2
 492 0036 4FEA4303 		lsl	r3, r3, #1
 493 003a 1A46     		mov	r2, r3
 494 003c 40F20003 		movw	r3, #:lower16:cfg_memset_list
 495 0040 C0F20003 		movt	r3, #:upper16:cfg_memset_list
 496 0044 1344     		add	r3, r2, r3
 497 0046 7B60     		str	r3, [r7, #4]
 329:.\Generated_Source\PSoC5/cyfitter_cfg.c **** 			CYMEMZERO(ms->address, ms->size);
 498              		.loc 1 329 0
 499 0048 7B68     		ldr	r3, [r7, #4]
 500 004a 1A78     		ldrb	r2, [r3, #0]	@ zero_extendqisi2
 501 004c 5978     		ldrb	r1, [r3, #1]	@ zero_extendqisi2
 502 004e 4FEA0121 		lsl	r1, r1, #8
 503 0052 41EA0202 		orr	r2, r1, r2
 504 0056 9978     		ldrb	r1, [r3, #2]	@ zero_extendqisi2
 505 0058 4FEA0141 		lsl	r1, r1, #16
 506 005c 41EA0202 		orr	r2, r1, r2
 507 0060 DB78     		ldrb	r3, [r3, #3]	@ zero_extendqisi2
 508 0062 4FEA0363 		lsl	r3, r3, #24
 509 0066 43EA0203 		orr	r3, r3, r2
 510 006a 1A46     		mov	r2, r3
 511 006c 7B68     		ldr	r3, [r7, #4]
 512 006e 1979     		ldrb	r1, [r3, #4]	@ zero_extendqisi2
 513 0070 5B79     		ldrb	r3, [r3, #5]	@ zero_extendqisi2
 514 0072 4FEA0323 		lsl	r3, r3, #8
 515 0076 43EA0103 		orr	r3, r3, r1
 516 007a 9BB2     		uxth	r3, r3
 517 007c 1046     		mov	r0, r2
 518 007e 4FF00001 		mov	r1, #0
 519 0082 1A46     		mov	r2, r3
 520 0084 FFF7FEFF 		bl	memset
 521              	.LBE4:
 522              		.loc 1 326 0
ARM GAS  C:\Users\bccho\AppData\Local\Temp\ccbD4Y7z.s 			page 16


 523 0088 FB78     		ldrb	r3, [r7, #3]
 524 008a 03F10103 		add	r3, r3, #1
 525 008e FB70     		strb	r3, [r7, #3]
 526              	.L22:
 527 0090 FB78     		ldrb	r3, [r7, #3]	@ zero_extendqisi2
 528 0092 082B     		cmp	r3, #8
 529 0094 CAD9     		bls	.L23
 330:.\Generated_Source\PSoC5/cyfitter_cfg.c **** 		}
 331:.\Generated_Source\PSoC5/cyfitter_cfg.c **** 
 332:.\Generated_Source\PSoC5/cyfitter_cfg.c **** 		cfg_write_bytes32();
 530              		.loc 1 332 0
 531 0096 FFF7FEFF 		bl	cfg_write_bytes32
 333:.\Generated_Source\PSoC5/cyfitter_cfg.c **** 
 334:.\Generated_Source\PSoC5/cyfitter_cfg.c **** 		/* Enable digital routing */
 335:.\Generated_Source\PSoC5/cyfitter_cfg.c **** 		CY_SET_XTND_REG8(CYREG_BCTL0_BANK_CTL, CY_GET_XTND_REG8(CYREG_BCTL0_BANK_CTL) | 0x02u);
 532              		.loc 1 335 0
 533 009a 45F20303 		movw	r3, #:lower16:1073827843
 534 009e C4F20103 		movt	r3, #:upper16:1073827843
 535 00a2 45F20302 		movw	r2, #:lower16:1073827843
 536 00a6 C4F20102 		movt	r2, #:upper16:1073827843
 537 00aa 1278     		ldrb	r2, [r2, #0]
 538 00ac D2B2     		uxtb	r2, r2
 539 00ae 42F00202 		orr	r2, r2, #2
 540 00b2 D2B2     		uxtb	r2, r2
 541 00b4 1A70     		strb	r2, [r3, #0]
 336:.\Generated_Source\PSoC5/cyfitter_cfg.c **** 		CY_SET_XTND_REG8(CYREG_BCTL1_BANK_CTL, CY_GET_XTND_REG8(CYREG_BCTL1_BANK_CTL) | 0x02u);
 542              		.loc 1 336 0
 543 00b6 45F21303 		movw	r3, #:lower16:1073827859
 544 00ba C4F20103 		movt	r3, #:upper16:1073827859
 545 00be 45F21302 		movw	r2, #:lower16:1073827859
 546 00c2 C4F20102 		movt	r2, #:upper16:1073827859
 547 00c6 1278     		ldrb	r2, [r2, #0]
 548 00c8 D2B2     		uxtb	r2, r2
 549 00ca 42F00202 		orr	r2, r2, #2
 550 00ce D2B2     		uxtb	r2, r2
 551 00d0 1A70     		strb	r2, [r3, #0]
 337:.\Generated_Source\PSoC5/cyfitter_cfg.c **** 
 338:.\Generated_Source\PSoC5/cyfitter_cfg.c **** 		/* Enable UDB array */
 339:.\Generated_Source\PSoC5/cyfitter_cfg.c **** 		CY_SET_XTND_REG8(CYREG_PM_ACT_CFG0, CY_GET_XTND_REG8(CYREG_PM_ACT_CFG0) | 0x40u);
 552              		.loc 1 339 0
 553 00d2 44F2A033 		movw	r3, #:lower16:1073759136
 554 00d6 C4F20003 		movt	r3, #:upper16:1073759136
 555 00da 44F2A032 		movw	r2, #:lower16:1073759136
 556 00de C4F20002 		movt	r2, #:upper16:1073759136
 557 00e2 1278     		ldrb	r2, [r2, #0]
 558 00e4 D2B2     		uxtb	r2, r2
 559 00e6 42F04002 		orr	r2, r2, #64
 560 00ea D2B2     		uxtb	r2, r2
 561 00ec 1A70     		strb	r2, [r3, #0]
 340:.\Generated_Source\PSoC5/cyfitter_cfg.c **** 		CY_SET_XTND_REG8(CYREG_PM_AVAIL_CR2, CY_GET_XTND_REG8(CYREG_PM_AVAIL_CR2) | 0x10u);
 562              		.loc 1 340 0
 563 00ee 44F2C233 		movw	r3, #:lower16:1073759170
 564 00f2 C4F20003 		movt	r3, #:upper16:1073759170
 565 00f6 44F2C232 		movw	r2, #:lower16:1073759170
 566 00fa C4F20002 		movt	r2, #:upper16:1073759170
 567 00fe 1278     		ldrb	r2, [r2, #0]
 568 0100 D2B2     		uxtb	r2, r2
ARM GAS  C:\Users\bccho\AppData\Local\Temp\ccbD4Y7z.s 			page 17


 569 0102 42F01002 		orr	r2, r2, #16
 570 0106 D2B2     		uxtb	r2, r2
 571 0108 1A70     		strb	r2, [r3, #0]
 572              	.LBE3:
 341:.\Generated_Source\PSoC5/cyfitter_cfg.c **** 	}
 342:.\Generated_Source\PSoC5/cyfitter_cfg.c **** 
 343:.\Generated_Source\PSoC5/cyfitter_cfg.c **** 	/* Perform second pass device configuration. These items must be configured in specific order afte
 344:.\Generated_Source\PSoC5/cyfitter_cfg.c **** 	CYCONFIGCPY((void CYFAR *)(CYREG_PRT0_DM0), (void CYFAR *)(BS_IOPINS0_0_VAL), 8);
 573              		.loc 1 344 0
 574 010a 45F20210 		movw	r0, #:lower16:1073762562
 575 010e C4F20000 		movt	r0, #:upper16:1073762562
 576 0112 40F61451 		movw	r1, #:lower16:1207962900
 577 0116 C4F60001 		movt	r1, #:upper16:1207962900
 578 011a 4FF00802 		mov	r2, #8
 579 011e FFF7FEFF 		bl	memcpy
 345:.\Generated_Source\PSoC5/cyfitter_cfg.c **** 	CYCONFIGCPY((void CYFAR *)(CYREG_PRT2_DM0), (void CYFAR *)(BS_IOPINS0_2_VAL), 8);
 580              		.loc 1 345 0
 581 0122 45F22210 		movw	r0, #:lower16:1073762594
 582 0126 C4F20000 		movt	r0, #:upper16:1073762594
 583 012a 40F61C51 		movw	r1, #:lower16:1207962908
 584 012e C4F60001 		movt	r1, #:upper16:1207962908
 585 0132 4FF00802 		mov	r2, #8
 586 0136 FFF7FEFF 		bl	memcpy
 346:.\Generated_Source\PSoC5/cyfitter_cfg.c **** 	CYCONFIGCPY((void CYFAR *)(CYREG_PRT3_DR), (void CYFAR *)(BS_IOPINS0_3_VAL), 10);
 587              		.loc 1 346 0
 588 013a 45F23010 		movw	r0, #:lower16:1073762608
 589 013e C4F20000 		movt	r0, #:upper16:1073762608
 590 0142 40F62451 		movw	r1, #:lower16:1207962916
 591 0146 C4F60001 		movt	r1, #:upper16:1207962916
 592 014a 4FF00A02 		mov	r2, #10
 593 014e FFF7FEFF 		bl	memcpy
 347:.\Generated_Source\PSoC5/cyfitter_cfg.c **** 	CYCONFIGCPY((void CYFAR *)(CYREG_PRT4_DM0), (void CYFAR *)(BS_IOPINS0_4_VAL), 8);
 594              		.loc 1 347 0
 595 0152 45F24210 		movw	r0, #:lower16:1073762626
 596 0156 C4F20000 		movt	r0, #:upper16:1073762626
 597 015a 40F63051 		movw	r1, #:lower16:1207962928
 598 015e C4F60001 		movt	r1, #:upper16:1207962928
 599 0162 4FF00802 		mov	r2, #8
 600 0166 FFF7FEFF 		bl	memcpy
 348:.\Generated_Source\PSoC5/cyfitter_cfg.c **** 	CYCONFIGCPY((void CYFAR *)(CYREG_PRT5_DM0), (void CYFAR *)(BS_IOPINS0_5_VAL), 8);
 601              		.loc 1 348 0
 602 016a 45F25210 		movw	r0, #:lower16:1073762642
 603 016e C4F20000 		movt	r0, #:upper16:1073762642
 604 0172 40F63851 		movw	r1, #:lower16:1207962936
 605 0176 C4F60001 		movt	r1, #:upper16:1207962936
 606 017a 4FF00802 		mov	r2, #8
 607 017e FFF7FEFF 		bl	memcpy
 349:.\Generated_Source\PSoC5/cyfitter_cfg.c **** 	CYCONFIGCPY((void CYFAR *)(CYREG_PRT6_DR), (void CYFAR *)(BS_IOPINS0_6_VAL), 10);
 608              		.loc 1 349 0
 609 0182 45F26010 		movw	r0, #:lower16:1073762656
 610 0186 C4F20000 		movt	r0, #:upper16:1073762656
 611 018a 40F64051 		movw	r1, #:lower16:1207962944
 612 018e C4F60001 		movt	r1, #:upper16:1207962944
 613 0192 4FF00A02 		mov	r2, #10
 614 0196 FFF7FEFF 		bl	memcpy
 350:.\Generated_Source\PSoC5/cyfitter_cfg.c **** 	CY_SET_XTND_REG8((void CYFAR *)(CYREG_B0_P1_U0_CFG27), 0x84);
 615              		.loc 1 350 0
ARM GAS  C:\Users\bccho\AppData\Local\Temp\ccbD4Y7z.s 			page 18


 616 019a 40F25B23 		movw	r3, #:lower16:1073807963
 617 019e C4F20103 		movt	r3, #:upper16:1073807963
 618 01a2 6FF07B02 		mvn	r2, #123
 619 01a6 1A70     		strb	r2, [r3, #0]
 351:.\Generated_Source\PSoC5/cyfitter_cfg.c **** 	CY_SET_XTND_REG8((void CYFAR *)(CYREG_B0_P3_U1_CFG27), 0x84);
 620              		.loc 1 351 0
 621 01a8 40F2DB63 		movw	r3, #:lower16:1073809115
 622 01ac C4F20103 		movt	r3, #:upper16:1073809115
 623 01b0 6FF07B02 		mvn	r2, #123
 624 01b4 1A70     		strb	r2, [r3, #0]
 352:.\Generated_Source\PSoC5/cyfitter_cfg.c **** 	CY_SET_XTND_REG8((void CYFAR *)(CYREG_B0_P4_U0_CFG27), 0x44);
 625              		.loc 1 352 0
 626 01b6 40F65B03 		movw	r3, #:lower16:1073809499
 627 01ba C4F20103 		movt	r3, #:upper16:1073809499
 628 01be 4FF04402 		mov	r2, #68
 629 01c2 1A70     		strb	r2, [r3, #0]
 353:.\Generated_Source\PSoC5/cyfitter_cfg.c **** 	CY_SET_XTND_REG8((void CYFAR *)(CYREG_B1_P3_U0_CFG27), 0x84);
 630              		.loc 1 353 0
 631 01c4 41F25B63 		movw	r3, #:lower16:1073813083
 632 01c8 C4F20103 		movt	r3, #:upper16:1073813083
 633 01cc 6FF07B02 		mvn	r2, #123
 634 01d0 1A70     		strb	r2, [r3, #0]
 354:.\Generated_Source\PSoC5/cyfitter_cfg.c **** 	CY_SET_XTND_REG8((void CYFAR *)(CYREG_B1_P4_U0_CFG27), 0x44);
 635              		.loc 1 354 0
 636 01d2 41F65B03 		movw	r3, #:lower16:1073813595
 637 01d6 C4F20103 		movt	r3, #:upper16:1073813595
 638 01da 4FF04402 		mov	r2, #68
 639 01de 1A70     		strb	r2, [r3, #0]
 355:.\Generated_Source\PSoC5/cyfitter_cfg.c **** 	CY_SET_XTND_REG8((void CYFAR *)(CYREG_B1_P5_U1_CFG27), 0x44);
 640              		.loc 1 355 0
 641 01e0 41F6DB23 		movw	r3, #:lower16:1073814235
 642 01e4 C4F20103 		movt	r3, #:upper16:1073814235
 643 01e8 4FF04402 		mov	r2, #68
 644 01ec 1A70     		strb	r2, [r3, #0]
 356:.\Generated_Source\PSoC5/cyfitter_cfg.c **** 
 357:.\Generated_Source\PSoC5/cyfitter_cfg.c **** 	/* Switch Boost to the precision bandgap reference from its internal reference */
 358:.\Generated_Source\PSoC5/cyfitter_cfg.c **** 	CY_SET_REG8(CYDEV_BOOST_CR2, (CY_GET_REG8(CYDEV_BOOST_CR2) | 0x08));
 645              		.loc 1 358 0
 646 01ee 44F22233 		movw	r3, #:lower16:1073759010
 647 01f2 C4F20003 		movt	r3, #:upper16:1073759010
 648 01f6 44F22232 		movw	r2, #:lower16:1073759010
 649 01fa C4F20002 		movt	r2, #:upper16:1073759010
 650 01fe 1278     		ldrb	r2, [r2, #0]
 651 0200 D2B2     		uxtb	r2, r2
 652 0202 42F00802 		orr	r2, r2, #8
 653 0206 D2B2     		uxtb	r2, r2
 654 0208 1A70     		strb	r2, [r3, #0]
 359:.\Generated_Source\PSoC5/cyfitter_cfg.c **** 
 360:.\Generated_Source\PSoC5/cyfitter_cfg.c **** 	/* Set Flash Cycles based on max possible frequency in case a glitch occurs during ClockSetup(). *
 361:.\Generated_Source\PSoC5/cyfitter_cfg.c **** 	CY_SET_XTND_REG8((void CYFAR *)(CYREG_CACHE_CC_CTL), ((CYDEV_INSTRUCT_CACHE_ENABLED) ? 0x01 : 0x00
 655              		.loc 1 361 0
 656 020a 44F60003 		movw	r3, #:lower16:1073760256
 657 020e C4F20003 		movt	r3, #:upper16:1073760256
 658 0212 4FF00102 		mov	r2, #1
 659 0216 1A70     		strb	r2, [r3, #0]
 362:.\Generated_Source\PSoC5/cyfitter_cfg.c **** 	/* Setup clocks based on selections from Clock DWR */
 363:.\Generated_Source\PSoC5/cyfitter_cfg.c **** 	ClockSetup();
ARM GAS  C:\Users\bccho\AppData\Local\Temp\ccbD4Y7z.s 			page 19


 660              		.loc 1 363 0
 661 0218 FFF7FEFF 		bl	ClockSetup
 364:.\Generated_Source\PSoC5/cyfitter_cfg.c **** 	/* Set Flash Cycles based on newly configured 24.00MHz Bus Clock. */
 365:.\Generated_Source\PSoC5/cyfitter_cfg.c **** 	CY_SET_XTND_REG8((void CYFAR *)(CYREG_CACHE_CC_CTL), ((CYDEV_INSTRUCT_CACHE_ENABLED) ? 0x81 : 0x80
 662              		.loc 1 365 0
 663 021c 44F60003 		movw	r3, #:lower16:1073760256
 664 0220 C4F20003 		movt	r3, #:upper16:1073760256
 665 0224 6FF07E02 		mvn	r2, #126
 666 0228 1A70     		strb	r2, [r3, #0]
 366:.\Generated_Source\PSoC5/cyfitter_cfg.c **** 	CY_SET_XTND_REG8((void CYFAR *)(CYREG_PANTHER_WAITPIPE), 0x01);
 667              		.loc 1 366 0
 668 022a 40F20403 		movw	r3, #:lower16:1074266116
 669 022e C4F20803 		movt	r3, #:upper16:1074266116
 670 0232 4FF00102 		mov	r2, #1
 671 0236 1A70     		strb	r2, [r3, #0]
 367:.\Generated_Source\PSoC5/cyfitter_cfg.c **** 
 368:.\Generated_Source\PSoC5/cyfitter_cfg.c **** 	/* Perform basic analog initialization to defaults */
 369:.\Generated_Source\PSoC5/cyfitter_cfg.c **** 	AnalogSetDefault();
 672              		.loc 1 369 0
 673 0238 FFF7FEFF 		bl	AnalogSetDefault
 370:.\Generated_Source\PSoC5/cyfitter_cfg.c **** 
 371:.\Generated_Source\PSoC5/cyfitter_cfg.c **** 	/* Configure alternate active mode */
 372:.\Generated_Source\PSoC5/cyfitter_cfg.c **** 	CYCONFIGCPY((void CYFAR *)CYDEV_PM_STBY_BASE, (void CYFAR *)CYDEV_PM_ACT_BASE, 14);
 674              		.loc 1 372 0
 675 023c 44F2B030 		movw	r0, #:lower16:1073759152
 676 0240 C4F20000 		movt	r0, #:upper16:1073759152
 677 0244 44F2A031 		movw	r1, #:lower16:1073759136
 678 0248 C4F20001 		movt	r1, #:upper16:1073759136
 679 024c 4FF00E02 		mov	r2, #14
 680 0250 FFF7FEFF 		bl	memcpy
 373:.\Generated_Source\PSoC5/cyfitter_cfg.c **** }
 681              		.loc 1 373 0
 682 0254 07F10807 		add	r7, r7, #8
 683 0258 BD46     		mov	sp, r7
 684 025a 80BD     		pop	{r7, pc}
 685              		.cfi_endproc
 686              	.LFE5:
 687              		.size	cyfitter_cfg, .-cyfitter_cfg
 688              		.text
 689              	.Letext0:
 690              		.section	.debug_loc,"",%progbits
 691              	.Ldebug_loc0:
 692              	.LLST0:
 693 0000 00000000 		.4byte	.LFB0
 694 0004 02000000 		.4byte	.LCFI0
 695 0008 0100     		.2byte	0x1
 696 000a 5D       		.byte	0x5d
 697 000b 02000000 		.4byte	.LCFI0
 698 000f 04000000 		.4byte	.LCFI1
 699 0013 0200     		.2byte	0x2
 700 0015 7D       		.byte	0x7d
 701 0016 04       		.sleb128 4
 702 0017 04000000 		.4byte	.LCFI1
 703 001b 06000000 		.4byte	.LCFI2
 704 001f 0200     		.2byte	0x2
 705 0021 7D       		.byte	0x7d
 706 0022 10       		.sleb128 16
ARM GAS  C:\Users\bccho\AppData\Local\Temp\ccbD4Y7z.s 			page 20


 707 0023 06000000 		.4byte	.LCFI2
 708 0027 0C000000 		.4byte	.LFE0
 709 002b 0200     		.2byte	0x2
 710 002d 77       		.byte	0x77
 711 002e 10       		.sleb128 16
 712 002f 00000000 		.4byte	0x0
 713 0033 00000000 		.4byte	0x0
 714              	.LLST1:
 715 0037 00000000 		.4byte	.LFB1
 716 003b 02000000 		.4byte	.LCFI3
 717 003f 0100     		.2byte	0x1
 718 0041 5D       		.byte	0x5d
 719 0042 02000000 		.4byte	.LCFI3
 720 0046 04000000 		.4byte	.LCFI4
 721 004a 0200     		.2byte	0x2
 722 004c 7D       		.byte	0x7d
 723 004d 04       		.sleb128 4
 724 004e 04000000 		.4byte	.LCFI4
 725 0052 06000000 		.4byte	.LCFI5
 726 0056 0200     		.2byte	0x2
 727 0058 7D       		.byte	0x7d
 728 0059 18       		.sleb128 24
 729 005a 06000000 		.4byte	.LCFI5
 730 005e 92000000 		.4byte	.LFE1
 731 0062 0200     		.2byte	0x2
 732 0064 77       		.byte	0x77
 733 0065 18       		.sleb128 24
 734 0066 00000000 		.4byte	0x0
 735 006a 00000000 		.4byte	0x0
 736              	.LLST2:
 737 006e 00000000 		.4byte	.LFB2
 738 0072 02000000 		.4byte	.LCFI6
 739 0076 0100     		.2byte	0x1
 740 0078 5D       		.byte	0x5d
 741 0079 02000000 		.4byte	.LCFI6
 742 007d 04000000 		.4byte	.LCFI7
 743 0081 0200     		.2byte	0x2
 744 0083 7D       		.byte	0x7d
 745 0084 08       		.sleb128 8
 746 0085 04000000 		.4byte	.LCFI7
 747 0089 06000000 		.4byte	.LCFI8
 748 008d 0200     		.2byte	0x2
 749 008f 7D       		.byte	0x7d
 750 0090 18       		.sleb128 24
 751 0091 06000000 		.4byte	.LCFI8
 752 0095 84010000 		.4byte	.LFE2
 753 0099 0200     		.2byte	0x2
 754 009b 77       		.byte	0x77
 755 009c 18       		.sleb128 24
 756 009d 00000000 		.4byte	0x0
 757 00a1 00000000 		.4byte	0x0
 758              	.LLST3:
 759 00a5 00000000 		.4byte	.LFB3
 760 00a9 02000000 		.4byte	.LCFI9
 761 00ad 0100     		.2byte	0x1
 762 00af 5D       		.byte	0x5d
 763 00b0 02000000 		.4byte	.LCFI9
ARM GAS  C:\Users\bccho\AppData\Local\Temp\ccbD4Y7z.s 			page 21


 764 00b4 04000000 		.4byte	.LCFI10
 765 00b8 0200     		.2byte	0x2
 766 00ba 7D       		.byte	0x7d
 767 00bb 04       		.sleb128 4
 768 00bc 04000000 		.4byte	.LCFI10
 769 00c0 06000000 		.4byte	.LCFI11
 770 00c4 0200     		.2byte	0x2
 771 00c6 7D       		.byte	0x7d
 772 00c7 10       		.sleb128 16
 773 00c8 06000000 		.4byte	.LCFI11
 774 00cc 4C000000 		.4byte	.LFE3
 775 00d0 0200     		.2byte	0x2
 776 00d2 77       		.byte	0x77
 777 00d3 10       		.sleb128 16
 778 00d4 00000000 		.4byte	0x0
 779 00d8 00000000 		.4byte	0x0
 780              	.LLST4:
 781 00dc 00000000 		.4byte	.LFB4
 782 00e0 02000000 		.4byte	.LCFI12
 783 00e4 0100     		.2byte	0x1
 784 00e6 5D       		.byte	0x5d
 785 00e7 02000000 		.4byte	.LCFI12
 786 00eb 04000000 		.4byte	.LCFI13
 787 00ef 0200     		.2byte	0x2
 788 00f1 7D       		.byte	0x7d
 789 00f2 04       		.sleb128 4
 790 00f3 04000000 		.4byte	.LCFI13
 791 00f7 06000000 		.4byte	.LCFI14
 792 00fb 0200     		.2byte	0x2
 793 00fd 7D       		.byte	0x7d
 794 00fe 18       		.sleb128 24
 795 00ff 06000000 		.4byte	.LCFI14
 796 0103 30000000 		.4byte	.LFE4
 797 0107 0200     		.2byte	0x2
 798 0109 77       		.byte	0x77
 799 010a 18       		.sleb128 24
 800 010b 00000000 		.4byte	0x0
 801 010f 00000000 		.4byte	0x0
 802              	.LLST5:
 803 0113 00000000 		.4byte	.LFB5
 804 0117 02000000 		.4byte	.LCFI15
 805 011b 0100     		.2byte	0x1
 806 011d 5D       		.byte	0x5d
 807 011e 02000000 		.4byte	.LCFI15
 808 0122 04000000 		.4byte	.LCFI16
 809 0126 0200     		.2byte	0x2
 810 0128 7D       		.byte	0x7d
 811 0129 08       		.sleb128 8
 812 012a 04000000 		.4byte	.LCFI16
 813 012e 06000000 		.4byte	.LCFI17
 814 0132 0200     		.2byte	0x2
 815 0134 7D       		.byte	0x7d
 816 0135 10       		.sleb128 16
 817 0136 06000000 		.4byte	.LCFI17
 818 013a 5C020000 		.4byte	.LFE5
 819 013e 0200     		.2byte	0x2
 820 0140 77       		.byte	0x77
ARM GAS  C:\Users\bccho\AppData\Local\Temp\ccbD4Y7z.s 			page 22


 821 0141 10       		.sleb128 16
 822 0142 00000000 		.4byte	0x0
 823 0146 00000000 		.4byte	0x0
 824              		.file 2 "./Generated_Source/PSoC5/cytypes.h"
 825              		.section	.debug_info
 826 0000 9D020000 		.4byte	0x29d
 827 0004 0200     		.2byte	0x2
 828 0006 00000000 		.4byte	.Ldebug_abbrev0
 829 000a 04       		.byte	0x4
 830 000b 01       		.uleb128 0x1
 831 000c 8E010000 		.4byte	.LASF34
 832 0010 01       		.byte	0x1
 833 0011 BB010000 		.4byte	.LASF35
 834 0015 92000000 		.4byte	.LASF36
 835 0019 00000000 		.4byte	0x0
 836 001d 00000000 		.4byte	0x0
 837 0021 00000000 		.4byte	.Ldebug_ranges0+0x0
 838 0025 00000000 		.4byte	.Ldebug_line0
 839 0029 02       		.uleb128 0x2
 840 002a 01       		.byte	0x1
 841 002b 06       		.byte	0x6
 842 002c 03020000 		.4byte	.LASF0
 843 0030 02       		.uleb128 0x2
 844 0031 01       		.byte	0x1
 845 0032 08       		.byte	0x8
 846 0033 0A010000 		.4byte	.LASF1
 847 0037 02       		.uleb128 0x2
 848 0038 02       		.byte	0x2
 849 0039 05       		.byte	0x5
 850 003a B1010000 		.4byte	.LASF2
 851 003e 02       		.uleb128 0x2
 852 003f 02       		.byte	0x2
 853 0040 07       		.byte	0x7
 854 0041 36000000 		.4byte	.LASF3
 855 0045 03       		.uleb128 0x3
 856 0046 04       		.byte	0x4
 857 0047 05       		.byte	0x5
 858 0048 696E7400 		.ascii	"int\000"
 859 004c 02       		.uleb128 0x2
 860 004d 04       		.byte	0x4
 861 004e 07       		.byte	0x7
 862 004f 4C010000 		.4byte	.LASF4
 863 0053 02       		.uleb128 0x2
 864 0054 08       		.byte	0x8
 865 0055 05       		.byte	0x5
 866 0056 00000000 		.4byte	.LASF5
 867 005a 02       		.uleb128 0x2
 868 005b 08       		.byte	0x8
 869 005c 07       		.byte	0x7
 870 005d 61010000 		.4byte	.LASF6
 871 0061 02       		.uleb128 0x2
 872 0062 04       		.byte	0x4
 873 0063 05       		.byte	0x5
 874 0064 E3010000 		.4byte	.LASF7
 875 0068 04       		.uleb128 0x4
 876 0069 04       		.byte	0x4
 877 006a 07       		.byte	0x7
ARM GAS  C:\Users\bccho\AppData\Local\Temp\ccbD4Y7z.s 			page 23


 878 006b 05       		.uleb128 0x5
 879 006c 04       		.byte	0x4
 880 006d 02       		.uleb128 0x2
 881 006e 04       		.byte	0x4
 882 006f 07       		.byte	0x7
 883 0070 7A000000 		.4byte	.LASF8
 884 0074 02       		.uleb128 0x2
 885 0075 01       		.byte	0x1
 886 0076 08       		.byte	0x8
 887 0077 EC010000 		.4byte	.LASF9
 888 007b 06       		.uleb128 0x6
 889 007c 8C000000 		.4byte	.LASF10
 890 0080 02       		.byte	0x2
 891 0081 60       		.byte	0x60
 892 0082 30000000 		.4byte	0x30
 893 0086 06       		.uleb128 0x6
 894 0087 34010000 		.4byte	.LASF11
 895 008b 02       		.byte	0x2
 896 008c 61       		.byte	0x61
 897 008d 3E000000 		.4byte	0x3e
 898 0091 06       		.uleb128 0x6
 899 0092 45010000 		.4byte	.LASF12
 900 0096 02       		.byte	0x2
 901 0097 62       		.byte	0x62
 902 0098 6D000000 		.4byte	0x6d
 903 009c 07       		.uleb128 0x7
 904 009d 06       		.byte	0x6
 905 009e 01       		.byte	0x1
 906 009f 5F       		.byte	0x5f
 907 00a0 C1000000 		.4byte	0xc1
 908 00a4 08       		.uleb128 0x8
 909 00a5 59010000 		.4byte	.LASF13
 910 00a9 01       		.byte	0x1
 911 00aa 60       		.byte	0x60
 912 00ab 6B000000 		.4byte	0x6b
 913 00af 02       		.byte	0x2
 914 00b0 23       		.byte	0x23
 915 00b1 00       		.uleb128 0x0
 916 00b2 08       		.uleb128 0x8
 917 00b3 75000000 		.4byte	.LASF14
 918 00b7 01       		.byte	0x1
 919 00b8 61       		.byte	0x61
 920 00b9 86000000 		.4byte	0x86
 921 00bd 02       		.byte	0x2
 922 00be 23       		.byte	0x23
 923 00bf 04       		.uleb128 0x4
 924 00c0 00       		.byte	0x0
 925 00c1 06       		.uleb128 0x6
 926 00c2 78010000 		.4byte	.LASF15
 927 00c6 01       		.byte	0x1
 928 00c7 62       		.byte	0x62
 929 00c8 9C000000 		.4byte	0x9c
 930 00cc 07       		.uleb128 0x7
 931 00cd 02       		.byte	0x2
 932 00ce 01       		.byte	0x1
 933 00cf 7C       		.byte	0x7c
 934 00d0 F1000000 		.4byte	0xf1
ARM GAS  C:\Users\bccho\AppData\Local\Temp\ccbD4Y7z.s 			page 24


 935 00d4 08       		.uleb128 0x8
 936 00d5 A2010000 		.4byte	.LASF16
 937 00d9 01       		.byte	0x1
 938 00da 7D       		.byte	0x7d
 939 00db 7B000000 		.4byte	0x7b
 940 00df 02       		.byte	0x2
 941 00e0 23       		.byte	0x23
 942 00e1 00       		.uleb128 0x0
 943 00e2 08       		.uleb128 0x8
 944 00e3 1F000000 		.4byte	.LASF17
 945 00e7 01       		.byte	0x1
 946 00e8 7E       		.byte	0x7e
 947 00e9 7B000000 		.4byte	0x7b
 948 00ed 02       		.byte	0x2
 949 00ee 23       		.byte	0x23
 950 00ef 01       		.uleb128 0x1
 951 00f0 00       		.byte	0x0
 952 00f1 09       		.uleb128 0x9
 953 00f2 51000000 		.4byte	.LASF18
 954 00f6 01       		.byte	0x1
 955 00f7 30       		.byte	0x30
 956 00f8 01       		.byte	0x1
 957 00f9 00000000 		.4byte	.LFB0
 958 00fd 0C000000 		.4byte	.LFE0
 959 0101 00000000 		.4byte	.LLST0
 960 0105 18010000 		.4byte	0x118
 961 0109 0A       		.uleb128 0xa
 962 010a 3B010000 		.4byte	.LASF29
 963 010e 01       		.byte	0x1
 964 010f 30       		.byte	0x30
 965 0110 7B000000 		.4byte	0x7b
 966 0114 02       		.byte	0x2
 967 0115 91       		.byte	0x91
 968 0116 77       		.sleb128 -9
 969 0117 00       		.byte	0x0
 970 0118 09       		.uleb128 0x9
 971 0119 22010000 		.4byte	.LASF19
 972 011d 01       		.byte	0x1
 973 011e A6       		.byte	0xa6
 974 011f 01       		.byte	0x1
 975 0120 00000000 		.4byte	.LFB1
 976 0124 92000000 		.4byte	.LFE1
 977 0128 37000000 		.4byte	.LLST1
 978 012c 6F010000 		.4byte	0x16f
 979 0130 0B       		.uleb128 0xb
 980 0131 6900     		.ascii	"i\000"
 981 0133 01       		.byte	0x1
 982 0134 A8       		.byte	0xa8
 983 0135 4C000000 		.4byte	0x4c
 984 0139 02       		.byte	0x2
 985 013a 91       		.byte	0x91
 986 013b 68       		.sleb128 -24
 987 013c 0B       		.uleb128 0xb
 988 013d 6A00     		.ascii	"j\000"
 989 013f 01       		.byte	0x1
 990 0140 A8       		.byte	0xa8
 991 0141 4C000000 		.4byte	0x4c
ARM GAS  C:\Users\bccho\AppData\Local\Temp\ccbD4Y7z.s 			page 25


 992 0145 02       		.byte	0x2
 993 0146 91       		.byte	0x91
 994 0147 6C       		.sleb128 -20
 995 0148 0C       		.uleb128 0xc
 996 0149 14000000 		.4byte	.LBB2
 997 014d 7A000000 		.4byte	.LBE2
 998 0151 0D       		.uleb128 0xd
 999 0152 85010000 		.4byte	.LASF20
 1000 0156 01       		.byte	0x1
 1001 0157 AB       		.byte	0xab
 1002 0158 91000000 		.4byte	0x91
 1003 015c 02       		.byte	0x2
 1004 015d 91       		.byte	0x91
 1005 015e 70       		.sleb128 -16
 1006 015f 0D       		.uleb128 0xd
 1007 0160 25000000 		.4byte	.LASF21
 1008 0164 01       		.byte	0x1
 1009 0165 AC       		.byte	0xac
 1010 0166 7B000000 		.4byte	0x7b
 1011 016a 02       		.byte	0x2
 1012 016b 91       		.byte	0x91
 1013 016c 77       		.sleb128 -9
 1014 016d 00       		.byte	0x0
 1015 016e 00       		.byte	0x0
 1016 016f 09       		.uleb128 0x9
 1017 0170 2B000000 		.4byte	.LASF22
 1018 0174 01       		.byte	0x1
 1019 0175 C6       		.byte	0xc6
 1020 0176 01       		.byte	0x1
 1021 0177 00000000 		.4byte	.LFB2
 1022 017b 84010000 		.4byte	.LFE2
 1023 017f 6E000000 		.4byte	.LLST2
 1024 0183 B2010000 		.4byte	0x1b2
 1025 0187 0D       		.uleb128 0xd
 1026 0188 9A010000 		.4byte	.LASF23
 1027 018c 01       		.byte	0x1
 1028 018d C8       		.byte	0xc8
 1029 018e B2010000 		.4byte	0x1b2
 1030 0192 02       		.byte	0x2
 1031 0193 91       		.byte	0x91
 1032 0194 70       		.sleb128 -16
 1033 0195 0D       		.uleb128 0xd
 1034 0196 18010000 		.4byte	.LASF24
 1035 019a 01       		.byte	0x1
 1036 019b C9       		.byte	0xc9
 1037 019c B7010000 		.4byte	0x1b7
 1038 01a0 02       		.byte	0x2
 1039 01a1 91       		.byte	0x91
 1040 01a2 74       		.sleb128 -12
 1041 01a3 0D       		.uleb128 0xd
 1042 01a4 49000000 		.4byte	.LASF25
 1043 01a8 01       		.byte	0x1
 1044 01a9 CA       		.byte	0xca
 1045 01aa BD010000 		.4byte	0x1bd
 1046 01ae 02       		.byte	0x2
 1047 01af 91       		.byte	0x91
 1048 01b0 6F       		.sleb128 -17
ARM GAS  C:\Users\bccho\AppData\Local\Temp\ccbD4Y7z.s 			page 26


 1049 01b1 00       		.byte	0x0
 1050 01b2 0E       		.uleb128 0xe
 1051 01b3 6D000000 		.4byte	0x6d
 1052 01b7 0F       		.uleb128 0xf
 1053 01b8 04       		.byte	0x4
 1054 01b9 B2010000 		.4byte	0x1b2
 1055 01bd 0E       		.uleb128 0xe
 1056 01be 30000000 		.4byte	0x30
 1057 01c2 10       		.uleb128 0x10
 1058 01c3 01       		.byte	0x1
 1059 01c4 0E000000 		.4byte	.LASF27
 1060 01c8 01       		.byte	0x1
 1061 01c9 0201     		.2byte	0x102
 1062 01cb 01       		.byte	0x1
 1063 01cc 00000000 		.4byte	.LFB3
 1064 01d0 4C000000 		.4byte	.LFE3
 1065 01d4 A5000000 		.4byte	.LLST3
 1066 01d8 EC010000 		.4byte	0x1ec
 1067 01dc 11       		.uleb128 0x11
 1068 01dd F1010000 		.4byte	.LASF26
 1069 01e1 01       		.byte	0x1
 1070 01e2 0401     		.2byte	0x104
 1071 01e4 7B000000 		.4byte	0x7b
 1072 01e8 02       		.byte	0x2
 1073 01e9 91       		.byte	0x91
 1074 01ea 77       		.sleb128 -9
 1075 01eb 00       		.byte	0x0
 1076 01ec 10       		.uleb128 0x10
 1077 01ed 01       		.byte	0x1
 1078 01ee F4000000 		.4byte	.LASF28
 1079 01f2 01       		.byte	0x1
 1080 01f3 1B01     		.2byte	0x11b
 1081 01f5 01       		.byte	0x1
 1082 01f6 00000000 		.4byte	.LFB4
 1083 01fa 30000000 		.4byte	.LFE4
 1084 01fe DC000000 		.4byte	.LLST4
 1085 0202 25020000 		.4byte	0x225
 1086 0206 12       		.uleb128 0x12
 1087 0207 A9010000 		.4byte	.LASF30
 1088 020b 01       		.byte	0x1
 1089 020c 1B01     		.2byte	0x11b
 1090 020e 7B000000 		.4byte	0x7b
 1091 0212 02       		.byte	0x2
 1092 0213 91       		.byte	0x91
 1093 0214 6F       		.sleb128 -17
 1094 0215 11       		.uleb128 0x11
 1095 0216 0F020000 		.4byte	.LASF31
 1096 021a 01       		.byte	0x1
 1097 021b 1D01     		.2byte	0x11d
 1098 021d 7B000000 		.4byte	0x7b
 1099 0221 02       		.byte	0x2
 1100 0222 91       		.byte	0x91
 1101 0223 77       		.sleb128 -9
 1102 0224 00       		.byte	0x0
 1103 0225 10       		.uleb128 0x10
 1104 0226 01       		.byte	0x1
 1105 0227 E7000000 		.4byte	.LASF32
ARM GAS  C:\Users\bccho\AppData\Local\Temp\ccbD4Y7z.s 			page 27


 1106 022b 01       		.byte	0x1
 1107 022c 3801     		.2byte	0x138
 1108 022e 01       		.byte	0x1
 1109 022f 00000000 		.4byte	.LFB5
 1110 0233 5C020000 		.4byte	.LFE5
 1111 0237 13010000 		.4byte	.LLST5
 1112 023b 6F020000 		.4byte	0x26f
 1113 023f 0C       		.uleb128 0xc
 1114 0240 24000000 		.4byte	.LBB3
 1115 0244 0A010000 		.4byte	.LBE3
 1116 0248 13       		.uleb128 0x13
 1117 0249 6900     		.ascii	"i\000"
 1118 024b 01       		.byte	0x1
 1119 024c 4301     		.2byte	0x143
 1120 024e 7B000000 		.4byte	0x7b
 1121 0252 02       		.byte	0x2
 1122 0253 91       		.byte	0x91
 1123 0254 73       		.sleb128 -13
 1124 0255 0C       		.uleb128 0xc
 1125 0256 2C000000 		.4byte	.LBB4
 1126 025a 88000000 		.4byte	.LBE4
 1127 025e 13       		.uleb128 0x13
 1128 025f 6D7300   		.ascii	"ms\000"
 1129 0262 01       		.byte	0x1
 1130 0263 4801     		.2byte	0x148
 1131 0265 6F020000 		.4byte	0x26f
 1132 0269 02       		.byte	0x2
 1133 026a 91       		.byte	0x91
 1134 026b 74       		.sleb128 -12
 1135 026c 00       		.byte	0x0
 1136 026d 00       		.byte	0x0
 1137 026e 00       		.byte	0x0
 1138 026f 0F       		.uleb128 0xf
 1139 0270 04       		.byte	0x4
 1140 0271 75020000 		.4byte	0x275
 1141 0275 14       		.uleb128 0x14
 1142 0276 C1000000 		.4byte	0xc1
 1143 027a 15       		.uleb128 0x15
 1144 027b C1000000 		.4byte	0xc1
 1145 027f 8A020000 		.4byte	0x28a
 1146 0283 16       		.uleb128 0x16
 1147 0284 68000000 		.4byte	0x68
 1148 0288 08       		.byte	0x8
 1149 0289 00       		.byte	0x0
 1150 028a 0D       		.uleb128 0xd
 1151 028b 65000000 		.4byte	.LASF33
 1152 028f 01       		.byte	0x1
 1153 0290 6D       		.byte	0x6d
 1154 0291 9B020000 		.4byte	0x29b
 1155 0295 05       		.byte	0x5
 1156 0296 03       		.byte	0x3
 1157 0297 00000000 		.4byte	cfg_memset_list
 1158 029b 14       		.uleb128 0x14
 1159 029c 7A020000 		.4byte	0x27a
 1160 02a0 00       		.byte	0x0
 1161              		.section	.debug_abbrev
 1162 0000 01       		.uleb128 0x1
ARM GAS  C:\Users\bccho\AppData\Local\Temp\ccbD4Y7z.s 			page 28


 1163 0001 11       		.uleb128 0x11
 1164 0002 01       		.byte	0x1
 1165 0003 25       		.uleb128 0x25
 1166 0004 0E       		.uleb128 0xe
 1167 0005 13       		.uleb128 0x13
 1168 0006 0B       		.uleb128 0xb
 1169 0007 03       		.uleb128 0x3
 1170 0008 0E       		.uleb128 0xe
 1171 0009 1B       		.uleb128 0x1b
 1172 000a 0E       		.uleb128 0xe
 1173 000b 11       		.uleb128 0x11
 1174 000c 01       		.uleb128 0x1
 1175 000d 52       		.uleb128 0x52
 1176 000e 01       		.uleb128 0x1
 1177 000f 55       		.uleb128 0x55
 1178 0010 06       		.uleb128 0x6
 1179 0011 10       		.uleb128 0x10
 1180 0012 06       		.uleb128 0x6
 1181 0013 00       		.byte	0x0
 1182 0014 00       		.byte	0x0
 1183 0015 02       		.uleb128 0x2
 1184 0016 24       		.uleb128 0x24
 1185 0017 00       		.byte	0x0
 1186 0018 0B       		.uleb128 0xb
 1187 0019 0B       		.uleb128 0xb
 1188 001a 3E       		.uleb128 0x3e
 1189 001b 0B       		.uleb128 0xb
 1190 001c 03       		.uleb128 0x3
 1191 001d 0E       		.uleb128 0xe
 1192 001e 00       		.byte	0x0
 1193 001f 00       		.byte	0x0
 1194 0020 03       		.uleb128 0x3
 1195 0021 24       		.uleb128 0x24
 1196 0022 00       		.byte	0x0
 1197 0023 0B       		.uleb128 0xb
 1198 0024 0B       		.uleb128 0xb
 1199 0025 3E       		.uleb128 0x3e
 1200 0026 0B       		.uleb128 0xb
 1201 0027 03       		.uleb128 0x3
 1202 0028 08       		.uleb128 0x8
 1203 0029 00       		.byte	0x0
 1204 002a 00       		.byte	0x0
 1205 002b 04       		.uleb128 0x4
 1206 002c 24       		.uleb128 0x24
 1207 002d 00       		.byte	0x0
 1208 002e 0B       		.uleb128 0xb
 1209 002f 0B       		.uleb128 0xb
 1210 0030 3E       		.uleb128 0x3e
 1211 0031 0B       		.uleb128 0xb
 1212 0032 00       		.byte	0x0
 1213 0033 00       		.byte	0x0
 1214 0034 05       		.uleb128 0x5
 1215 0035 0F       		.uleb128 0xf
 1216 0036 00       		.byte	0x0
 1217 0037 0B       		.uleb128 0xb
 1218 0038 0B       		.uleb128 0xb
 1219 0039 00       		.byte	0x0
ARM GAS  C:\Users\bccho\AppData\Local\Temp\ccbD4Y7z.s 			page 29


 1220 003a 00       		.byte	0x0
 1221 003b 06       		.uleb128 0x6
 1222 003c 16       		.uleb128 0x16
 1223 003d 00       		.byte	0x0
 1224 003e 03       		.uleb128 0x3
 1225 003f 0E       		.uleb128 0xe
 1226 0040 3A       		.uleb128 0x3a
 1227 0041 0B       		.uleb128 0xb
 1228 0042 3B       		.uleb128 0x3b
 1229 0043 0B       		.uleb128 0xb
 1230 0044 49       		.uleb128 0x49
 1231 0045 13       		.uleb128 0x13
 1232 0046 00       		.byte	0x0
 1233 0047 00       		.byte	0x0
 1234 0048 07       		.uleb128 0x7
 1235 0049 13       		.uleb128 0x13
 1236 004a 01       		.byte	0x1
 1237 004b 0B       		.uleb128 0xb
 1238 004c 0B       		.uleb128 0xb
 1239 004d 3A       		.uleb128 0x3a
 1240 004e 0B       		.uleb128 0xb
 1241 004f 3B       		.uleb128 0x3b
 1242 0050 0B       		.uleb128 0xb
 1243 0051 01       		.uleb128 0x1
 1244 0052 13       		.uleb128 0x13
 1245 0053 00       		.byte	0x0
 1246 0054 00       		.byte	0x0
 1247 0055 08       		.uleb128 0x8
 1248 0056 0D       		.uleb128 0xd
 1249 0057 00       		.byte	0x0
 1250 0058 03       		.uleb128 0x3
 1251 0059 0E       		.uleb128 0xe
 1252 005a 3A       		.uleb128 0x3a
 1253 005b 0B       		.uleb128 0xb
 1254 005c 3B       		.uleb128 0x3b
 1255 005d 0B       		.uleb128 0xb
 1256 005e 49       		.uleb128 0x49
 1257 005f 13       		.uleb128 0x13
 1258 0060 38       		.uleb128 0x38
 1259 0061 0A       		.uleb128 0xa
 1260 0062 00       		.byte	0x0
 1261 0063 00       		.byte	0x0
 1262 0064 09       		.uleb128 0x9
 1263 0065 2E       		.uleb128 0x2e
 1264 0066 01       		.byte	0x1
 1265 0067 03       		.uleb128 0x3
 1266 0068 0E       		.uleb128 0xe
 1267 0069 3A       		.uleb128 0x3a
 1268 006a 0B       		.uleb128 0xb
 1269 006b 3B       		.uleb128 0x3b
 1270 006c 0B       		.uleb128 0xb
 1271 006d 27       		.uleb128 0x27
 1272 006e 0C       		.uleb128 0xc
 1273 006f 11       		.uleb128 0x11
 1274 0070 01       		.uleb128 0x1
 1275 0071 12       		.uleb128 0x12
 1276 0072 01       		.uleb128 0x1
ARM GAS  C:\Users\bccho\AppData\Local\Temp\ccbD4Y7z.s 			page 30


 1277 0073 40       		.uleb128 0x40
 1278 0074 06       		.uleb128 0x6
 1279 0075 01       		.uleb128 0x1
 1280 0076 13       		.uleb128 0x13
 1281 0077 00       		.byte	0x0
 1282 0078 00       		.byte	0x0
 1283 0079 0A       		.uleb128 0xa
 1284 007a 05       		.uleb128 0x5
 1285 007b 00       		.byte	0x0
 1286 007c 03       		.uleb128 0x3
 1287 007d 0E       		.uleb128 0xe
 1288 007e 3A       		.uleb128 0x3a
 1289 007f 0B       		.uleb128 0xb
 1290 0080 3B       		.uleb128 0x3b
 1291 0081 0B       		.uleb128 0xb
 1292 0082 49       		.uleb128 0x49
 1293 0083 13       		.uleb128 0x13
 1294 0084 02       		.uleb128 0x2
 1295 0085 0A       		.uleb128 0xa
 1296 0086 00       		.byte	0x0
 1297 0087 00       		.byte	0x0
 1298 0088 0B       		.uleb128 0xb
 1299 0089 34       		.uleb128 0x34
 1300 008a 00       		.byte	0x0
 1301 008b 03       		.uleb128 0x3
 1302 008c 08       		.uleb128 0x8
 1303 008d 3A       		.uleb128 0x3a
 1304 008e 0B       		.uleb128 0xb
 1305 008f 3B       		.uleb128 0x3b
 1306 0090 0B       		.uleb128 0xb
 1307 0091 49       		.uleb128 0x49
 1308 0092 13       		.uleb128 0x13
 1309 0093 02       		.uleb128 0x2
 1310 0094 0A       		.uleb128 0xa
 1311 0095 00       		.byte	0x0
 1312 0096 00       		.byte	0x0
 1313 0097 0C       		.uleb128 0xc
 1314 0098 0B       		.uleb128 0xb
 1315 0099 01       		.byte	0x1
 1316 009a 11       		.uleb128 0x11
 1317 009b 01       		.uleb128 0x1
 1318 009c 12       		.uleb128 0x12
 1319 009d 01       		.uleb128 0x1
 1320 009e 00       		.byte	0x0
 1321 009f 00       		.byte	0x0
 1322 00a0 0D       		.uleb128 0xd
 1323 00a1 34       		.uleb128 0x34
 1324 00a2 00       		.byte	0x0
 1325 00a3 03       		.uleb128 0x3
 1326 00a4 0E       		.uleb128 0xe
 1327 00a5 3A       		.uleb128 0x3a
 1328 00a6 0B       		.uleb128 0xb
 1329 00a7 3B       		.uleb128 0x3b
 1330 00a8 0B       		.uleb128 0xb
 1331 00a9 49       		.uleb128 0x49
 1332 00aa 13       		.uleb128 0x13
 1333 00ab 02       		.uleb128 0x2
ARM GAS  C:\Users\bccho\AppData\Local\Temp\ccbD4Y7z.s 			page 31


 1334 00ac 0A       		.uleb128 0xa
 1335 00ad 00       		.byte	0x0
 1336 00ae 00       		.byte	0x0
 1337 00af 0E       		.uleb128 0xe
 1338 00b0 35       		.uleb128 0x35
 1339 00b1 00       		.byte	0x0
 1340 00b2 49       		.uleb128 0x49
 1341 00b3 13       		.uleb128 0x13
 1342 00b4 00       		.byte	0x0
 1343 00b5 00       		.byte	0x0
 1344 00b6 0F       		.uleb128 0xf
 1345 00b7 0F       		.uleb128 0xf
 1346 00b8 00       		.byte	0x0
 1347 00b9 0B       		.uleb128 0xb
 1348 00ba 0B       		.uleb128 0xb
 1349 00bb 49       		.uleb128 0x49
 1350 00bc 13       		.uleb128 0x13
 1351 00bd 00       		.byte	0x0
 1352 00be 00       		.byte	0x0
 1353 00bf 10       		.uleb128 0x10
 1354 00c0 2E       		.uleb128 0x2e
 1355 00c1 01       		.byte	0x1
 1356 00c2 3F       		.uleb128 0x3f
 1357 00c3 0C       		.uleb128 0xc
 1358 00c4 03       		.uleb128 0x3
 1359 00c5 0E       		.uleb128 0xe
 1360 00c6 3A       		.uleb128 0x3a
 1361 00c7 0B       		.uleb128 0xb
 1362 00c8 3B       		.uleb128 0x3b
 1363 00c9 05       		.uleb128 0x5
 1364 00ca 27       		.uleb128 0x27
 1365 00cb 0C       		.uleb128 0xc
 1366 00cc 11       		.uleb128 0x11
 1367 00cd 01       		.uleb128 0x1
 1368 00ce 12       		.uleb128 0x12
 1369 00cf 01       		.uleb128 0x1
 1370 00d0 40       		.uleb128 0x40
 1371 00d1 06       		.uleb128 0x6
 1372 00d2 01       		.uleb128 0x1
 1373 00d3 13       		.uleb128 0x13
 1374 00d4 00       		.byte	0x0
 1375 00d5 00       		.byte	0x0
 1376 00d6 11       		.uleb128 0x11
 1377 00d7 34       		.uleb128 0x34
 1378 00d8 00       		.byte	0x0
 1379 00d9 03       		.uleb128 0x3
 1380 00da 0E       		.uleb128 0xe
 1381 00db 3A       		.uleb128 0x3a
 1382 00dc 0B       		.uleb128 0xb
 1383 00dd 3B       		.uleb128 0x3b
 1384 00de 05       		.uleb128 0x5
 1385 00df 49       		.uleb128 0x49
 1386 00e0 13       		.uleb128 0x13
 1387 00e1 02       		.uleb128 0x2
 1388 00e2 0A       		.uleb128 0xa
 1389 00e3 00       		.byte	0x0
 1390 00e4 00       		.byte	0x0
ARM GAS  C:\Users\bccho\AppData\Local\Temp\ccbD4Y7z.s 			page 32


 1391 00e5 12       		.uleb128 0x12
 1392 00e6 05       		.uleb128 0x5
 1393 00e7 00       		.byte	0x0
 1394 00e8 03       		.uleb128 0x3
 1395 00e9 0E       		.uleb128 0xe
 1396 00ea 3A       		.uleb128 0x3a
 1397 00eb 0B       		.uleb128 0xb
 1398 00ec 3B       		.uleb128 0x3b
 1399 00ed 05       		.uleb128 0x5
 1400 00ee 49       		.uleb128 0x49
 1401 00ef 13       		.uleb128 0x13
 1402 00f0 02       		.uleb128 0x2
 1403 00f1 0A       		.uleb128 0xa
 1404 00f2 00       		.byte	0x0
 1405 00f3 00       		.byte	0x0
 1406 00f4 13       		.uleb128 0x13
 1407 00f5 34       		.uleb128 0x34
 1408 00f6 00       		.byte	0x0
 1409 00f7 03       		.uleb128 0x3
 1410 00f8 08       		.uleb128 0x8
 1411 00f9 3A       		.uleb128 0x3a
 1412 00fa 0B       		.uleb128 0xb
 1413 00fb 3B       		.uleb128 0x3b
 1414 00fc 05       		.uleb128 0x5
 1415 00fd 49       		.uleb128 0x49
 1416 00fe 13       		.uleb128 0x13
 1417 00ff 02       		.uleb128 0x2
 1418 0100 0A       		.uleb128 0xa
 1419 0101 00       		.byte	0x0
 1420 0102 00       		.byte	0x0
 1421 0103 14       		.uleb128 0x14
 1422 0104 26       		.uleb128 0x26
 1423 0105 00       		.byte	0x0
 1424 0106 49       		.uleb128 0x49
 1425 0107 13       		.uleb128 0x13
 1426 0108 00       		.byte	0x0
 1427 0109 00       		.byte	0x0
 1428 010a 15       		.uleb128 0x15
 1429 010b 01       		.uleb128 0x1
 1430 010c 01       		.byte	0x1
 1431 010d 49       		.uleb128 0x49
 1432 010e 13       		.uleb128 0x13
 1433 010f 01       		.uleb128 0x1
 1434 0110 13       		.uleb128 0x13
 1435 0111 00       		.byte	0x0
 1436 0112 00       		.byte	0x0
 1437 0113 16       		.uleb128 0x16
 1438 0114 21       		.uleb128 0x21
 1439 0115 00       		.byte	0x0
 1440 0116 49       		.uleb128 0x49
 1441 0117 13       		.uleb128 0x13
 1442 0118 2F       		.uleb128 0x2f
 1443 0119 0B       		.uleb128 0xb
 1444 011a 00       		.byte	0x0
 1445 011b 00       		.byte	0x0
 1446 011c 00       		.byte	0x0
 1447              		.section	.debug_pubnames,"",%progbits
ARM GAS  C:\Users\bccho\AppData\Local\Temp\ccbD4Y7z.s 			page 33


 1448 0000 4E000000 		.4byte	0x4e
 1449 0004 0200     		.2byte	0x2
 1450 0006 00000000 		.4byte	.Ldebug_info0
 1451 000a A1020000 		.4byte	0x2a1
 1452 000e C2010000 		.4byte	0x1c2
 1453 0012 416E616C 		.ascii	"AnalogSetDefault\000"
 1453      6F675365 
 1453      74446566 
 1453      61756C74 
 1453      00
 1454 0023 EC010000 		.4byte	0x1ec
 1455 0027 53657441 		.ascii	"SetAnalogRoutingPumps\000"
 1455      6E616C6F 
 1455      67526F75 
 1455      74696E67 
 1455      50756D70 
 1456 003d 25020000 		.4byte	0x225
 1457 0041 63796669 		.ascii	"cyfitter_cfg\000"
 1457      74746572 
 1457      5F636667 
 1457      00
 1458 004e 00000000 		.4byte	0x0
 1459              		.section	.debug_aranges,"",%progbits
 1460 0000 44000000 		.4byte	0x44
 1461 0004 0200     		.2byte	0x2
 1462 0006 00000000 		.4byte	.Ldebug_info0
 1463 000a 04       		.byte	0x4
 1464 000b 00       		.byte	0x0
 1465 000c 0000     		.2byte	0x0
 1466 000e 0000     		.2byte	0x0
 1467 0010 00000000 		.4byte	.LFB0
 1468 0014 0C000000 		.4byte	.LFE0-.LFB0
 1469 0018 00000000 		.4byte	.LFB1
 1470 001c 92000000 		.4byte	.LFE1-.LFB1
 1471 0020 00000000 		.4byte	.LFB2
 1472 0024 84010000 		.4byte	.LFE2-.LFB2
 1473 0028 00000000 		.4byte	.LFB3
 1474 002c 4C000000 		.4byte	.LFE3-.LFB3
 1475 0030 00000000 		.4byte	.LFB4
 1476 0034 30000000 		.4byte	.LFE4-.LFB4
 1477 0038 00000000 		.4byte	.LFB5
 1478 003c 5C020000 		.4byte	.LFE5-.LFB5
 1479 0040 00000000 		.4byte	0x0
 1480 0044 00000000 		.4byte	0x0
 1481              		.section	.debug_ranges,"",%progbits
 1482              	.Ldebug_ranges0:
 1483 0000 00000000 		.4byte	.Ltext0
 1484 0004 00000000 		.4byte	.Letext0
 1485 0008 00000000 		.4byte	.LFB0
 1486 000c 0C000000 		.4byte	.LFE0
 1487 0010 00000000 		.4byte	.LFB1
 1488 0014 92000000 		.4byte	.LFE1
 1489 0018 00000000 		.4byte	.LFB2
 1490 001c 84010000 		.4byte	.LFE2
 1491 0020 00000000 		.4byte	.LFB3
 1492 0024 4C000000 		.4byte	.LFE3
 1493 0028 00000000 		.4byte	.LFB4
ARM GAS  C:\Users\bccho\AppData\Local\Temp\ccbD4Y7z.s 			page 34


 1494 002c 30000000 		.4byte	.LFE4
 1495 0030 00000000 		.4byte	.LFB5
 1496 0034 5C020000 		.4byte	.LFE5
 1497 0038 00000000 		.4byte	0x0
 1498 003c 00000000 		.4byte	0x0
 1499              		.section	.debug_str,"MS",%progbits,1
 1500              	.LASF5:
 1501 0000 6C6F6E67 		.ascii	"long long int\000"
 1501      206C6F6E 
 1501      6720696E 
 1501      7400
 1502              	.LASF27:
 1503 000e 416E616C 		.ascii	"AnalogSetDefault\000"
 1503      6F675365 
 1503      74446566 
 1503      61756C74 
 1503      00
 1504              	.LASF17:
 1505 001f 76616C75 		.ascii	"value\000"
 1505      6500
 1506              	.LASF21:
 1507 0025 636F756E 		.ascii	"count\000"
 1507      7400
 1508              	.LASF22:
 1509 002b 436C6F63 		.ascii	"ClockSetup\000"
 1509      6B536574 
 1509      757000
 1510              	.LASF3:
 1511 0036 73686F72 		.ascii	"short unsigned int\000"
 1511      7420756E 
 1511      7369676E 
 1511      65642069 
 1511      6E7400
 1512              	.LASF25:
 1513 0049 706C6C4C 		.ascii	"pllLock\000"
 1513      6F636B00 
 1514              	.LASF18:
 1515 0051 4379436C 		.ascii	"CyClockStartupError\000"
 1515      6F636B53 
 1515      74617274 
 1515      75704572 
 1515      726F7200 
 1516              	.LASF33:
 1517 0065 6366675F 		.ascii	"cfg_memset_list\000"
 1517      6D656D73 
 1517      65745F6C 
 1517      69737400 
 1518              	.LASF14:
 1519 0075 73697A65 		.ascii	"size\000"
 1519      00
 1520              	.LASF8:
 1521 007a 6C6F6E67 		.ascii	"long unsigned int\000"
 1521      20756E73 
 1521      69676E65 
 1521      6420696E 
 1521      7400
 1522              	.LASF10:
ARM GAS  C:\Users\bccho\AppData\Local\Temp\ccbD4Y7z.s 			page 35


 1523 008c 75696E74 		.ascii	"uint8\000"
 1523      3800
 1524              	.LASF36:
 1525 0092 433A5C55 		.ascii	"C:\\Users\\Public\\Documents\\Carlab\\BC and TJ\\Pr"
 1525      73657273 
 1525      5C507562 
 1525      6C69635C 
 1525      446F6375 
 1526 00bf 6F6A6563 		.ascii	"oject 4\\Navigation01\\Navigation01.cydsn\000"
 1526      7420345C 
 1526      4E617669 
 1526      67617469 
 1526      6F6E3031 
 1527              	.LASF32:
 1528 00e7 63796669 		.ascii	"cyfitter_cfg\000"
 1528      74746572 
 1528      5F636667 
 1528      00
 1529              	.LASF28:
 1530 00f4 53657441 		.ascii	"SetAnalogRoutingPumps\000"
 1530      6E616C6F 
 1530      67526F75 
 1530      74696E67 
 1530      50756D70 
 1531              	.LASF1:
 1532 010a 756E7369 		.ascii	"unsigned char\000"
 1532      676E6564 
 1532      20636861 
 1532      7200
 1533              	.LASF24:
 1534 0118 74696D65 		.ascii	"timeout_p\000"
 1534      6F75745F 
 1534      7000
 1535              	.LASF19:
 1536 0122 6366675F 		.ascii	"cfg_write_bytes32\000"
 1536      77726974 
 1536      655F6279 
 1536      74657333 
 1536      3200
 1537              	.LASF11:
 1538 0134 75696E74 		.ascii	"uint16\000"
 1538      313600
 1539              	.LASF29:
 1540 013b 6572726F 		.ascii	"errorCode\000"
 1540      72436F64 
 1540      6500
 1541              	.LASF12:
 1542 0145 75696E74 		.ascii	"uint32\000"
 1542      333200
 1543              	.LASF4:
 1544 014c 756E7369 		.ascii	"unsigned int\000"
 1544      676E6564 
 1544      20696E74 
 1544      00
 1545              	.LASF13:
 1546 0159 61646472 		.ascii	"address\000"
 1546      65737300 
ARM GAS  C:\Users\bccho\AppData\Local\Temp\ccbD4Y7z.s 			page 36


 1547              	.LASF6:
 1548 0161 6C6F6E67 		.ascii	"long long unsigned int\000"
 1548      206C6F6E 
 1548      6720756E 
 1548      7369676E 
 1548      65642069 
 1549              	.LASF15:
 1550 0178 6366675F 		.ascii	"cfg_memset_t\000"
 1550      6D656D73 
 1550      65745F74 
 1550      00
 1551              	.LASF20:
 1552 0185 62617365 		.ascii	"baseAddr\000"
 1552      41646472 
 1552      00
 1553              	.LASF34:
 1554 018e 474E5520 		.ascii	"GNU C 4.4.1\000"
 1554      4320342E 
 1554      342E3100 
 1555              	.LASF23:
 1556 019a 74696D65 		.ascii	"timeout\000"
 1556      6F757400 
 1557              	.LASF16:
 1558 01a2 6F666673 		.ascii	"offset\000"
 1558      657400
 1559              	.LASF30:
 1560 01a9 656E6162 		.ascii	"enabled\000"
 1560      6C656400 
 1561              	.LASF2:
 1562 01b1 73686F72 		.ascii	"short int\000"
 1562      7420696E 
 1562      7400
 1563              	.LASF35:
 1564 01bb 2E5C4765 		.ascii	".\\Generated_Source\\PSoC5\\cyfitter_cfg.c\000"
 1564      6E657261 
 1564      7465645F 
 1564      536F7572 
 1564      63655C50 
 1565              	.LASF7:
 1566 01e3 6C6F6E67 		.ascii	"long int\000"
 1566      20696E74 
 1566      00
 1567              	.LASF9:
 1568 01ec 63686172 		.ascii	"char\000"
 1568      00
 1569              	.LASF26:
 1570 01f1 62675F78 		.ascii	"bg_xover_inl_trim\000"
 1570      6F766572 
 1570      5F696E6C 
 1570      5F747269 
 1570      6D00
 1571              	.LASF0:
 1572 0203 7369676E 		.ascii	"signed char\000"
 1572      65642063 
 1572      68617200 
 1573              	.LASF31:
 1574 020f 72656756 		.ascii	"regValue\000"
ARM GAS  C:\Users\bccho\AppData\Local\Temp\ccbD4Y7z.s 			page 37


 1574      616C7565 
 1574      00
 1575              		.ident	"GCC: (Sourcery G++ Lite 2010q1-188) 4.4.1"
