ARM GAS  C:\Users\bccho\AppData\Local\Temp\cclAoFTc.s 			page 1


   1              		.syntax unified
   2              		.cpu cortex-m3
   3              		.fpu softvfp
   4              		.eabi_attribute 20, 1
   5              		.eabi_attribute 21, 1
   6              		.eabi_attribute 23, 3
   7              		.eabi_attribute 24, 1
   8              		.eabi_attribute 25, 1
   9              		.eabi_attribute 26, 1
  10              		.eabi_attribute 30, 6
  11              		.eabi_attribute 18, 4
  12              		.thumb
  13              		.file	"LCD_LCDPort.c"
  14              		.section	.debug_abbrev,"",%progbits
  15              	.Ldebug_abbrev0:
  16              		.section	.debug_info,"",%progbits
  17              	.Ldebug_info0:
  18              		.section	.debug_line,"",%progbits
  19              	.Ldebug_line0:
  20 0000 BE000000 		.text
  20      02006400 
  20      00000201 
  20      FB0E0D00 
  20      01010101 
  21              	.Ltext0:
  22              		.cfi_sections	.debug_frame
  23              		.section	.text.LCD_LCDPort_Write,"ax",%progbits
  24              		.align	2
  25              		.global	LCD_LCDPort_Write
  26              		.thumb
  27              		.thumb_func
  28              		.type	LCD_LCDPort_Write, %function
  29              	LCD_LCDPort_Write:
  30              	.LFB0:
  31              		.file 1 ".\\Generated_Source\\PSoC5\\LCD_LCDPort.c"
   1:.\Generated_Source\PSoC5/LCD_LCDPort.c **** /*******************************************************************************
   2:.\Generated_Source\PSoC5/LCD_LCDPort.c **** * File Name: LCD_LCDPort.c  
   3:.\Generated_Source\PSoC5/LCD_LCDPort.c **** * Version 1.70
   4:.\Generated_Source\PSoC5/LCD_LCDPort.c **** *
   5:.\Generated_Source\PSoC5/LCD_LCDPort.c **** * Description:
   6:.\Generated_Source\PSoC5/LCD_LCDPort.c **** *  This file contains API to enable firmware control of a Pins component.
   7:.\Generated_Source\PSoC5/LCD_LCDPort.c **** *
   8:.\Generated_Source\PSoC5/LCD_LCDPort.c **** * Note:
   9:.\Generated_Source\PSoC5/LCD_LCDPort.c **** *
  10:.\Generated_Source\PSoC5/LCD_LCDPort.c **** ********************************************************************************
  11:.\Generated_Source\PSoC5/LCD_LCDPort.c **** * Copyright 2008-2010, Cypress Semiconductor Corporation.  All rights reserved.
  12:.\Generated_Source\PSoC5/LCD_LCDPort.c **** * You may use this file only in accordance with the license, terms, conditions, 
  13:.\Generated_Source\PSoC5/LCD_LCDPort.c **** * disclaimers, and limitations in the end user license agreement accompanying 
  14:.\Generated_Source\PSoC5/LCD_LCDPort.c **** * the software package with which this file was provided.
  15:.\Generated_Source\PSoC5/LCD_LCDPort.c **** ********************************************************************************/
  16:.\Generated_Source\PSoC5/LCD_LCDPort.c **** 
  17:.\Generated_Source\PSoC5/LCD_LCDPort.c **** #include "cytypes.h"
  18:.\Generated_Source\PSoC5/LCD_LCDPort.c **** #include "LCD_LCDPort.h"
  19:.\Generated_Source\PSoC5/LCD_LCDPort.c **** 
  20:.\Generated_Source\PSoC5/LCD_LCDPort.c **** /* APIs are not generated for P15[7:6] */
  21:.\Generated_Source\PSoC5/LCD_LCDPort.c **** #if !(CY_PSOC5A &&\
  22:.\Generated_Source\PSoC5/LCD_LCDPort.c **** 	 LCD_LCDPort__PORT == 15 && (LCD_LCDPort__MASK & 0xC0))
ARM GAS  C:\Users\bccho\AppData\Local\Temp\cclAoFTc.s 			page 2


  23:.\Generated_Source\PSoC5/LCD_LCDPort.c **** 
  24:.\Generated_Source\PSoC5/LCD_LCDPort.c **** /*******************************************************************************
  25:.\Generated_Source\PSoC5/LCD_LCDPort.c **** * Function Name: LCD_LCDPort_Write
  26:.\Generated_Source\PSoC5/LCD_LCDPort.c **** ********************************************************************************
  27:.\Generated_Source\PSoC5/LCD_LCDPort.c **** * Summary:
  28:.\Generated_Source\PSoC5/LCD_LCDPort.c **** *  Assign a new value to the digital port's data output register.  
  29:.\Generated_Source\PSoC5/LCD_LCDPort.c **** *
  30:.\Generated_Source\PSoC5/LCD_LCDPort.c **** * Parameters:  
  31:.\Generated_Source\PSoC5/LCD_LCDPort.c **** *  prtValue:  The value to be assigned to the Digital Port. 
  32:.\Generated_Source\PSoC5/LCD_LCDPort.c **** *
  33:.\Generated_Source\PSoC5/LCD_LCDPort.c **** * Return: 
  34:.\Generated_Source\PSoC5/LCD_LCDPort.c **** *  void 
  35:.\Generated_Source\PSoC5/LCD_LCDPort.c **** *  
  36:.\Generated_Source\PSoC5/LCD_LCDPort.c **** *******************************************************************************/
  37:.\Generated_Source\PSoC5/LCD_LCDPort.c **** void LCD_LCDPort_Write(uint8 value) 
  38:.\Generated_Source\PSoC5/LCD_LCDPort.c **** {
  32              		.loc 1 38 0
  33              		.cfi_startproc
  34              		@ args = 0, pretend = 0, frame = 16
  35              		@ frame_needed = 1, uses_anonymous_args = 0
  36              		@ link register save eliminated.
  37 0000 80B4     		push	{r7}
  38              	.LCFI0:
  39              		.cfi_def_cfa_offset 4
  40 0002 85B0     		sub	sp, sp, #20
  41              	.LCFI1:
  42              		.cfi_def_cfa_offset 24
  43 0004 00AF     		add	r7, sp, #0
  44              		.cfi_offset 7, -4
  45              	.LCFI2:
  46              		.cfi_def_cfa_register 7
  47 0006 0346     		mov	r3, r0
  48 0008 FB71     		strb	r3, [r7, #7]
  39:.\Generated_Source\PSoC5/LCD_LCDPort.c ****     uint8 staticBits = LCD_LCDPort_DR & ~LCD_LCDPort_MASK;
  49              		.loc 1 39 0
  50 000a 45F25013 		movw	r3, #:lower16:1073762640
  51 000e C4F20003 		movt	r3, #:upper16:1073762640
  52 0012 1B78     		ldrb	r3, [r3, #0]
  53 0014 DBB2     		uxtb	r3, r3
  54 0016 03F00103 		and	r3, r3, #1
  55 001a FB73     		strb	r3, [r7, #15]
  40:.\Generated_Source\PSoC5/LCD_LCDPort.c ****     LCD_LCDPort_DR = staticBits | ((value << LCD_LCDPort_SHIFT) & LCD_LCDPort_MASK);
  56              		.loc 1 40 0
  57 001c 45F25013 		movw	r3, #:lower16:1073762640
  58 0020 C4F20003 		movt	r3, #:upper16:1073762640
  59 0024 FA79     		ldrb	r2, [r7, #7]
  60 0026 4FEA4202 		lsl	r2, r2, #1
  61 002a D1B2     		uxtb	r1, r2
  62 002c FA7B     		ldrb	r2, [r7, #15]
  63 002e 41EA0202 		orr	r2, r1, r2
  64 0032 D2B2     		uxtb	r2, r2
  65 0034 1A70     		strb	r2, [r3, #0]
  41:.\Generated_Source\PSoC5/LCD_LCDPort.c **** }
  66              		.loc 1 41 0
  67 0036 07F11407 		add	r7, r7, #20
  68 003a BD46     		mov	sp, r7
  69 003c 80BC     		pop	{r7}
ARM GAS  C:\Users\bccho\AppData\Local\Temp\cclAoFTc.s 			page 3


  70 003e 7047     		bx	lr
  71              		.cfi_endproc
  72              	.LFE0:
  73              		.size	LCD_LCDPort_Write, .-LCD_LCDPort_Write
  74              		.section	.text.LCD_LCDPort_SetDriveMode,"ax",%progbits
  75              		.align	2
  76              		.global	LCD_LCDPort_SetDriveMode
  77              		.thumb
  78              		.thumb_func
  79              		.type	LCD_LCDPort_SetDriveMode, %function
  80              	LCD_LCDPort_SetDriveMode:
  81              	.LFB1:
  42:.\Generated_Source\PSoC5/LCD_LCDPort.c **** 
  43:.\Generated_Source\PSoC5/LCD_LCDPort.c **** 
  44:.\Generated_Source\PSoC5/LCD_LCDPort.c **** /*******************************************************************************
  45:.\Generated_Source\PSoC5/LCD_LCDPort.c **** * Function Name: LCD_LCDPort_SetDriveMode
  46:.\Generated_Source\PSoC5/LCD_LCDPort.c **** ********************************************************************************
  47:.\Generated_Source\PSoC5/LCD_LCDPort.c **** * Summary:
  48:.\Generated_Source\PSoC5/LCD_LCDPort.c **** *  Change the drive mode on the pins of the port.
  49:.\Generated_Source\PSoC5/LCD_LCDPort.c **** * 
  50:.\Generated_Source\PSoC5/LCD_LCDPort.c **** * Parameters:  
  51:.\Generated_Source\PSoC5/LCD_LCDPort.c **** *  mode:  Change the pins to this drive mode.
  52:.\Generated_Source\PSoC5/LCD_LCDPort.c **** *
  53:.\Generated_Source\PSoC5/LCD_LCDPort.c **** * Return: 
  54:.\Generated_Source\PSoC5/LCD_LCDPort.c **** *  void
  55:.\Generated_Source\PSoC5/LCD_LCDPort.c **** *
  56:.\Generated_Source\PSoC5/LCD_LCDPort.c **** *******************************************************************************/
  57:.\Generated_Source\PSoC5/LCD_LCDPort.c **** void LCD_LCDPort_SetDriveMode(uint8 mode) 
  58:.\Generated_Source\PSoC5/LCD_LCDPort.c **** {
  82              		.loc 1 58 0
  83              		.cfi_startproc
  84              		@ args = 0, pretend = 0, frame = 8
  85              		@ frame_needed = 1, uses_anonymous_args = 0
  86              		@ link register save eliminated.
  87 0000 80B4     		push	{r7}
  88              	.LCFI3:
  89              		.cfi_def_cfa_offset 4
  90 0002 83B0     		sub	sp, sp, #12
  91              	.LCFI4:
  92              		.cfi_def_cfa_offset 16
  93 0004 00AF     		add	r7, sp, #0
  94              		.cfi_offset 7, -4
  95              	.LCFI5:
  96              		.cfi_def_cfa_register 7
  97 0006 0346     		mov	r3, r0
  98 0008 FB71     		strb	r3, [r7, #7]
  59:.\Generated_Source\PSoC5/LCD_LCDPort.c **** 	CyPins_SetPinDriveMode(LCD_LCDPort_0, mode);
  99              		.loc 1 59 0
 100 000a 45F22903 		movw	r3, #:lower16:1073762345
 101 000e C4F20003 		movt	r3, #:upper16:1073762345
 102 0012 45F22902 		movw	r2, #:lower16:1073762345
 103 0016 C4F20002 		movt	r2, #:upper16:1073762345
 104 001a 1278     		ldrb	r2, [r2, #0]
 105 001c D2B2     		uxtb	r2, r2
 106 001e 1146     		mov	r1, r2
 107 0020 01F0F101 		and	r1, r1, #241
 108 0024 FA79     		ldrb	r2, [r7, #7]	@ zero_extendqisi2
ARM GAS  C:\Users\bccho\AppData\Local\Temp\cclAoFTc.s 			page 4


 109 0026 02F00E02 		and	r2, r2, #14
 110 002a 41EA0202 		orr	r2, r1, r2
 111 002e D2B2     		uxtb	r2, r2
 112 0030 1A70     		strb	r2, [r3, #0]
  60:.\Generated_Source\PSoC5/LCD_LCDPort.c **** 	CyPins_SetPinDriveMode(LCD_LCDPort_1, mode);
 113              		.loc 1 60 0
 114 0032 45F22A03 		movw	r3, #:lower16:1073762346
 115 0036 C4F20003 		movt	r3, #:upper16:1073762346
 116 003a 45F22A02 		movw	r2, #:lower16:1073762346
 117 003e C4F20002 		movt	r2, #:upper16:1073762346
 118 0042 1278     		ldrb	r2, [r2, #0]
 119 0044 D2B2     		uxtb	r2, r2
 120 0046 1146     		mov	r1, r2
 121 0048 01F0F101 		and	r1, r1, #241
 122 004c FA79     		ldrb	r2, [r7, #7]	@ zero_extendqisi2
 123 004e 02F00E02 		and	r2, r2, #14
 124 0052 41EA0202 		orr	r2, r1, r2
 125 0056 D2B2     		uxtb	r2, r2
 126 0058 1A70     		strb	r2, [r3, #0]
  61:.\Generated_Source\PSoC5/LCD_LCDPort.c **** 	CyPins_SetPinDriveMode(LCD_LCDPort_2, mode);
 127              		.loc 1 61 0
 128 005a 45F22B03 		movw	r3, #:lower16:1073762347
 129 005e C4F20003 		movt	r3, #:upper16:1073762347
 130 0062 45F22B02 		movw	r2, #:lower16:1073762347
 131 0066 C4F20002 		movt	r2, #:upper16:1073762347
 132 006a 1278     		ldrb	r2, [r2, #0]
 133 006c D2B2     		uxtb	r2, r2
 134 006e 1146     		mov	r1, r2
 135 0070 01F0F101 		and	r1, r1, #241
 136 0074 FA79     		ldrb	r2, [r7, #7]	@ zero_extendqisi2
 137 0076 02F00E02 		and	r2, r2, #14
 138 007a 41EA0202 		orr	r2, r1, r2
 139 007e D2B2     		uxtb	r2, r2
 140 0080 1A70     		strb	r2, [r3, #0]
  62:.\Generated_Source\PSoC5/LCD_LCDPort.c **** 	CyPins_SetPinDriveMode(LCD_LCDPort_3, mode);
 141              		.loc 1 62 0
 142 0082 45F22C03 		movw	r3, #:lower16:1073762348
 143 0086 C4F20003 		movt	r3, #:upper16:1073762348
 144 008a 45F22C02 		movw	r2, #:lower16:1073762348
 145 008e C4F20002 		movt	r2, #:upper16:1073762348
 146 0092 1278     		ldrb	r2, [r2, #0]
 147 0094 D2B2     		uxtb	r2, r2
 148 0096 1146     		mov	r1, r2
 149 0098 01F0F101 		and	r1, r1, #241
 150 009c FA79     		ldrb	r2, [r7, #7]	@ zero_extendqisi2
 151 009e 02F00E02 		and	r2, r2, #14
 152 00a2 41EA0202 		orr	r2, r1, r2
 153 00a6 D2B2     		uxtb	r2, r2
 154 00a8 1A70     		strb	r2, [r3, #0]
  63:.\Generated_Source\PSoC5/LCD_LCDPort.c **** 	CyPins_SetPinDriveMode(LCD_LCDPort_4, mode);
 155              		.loc 1 63 0
 156 00aa 45F22D03 		movw	r3, #:lower16:1073762349
 157 00ae C4F20003 		movt	r3, #:upper16:1073762349
 158 00b2 45F22D02 		movw	r2, #:lower16:1073762349
 159 00b6 C4F20002 		movt	r2, #:upper16:1073762349
 160 00ba 1278     		ldrb	r2, [r2, #0]
 161 00bc D2B2     		uxtb	r2, r2
ARM GAS  C:\Users\bccho\AppData\Local\Temp\cclAoFTc.s 			page 5


 162 00be 1146     		mov	r1, r2
 163 00c0 01F0F101 		and	r1, r1, #241
 164 00c4 FA79     		ldrb	r2, [r7, #7]	@ zero_extendqisi2
 165 00c6 02F00E02 		and	r2, r2, #14
 166 00ca 41EA0202 		orr	r2, r1, r2
 167 00ce D2B2     		uxtb	r2, r2
 168 00d0 1A70     		strb	r2, [r3, #0]
  64:.\Generated_Source\PSoC5/LCD_LCDPort.c **** 	CyPins_SetPinDriveMode(LCD_LCDPort_5, mode);
 169              		.loc 1 64 0
 170 00d2 45F22E03 		movw	r3, #:lower16:1073762350
 171 00d6 C4F20003 		movt	r3, #:upper16:1073762350
 172 00da 45F22E02 		movw	r2, #:lower16:1073762350
 173 00de C4F20002 		movt	r2, #:upper16:1073762350
 174 00e2 1278     		ldrb	r2, [r2, #0]
 175 00e4 D2B2     		uxtb	r2, r2
 176 00e6 1146     		mov	r1, r2
 177 00e8 01F0F101 		and	r1, r1, #241
 178 00ec FA79     		ldrb	r2, [r7, #7]	@ zero_extendqisi2
 179 00ee 02F00E02 		and	r2, r2, #14
 180 00f2 41EA0202 		orr	r2, r1, r2
 181 00f6 D2B2     		uxtb	r2, r2
 182 00f8 1A70     		strb	r2, [r3, #0]
  65:.\Generated_Source\PSoC5/LCD_LCDPort.c **** 	CyPins_SetPinDriveMode(LCD_LCDPort_6, mode);
 183              		.loc 1 65 0
 184 00fa 45F22F03 		movw	r3, #:lower16:1073762351
 185 00fe C4F20003 		movt	r3, #:upper16:1073762351
 186 0102 45F22F02 		movw	r2, #:lower16:1073762351
 187 0106 C4F20002 		movt	r2, #:upper16:1073762351
 188 010a 1278     		ldrb	r2, [r2, #0]
 189 010c D2B2     		uxtb	r2, r2
 190 010e 1146     		mov	r1, r2
 191 0110 01F0F101 		and	r1, r1, #241
 192 0114 FA79     		ldrb	r2, [r7, #7]	@ zero_extendqisi2
 193 0116 02F00E02 		and	r2, r2, #14
 194 011a 41EA0202 		orr	r2, r1, r2
 195 011e D2B2     		uxtb	r2, r2
 196 0120 1A70     		strb	r2, [r3, #0]
  66:.\Generated_Source\PSoC5/LCD_LCDPort.c **** }
 197              		.loc 1 66 0
 198 0122 07F10C07 		add	r7, r7, #12
 199 0126 BD46     		mov	sp, r7
 200 0128 80BC     		pop	{r7}
 201 012a 7047     		bx	lr
 202              		.cfi_endproc
 203              	.LFE1:
 204              		.size	LCD_LCDPort_SetDriveMode, .-LCD_LCDPort_SetDriveMode
 205              		.section	.text.LCD_LCDPort_Read,"ax",%progbits
 206              		.align	2
 207              		.global	LCD_LCDPort_Read
 208              		.thumb
 209              		.thumb_func
 210              		.type	LCD_LCDPort_Read, %function
 211              	LCD_LCDPort_Read:
 212              	.LFB2:
  67:.\Generated_Source\PSoC5/LCD_LCDPort.c **** 
  68:.\Generated_Source\PSoC5/LCD_LCDPort.c **** 
  69:.\Generated_Source\PSoC5/LCD_LCDPort.c **** /*******************************************************************************
ARM GAS  C:\Users\bccho\AppData\Local\Temp\cclAoFTc.s 			page 6


  70:.\Generated_Source\PSoC5/LCD_LCDPort.c **** * Function Name: LCD_LCDPort_Read
  71:.\Generated_Source\PSoC5/LCD_LCDPort.c **** ********************************************************************************
  72:.\Generated_Source\PSoC5/LCD_LCDPort.c **** * Summary:
  73:.\Generated_Source\PSoC5/LCD_LCDPort.c **** *  Read the current value on the pins of the Digital Port in right justified 
  74:.\Generated_Source\PSoC5/LCD_LCDPort.c **** *  form.
  75:.\Generated_Source\PSoC5/LCD_LCDPort.c **** *
  76:.\Generated_Source\PSoC5/LCD_LCDPort.c **** * Parameters:  
  77:.\Generated_Source\PSoC5/LCD_LCDPort.c **** *  void 
  78:.\Generated_Source\PSoC5/LCD_LCDPort.c **** *
  79:.\Generated_Source\PSoC5/LCD_LCDPort.c **** * Return: 
  80:.\Generated_Source\PSoC5/LCD_LCDPort.c **** *  Returns the current value of the Digital Port as a right justified number
  81:.\Generated_Source\PSoC5/LCD_LCDPort.c **** *  
  82:.\Generated_Source\PSoC5/LCD_LCDPort.c **** * Note:
  83:.\Generated_Source\PSoC5/LCD_LCDPort.c **** *  Macro LCD_LCDPort_ReadPS calls this function. 
  84:.\Generated_Source\PSoC5/LCD_LCDPort.c **** *  
  85:.\Generated_Source\PSoC5/LCD_LCDPort.c **** *******************************************************************************/
  86:.\Generated_Source\PSoC5/LCD_LCDPort.c **** uint8 LCD_LCDPort_Read(void) 
  87:.\Generated_Source\PSoC5/LCD_LCDPort.c **** {
 213              		.loc 1 87 0
 214              		.cfi_startproc
 215              		@ args = 0, pretend = 0, frame = 0
 216              		@ frame_needed = 1, uses_anonymous_args = 0
 217              		@ link register save eliminated.
 218 0000 80B4     		push	{r7}
 219              	.LCFI6:
 220              		.cfi_def_cfa_offset 4
 221 0002 00AF     		add	r7, sp, #0
 222              		.cfi_offset 7, -4
 223              	.LCFI7:
 224              		.cfi_def_cfa_register 7
  88:.\Generated_Source\PSoC5/LCD_LCDPort.c ****     return (LCD_LCDPort_PS & LCD_LCDPort_MASK) >> LCD_LCDPort_SHIFT;
 225              		.loc 1 88 0
 226 0004 45F25113 		movw	r3, #:lower16:1073762641
 227 0008 C4F20003 		movt	r3, #:upper16:1073762641
 228 000c 1B78     		ldrb	r3, [r3, #0]
 229 000e DBB2     		uxtb	r3, r3
 230 0010 4FEA5303 		lsr	r3, r3, #1
 231 0014 DBB2     		uxtb	r3, r3
  89:.\Generated_Source\PSoC5/LCD_LCDPort.c **** }
 232              		.loc 1 89 0
 233 0016 1846     		mov	r0, r3
 234 0018 BD46     		mov	sp, r7
 235 001a 80BC     		pop	{r7}
 236 001c 7047     		bx	lr
 237              		.cfi_endproc
 238              	.LFE2:
 239              		.size	LCD_LCDPort_Read, .-LCD_LCDPort_Read
 240 001e 00BF     		.section	.text.LCD_LCDPort_ReadDataReg,"ax",%progbits
 241              		.align	2
 242              		.global	LCD_LCDPort_ReadDataReg
 243              		.thumb
 244              		.thumb_func
 245              		.type	LCD_LCDPort_ReadDataReg, %function
 246              	LCD_LCDPort_ReadDataReg:
 247              	.LFB3:
  90:.\Generated_Source\PSoC5/LCD_LCDPort.c **** 
  91:.\Generated_Source\PSoC5/LCD_LCDPort.c **** 
ARM GAS  C:\Users\bccho\AppData\Local\Temp\cclAoFTc.s 			page 7


  92:.\Generated_Source\PSoC5/LCD_LCDPort.c **** /*******************************************************************************
  93:.\Generated_Source\PSoC5/LCD_LCDPort.c **** * Function Name: LCD_LCDPort_ReadDataReg
  94:.\Generated_Source\PSoC5/LCD_LCDPort.c **** ********************************************************************************
  95:.\Generated_Source\PSoC5/LCD_LCDPort.c **** * Summary:
  96:.\Generated_Source\PSoC5/LCD_LCDPort.c **** *  Read the current value assigned to a Digital Port's data output register
  97:.\Generated_Source\PSoC5/LCD_LCDPort.c **** *
  98:.\Generated_Source\PSoC5/LCD_LCDPort.c **** * Parameters:  
  99:.\Generated_Source\PSoC5/LCD_LCDPort.c **** *  void 
 100:.\Generated_Source\PSoC5/LCD_LCDPort.c **** *
 101:.\Generated_Source\PSoC5/LCD_LCDPort.c **** * Return: 
 102:.\Generated_Source\PSoC5/LCD_LCDPort.c **** *  Returns the current value assigned to the Digital Port's data output register
 103:.\Generated_Source\PSoC5/LCD_LCDPort.c **** *  
 104:.\Generated_Source\PSoC5/LCD_LCDPort.c **** *******************************************************************************/
 105:.\Generated_Source\PSoC5/LCD_LCDPort.c **** uint8 LCD_LCDPort_ReadDataReg(void) 
 106:.\Generated_Source\PSoC5/LCD_LCDPort.c **** {
 248              		.loc 1 106 0
 249              		.cfi_startproc
 250              		@ args = 0, pretend = 0, frame = 0
 251              		@ frame_needed = 1, uses_anonymous_args = 0
 252              		@ link register save eliminated.
 253 0000 80B4     		push	{r7}
 254              	.LCFI8:
 255              		.cfi_def_cfa_offset 4
 256 0002 00AF     		add	r7, sp, #0
 257              		.cfi_offset 7, -4
 258              	.LCFI9:
 259              		.cfi_def_cfa_register 7
 107:.\Generated_Source\PSoC5/LCD_LCDPort.c ****     return (LCD_LCDPort_DR & LCD_LCDPort_MASK) >> LCD_LCDPort_SHIFT;
 260              		.loc 1 107 0
 261 0004 45F25013 		movw	r3, #:lower16:1073762640
 262 0008 C4F20003 		movt	r3, #:upper16:1073762640
 263 000c 1B78     		ldrb	r3, [r3, #0]
 264 000e DBB2     		uxtb	r3, r3
 265 0010 4FEA5303 		lsr	r3, r3, #1
 266 0014 DBB2     		uxtb	r3, r3
 108:.\Generated_Source\PSoC5/LCD_LCDPort.c **** }
 267              		.loc 1 108 0
 268 0016 1846     		mov	r0, r3
 269 0018 BD46     		mov	sp, r7
 270 001a 80BC     		pop	{r7}
 271 001c 7047     		bx	lr
 272              		.cfi_endproc
 273              	.LFE3:
 274              		.size	LCD_LCDPort_ReadDataReg, .-LCD_LCDPort_ReadDataReg
 275 001e 00BF     		.text
 276              	.Letext0:
 277              		.section	.debug_loc,"",%progbits
 278              	.Ldebug_loc0:
 279              	.LLST0:
 280 0000 00000000 		.4byte	.LFB0
 281 0004 02000000 		.4byte	.LCFI0
 282 0008 0100     		.2byte	0x1
 283 000a 5D       		.byte	0x5d
 284 000b 02000000 		.4byte	.LCFI0
 285 000f 04000000 		.4byte	.LCFI1
 286 0013 0200     		.2byte	0x2
 287 0015 7D       		.byte	0x7d
ARM GAS  C:\Users\bccho\AppData\Local\Temp\cclAoFTc.s 			page 8


 288 0016 04       		.sleb128 4
 289 0017 04000000 		.4byte	.LCFI1
 290 001b 06000000 		.4byte	.LCFI2
 291 001f 0200     		.2byte	0x2
 292 0021 7D       		.byte	0x7d
 293 0022 18       		.sleb128 24
 294 0023 06000000 		.4byte	.LCFI2
 295 0027 40000000 		.4byte	.LFE0
 296 002b 0200     		.2byte	0x2
 297 002d 77       		.byte	0x77
 298 002e 18       		.sleb128 24
 299 002f 00000000 		.4byte	0x0
 300 0033 00000000 		.4byte	0x0
 301              	.LLST1:
 302 0037 00000000 		.4byte	.LFB1
 303 003b 02000000 		.4byte	.LCFI3
 304 003f 0100     		.2byte	0x1
 305 0041 5D       		.byte	0x5d
 306 0042 02000000 		.4byte	.LCFI3
 307 0046 04000000 		.4byte	.LCFI4
 308 004a 0200     		.2byte	0x2
 309 004c 7D       		.byte	0x7d
 310 004d 04       		.sleb128 4
 311 004e 04000000 		.4byte	.LCFI4
 312 0052 06000000 		.4byte	.LCFI5
 313 0056 0200     		.2byte	0x2
 314 0058 7D       		.byte	0x7d
 315 0059 10       		.sleb128 16
 316 005a 06000000 		.4byte	.LCFI5
 317 005e 2C010000 		.4byte	.LFE1
 318 0062 0200     		.2byte	0x2
 319 0064 77       		.byte	0x77
 320 0065 10       		.sleb128 16
 321 0066 00000000 		.4byte	0x0
 322 006a 00000000 		.4byte	0x0
 323              	.LLST2:
 324 006e 00000000 		.4byte	.LFB2
 325 0072 02000000 		.4byte	.LCFI6
 326 0076 0100     		.2byte	0x1
 327 0078 5D       		.byte	0x5d
 328 0079 02000000 		.4byte	.LCFI6
 329 007d 04000000 		.4byte	.LCFI7
 330 0081 0200     		.2byte	0x2
 331 0083 7D       		.byte	0x7d
 332 0084 04       		.sleb128 4
 333 0085 04000000 		.4byte	.LCFI7
 334 0089 1E000000 		.4byte	.LFE2
 335 008d 0200     		.2byte	0x2
 336 008f 77       		.byte	0x77
 337 0090 04       		.sleb128 4
 338 0091 00000000 		.4byte	0x0
 339 0095 00000000 		.4byte	0x0
 340              	.LLST3:
 341 0099 00000000 		.4byte	.LFB3
 342 009d 02000000 		.4byte	.LCFI8
 343 00a1 0100     		.2byte	0x1
 344 00a3 5D       		.byte	0x5d
ARM GAS  C:\Users\bccho\AppData\Local\Temp\cclAoFTc.s 			page 9


 345 00a4 02000000 		.4byte	.LCFI8
 346 00a8 04000000 		.4byte	.LCFI9
 347 00ac 0200     		.2byte	0x2
 348 00ae 7D       		.byte	0x7d
 349 00af 04       		.sleb128 4
 350 00b0 04000000 		.4byte	.LCFI9
 351 00b4 1E000000 		.4byte	.LFE3
 352 00b8 0200     		.2byte	0x2
 353 00ba 77       		.byte	0x77
 354 00bb 04       		.sleb128 4
 355 00bc 00000000 		.4byte	0x0
 356 00c0 00000000 		.4byte	0x0
 357              		.file 2 ".\\Generated_Source\\PSoC5\\/cytypes.h"
 358              		.section	.debug_info
 359 0000 0E010000 		.4byte	0x10e
 360 0004 0200     		.2byte	0x2
 361 0006 00000000 		.4byte	.Ldebug_abbrev0
 362 000a 04       		.byte	0x4
 363 000b 01       		.uleb128 0x1
 364 000c 3A010000 		.4byte	.LASF16
 365 0010 01       		.byte	0x1
 366 0011 13010000 		.4byte	.LASF17
 367 0015 7C000000 		.4byte	.LASF18
 368 0019 00000000 		.4byte	0x0
 369 001d 00000000 		.4byte	0x0
 370 0021 00000000 		.4byte	.Ldebug_ranges0+0x0
 371 0025 00000000 		.4byte	.Ldebug_line0
 372 0029 02       		.uleb128 0x2
 373 002a 01       		.byte	0x1
 374 002b 06       		.byte	0x6
 375 002c 75010000 		.4byte	.LASF0
 376 0030 02       		.uleb128 0x2
 377 0031 01       		.byte	0x1
 378 0032 08       		.byte	0x8
 379 0033 3E000000 		.4byte	.LASF1
 380 0037 02       		.uleb128 0x2
 381 0038 02       		.byte	0x2
 382 0039 05       		.byte	0x5
 383 003a 4B010000 		.4byte	.LASF2
 384 003e 02       		.uleb128 0x2
 385 003f 02       		.byte	0x2
 386 0040 07       		.byte	0x7
 387 0041 69000000 		.4byte	.LASF3
 388 0045 02       		.uleb128 0x2
 389 0046 04       		.byte	0x4
 390 0047 05       		.byte	0x5
 391 0048 6C010000 		.4byte	.LASF4
 392 004c 02       		.uleb128 0x2
 393 004d 04       		.byte	0x4
 394 004e 07       		.byte	0x7
 395 004f 57000000 		.4byte	.LASF5
 396 0053 02       		.uleb128 0x2
 397 0054 08       		.byte	0x8
 398 0055 05       		.byte	0x5
 399 0056 00000000 		.4byte	.LASF6
 400 005a 02       		.uleb128 0x2
 401 005b 08       		.byte	0x8
ARM GAS  C:\Users\bccho\AppData\Local\Temp\cclAoFTc.s 			page 10


 402 005c 07       		.byte	0x7
 403 005d F7000000 		.4byte	.LASF7
 404 0061 03       		.uleb128 0x3
 405 0062 04       		.byte	0x4
 406 0063 05       		.byte	0x5
 407 0064 696E7400 		.ascii	"int\000"
 408 0068 02       		.uleb128 0x2
 409 0069 04       		.byte	0x4
 410 006a 07       		.byte	0x7
 411 006b EA000000 		.4byte	.LASF8
 412 006f 02       		.uleb128 0x2
 413 0070 01       		.byte	0x1
 414 0071 08       		.byte	0x8
 415 0072 46010000 		.4byte	.LASF9
 416 0076 04       		.uleb128 0x4
 417 0077 55010000 		.4byte	.LASF19
 418 007b 02       		.byte	0x2
 419 007c 60       		.byte	0x60
 420 007d 30000000 		.4byte	0x30
 421 0081 05       		.uleb128 0x5
 422 0082 01       		.byte	0x1
 423 0083 14000000 		.4byte	.LASF10
 424 0087 01       		.byte	0x1
 425 0088 25       		.byte	0x25
 426 0089 01       		.byte	0x1
 427 008a 00000000 		.4byte	.LFB0
 428 008e 40000000 		.4byte	.LFE0
 429 0092 00000000 		.4byte	.LLST0
 430 0096 B7000000 		.4byte	0xb7
 431 009a 06       		.uleb128 0x6
 432 009b 0E000000 		.4byte	.LASF12
 433 009f 01       		.byte	0x1
 434 00a0 25       		.byte	0x25
 435 00a1 76000000 		.4byte	0x76
 436 00a5 02       		.byte	0x2
 437 00a6 91       		.byte	0x91
 438 00a7 6F       		.sleb128 -17
 439 00a8 07       		.uleb128 0x7
 440 00a9 4C000000 		.4byte	.LASF20
 441 00ad 01       		.byte	0x1
 442 00ae 27       		.byte	0x27
 443 00af 76000000 		.4byte	0x76
 444 00b3 02       		.byte	0x2
 445 00b4 91       		.byte	0x91
 446 00b5 77       		.sleb128 -9
 447 00b6 00       		.byte	0x0
 448 00b7 05       		.uleb128 0x5
 449 00b8 01       		.byte	0x1
 450 00b9 D1000000 		.4byte	.LASF11
 451 00bd 01       		.byte	0x1
 452 00be 39       		.byte	0x39
 453 00bf 01       		.byte	0x1
 454 00c0 00000000 		.4byte	.LFB1
 455 00c4 2C010000 		.4byte	.LFE1
 456 00c8 37000000 		.4byte	.LLST1
 457 00cc DF000000 		.4byte	0xdf
 458 00d0 06       		.uleb128 0x6
ARM GAS  C:\Users\bccho\AppData\Local\Temp\cclAoFTc.s 			page 11


 459 00d1 0E010000 		.4byte	.LASF13
 460 00d5 01       		.byte	0x1
 461 00d6 39       		.byte	0x39
 462 00d7 76000000 		.4byte	0x76
 463 00db 02       		.byte	0x2
 464 00dc 91       		.byte	0x91
 465 00dd 77       		.sleb128 -9
 466 00de 00       		.byte	0x0
 467 00df 08       		.uleb128 0x8
 468 00e0 01       		.byte	0x1
 469 00e1 5B010000 		.4byte	.LASF14
 470 00e5 01       		.byte	0x1
 471 00e6 56       		.byte	0x56
 472 00e7 01       		.byte	0x1
 473 00e8 76000000 		.4byte	0x76
 474 00ec 00000000 		.4byte	.LFB2
 475 00f0 1E000000 		.4byte	.LFE2
 476 00f4 6E000000 		.4byte	.LLST2
 477 00f8 08       		.uleb128 0x8
 478 00f9 01       		.byte	0x1
 479 00fa 26000000 		.4byte	.LASF15
 480 00fe 01       		.byte	0x1
 481 00ff 69       		.byte	0x69
 482 0100 01       		.byte	0x1
 483 0101 76000000 		.4byte	0x76
 484 0105 00000000 		.4byte	.LFB3
 485 0109 1E000000 		.4byte	.LFE3
 486 010d 99000000 		.4byte	.LLST3
 487 0111 00       		.byte	0x0
 488              		.section	.debug_abbrev
 489 0000 01       		.uleb128 0x1
 490 0001 11       		.uleb128 0x11
 491 0002 01       		.byte	0x1
 492 0003 25       		.uleb128 0x25
 493 0004 0E       		.uleb128 0xe
 494 0005 13       		.uleb128 0x13
 495 0006 0B       		.uleb128 0xb
 496 0007 03       		.uleb128 0x3
 497 0008 0E       		.uleb128 0xe
 498 0009 1B       		.uleb128 0x1b
 499 000a 0E       		.uleb128 0xe
 500 000b 11       		.uleb128 0x11
 501 000c 01       		.uleb128 0x1
 502 000d 52       		.uleb128 0x52
 503 000e 01       		.uleb128 0x1
 504 000f 55       		.uleb128 0x55
 505 0010 06       		.uleb128 0x6
 506 0011 10       		.uleb128 0x10
 507 0012 06       		.uleb128 0x6
 508 0013 00       		.byte	0x0
 509 0014 00       		.byte	0x0
 510 0015 02       		.uleb128 0x2
 511 0016 24       		.uleb128 0x24
 512 0017 00       		.byte	0x0
 513 0018 0B       		.uleb128 0xb
 514 0019 0B       		.uleb128 0xb
 515 001a 3E       		.uleb128 0x3e
ARM GAS  C:\Users\bccho\AppData\Local\Temp\cclAoFTc.s 			page 12


 516 001b 0B       		.uleb128 0xb
 517 001c 03       		.uleb128 0x3
 518 001d 0E       		.uleb128 0xe
 519 001e 00       		.byte	0x0
 520 001f 00       		.byte	0x0
 521 0020 03       		.uleb128 0x3
 522 0021 24       		.uleb128 0x24
 523 0022 00       		.byte	0x0
 524 0023 0B       		.uleb128 0xb
 525 0024 0B       		.uleb128 0xb
 526 0025 3E       		.uleb128 0x3e
 527 0026 0B       		.uleb128 0xb
 528 0027 03       		.uleb128 0x3
 529 0028 08       		.uleb128 0x8
 530 0029 00       		.byte	0x0
 531 002a 00       		.byte	0x0
 532 002b 04       		.uleb128 0x4
 533 002c 16       		.uleb128 0x16
 534 002d 00       		.byte	0x0
 535 002e 03       		.uleb128 0x3
 536 002f 0E       		.uleb128 0xe
 537 0030 3A       		.uleb128 0x3a
 538 0031 0B       		.uleb128 0xb
 539 0032 3B       		.uleb128 0x3b
 540 0033 0B       		.uleb128 0xb
 541 0034 49       		.uleb128 0x49
 542 0035 13       		.uleb128 0x13
 543 0036 00       		.byte	0x0
 544 0037 00       		.byte	0x0
 545 0038 05       		.uleb128 0x5
 546 0039 2E       		.uleb128 0x2e
 547 003a 01       		.byte	0x1
 548 003b 3F       		.uleb128 0x3f
 549 003c 0C       		.uleb128 0xc
 550 003d 03       		.uleb128 0x3
 551 003e 0E       		.uleb128 0xe
 552 003f 3A       		.uleb128 0x3a
 553 0040 0B       		.uleb128 0xb
 554 0041 3B       		.uleb128 0x3b
 555 0042 0B       		.uleb128 0xb
 556 0043 27       		.uleb128 0x27
 557 0044 0C       		.uleb128 0xc
 558 0045 11       		.uleb128 0x11
 559 0046 01       		.uleb128 0x1
 560 0047 12       		.uleb128 0x12
 561 0048 01       		.uleb128 0x1
 562 0049 40       		.uleb128 0x40
 563 004a 06       		.uleb128 0x6
 564 004b 01       		.uleb128 0x1
 565 004c 13       		.uleb128 0x13
 566 004d 00       		.byte	0x0
 567 004e 00       		.byte	0x0
 568 004f 06       		.uleb128 0x6
 569 0050 05       		.uleb128 0x5
 570 0051 00       		.byte	0x0
 571 0052 03       		.uleb128 0x3
 572 0053 0E       		.uleb128 0xe
ARM GAS  C:\Users\bccho\AppData\Local\Temp\cclAoFTc.s 			page 13


 573 0054 3A       		.uleb128 0x3a
 574 0055 0B       		.uleb128 0xb
 575 0056 3B       		.uleb128 0x3b
 576 0057 0B       		.uleb128 0xb
 577 0058 49       		.uleb128 0x49
 578 0059 13       		.uleb128 0x13
 579 005a 02       		.uleb128 0x2
 580 005b 0A       		.uleb128 0xa
 581 005c 00       		.byte	0x0
 582 005d 00       		.byte	0x0
 583 005e 07       		.uleb128 0x7
 584 005f 34       		.uleb128 0x34
 585 0060 00       		.byte	0x0
 586 0061 03       		.uleb128 0x3
 587 0062 0E       		.uleb128 0xe
 588 0063 3A       		.uleb128 0x3a
 589 0064 0B       		.uleb128 0xb
 590 0065 3B       		.uleb128 0x3b
 591 0066 0B       		.uleb128 0xb
 592 0067 49       		.uleb128 0x49
 593 0068 13       		.uleb128 0x13
 594 0069 02       		.uleb128 0x2
 595 006a 0A       		.uleb128 0xa
 596 006b 00       		.byte	0x0
 597 006c 00       		.byte	0x0
 598 006d 08       		.uleb128 0x8
 599 006e 2E       		.uleb128 0x2e
 600 006f 00       		.byte	0x0
 601 0070 3F       		.uleb128 0x3f
 602 0071 0C       		.uleb128 0xc
 603 0072 03       		.uleb128 0x3
 604 0073 0E       		.uleb128 0xe
 605 0074 3A       		.uleb128 0x3a
 606 0075 0B       		.uleb128 0xb
 607 0076 3B       		.uleb128 0x3b
 608 0077 0B       		.uleb128 0xb
 609 0078 27       		.uleb128 0x27
 610 0079 0C       		.uleb128 0xc
 611 007a 49       		.uleb128 0x49
 612 007b 13       		.uleb128 0x13
 613 007c 11       		.uleb128 0x11
 614 007d 01       		.uleb128 0x1
 615 007e 12       		.uleb128 0x12
 616 007f 01       		.uleb128 0x1
 617 0080 40       		.uleb128 0x40
 618 0081 06       		.uleb128 0x6
 619 0082 00       		.byte	0x0
 620 0083 00       		.byte	0x0
 621 0084 00       		.byte	0x0
 622              		.section	.debug_pubnames,"",%progbits
 623 0000 72000000 		.4byte	0x72
 624 0004 0200     		.2byte	0x2
 625 0006 00000000 		.4byte	.Ldebug_info0
 626 000a 12010000 		.4byte	0x112
 627 000e 81000000 		.4byte	0x81
 628 0012 4C43445F 		.ascii	"LCD_LCDPort_Write\000"
 628      4C434450 
ARM GAS  C:\Users\bccho\AppData\Local\Temp\cclAoFTc.s 			page 14


 628      6F72745F 
 628      57726974 
 628      6500
 629 0024 B7000000 		.4byte	0xb7
 630 0028 4C43445F 		.ascii	"LCD_LCDPort_SetDriveMode\000"
 630      4C434450 
 630      6F72745F 
 630      53657444 
 630      72697665 
 631 0041 DF000000 		.4byte	0xdf
 632 0045 4C43445F 		.ascii	"LCD_LCDPort_Read\000"
 632      4C434450 
 632      6F72745F 
 632      52656164 
 632      00
 633 0056 F8000000 		.4byte	0xf8
 634 005a 4C43445F 		.ascii	"LCD_LCDPort_ReadDataReg\000"
 634      4C434450 
 634      6F72745F 
 634      52656164 
 634      44617461 
 635 0072 00000000 		.4byte	0x0
 636              		.section	.debug_aranges,"",%progbits
 637 0000 34000000 		.4byte	0x34
 638 0004 0200     		.2byte	0x2
 639 0006 00000000 		.4byte	.Ldebug_info0
 640 000a 04       		.byte	0x4
 641 000b 00       		.byte	0x0
 642 000c 0000     		.2byte	0x0
 643 000e 0000     		.2byte	0x0
 644 0010 00000000 		.4byte	.LFB0
 645 0014 40000000 		.4byte	.LFE0-.LFB0
 646 0018 00000000 		.4byte	.LFB1
 647 001c 2C010000 		.4byte	.LFE1-.LFB1
 648 0020 00000000 		.4byte	.LFB2
 649 0024 1E000000 		.4byte	.LFE2-.LFB2
 650 0028 00000000 		.4byte	.LFB3
 651 002c 1E000000 		.4byte	.LFE3-.LFB3
 652 0030 00000000 		.4byte	0x0
 653 0034 00000000 		.4byte	0x0
 654              		.section	.debug_ranges,"",%progbits
 655              	.Ldebug_ranges0:
 656 0000 00000000 		.4byte	.Ltext0
 657 0004 00000000 		.4byte	.Letext0
 658 0008 00000000 		.4byte	.LFB0
 659 000c 40000000 		.4byte	.LFE0
 660 0010 00000000 		.4byte	.LFB1
 661 0014 2C010000 		.4byte	.LFE1
 662 0018 00000000 		.4byte	.LFB2
 663 001c 1E000000 		.4byte	.LFE2
 664 0020 00000000 		.4byte	.LFB3
 665 0024 1E000000 		.4byte	.LFE3
 666 0028 00000000 		.4byte	0x0
 667 002c 00000000 		.4byte	0x0
 668              		.section	.debug_str,"MS",%progbits,1
 669              	.LASF6:
 670 0000 6C6F6E67 		.ascii	"long long int\000"
ARM GAS  C:\Users\bccho\AppData\Local\Temp\cclAoFTc.s 			page 15


 670      206C6F6E 
 670      6720696E 
 670      7400
 671              	.LASF12:
 672 000e 76616C75 		.ascii	"value\000"
 672      6500
 673              	.LASF10:
 674 0014 4C43445F 		.ascii	"LCD_LCDPort_Write\000"
 674      4C434450 
 674      6F72745F 
 674      57726974 
 674      6500
 675              	.LASF15:
 676 0026 4C43445F 		.ascii	"LCD_LCDPort_ReadDataReg\000"
 676      4C434450 
 676      6F72745F 
 676      52656164 
 676      44617461 
 677              	.LASF1:
 678 003e 756E7369 		.ascii	"unsigned char\000"
 678      676E6564 
 678      20636861 
 678      7200
 679              	.LASF20:
 680 004c 73746174 		.ascii	"staticBits\000"
 680      69634269 
 680      747300
 681              	.LASF5:
 682 0057 6C6F6E67 		.ascii	"long unsigned int\000"
 682      20756E73 
 682      69676E65 
 682      6420696E 
 682      7400
 683              	.LASF3:
 684 0069 73686F72 		.ascii	"short unsigned int\000"
 684      7420756E 
 684      7369676E 
 684      65642069 
 684      6E7400
 685              	.LASF18:
 686 007c 433A5C55 		.ascii	"C:\\Users\\Public\\Documents\\Carlab\\BC and TJ\\Pr"
 686      73657273 
 686      5C507562 
 686      6C69635C 
 686      446F6375 
 687 00a9 6F6A6563 		.ascii	"oject 4\\Navigation01\\Navigation01.cydsn\000"
 687      7420345C 
 687      4E617669 
 687      67617469 
 687      6F6E3031 
 688              	.LASF11:
 689 00d1 4C43445F 		.ascii	"LCD_LCDPort_SetDriveMode\000"
 689      4C434450 
 689      6F72745F 
 689      53657444 
 689      72697665 
 690              	.LASF8:
ARM GAS  C:\Users\bccho\AppData\Local\Temp\cclAoFTc.s 			page 16


 691 00ea 756E7369 		.ascii	"unsigned int\000"
 691      676E6564 
 691      20696E74 
 691      00
 692              	.LASF7:
 693 00f7 6C6F6E67 		.ascii	"long long unsigned int\000"
 693      206C6F6E 
 693      6720756E 
 693      7369676E 
 693      65642069 
 694              	.LASF13:
 695 010e 6D6F6465 		.ascii	"mode\000"
 695      00
 696              	.LASF17:
 697 0113 2E5C4765 		.ascii	".\\Generated_Source\\PSoC5\\LCD_LCDPort.c\000"
 697      6E657261 
 697      7465645F 
 697      536F7572 
 697      63655C50 
 698              	.LASF16:
 699 013a 474E5520 		.ascii	"GNU C 4.4.1\000"
 699      4320342E 
 699      342E3100 
 700              	.LASF9:
 701 0146 63686172 		.ascii	"char\000"
 701      00
 702              	.LASF2:
 703 014b 73686F72 		.ascii	"short int\000"
 703      7420696E 
 703      7400
 704              	.LASF19:
 705 0155 75696E74 		.ascii	"uint8\000"
 705      3800
 706              	.LASF14:
 707 015b 4C43445F 		.ascii	"LCD_LCDPort_Read\000"
 707      4C434450 
 707      6F72745F 
 707      52656164 
 707      00
 708              	.LASF4:
 709 016c 6C6F6E67 		.ascii	"long int\000"
 709      20696E74 
 709      00
 710              	.LASF0:
 711 0175 7369676E 		.ascii	"signed char\000"
 711      65642063 
 711      68617200 
 712              		.ident	"GCC: (Sourcery G++ Lite 2010q1-188) 4.4.1"
