--------------- Clean Started: 03/30/2017 14:08:11 Project: Navigation01, Configuration: ARM GCC 4.4.1 Debug ---------------
Deleting file ".\CortexM3\ARM_GCC_441\Debug\main.o"
Deleting file ".\CortexM3\ARM_GCC_441\Debug\serial.o"
Deleting file ".\CortexM3\ARM_GCC_441\Debug\speedcontrol.o"
Deleting file ".\CortexM3\ARM_GCC_441\Debug\LCD.o"
Deleting file ".\CortexM3\ARM_GCC_441\Debug\LCD_PM.o"
Deleting file ".\CortexM3\ARM_GCC_441\Debug\Pin_button.o"
Deleting file ".\CortexM3\ARM_GCC_441\Debug\inter_button.o"
Deleting file ".\CortexM3\ARM_GCC_441\Debug\Pin_motor.o"
Deleting file ".\CortexM3\ARM_GCC_441\Debug\Clock_1.o"
Deleting file ".\CortexM3\ARM_GCC_441\Debug\LCD_LCDPort.o"
Deleting file ".\CortexM3\ARM_GCC_441\Debug\Cm3Start.o"
Deleting file ".\CortexM3\ARM_GCC_441\Debug\core_cm3.o"
Deleting file ".\CortexM3\ARM_GCC_441\Debug\CyBootAsmGnu.o"
Deleting file ".\CortexM3\ARM_GCC_441\Debug\CyDmac.o"
--------------- Clean Succeeded: 03/30/2017 14:08:12 ---------------
Deleting file ".\CortexM3\ARM_GCC_441\Debug\CyFlash.o"
Deleting file ".\CortexM3\ARM_GCC_441\Debug\CyLib.o"
Deleting file ".\CortexM3\ARM_GCC_441\Debug\cyPm.o"
Deleting file ".\CortexM3\ARM_GCC_441\Debug\CySpc.o"
Deleting file ".\CortexM3\ARM_GCC_441\Debug\cyutils.o"
Deleting file ".\CortexM3\ARM_GCC_441\Debug\rx_rcvd.o"
Deleting file ".\CortexM3\ARM_GCC_441\Debug\Hall_sensor.o"
Deleting file ".\CortexM3\ARM_GCC_441\Debug\wheel_tick.o"
Deleting file ".\CortexM3\ARM_GCC_441\Debug\tick_timeout.o"
Deleting file ".\CortexM3\ARM_GCC_441\Debug\throttle_update.o"
Deleting file ".\CortexM3\ARM_GCC_441\Debug\Clock_2.o"
Deleting file ".\CortexM3\ARM_GCC_441\Debug\PWM_Motor.o"
Deleting file ".\CortexM3\ARM_GCC_441\Debug\PWM_Motor_PM.o"
Deleting file ".\CortexM3\ARM_GCC_441\Debug\UART.o"
Deleting file ".\CortexM3\ARM_GCC_441\Debug\UART_PM.o"
Deleting file ".\CortexM3\ARM_GCC_441\Debug\UART_INT.o"
Deleting file ".\CortexM3\ARM_GCC_441\Debug\Counter_PID.o"
Deleting file ".\CortexM3\ARM_GCC_441\Debug\Counter_PID_PM.o"
Deleting file ".\CortexM3\ARM_GCC_441\Debug\Timer_Wheel_Tick.o"
Deleting file ".\CortexM3\ARM_GCC_441\Debug\Timer_Wheel_Tick_PM.o"
Deleting file ".\CortexM3\ARM_GCC_441\Debug\Counter_Tick_Timeout.o"
Deleting file ".\CortexM3\ARM_GCC_441\Debug\Counter_Tick_Timeout_PM.o"
Deleting file ".\CortexM3\ARM_GCC_441\Debug\PWM_Servo.o"
Deleting file ".\CortexM3\ARM_GCC_441\Debug\PWM_Servo_PM.o"
Deleting file ".\CortexM3\ARM_GCC_441\Debug\Pin_servo.o"
Deleting file ".\CortexM3\ARM_GCC_441\Debug\Clock_3.o"
Deleting file ".\CortexM3\ARM_GCC_441\Debug\Vertical_sync.o"
Deleting file ".\CortexM3\ARM_GCC_441\Debug\Horiz_sync.o"
Deleting file ".\CortexM3\ARM_GCC_441\Debug\Comparator.o"
Deleting file ".\CortexM3\ARM_GCC_441\Debug\Camera_data.o"
Deleting file ".\CortexM3\ARM_GCC_441\Debug\camera_frame_start.o"
Deleting file ".\CortexM3\ARM_GCC_441\Debug\Timer_Row.o"
Deleting file ".\CortexM3\ARM_GCC_441\Debug\Timer_Row_PM.o"
Deleting file ".\CortexM3\ARM_GCC_441\Debug\Timer_Line_Begin.o"
Deleting file ".\CortexM3\ARM_GCC_441\Debug\Timer_Line_Begin_PM.o"
Deleting file ".\CortexM3\ARM_GCC_441\Debug\camera_row_start.o"
Deleting file ".\CortexM3\ARM_GCC_441\Debug\camera_comp_rise.o"
Deleting file ".\CortexM3\ARM_GCC_441\Debug\Timer_Line_End.o"
Deleting file ".\CortexM3\ARM_GCC_441\Debug\Timer_Line_End_PM.o"
Deleting file ".\CortexM3\ARM_GCC_441\Debug\camera_comp_fall.o"
Deleting file ".\CortexM3\ARM_GCC_441\Debug\cyfitter_cfg.o"
Deleting file ".\CortexM3\ARM_GCC_441\Debug\.deps\C_FILE.P"
Deleting file ".\CortexM3\ARM_GCC_441\Debug\.deps\ARM_C_FILE.P"
Deleting file ".\CortexM3\ARM_GCC_441\Debug\.deps\GNU_ARM_ASM_FILE.P"
