ARM GAS  C:\Users\bccho\AppData\Local\Temp\ccAQrP7i.s 			page 1


   1              		.syntax unified
   2              		.cpu cortex-m3
   3              		.fpu softvfp
   4              		.eabi_attribute 20, 1
   5              		.eabi_attribute 21, 1
   6              		.eabi_attribute 23, 3
   7              		.eabi_attribute 24, 1
   8              		.eabi_attribute 25, 1
   9              		.eabi_attribute 26, 1
  10              		.eabi_attribute 30, 6
  11              		.eabi_attribute 18, 4
  12              		.thumb
  13              		.file	"PWM_Motor.c"
  14              		.section	.debug_abbrev,"",%progbits
  15              	.Ldebug_abbrev0:
  16              		.section	.debug_info,"",%progbits
  17              	.Ldebug_info0:
  18              		.section	.debug_line,"",%progbits
  19              	.Ldebug_line0:
  20 0000 24010000 		.text
  20      02006200 
  20      00000201 
  20      FB0E0D00 
  20      01010101 
  21              	.Ltext0:
  22              		.cfi_sections	.debug_frame
  23              		.global	PWM_Motor_initVar
  24              		.bss
  25              		.type	PWM_Motor_initVar, %object
  26              		.size	PWM_Motor_initVar, 1
  27              	PWM_Motor_initVar:
  28 0000 00       		.space	1
  29              		.section	.text.PWM_Motor_Start,"ax",%progbits
  30              		.align	2
  31              		.global	PWM_Motor_Start
  32              		.thumb
  33              		.thumb_func
  34              		.type	PWM_Motor_Start, %function
  35              	PWM_Motor_Start:
  36              	.LFB0:
  37              		.file 1 ".\\Generated_Source\\PSoC5\\PWM_Motor.c"
   1:.\Generated_Source\PSoC5/PWM_Motor.c **** /*******************************************************************************
   2:.\Generated_Source\PSoC5/PWM_Motor.c **** * File Name: PWM_Motor.c  
   3:.\Generated_Source\PSoC5/PWM_Motor.c **** * Version 2.20
   4:.\Generated_Source\PSoC5/PWM_Motor.c **** *
   5:.\Generated_Source\PSoC5/PWM_Motor.c **** * Description:
   6:.\Generated_Source\PSoC5/PWM_Motor.c **** *  The PWM User Module consist of an 8 or 16-bit counter with two 8 or 16-bit
   7:.\Generated_Source\PSoC5/PWM_Motor.c **** *  comparitors. Each instance of this user module is capable of generating
   8:.\Generated_Source\PSoC5/PWM_Motor.c **** *  two PWM outputs with the same period. The pulse width is selectable between
   9:.\Generated_Source\PSoC5/PWM_Motor.c **** *  1 and 255/65535. The period is selectable between 2 and 255/65536 clocks. 
  10:.\Generated_Source\PSoC5/PWM_Motor.c **** *  The compare value output may be configured to be active when the present 
  11:.\Generated_Source\PSoC5/PWM_Motor.c **** *  counter is less than or less than/equal to the compare value.
  12:.\Generated_Source\PSoC5/PWM_Motor.c **** *  A terminal count output is also provided. It generates a pulse one clock
  13:.\Generated_Source\PSoC5/PWM_Motor.c **** *  width wide when the counter is equal to zero.
  14:.\Generated_Source\PSoC5/PWM_Motor.c **** *
  15:.\Generated_Source\PSoC5/PWM_Motor.c **** * Note:
  16:.\Generated_Source\PSoC5/PWM_Motor.c **** *
ARM GAS  C:\Users\bccho\AppData\Local\Temp\ccAQrP7i.s 			page 2


  17:.\Generated_Source\PSoC5/PWM_Motor.c **** *******************************************************************************
  18:.\Generated_Source\PSoC5/PWM_Motor.c **** * Copyright 2008-2012, Cypress Semiconductor Corporation.  All rights reserved.
  19:.\Generated_Source\PSoC5/PWM_Motor.c **** * You may use this file only in accordance with the license, terms, conditions, 
  20:.\Generated_Source\PSoC5/PWM_Motor.c **** * disclaimers, and limitations in the end user license agreement accompanying 
  21:.\Generated_Source\PSoC5/PWM_Motor.c **** * the software package with which this file was provided.
  22:.\Generated_Source\PSoC5/PWM_Motor.c **** ********************************************************************************/
  23:.\Generated_Source\PSoC5/PWM_Motor.c **** 
  24:.\Generated_Source\PSoC5/PWM_Motor.c **** #include "cytypes.h"
  25:.\Generated_Source\PSoC5/PWM_Motor.c **** #include "PWM_Motor.h"
  26:.\Generated_Source\PSoC5/PWM_Motor.c **** 
  27:.\Generated_Source\PSoC5/PWM_Motor.c **** uint8 PWM_Motor_initVar = 0u;
  28:.\Generated_Source\PSoC5/PWM_Motor.c **** 
  29:.\Generated_Source\PSoC5/PWM_Motor.c **** 
  30:.\Generated_Source\PSoC5/PWM_Motor.c **** /*******************************************************************************
  31:.\Generated_Source\PSoC5/PWM_Motor.c **** * Function Name: PWM_Motor_Start
  32:.\Generated_Source\PSoC5/PWM_Motor.c **** ********************************************************************************
  33:.\Generated_Source\PSoC5/PWM_Motor.c **** *
  34:.\Generated_Source\PSoC5/PWM_Motor.c **** * Summary:
  35:.\Generated_Source\PSoC5/PWM_Motor.c **** *  The start function initializes the pwm with the default values, the 
  36:.\Generated_Source\PSoC5/PWM_Motor.c **** *  enables the counter to begin counting.  It does not enable interrupts,
  37:.\Generated_Source\PSoC5/PWM_Motor.c **** *  the EnableInt command should be called if interrupt generation is required.
  38:.\Generated_Source\PSoC5/PWM_Motor.c **** *
  39:.\Generated_Source\PSoC5/PWM_Motor.c **** * Parameters:  
  40:.\Generated_Source\PSoC5/PWM_Motor.c **** *  void  
  41:.\Generated_Source\PSoC5/PWM_Motor.c **** *
  42:.\Generated_Source\PSoC5/PWM_Motor.c **** * Return: 
  43:.\Generated_Source\PSoC5/PWM_Motor.c **** *  void
  44:.\Generated_Source\PSoC5/PWM_Motor.c **** *
  45:.\Generated_Source\PSoC5/PWM_Motor.c **** * Global variables:
  46:.\Generated_Source\PSoC5/PWM_Motor.c **** *  PWM_Motor_initVar: Is modified when this function is called for the 
  47:.\Generated_Source\PSoC5/PWM_Motor.c **** *   first time. Is used to ensure that initialization happens only once.
  48:.\Generated_Source\PSoC5/PWM_Motor.c **** *
  49:.\Generated_Source\PSoC5/PWM_Motor.c **** *******************************************************************************/
  50:.\Generated_Source\PSoC5/PWM_Motor.c **** void PWM_Motor_Start(void) 
  51:.\Generated_Source\PSoC5/PWM_Motor.c **** {
  38              		.loc 1 51 0
  39              		.cfi_startproc
  40              		@ args = 0, pretend = 0, frame = 0
  41              		@ frame_needed = 1, uses_anonymous_args = 0
  42 0000 80B5     		push	{r7, lr}
  43              	.LCFI0:
  44              		.cfi_def_cfa_offset 8
  45 0002 00AF     		add	r7, sp, #0
  46              		.cfi_offset 14, -4
  47              		.cfi_offset 7, -8
  48              	.LCFI1:
  49              		.cfi_def_cfa_register 7
  52:.\Generated_Source\PSoC5/PWM_Motor.c ****     /* If not Initialized then initialize all required hardware and software */
  53:.\Generated_Source\PSoC5/PWM_Motor.c ****     if(PWM_Motor_initVar == 0u)
  50              		.loc 1 53 0
  51 0004 40F20003 		movw	r3, #:lower16:PWM_Motor_initVar
  52 0008 C0F20003 		movt	r3, #:upper16:PWM_Motor_initVar
  53 000c 1B78     		ldrb	r3, [r3, #0]	@ zero_extendqisi2
  54 000e 002B     		cmp	r3, #0
  55 0010 08D1     		bne	.L2
  54:.\Generated_Source\PSoC5/PWM_Motor.c ****     {
  55:.\Generated_Source\PSoC5/PWM_Motor.c ****         PWM_Motor_Init();
ARM GAS  C:\Users\bccho\AppData\Local\Temp\ccAQrP7i.s 			page 3


  56              		.loc 1 55 0
  57 0012 FFF7FEFF 		bl	PWM_Motor_Init
  56:.\Generated_Source\PSoC5/PWM_Motor.c ****         PWM_Motor_initVar = 1u;
  58              		.loc 1 56 0
  59 0016 40F20003 		movw	r3, #:lower16:PWM_Motor_initVar
  60 001a C0F20003 		movt	r3, #:upper16:PWM_Motor_initVar
  61 001e 4FF00102 		mov	r2, #1
  62 0022 1A70     		strb	r2, [r3, #0]
  63              	.L2:
  57:.\Generated_Source\PSoC5/PWM_Motor.c ****     }
  58:.\Generated_Source\PSoC5/PWM_Motor.c ****     PWM_Motor_Enable();
  64              		.loc 1 58 0
  65 0024 FFF7FEFF 		bl	PWM_Motor_Enable
  59:.\Generated_Source\PSoC5/PWM_Motor.c **** 
  60:.\Generated_Source\PSoC5/PWM_Motor.c **** }
  66              		.loc 1 60 0
  67 0028 80BD     		pop	{r7, pc}
  68              		.cfi_endproc
  69              	.LFE0:
  70              		.size	PWM_Motor_Start, .-PWM_Motor_Start
  71 002a 00BF     		.section	.text.PWM_Motor_Init,"ax",%progbits
  72              		.align	2
  73              		.global	PWM_Motor_Init
  74              		.thumb
  75              		.thumb_func
  76              		.type	PWM_Motor_Init, %function
  77              	PWM_Motor_Init:
  78              	.LFB1:
  61:.\Generated_Source\PSoC5/PWM_Motor.c **** 
  62:.\Generated_Source\PSoC5/PWM_Motor.c **** 
  63:.\Generated_Source\PSoC5/PWM_Motor.c **** /*******************************************************************************
  64:.\Generated_Source\PSoC5/PWM_Motor.c **** * Function Name: PWM_Motor_Init
  65:.\Generated_Source\PSoC5/PWM_Motor.c **** ********************************************************************************
  66:.\Generated_Source\PSoC5/PWM_Motor.c **** *
  67:.\Generated_Source\PSoC5/PWM_Motor.c **** * Summary:
  68:.\Generated_Source\PSoC5/PWM_Motor.c **** *  Initialize component's parameters to the parameters set by user in the 
  69:.\Generated_Source\PSoC5/PWM_Motor.c **** *  customizer of the component placed onto schematic. Usually called in 
  70:.\Generated_Source\PSoC5/PWM_Motor.c **** *  PWM_Motor_Start().
  71:.\Generated_Source\PSoC5/PWM_Motor.c **** *
  72:.\Generated_Source\PSoC5/PWM_Motor.c **** * Parameters:  
  73:.\Generated_Source\PSoC5/PWM_Motor.c **** *  void
  74:.\Generated_Source\PSoC5/PWM_Motor.c **** *
  75:.\Generated_Source\PSoC5/PWM_Motor.c **** * Return: 
  76:.\Generated_Source\PSoC5/PWM_Motor.c **** *  void
  77:.\Generated_Source\PSoC5/PWM_Motor.c **** *
  78:.\Generated_Source\PSoC5/PWM_Motor.c **** *******************************************************************************/
  79:.\Generated_Source\PSoC5/PWM_Motor.c **** void PWM_Motor_Init(void) 
  80:.\Generated_Source\PSoC5/PWM_Motor.c **** {
  79              		.loc 1 80 0
  80              		.cfi_startproc
  81              		@ args = 0, pretend = 0, frame = 8
  82              		@ frame_needed = 1, uses_anonymous_args = 0
  83 0000 80B5     		push	{r7, lr}
  84              	.LCFI2:
  85              		.cfi_def_cfa_offset 8
  86 0002 82B0     		sub	sp, sp, #8
  87              	.LCFI3:
ARM GAS  C:\Users\bccho\AppData\Local\Temp\ccAQrP7i.s 			page 4


  88              		.cfi_def_cfa_offset 16
  89 0004 00AF     		add	r7, sp, #0
  90              		.cfi_offset 14, -4
  91              		.cfi_offset 7, -8
  92              	.LCFI4:
  93              		.cfi_def_cfa_register 7
  81:.\Generated_Source\PSoC5/PWM_Motor.c ****     #if (PWM_Motor_UsingFixedFunction || PWM_Motor_UseControl)
  82:.\Generated_Source\PSoC5/PWM_Motor.c ****         uint8 ctrl;
  83:.\Generated_Source\PSoC5/PWM_Motor.c ****     #endif /* (PWM_Motor_UsingFixedFunction || PWM_Motor_UseControl) */
  84:.\Generated_Source\PSoC5/PWM_Motor.c ****     
  85:.\Generated_Source\PSoC5/PWM_Motor.c ****     #if(!PWM_Motor_UsingFixedFunction) 
  86:.\Generated_Source\PSoC5/PWM_Motor.c ****         #if(PWM_Motor_UseStatus)
  87:.\Generated_Source\PSoC5/PWM_Motor.c ****             /* Interrupt State Backup for Critical Region*/
  88:.\Generated_Source\PSoC5/PWM_Motor.c ****             uint8 PWM_Motor_interruptState;
  89:.\Generated_Source\PSoC5/PWM_Motor.c ****         #endif /* (PWM_Motor_UseStatus) */
  90:.\Generated_Source\PSoC5/PWM_Motor.c ****     #endif /* (!PWM_Motor_UsingFixedFunction) */
  91:.\Generated_Source\PSoC5/PWM_Motor.c ****     
  92:.\Generated_Source\PSoC5/PWM_Motor.c ****     #if (PWM_Motor_UsingFixedFunction)
  93:.\Generated_Source\PSoC5/PWM_Motor.c ****         /* You are allowed to write the compare value (FF only) */
  94:.\Generated_Source\PSoC5/PWM_Motor.c ****         PWM_Motor_CONTROL |= PWM_Motor_CFG0_MODE;
  95:.\Generated_Source\PSoC5/PWM_Motor.c ****         #if (PWM_Motor_DeadBand2_4)
  96:.\Generated_Source\PSoC5/PWM_Motor.c ****             PWM_Motor_CONTROL |= PWM_Motor_CFG0_DB;
  97:.\Generated_Source\PSoC5/PWM_Motor.c ****         #endif /* (PWM_Motor_DeadBand2_4) */
  98:.\Generated_Source\PSoC5/PWM_Motor.c ****                 
  99:.\Generated_Source\PSoC5/PWM_Motor.c ****         /* Set the default Compare Mode */
 100:.\Generated_Source\PSoC5/PWM_Motor.c ****         #if(CY_PSOC5A)
 101:.\Generated_Source\PSoC5/PWM_Motor.c ****                 ctrl = PWM_Motor_CONTROL2 & ~PWM_Motor_CTRL_CMPMODE1_MASK;
 102:.\Generated_Source\PSoC5/PWM_Motor.c ****                 PWM_Motor_CONTROL2 = ctrl | PWM_Motor_DEFAULT_COMPARE1_MODE;
 103:.\Generated_Source\PSoC5/PWM_Motor.c ****         #endif /* (CY_PSOC5A) */
 104:.\Generated_Source\PSoC5/PWM_Motor.c ****         #if(CY_PSOC3 || CY_PSOC5LP)
 105:.\Generated_Source\PSoC5/PWM_Motor.c ****                 ctrl = PWM_Motor_CONTROL3 & ~PWM_Motor_CTRL_CMPMODE1_MASK;
 106:.\Generated_Source\PSoC5/PWM_Motor.c ****                 PWM_Motor_CONTROL3 = ctrl | PWM_Motor_DEFAULT_COMPARE1_MODE;
 107:.\Generated_Source\PSoC5/PWM_Motor.c ****         #endif /* (CY_PSOC3 || CY_PSOC5LP) */
 108:.\Generated_Source\PSoC5/PWM_Motor.c ****         
 109:.\Generated_Source\PSoC5/PWM_Motor.c ****          /* Clear and Set SYNCTC and SYNCCMP bits of RT1 register */
 110:.\Generated_Source\PSoC5/PWM_Motor.c ****         PWM_Motor_RT1 &= ~PWM_Motor_RT1_MASK;
 111:.\Generated_Source\PSoC5/PWM_Motor.c ****         PWM_Motor_RT1 |= PWM_Motor_SYNC;     
 112:.\Generated_Source\PSoC5/PWM_Motor.c ****                 
 113:.\Generated_Source\PSoC5/PWM_Motor.c ****         /*Enable DSI Sync all all inputs of the PWM*/
 114:.\Generated_Source\PSoC5/PWM_Motor.c ****         PWM_Motor_RT1 &= ~(PWM_Motor_SYNCDSI_MASK);
 115:.\Generated_Source\PSoC5/PWM_Motor.c ****         PWM_Motor_RT1 |= PWM_Motor_SYNCDSI_EN;
 116:.\Generated_Source\PSoC5/PWM_Motor.c ****        
 117:.\Generated_Source\PSoC5/PWM_Motor.c ****     #elif (PWM_Motor_UseControl)
 118:.\Generated_Source\PSoC5/PWM_Motor.c ****         /* Set the default compare mode defined in the parameter */
 119:.\Generated_Source\PSoC5/PWM_Motor.c ****         ctrl = PWM_Motor_CONTROL & ~PWM_Motor_CTRL_CMPMODE2_MASK & ~PWM_Motor_CTRL_CMPMODE1_MASK;
  94              		.loc 1 119 0
  95 0006 46F27543 		movw	r3, #:lower16:1073767541
  96 000a C4F20003 		movt	r3, #:upper16:1073767541
  97 000e 1B78     		ldrb	r3, [r3, #0]
  98 0010 DBB2     		uxtb	r3, r3
  99 0012 23F03F03 		bic	r3, r3, #63
 100 0016 BB71     		strb	r3, [r7, #6]
 120:.\Generated_Source\PSoC5/PWM_Motor.c ****         PWM_Motor_CONTROL = ctrl | PWM_Motor_DEFAULT_COMPARE2_MODE | 
 101              		.loc 1 120 0
 102 0018 46F27543 		movw	r3, #:lower16:1073767541
 103 001c C4F20003 		movt	r3, #:upper16:1073767541
 104 0020 BA79     		ldrb	r2, [r7, #6]
ARM GAS  C:\Users\bccho\AppData\Local\Temp\ccAQrP7i.s 			page 5


 105 0022 42F00902 		orr	r2, r2, #9
 106 0026 D2B2     		uxtb	r2, r2
 107 0028 1A70     		strb	r2, [r3, #0]
 121:.\Generated_Source\PSoC5/PWM_Motor.c ****                                    PWM_Motor_DEFAULT_COMPARE1_MODE;
 122:.\Generated_Source\PSoC5/PWM_Motor.c ****     #endif /* (PWM_Motor_UsingFixedFunction) */
 123:.\Generated_Source\PSoC5/PWM_Motor.c ****         
 124:.\Generated_Source\PSoC5/PWM_Motor.c ****     #if (!PWM_Motor_UsingFixedFunction)
 125:.\Generated_Source\PSoC5/PWM_Motor.c ****         #if (PWM_Motor_Resolution == 8)
 126:.\Generated_Source\PSoC5/PWM_Motor.c ****             /* Set FIFO 0 to 1 byte register for period*/
 127:.\Generated_Source\PSoC5/PWM_Motor.c ****             PWM_Motor_AUX_CONTROLDP0 |= (PWM_Motor_AUX_CTRL_FIFO0_CLR);
 128:.\Generated_Source\PSoC5/PWM_Motor.c ****         #else /* (PWM_Motor_Resolution == 16)*/
 129:.\Generated_Source\PSoC5/PWM_Motor.c ****             /* Set FIFO 0 to 1 byte register for period */
 130:.\Generated_Source\PSoC5/PWM_Motor.c ****             PWM_Motor_AUX_CONTROLDP0 |= (PWM_Motor_AUX_CTRL_FIFO0_CLR);
 108              		.loc 1 130 0
 109 002a 46F29443 		movw	r3, #:lower16:1073767572
 110 002e C4F20003 		movt	r3, #:upper16:1073767572
 111 0032 46F29442 		movw	r2, #:lower16:1073767572
 112 0036 C4F20002 		movt	r2, #:upper16:1073767572
 113 003a 1278     		ldrb	r2, [r2, #0]
 114 003c D2B2     		uxtb	r2, r2
 115 003e 42F00102 		orr	r2, r2, #1
 116 0042 D2B2     		uxtb	r2, r2
 117 0044 1A70     		strb	r2, [r3, #0]
 131:.\Generated_Source\PSoC5/PWM_Motor.c ****             PWM_Motor_AUX_CONTROLDP1 |= (PWM_Motor_AUX_CTRL_FIFO0_CLR);
 118              		.loc 1 131 0
 119 0046 46F29543 		movw	r3, #:lower16:1073767573
 120 004a C4F20003 		movt	r3, #:upper16:1073767573
 121 004e 46F29542 		movw	r2, #:lower16:1073767573
 122 0052 C4F20002 		movt	r2, #:upper16:1073767573
 123 0056 1278     		ldrb	r2, [r2, #0]
 124 0058 D2B2     		uxtb	r2, r2
 125 005a 42F00102 		orr	r2, r2, #1
 126 005e D2B2     		uxtb	r2, r2
 127 0060 1A70     		strb	r2, [r3, #0]
 132:.\Generated_Source\PSoC5/PWM_Motor.c ****         #endif /* (PWM_Motor_Resolution == 8) */
 133:.\Generated_Source\PSoC5/PWM_Motor.c **** 
 134:.\Generated_Source\PSoC5/PWM_Motor.c ****         PWM_Motor_WriteCounter(PWM_Motor_INIT_PERIOD_VALUE);
 128              		.loc 1 134 0
 129 0062 40F2E730 		movw	r0, #999
 130 0066 FFF7FEFF 		bl	PWM_Motor_WriteCounter
 135:.\Generated_Source\PSoC5/PWM_Motor.c ****     #endif /* (!PWM_Motor_UsingFixedFunction) */
 136:.\Generated_Source\PSoC5/PWM_Motor.c ****         
 137:.\Generated_Source\PSoC5/PWM_Motor.c ****     PWM_Motor_WritePeriod(PWM_Motor_INIT_PERIOD_VALUE);
 131              		.loc 1 137 0
 132 006a 40F2E730 		movw	r0, #999
 133 006e FFF7FEFF 		bl	PWM_Motor_WritePeriod
 138:.\Generated_Source\PSoC5/PWM_Motor.c **** 
 139:.\Generated_Source\PSoC5/PWM_Motor.c ****         #if (PWM_Motor_UseOneCompareMode)
 140:.\Generated_Source\PSoC5/PWM_Motor.c ****             PWM_Motor_WriteCompare(PWM_Motor_INIT_COMPARE_VALUE1);
 134              		.loc 1 140 0
 135 0072 4FF00000 		mov	r0, #0
 136 0076 FFF7FEFF 		bl	PWM_Motor_WriteCompare
 141:.\Generated_Source\PSoC5/PWM_Motor.c ****         #else
 142:.\Generated_Source\PSoC5/PWM_Motor.c ****             PWM_Motor_WriteCompare1(PWM_Motor_INIT_COMPARE_VALUE1);
 143:.\Generated_Source\PSoC5/PWM_Motor.c ****             PWM_Motor_WriteCompare2(PWM_Motor_INIT_COMPARE_VALUE2);
 144:.\Generated_Source\PSoC5/PWM_Motor.c ****         #endif /* (PWM_Motor_UseOneCompareMode) */
 145:.\Generated_Source\PSoC5/PWM_Motor.c ****         
ARM GAS  C:\Users\bccho\AppData\Local\Temp\ccAQrP7i.s 			page 6


 146:.\Generated_Source\PSoC5/PWM_Motor.c ****         #if (PWM_Motor_KillModeMinTime)
 147:.\Generated_Source\PSoC5/PWM_Motor.c ****             PWM_Motor_WriteKillTime(PWM_Motor_MinimumKillTime);
 148:.\Generated_Source\PSoC5/PWM_Motor.c ****         #endif /* (PWM_Motor_KillModeMinTime) */
 149:.\Generated_Source\PSoC5/PWM_Motor.c ****         
 150:.\Generated_Source\PSoC5/PWM_Motor.c ****         #if (PWM_Motor_DeadBandUsed)
 151:.\Generated_Source\PSoC5/PWM_Motor.c ****             PWM_Motor_WriteDeadTime(PWM_Motor_INIT_DEAD_TIME);
 152:.\Generated_Source\PSoC5/PWM_Motor.c ****         #endif /* (PWM_Motor_DeadBandUsed) */
 153:.\Generated_Source\PSoC5/PWM_Motor.c **** 
 154:.\Generated_Source\PSoC5/PWM_Motor.c ****     #if (PWM_Motor_UseStatus || PWM_Motor_UsingFixedFunction)
 155:.\Generated_Source\PSoC5/PWM_Motor.c ****         PWM_Motor_SetInterruptMode(PWM_Motor_INIT_INTERRUPTS_MODE);
 137              		.loc 1 155 0
 138 007a 46F28543 		movw	r3, #:lower16:1073767557
 139 007e C4F20003 		movt	r3, #:upper16:1073767557
 140 0082 4FF00002 		mov	r2, #0
 141 0086 1A70     		strb	r2, [r3, #0]
 156:.\Generated_Source\PSoC5/PWM_Motor.c ****     #endif /* (PWM_Motor_UseStatus || PWM_Motor_UsingFixedFunction) */
 157:.\Generated_Source\PSoC5/PWM_Motor.c ****         
 158:.\Generated_Source\PSoC5/PWM_Motor.c ****     #if (PWM_Motor_UsingFixedFunction)
 159:.\Generated_Source\PSoC5/PWM_Motor.c ****         /* Globally Enable the Fixed Function Block chosen */
 160:.\Generated_Source\PSoC5/PWM_Motor.c ****         PWM_Motor_GLOBAL_ENABLE |= PWM_Motor_BLOCK_EN_MASK;
 161:.\Generated_Source\PSoC5/PWM_Motor.c ****         /* Set the Interrupt source to come from the status register */
 162:.\Generated_Source\PSoC5/PWM_Motor.c ****         PWM_Motor_CONTROL2 |= PWM_Motor_CTRL2_IRQ_SEL;
 163:.\Generated_Source\PSoC5/PWM_Motor.c ****     #else
 164:.\Generated_Source\PSoC5/PWM_Motor.c ****         #if(PWM_Motor_UseStatus)
 165:.\Generated_Source\PSoC5/PWM_Motor.c ****             
 166:.\Generated_Source\PSoC5/PWM_Motor.c ****             /* CyEnterCriticalRegion and CyExitCriticalRegion are used to mark following region cri
 167:.\Generated_Source\PSoC5/PWM_Motor.c ****             /* Enter Critical Region*/
 168:.\Generated_Source\PSoC5/PWM_Motor.c ****             PWM_Motor_interruptState = CyEnterCriticalSection();
 142              		.loc 1 168 0
 143 0088 FFF7FEFF 		bl	CyEnterCriticalSection
 144 008c 0346     		mov	r3, r0
 145 008e FB71     		strb	r3, [r7, #7]
 169:.\Generated_Source\PSoC5/PWM_Motor.c ****             /* Use the interrupt output of the status register for IRQ output */
 170:.\Generated_Source\PSoC5/PWM_Motor.c ****             PWM_Motor_STATUS_AUX_CTRL |= PWM_Motor_STATUS_ACTL_INT_EN_MASK;
 146              		.loc 1 170 0
 147 0090 46F29543 		movw	r3, #:lower16:1073767573
 148 0094 C4F20003 		movt	r3, #:upper16:1073767573
 149 0098 46F29542 		movw	r2, #:lower16:1073767573
 150 009c C4F20002 		movt	r2, #:upper16:1073767573
 151 00a0 1278     		ldrb	r2, [r2, #0]
 152 00a2 D2B2     		uxtb	r2, r2
 153 00a4 42F01002 		orr	r2, r2, #16
 154 00a8 D2B2     		uxtb	r2, r2
 155 00aa 1A70     		strb	r2, [r3, #0]
 171:.\Generated_Source\PSoC5/PWM_Motor.c ****             
 172:.\Generated_Source\PSoC5/PWM_Motor.c ****              /* Exit Critical Region*/
 173:.\Generated_Source\PSoC5/PWM_Motor.c ****             CyExitCriticalSection(PWM_Motor_interruptState);
 156              		.loc 1 173 0
 157 00ac FB79     		ldrb	r3, [r7, #7]	@ zero_extendqisi2
 158 00ae 1846     		mov	r0, r3
 159 00b0 FFF7FEFF 		bl	CyExitCriticalSection
 174:.\Generated_Source\PSoC5/PWM_Motor.c ****             
 175:.\Generated_Source\PSoC5/PWM_Motor.c ****             /* Clear the FIFO to enable the PWM_Motor_STATUS_FIFOFULL
 176:.\Generated_Source\PSoC5/PWM_Motor.c ****                    bit to be set on FIFO full. */
 177:.\Generated_Source\PSoC5/PWM_Motor.c ****             PWM_Motor_ClearFIFO();
 160              		.loc 1 177 0
 161 00b4 FFF7FEFF 		bl	PWM_Motor_ClearFIFO
ARM GAS  C:\Users\bccho\AppData\Local\Temp\ccAQrP7i.s 			page 7


 178:.\Generated_Source\PSoC5/PWM_Motor.c ****         #endif /* (PWM_Motor_UseStatus) */
 179:.\Generated_Source\PSoC5/PWM_Motor.c ****     #endif /* (PWM_Motor_UsingFixedFunction) */
 180:.\Generated_Source\PSoC5/PWM_Motor.c **** }
 162              		.loc 1 180 0
 163 00b8 07F10807 		add	r7, r7, #8
 164 00bc BD46     		mov	sp, r7
 165 00be 80BD     		pop	{r7, pc}
 166              		.cfi_endproc
 167              	.LFE1:
 168              		.size	PWM_Motor_Init, .-PWM_Motor_Init
 169              		.section	.text.PWM_Motor_Enable,"ax",%progbits
 170              		.align	2
 171              		.global	PWM_Motor_Enable
 172              		.thumb
 173              		.thumb_func
 174              		.type	PWM_Motor_Enable, %function
 175              	PWM_Motor_Enable:
 176              	.LFB2:
 181:.\Generated_Source\PSoC5/PWM_Motor.c **** 
 182:.\Generated_Source\PSoC5/PWM_Motor.c **** 
 183:.\Generated_Source\PSoC5/PWM_Motor.c **** /*******************************************************************************
 184:.\Generated_Source\PSoC5/PWM_Motor.c **** * Function Name: PWM_Motor_Enable
 185:.\Generated_Source\PSoC5/PWM_Motor.c **** ********************************************************************************
 186:.\Generated_Source\PSoC5/PWM_Motor.c **** *
 187:.\Generated_Source\PSoC5/PWM_Motor.c **** * Summary: 
 188:.\Generated_Source\PSoC5/PWM_Motor.c **** *  Enables the PWM block operation
 189:.\Generated_Source\PSoC5/PWM_Motor.c **** *
 190:.\Generated_Source\PSoC5/PWM_Motor.c **** * Parameters:  
 191:.\Generated_Source\PSoC5/PWM_Motor.c **** *  void
 192:.\Generated_Source\PSoC5/PWM_Motor.c **** *
 193:.\Generated_Source\PSoC5/PWM_Motor.c **** * Return: 
 194:.\Generated_Source\PSoC5/PWM_Motor.c **** *  void
 195:.\Generated_Source\PSoC5/PWM_Motor.c **** *
 196:.\Generated_Source\PSoC5/PWM_Motor.c **** * Side Effects: 
 197:.\Generated_Source\PSoC5/PWM_Motor.c **** *  This works only if software enable mode is chosen
 198:.\Generated_Source\PSoC5/PWM_Motor.c **** *
 199:.\Generated_Source\PSoC5/PWM_Motor.c **** *******************************************************************************/
 200:.\Generated_Source\PSoC5/PWM_Motor.c **** void PWM_Motor_Enable(void) 
 201:.\Generated_Source\PSoC5/PWM_Motor.c **** {
 177              		.loc 1 201 0
 178              		.cfi_startproc
 179              		@ args = 0, pretend = 0, frame = 0
 180              		@ frame_needed = 1, uses_anonymous_args = 0
 181              		@ link register save eliminated.
 182 0000 80B4     		push	{r7}
 183              	.LCFI5:
 184              		.cfi_def_cfa_offset 4
 185 0002 00AF     		add	r7, sp, #0
 186              		.cfi_offset 7, -4
 187              	.LCFI6:
 188              		.cfi_def_cfa_register 7
 202:.\Generated_Source\PSoC5/PWM_Motor.c ****     /* Globally Enable the Fixed Function Block chosen */
 203:.\Generated_Source\PSoC5/PWM_Motor.c ****     #if (PWM_Motor_UsingFixedFunction)
 204:.\Generated_Source\PSoC5/PWM_Motor.c ****         PWM_Motor_GLOBAL_ENABLE |= PWM_Motor_BLOCK_EN_MASK;
 205:.\Generated_Source\PSoC5/PWM_Motor.c ****         PWM_Motor_GLOBAL_STBY_ENABLE |= PWM_Motor_BLOCK_STBY_EN_MASK;
 206:.\Generated_Source\PSoC5/PWM_Motor.c ****     #endif /* (PWM_Motor_UsingFixedFunction) */
 207:.\Generated_Source\PSoC5/PWM_Motor.c ****     
ARM GAS  C:\Users\bccho\AppData\Local\Temp\ccAQrP7i.s 			page 8


 208:.\Generated_Source\PSoC5/PWM_Motor.c ****     /* Enable the PWM from the control register  */
 209:.\Generated_Source\PSoC5/PWM_Motor.c ****     #if (PWM_Motor_UseControl || PWM_Motor_UsingFixedFunction)
 210:.\Generated_Source\PSoC5/PWM_Motor.c ****         PWM_Motor_CONTROL |= PWM_Motor_CTRL_ENABLE;
 189              		.loc 1 210 0
 190 0004 46F27543 		movw	r3, #:lower16:1073767541
 191 0008 C4F20003 		movt	r3, #:upper16:1073767541
 192 000c 46F27542 		movw	r2, #:lower16:1073767541
 193 0010 C4F20002 		movt	r2, #:upper16:1073767541
 194 0014 1278     		ldrb	r2, [r2, #0]
 195 0016 D2B2     		uxtb	r2, r2
 196 0018 6FEA4262 		mvn	r2, r2, lsl #25
 197 001c 6FEA5262 		mvn	r2, r2, lsr #25
 198 0020 D2B2     		uxtb	r2, r2
 199 0022 1A70     		strb	r2, [r3, #0]
 211:.\Generated_Source\PSoC5/PWM_Motor.c ****     #endif /* (PWM_Motor_UseControl || PWM_Motor_UsingFixedFunction) */
 212:.\Generated_Source\PSoC5/PWM_Motor.c **** }
 200              		.loc 1 212 0
 201 0024 BD46     		mov	sp, r7
 202 0026 80BC     		pop	{r7}
 203 0028 7047     		bx	lr
 204              		.cfi_endproc
 205              	.LFE2:
 206              		.size	PWM_Motor_Enable, .-PWM_Motor_Enable
 207 002a 00BF     		.section	.text.PWM_Motor_Stop,"ax",%progbits
 208              		.align	2
 209              		.global	PWM_Motor_Stop
 210              		.thumb
 211              		.thumb_func
 212              		.type	PWM_Motor_Stop, %function
 213              	PWM_Motor_Stop:
 214              	.LFB3:
 213:.\Generated_Source\PSoC5/PWM_Motor.c **** 
 214:.\Generated_Source\PSoC5/PWM_Motor.c **** 
 215:.\Generated_Source\PSoC5/PWM_Motor.c **** /*******************************************************************************
 216:.\Generated_Source\PSoC5/PWM_Motor.c **** * Function Name: PWM_Motor_Stop
 217:.\Generated_Source\PSoC5/PWM_Motor.c **** ********************************************************************************
 218:.\Generated_Source\PSoC5/PWM_Motor.c **** *
 219:.\Generated_Source\PSoC5/PWM_Motor.c **** * Summary:
 220:.\Generated_Source\PSoC5/PWM_Motor.c **** *  The stop function halts the PWM, but does not change any modes or disable
 221:.\Generated_Source\PSoC5/PWM_Motor.c **** *  interrupts.
 222:.\Generated_Source\PSoC5/PWM_Motor.c **** *
 223:.\Generated_Source\PSoC5/PWM_Motor.c **** * Parameters:  
 224:.\Generated_Source\PSoC5/PWM_Motor.c **** *  void  
 225:.\Generated_Source\PSoC5/PWM_Motor.c **** *
 226:.\Generated_Source\PSoC5/PWM_Motor.c **** * Return: 
 227:.\Generated_Source\PSoC5/PWM_Motor.c **** *  void
 228:.\Generated_Source\PSoC5/PWM_Motor.c **** *
 229:.\Generated_Source\PSoC5/PWM_Motor.c **** * Side Effects:
 230:.\Generated_Source\PSoC5/PWM_Motor.c **** *  If the Enable mode is set to Hardware only then this function
 231:.\Generated_Source\PSoC5/PWM_Motor.c **** *  has no effect on the operation of the PWM
 232:.\Generated_Source\PSoC5/PWM_Motor.c **** *
 233:.\Generated_Source\PSoC5/PWM_Motor.c **** *******************************************************************************/
 234:.\Generated_Source\PSoC5/PWM_Motor.c **** void PWM_Motor_Stop(void) 
 235:.\Generated_Source\PSoC5/PWM_Motor.c **** {
 215              		.loc 1 235 0
 216              		.cfi_startproc
 217              		@ args = 0, pretend = 0, frame = 0
ARM GAS  C:\Users\bccho\AppData\Local\Temp\ccAQrP7i.s 			page 9


 218              		@ frame_needed = 1, uses_anonymous_args = 0
 219              		@ link register save eliminated.
 220 0000 80B4     		push	{r7}
 221              	.LCFI7:
 222              		.cfi_def_cfa_offset 4
 223 0002 00AF     		add	r7, sp, #0
 224              		.cfi_offset 7, -4
 225              	.LCFI8:
 226              		.cfi_def_cfa_register 7
 236:.\Generated_Source\PSoC5/PWM_Motor.c ****     #if (PWM_Motor_UseControl || PWM_Motor_UsingFixedFunction)
 237:.\Generated_Source\PSoC5/PWM_Motor.c ****         PWM_Motor_CONTROL &= ~PWM_Motor_CTRL_ENABLE;
 227              		.loc 1 237 0
 228 0004 46F27543 		movw	r3, #:lower16:1073767541
 229 0008 C4F20003 		movt	r3, #:upper16:1073767541
 230 000c 46F27542 		movw	r2, #:lower16:1073767541
 231 0010 C4F20002 		movt	r2, #:upper16:1073767541
 232 0014 1278     		ldrb	r2, [r2, #0]
 233 0016 D2B2     		uxtb	r2, r2
 234 0018 02F07F02 		and	r2, r2, #127
 235 001c 1A70     		strb	r2, [r3, #0]
 238:.\Generated_Source\PSoC5/PWM_Motor.c ****     #endif /* (PWM_Motor_UseControl || PWM_Motor_UsingFixedFunction) */
 239:.\Generated_Source\PSoC5/PWM_Motor.c ****     
 240:.\Generated_Source\PSoC5/PWM_Motor.c ****     /* Globally disable the Fixed Function Block chosen */
 241:.\Generated_Source\PSoC5/PWM_Motor.c ****     #if (PWM_Motor_UsingFixedFunction)
 242:.\Generated_Source\PSoC5/PWM_Motor.c ****         PWM_Motor_GLOBAL_ENABLE &= ~PWM_Motor_BLOCK_EN_MASK;
 243:.\Generated_Source\PSoC5/PWM_Motor.c ****         PWM_Motor_GLOBAL_STBY_ENABLE &= ~PWM_Motor_BLOCK_STBY_EN_MASK;
 244:.\Generated_Source\PSoC5/PWM_Motor.c ****     #endif /* (PWM_Motor_UsingFixedFunction) */
 245:.\Generated_Source\PSoC5/PWM_Motor.c **** }
 236              		.loc 1 245 0
 237 001e BD46     		mov	sp, r7
 238 0020 80BC     		pop	{r7}
 239 0022 7047     		bx	lr
 240              		.cfi_endproc
 241              	.LFE3:
 242              		.size	PWM_Motor_Stop, .-PWM_Motor_Stop
 243              		.section	.text.PWM_Motor_WriteCounter,"ax",%progbits
 244              		.align	2
 245              		.global	PWM_Motor_WriteCounter
 246              		.thumb
 247              		.thumb_func
 248              		.type	PWM_Motor_WriteCounter, %function
 249              	PWM_Motor_WriteCounter:
 250              	.LFB4:
 246:.\Generated_Source\PSoC5/PWM_Motor.c **** 
 247:.\Generated_Source\PSoC5/PWM_Motor.c **** 
 248:.\Generated_Source\PSoC5/PWM_Motor.c **** #if (PWM_Motor_UseOneCompareMode)
 249:.\Generated_Source\PSoC5/PWM_Motor.c **** #if (PWM_Motor_CompareMode1SW)
 250:.\Generated_Source\PSoC5/PWM_Motor.c **** 
 251:.\Generated_Source\PSoC5/PWM_Motor.c **** 
 252:.\Generated_Source\PSoC5/PWM_Motor.c **** /*******************************************************************************
 253:.\Generated_Source\PSoC5/PWM_Motor.c **** * Function Name: PWM_Motor_SetCompareMode
 254:.\Generated_Source\PSoC5/PWM_Motor.c **** ********************************************************************************
 255:.\Generated_Source\PSoC5/PWM_Motor.c **** * 
 256:.\Generated_Source\PSoC5/PWM_Motor.c **** * Summary:
 257:.\Generated_Source\PSoC5/PWM_Motor.c **** *  This function writes the Compare Mode for the pwm output when in Dither mode,
 258:.\Generated_Source\PSoC5/PWM_Motor.c **** *  Center Align Mode or One Output Mode.
 259:.\Generated_Source\PSoC5/PWM_Motor.c **** *
ARM GAS  C:\Users\bccho\AppData\Local\Temp\ccAQrP7i.s 			page 10


 260:.\Generated_Source\PSoC5/PWM_Motor.c **** * Parameters:
 261:.\Generated_Source\PSoC5/PWM_Motor.c **** *  comparemode:  The new compare mode for the PWM output. Use the compare types
 262:.\Generated_Source\PSoC5/PWM_Motor.c **** *                defined in the H file as input arguments.
 263:.\Generated_Source\PSoC5/PWM_Motor.c **** *
 264:.\Generated_Source\PSoC5/PWM_Motor.c **** * Return:
 265:.\Generated_Source\PSoC5/PWM_Motor.c **** *  void
 266:.\Generated_Source\PSoC5/PWM_Motor.c **** *
 267:.\Generated_Source\PSoC5/PWM_Motor.c **** *******************************************************************************/
 268:.\Generated_Source\PSoC5/PWM_Motor.c **** void PWM_Motor_SetCompareMode(uint8 comparemode) 
 269:.\Generated_Source\PSoC5/PWM_Motor.c **** {
 270:.\Generated_Source\PSoC5/PWM_Motor.c ****     #if(PWM_Motor_UsingFixedFunction)
 271:.\Generated_Source\PSoC5/PWM_Motor.c ****         #if(CY_PSOC5A)
 272:.\Generated_Source\PSoC5/PWM_Motor.c ****             uint8 comparemodemasked = (comparemode << PWM_Motor_CTRL_CMPMODE1_SHIFT);
 273:.\Generated_Source\PSoC5/PWM_Motor.c ****             PWM_Motor_CONTROL2 &= ~PWM_Motor_CTRL_CMPMODE1_MASK; /*Clear Existing Data */
 274:.\Generated_Source\PSoC5/PWM_Motor.c ****             PWM_Motor_CONTROL2 |= comparemodemasked;  
 275:.\Generated_Source\PSoC5/PWM_Motor.c ****         #endif /* (CY_PSOC5A) */
 276:.\Generated_Source\PSoC5/PWM_Motor.c ****                 
 277:.\Generated_Source\PSoC5/PWM_Motor.c ****         #if(CY_PSOC3 || CY_PSOC5LP)
 278:.\Generated_Source\PSoC5/PWM_Motor.c ****             uint8 comparemodemasked = (comparemode << PWM_Motor_CTRL_CMPMODE1_SHIFT);
 279:.\Generated_Source\PSoC5/PWM_Motor.c ****             PWM_Motor_CONTROL3 &= ~PWM_Motor_CTRL_CMPMODE1_MASK; /*Clear Existing Data */
 280:.\Generated_Source\PSoC5/PWM_Motor.c ****             PWM_Motor_CONTROL3 |= comparemodemasked;     
 281:.\Generated_Source\PSoC5/PWM_Motor.c ****         #endif /* (CY_PSOC3 || CY_PSOC5LP) */
 282:.\Generated_Source\PSoC5/PWM_Motor.c ****                 
 283:.\Generated_Source\PSoC5/PWM_Motor.c ****     #elif (PWM_Motor_UseControl)
 284:.\Generated_Source\PSoC5/PWM_Motor.c ****         uint8 comparemode1masked = (comparemode << PWM_Motor_CTRL_CMPMODE1_SHIFT) & 
 285:.\Generated_Source\PSoC5/PWM_Motor.c ****                                     PWM_Motor_CTRL_CMPMODE1_MASK;
 286:.\Generated_Source\PSoC5/PWM_Motor.c ****         uint8 comparemode2masked = (comparemode << PWM_Motor_CTRL_CMPMODE2_SHIFT) & 
 287:.\Generated_Source\PSoC5/PWM_Motor.c ****                                    PWM_Motor_CTRL_CMPMODE2_MASK;
 288:.\Generated_Source\PSoC5/PWM_Motor.c ****         /*Clear existing mode */
 289:.\Generated_Source\PSoC5/PWM_Motor.c ****         PWM_Motor_CONTROL &= ~(PWM_Motor_CTRL_CMPMODE1_MASK | PWM_Motor_CTRL_CMPMODE2_MASK); 
 290:.\Generated_Source\PSoC5/PWM_Motor.c ****         PWM_Motor_CONTROL |= (comparemode1masked | comparemode2masked);
 291:.\Generated_Source\PSoC5/PWM_Motor.c ****         
 292:.\Generated_Source\PSoC5/PWM_Motor.c ****     #else
 293:.\Generated_Source\PSoC5/PWM_Motor.c ****         uint8 temp = comparemode;
 294:.\Generated_Source\PSoC5/PWM_Motor.c ****     #endif /* (PWM_Motor_UsingFixedFunction) */
 295:.\Generated_Source\PSoC5/PWM_Motor.c **** }
 296:.\Generated_Source\PSoC5/PWM_Motor.c **** #endif /* PWM_Motor_CompareMode1SW */
 297:.\Generated_Source\PSoC5/PWM_Motor.c **** 
 298:.\Generated_Source\PSoC5/PWM_Motor.c **** #else /* UseOneCompareMode */
 299:.\Generated_Source\PSoC5/PWM_Motor.c **** 
 300:.\Generated_Source\PSoC5/PWM_Motor.c **** 
 301:.\Generated_Source\PSoC5/PWM_Motor.c **** #if (PWM_Motor_CompareMode1SW)
 302:.\Generated_Source\PSoC5/PWM_Motor.c **** 
 303:.\Generated_Source\PSoC5/PWM_Motor.c **** 
 304:.\Generated_Source\PSoC5/PWM_Motor.c **** /*******************************************************************************
 305:.\Generated_Source\PSoC5/PWM_Motor.c **** * Function Name: PWM_Motor_SetCompareMode1
 306:.\Generated_Source\PSoC5/PWM_Motor.c **** ********************************************************************************
 307:.\Generated_Source\PSoC5/PWM_Motor.c **** * 
 308:.\Generated_Source\PSoC5/PWM_Motor.c **** * Summary:
 309:.\Generated_Source\PSoC5/PWM_Motor.c **** *  This function writes the Compare Mode for the pwm or pwm1 output
 310:.\Generated_Source\PSoC5/PWM_Motor.c **** *
 311:.\Generated_Source\PSoC5/PWM_Motor.c **** * Parameters:  
 312:.\Generated_Source\PSoC5/PWM_Motor.c **** *  comparemode:  The new compare mode for the PWM output. Use the compare types
 313:.\Generated_Source\PSoC5/PWM_Motor.c **** *                defined in the H file as input arguments.
 314:.\Generated_Source\PSoC5/PWM_Motor.c **** *
 315:.\Generated_Source\PSoC5/PWM_Motor.c **** * Return: 
 316:.\Generated_Source\PSoC5/PWM_Motor.c **** *  void
ARM GAS  C:\Users\bccho\AppData\Local\Temp\ccAQrP7i.s 			page 11


 317:.\Generated_Source\PSoC5/PWM_Motor.c **** *
 318:.\Generated_Source\PSoC5/PWM_Motor.c **** *******************************************************************************/
 319:.\Generated_Source\PSoC5/PWM_Motor.c **** void PWM_Motor_SetCompareMode1(uint8 comparemode) 
 320:.\Generated_Source\PSoC5/PWM_Motor.c **** {
 321:.\Generated_Source\PSoC5/PWM_Motor.c ****     uint8 comparemodemasked = (comparemode << PWM_Motor_CTRL_CMPMODE1_SHIFT) & 
 322:.\Generated_Source\PSoC5/PWM_Motor.c ****                                PWM_Motor_CTRL_CMPMODE1_MASK;
 323:.\Generated_Source\PSoC5/PWM_Motor.c ****     #if(PWM_Motor_UsingFixedFunction)
 324:.\Generated_Source\PSoC5/PWM_Motor.c ****         #if(CY_PSOC5A)
 325:.\Generated_Source\PSoC5/PWM_Motor.c ****             PWM_Motor_CONTROL2 &= PWM_Motor_CTRL_CMPMODE1_MASK; /*Clear existing mode */
 326:.\Generated_Source\PSoC5/PWM_Motor.c ****             PWM_Motor_CONTROL2 |= comparemodemasked; 
 327:.\Generated_Source\PSoC5/PWM_Motor.c ****         #endif /* (CY_PSOC5A) */
 328:.\Generated_Source\PSoC5/PWM_Motor.c ****                 
 329:.\Generated_Source\PSoC5/PWM_Motor.c ****         #if(CY_PSOC3 || CY_PSOC5LP)
 330:.\Generated_Source\PSoC5/PWM_Motor.c ****             PWM_Motor_CONTROL3 &= PWM_Motor_CTRL_CMPMODE1_MASK; /*Clear existing mode */
 331:.\Generated_Source\PSoC5/PWM_Motor.c ****             PWM_Motor_CONTROL3 |= comparemodemasked; 
 332:.\Generated_Source\PSoC5/PWM_Motor.c ****         #endif /* (CY_PSOC3 || CY_PSOC5LP) */
 333:.\Generated_Source\PSoC5/PWM_Motor.c ****                 
 334:.\Generated_Source\PSoC5/PWM_Motor.c ****     #elif (PWM_Motor_UseControl)
 335:.\Generated_Source\PSoC5/PWM_Motor.c ****         PWM_Motor_CONTROL &= PWM_Motor_CTRL_CMPMODE1_MASK; /*Clear existing mode */
 336:.\Generated_Source\PSoC5/PWM_Motor.c ****         PWM_Motor_CONTROL |= comparemodemasked;
 337:.\Generated_Source\PSoC5/PWM_Motor.c ****     #endif    /* (PWM_Motor_UsingFixedFunction) */
 338:.\Generated_Source\PSoC5/PWM_Motor.c **** }
 339:.\Generated_Source\PSoC5/PWM_Motor.c **** #endif /* PWM_Motor_CompareMode1SW */
 340:.\Generated_Source\PSoC5/PWM_Motor.c **** 
 341:.\Generated_Source\PSoC5/PWM_Motor.c **** 
 342:.\Generated_Source\PSoC5/PWM_Motor.c **** #if (PWM_Motor_CompareMode2SW)
 343:.\Generated_Source\PSoC5/PWM_Motor.c **** 
 344:.\Generated_Source\PSoC5/PWM_Motor.c **** 
 345:.\Generated_Source\PSoC5/PWM_Motor.c **** /*******************************************************************************
 346:.\Generated_Source\PSoC5/PWM_Motor.c **** * Function Name: PWM_Motor_SetCompareMode2
 347:.\Generated_Source\PSoC5/PWM_Motor.c **** ********************************************************************************
 348:.\Generated_Source\PSoC5/PWM_Motor.c **** * 
 349:.\Generated_Source\PSoC5/PWM_Motor.c **** * Summary:
 350:.\Generated_Source\PSoC5/PWM_Motor.c **** *  This function writes the Compare Mode for the pwm or pwm2 output
 351:.\Generated_Source\PSoC5/PWM_Motor.c **** *
 352:.\Generated_Source\PSoC5/PWM_Motor.c **** * Parameters:  
 353:.\Generated_Source\PSoC5/PWM_Motor.c **** *  comparemode:  The new compare mode for the PWM output. Use the compare types
 354:.\Generated_Source\PSoC5/PWM_Motor.c **** *                defined in the H file as input arguments.
 355:.\Generated_Source\PSoC5/PWM_Motor.c **** *
 356:.\Generated_Source\PSoC5/PWM_Motor.c **** * Return: 
 357:.\Generated_Source\PSoC5/PWM_Motor.c **** *  void
 358:.\Generated_Source\PSoC5/PWM_Motor.c **** *
 359:.\Generated_Source\PSoC5/PWM_Motor.c **** *******************************************************************************/
 360:.\Generated_Source\PSoC5/PWM_Motor.c **** void PWM_Motor_SetCompareMode2(uint8 comparemode) 
 361:.\Generated_Source\PSoC5/PWM_Motor.c **** {
 362:.\Generated_Source\PSoC5/PWM_Motor.c ****     #if(PWM_Motor_UsingFixedFunction)
 363:.\Generated_Source\PSoC5/PWM_Motor.c ****         /* Do Nothing because there is no second Compare Mode Register in FF block */ 
 364:.\Generated_Source\PSoC5/PWM_Motor.c ****     #elif (PWM_Motor_UseControl)
 365:.\Generated_Source\PSoC5/PWM_Motor.c ****         uint8 comparemodemasked = (comparemode << PWM_Motor_CTRL_CMPMODE2_SHIFT) & 
 366:.\Generated_Source\PSoC5/PWM_Motor.c ****                                              PWM_Motor_CTRL_CMPMODE2_MASK;
 367:.\Generated_Source\PSoC5/PWM_Motor.c ****         PWM_Motor_CONTROL &= PWM_Motor_CTRL_CMPMODE2_MASK; /*Clear existing mode */
 368:.\Generated_Source\PSoC5/PWM_Motor.c ****         PWM_Motor_CONTROL |= comparemodemasked;
 369:.\Generated_Source\PSoC5/PWM_Motor.c ****     #endif /* (PWM_Motor_UsingFixedFunction) */
 370:.\Generated_Source\PSoC5/PWM_Motor.c **** }
 371:.\Generated_Source\PSoC5/PWM_Motor.c **** #endif /*PWM_Motor_CompareMode2SW */
 372:.\Generated_Source\PSoC5/PWM_Motor.c **** #endif /* UseOneCompareMode */
 373:.\Generated_Source\PSoC5/PWM_Motor.c **** 
ARM GAS  C:\Users\bccho\AppData\Local\Temp\ccAQrP7i.s 			page 12


 374:.\Generated_Source\PSoC5/PWM_Motor.c **** 
 375:.\Generated_Source\PSoC5/PWM_Motor.c **** #if (!PWM_Motor_UsingFixedFunction)
 376:.\Generated_Source\PSoC5/PWM_Motor.c **** 
 377:.\Generated_Source\PSoC5/PWM_Motor.c **** 
 378:.\Generated_Source\PSoC5/PWM_Motor.c **** /*******************************************************************************
 379:.\Generated_Source\PSoC5/PWM_Motor.c **** * Function Name: PWM_Motor_WriteCounter
 380:.\Generated_Source\PSoC5/PWM_Motor.c **** ********************************************************************************
 381:.\Generated_Source\PSoC5/PWM_Motor.c **** * 
 382:.\Generated_Source\PSoC5/PWM_Motor.c **** * Summary:
 383:.\Generated_Source\PSoC5/PWM_Motor.c **** *  This function is used to change the counter value.
 384:.\Generated_Source\PSoC5/PWM_Motor.c **** *
 385:.\Generated_Source\PSoC5/PWM_Motor.c **** * Parameters:  
 386:.\Generated_Source\PSoC5/PWM_Motor.c **** *  counter:  This value may be between 1 and (2^Resolution)-1.   
 387:.\Generated_Source\PSoC5/PWM_Motor.c **** *
 388:.\Generated_Source\PSoC5/PWM_Motor.c **** * Return: 
 389:.\Generated_Source\PSoC5/PWM_Motor.c **** *  void
 390:.\Generated_Source\PSoC5/PWM_Motor.c **** *
 391:.\Generated_Source\PSoC5/PWM_Motor.c **** *******************************************************************************/
 392:.\Generated_Source\PSoC5/PWM_Motor.c **** void PWM_Motor_WriteCounter(uint16 counter) \
 393:.\Generated_Source\PSoC5/PWM_Motor.c ****                                    
 394:.\Generated_Source\PSoC5/PWM_Motor.c **** {
 251              		.loc 1 394 0
 252              		.cfi_startproc
 253              		@ args = 0, pretend = 0, frame = 8
 254              		@ frame_needed = 1, uses_anonymous_args = 0
 255              		@ link register save eliminated.
 256 0000 80B4     		push	{r7}
 257              	.LCFI9:
 258              		.cfi_def_cfa_offset 4
 259 0002 83B0     		sub	sp, sp, #12
 260              	.LCFI10:
 261              		.cfi_def_cfa_offset 16
 262 0004 00AF     		add	r7, sp, #0
 263              		.cfi_offset 7, -4
 264              	.LCFI11:
 265              		.cfi_def_cfa_register 7
 266 0006 0346     		mov	r3, r0
 267 0008 FB80     		strh	r3, [r7, #6]	@ movhi
 395:.\Generated_Source\PSoC5/PWM_Motor.c ****     CY_SET_REG16(PWM_Motor_COUNTER_LSB_PTR, counter);
 268              		.loc 1 395 0
 269 000a 46F20443 		movw	r3, #:lower16:1073767428
 270 000e C4F20003 		movt	r3, #:upper16:1073767428
 271 0012 FA88     		ldrh	r2, [r7, #6]	@ movhi
 272 0014 1A80     		strh	r2, [r3, #0]	@ movhi
 396:.\Generated_Source\PSoC5/PWM_Motor.c **** }
 273              		.loc 1 396 0
 274 0016 07F10C07 		add	r7, r7, #12
 275 001a BD46     		mov	sp, r7
 276 001c 80BC     		pop	{r7}
 277 001e 7047     		bx	lr
 278              		.cfi_endproc
 279              	.LFE4:
 280              		.size	PWM_Motor_WriteCounter, .-PWM_Motor_WriteCounter
 281              		.section	.text.PWM_Motor_ReadCounter,"ax",%progbits
 282              		.align	2
 283              		.global	PWM_Motor_ReadCounter
 284              		.thumb
ARM GAS  C:\Users\bccho\AppData\Local\Temp\ccAQrP7i.s 			page 13


 285              		.thumb_func
 286              		.type	PWM_Motor_ReadCounter, %function
 287              	PWM_Motor_ReadCounter:
 288              	.LFB5:
 397:.\Generated_Source\PSoC5/PWM_Motor.c **** 
 398:.\Generated_Source\PSoC5/PWM_Motor.c **** /*******************************************************************************
 399:.\Generated_Source\PSoC5/PWM_Motor.c **** * Function Name: PWM_Motor_ReadCounter
 400:.\Generated_Source\PSoC5/PWM_Motor.c **** ********************************************************************************
 401:.\Generated_Source\PSoC5/PWM_Motor.c **** * 
 402:.\Generated_Source\PSoC5/PWM_Motor.c **** * Summary:
 403:.\Generated_Source\PSoC5/PWM_Motor.c **** *  This function returns the current value of the counter.  It doesn't matter
 404:.\Generated_Source\PSoC5/PWM_Motor.c **** *  if the counter is enabled or running.
 405:.\Generated_Source\PSoC5/PWM_Motor.c **** *
 406:.\Generated_Source\PSoC5/PWM_Motor.c **** * Parameters:  
 407:.\Generated_Source\PSoC5/PWM_Motor.c **** *  void  
 408:.\Generated_Source\PSoC5/PWM_Motor.c **** *
 409:.\Generated_Source\PSoC5/PWM_Motor.c **** * Return: 
 410:.\Generated_Source\PSoC5/PWM_Motor.c **** *  The current value of the counter.
 411:.\Generated_Source\PSoC5/PWM_Motor.c **** *
 412:.\Generated_Source\PSoC5/PWM_Motor.c **** *******************************************************************************/
 413:.\Generated_Source\PSoC5/PWM_Motor.c **** uint16 PWM_Motor_ReadCounter(void) 
 414:.\Generated_Source\PSoC5/PWM_Motor.c **** {
 289              		.loc 1 414 0
 290              		.cfi_startproc
 291              		@ args = 0, pretend = 0, frame = 0
 292              		@ frame_needed = 1, uses_anonymous_args = 0
 293              		@ link register save eliminated.
 294 0000 80B4     		push	{r7}
 295              	.LCFI12:
 296              		.cfi_def_cfa_offset 4
 297 0002 00AF     		add	r7, sp, #0
 298              		.cfi_offset 7, -4
 299              	.LCFI13:
 300              		.cfi_def_cfa_register 7
 415:.\Generated_Source\PSoC5/PWM_Motor.c ****     /* Force capture by reading Accumulator */
 416:.\Generated_Source\PSoC5/PWM_Motor.c ****     /* Must first do a software capture to be able to read the counter */
 417:.\Generated_Source\PSoC5/PWM_Motor.c ****     /* It is up to the user code to make sure there isn't already captured data in the FIFO */
 418:.\Generated_Source\PSoC5/PWM_Motor.c ****     CY_GET_REG8(PWM_Motor_COUNTERCAP_LSB_PTR);
 301              		.loc 1 418 0
 302 0004 46F21443 		movw	r3, #:lower16:1073767444
 303 0008 C4F20003 		movt	r3, #:upper16:1073767444
 304 000c 1B78     		ldrb	r3, [r3, #0]
 419:.\Generated_Source\PSoC5/PWM_Motor.c ****     
 420:.\Generated_Source\PSoC5/PWM_Motor.c ****     /* Read the data from the FIFO (or capture register for Fixed Function)*/
 421:.\Generated_Source\PSoC5/PWM_Motor.c ****     return (CY_GET_REG16(PWM_Motor_CAPTURE_LSB_PTR));
 305              		.loc 1 421 0
 306 000e 46F25443 		movw	r3, #:lower16:1073767508
 307 0012 C4F20003 		movt	r3, #:upper16:1073767508
 308 0016 1B88     		ldrh	r3, [r3, #0]	@ movhi
 309 0018 9BB2     		uxth	r3, r3
 422:.\Generated_Source\PSoC5/PWM_Motor.c **** }
 310              		.loc 1 422 0
 311 001a 1846     		mov	r0, r3
 312 001c BD46     		mov	sp, r7
 313 001e 80BC     		pop	{r7}
 314 0020 7047     		bx	lr
 315              		.cfi_endproc
ARM GAS  C:\Users\bccho\AppData\Local\Temp\ccAQrP7i.s 			page 14


 316              	.LFE5:
 317              		.size	PWM_Motor_ReadCounter, .-PWM_Motor_ReadCounter
 318 0022 00BF     		.section	.text.PWM_Motor_ClearFIFO,"ax",%progbits
 319              		.align	2
 320              		.global	PWM_Motor_ClearFIFO
 321              		.thumb
 322              		.thumb_func
 323              		.type	PWM_Motor_ClearFIFO, %function
 324              	PWM_Motor_ClearFIFO:
 325              	.LFB6:
 423:.\Generated_Source\PSoC5/PWM_Motor.c **** 
 424:.\Generated_Source\PSoC5/PWM_Motor.c **** 
 425:.\Generated_Source\PSoC5/PWM_Motor.c **** #if (PWM_Motor_UseStatus)
 426:.\Generated_Source\PSoC5/PWM_Motor.c **** 
 427:.\Generated_Source\PSoC5/PWM_Motor.c **** 
 428:.\Generated_Source\PSoC5/PWM_Motor.c **** /*******************************************************************************
 429:.\Generated_Source\PSoC5/PWM_Motor.c **** * Function Name: PWM_Motor_ClearFIFO
 430:.\Generated_Source\PSoC5/PWM_Motor.c **** ********************************************************************************
 431:.\Generated_Source\PSoC5/PWM_Motor.c **** * 
 432:.\Generated_Source\PSoC5/PWM_Motor.c **** * Summary:
 433:.\Generated_Source\PSoC5/PWM_Motor.c **** *  This function clears all capture data from the capture FIFO
 434:.\Generated_Source\PSoC5/PWM_Motor.c **** *
 435:.\Generated_Source\PSoC5/PWM_Motor.c **** * Parameters:  
 436:.\Generated_Source\PSoC5/PWM_Motor.c **** *  void
 437:.\Generated_Source\PSoC5/PWM_Motor.c **** *
 438:.\Generated_Source\PSoC5/PWM_Motor.c **** * Return: 
 439:.\Generated_Source\PSoC5/PWM_Motor.c **** *  void
 440:.\Generated_Source\PSoC5/PWM_Motor.c **** *
 441:.\Generated_Source\PSoC5/PWM_Motor.c **** *******************************************************************************/
 442:.\Generated_Source\PSoC5/PWM_Motor.c **** void PWM_Motor_ClearFIFO(void) 
 443:.\Generated_Source\PSoC5/PWM_Motor.c **** {
 326              		.loc 1 443 0
 327              		.cfi_startproc
 328              		@ args = 0, pretend = 0, frame = 0
 329              		@ frame_needed = 1, uses_anonymous_args = 0
 330              		@ link register save eliminated.
 331 0000 80B4     		push	{r7}
 332              	.LCFI14:
 333              		.cfi_def_cfa_offset 4
 334 0002 00AF     		add	r7, sp, #0
 335              		.cfi_offset 7, -4
 336              	.LCFI15:
 337              		.cfi_def_cfa_register 7
 444:.\Generated_Source\PSoC5/PWM_Motor.c ****     while(PWM_Motor_ReadStatusRegister() & PWM_Motor_STATUS_FIFONEMPTY)
 338              		.loc 1 444 0
 339 0004 04E0     		b	.L15
 340              	.L16:
 445:.\Generated_Source\PSoC5/PWM_Motor.c ****         PWM_Motor_ReadCapture();
 341              		.loc 1 445 0
 342 0006 46F25443 		movw	r3, #:lower16:1073767508
 343 000a C4F20003 		movt	r3, #:upper16:1073767508
 344 000e 1B88     		ldrh	r3, [r3, #0]	@ movhi
 345              	.L15:
 346              		.loc 1 444 0
 347 0010 46F26543 		movw	r3, #:lower16:1073767525
 348 0014 C4F20003 		movt	r3, #:upper16:1073767525
 349 0018 1B78     		ldrb	r3, [r3, #0]
ARM GAS  C:\Users\bccho\AppData\Local\Temp\ccAQrP7i.s 			page 15


 350 001a DBB2     		uxtb	r3, r3
 351 001c 03F01003 		and	r3, r3, #16
 352 0020 002B     		cmp	r3, #0
 353 0022 F0D1     		bne	.L16
 446:.\Generated_Source\PSoC5/PWM_Motor.c **** }
 354              		.loc 1 446 0
 355 0024 BD46     		mov	sp, r7
 356 0026 80BC     		pop	{r7}
 357 0028 7047     		bx	lr
 358              		.cfi_endproc
 359              	.LFE6:
 360              		.size	PWM_Motor_ClearFIFO, .-PWM_Motor_ClearFIFO
 361 002a 00BF     		.section	.text.PWM_Motor_WritePeriod,"ax",%progbits
 362              		.align	2
 363              		.global	PWM_Motor_WritePeriod
 364              		.thumb
 365              		.thumb_func
 366              		.type	PWM_Motor_WritePeriod, %function
 367              	PWM_Motor_WritePeriod:
 368              	.LFB7:
 447:.\Generated_Source\PSoC5/PWM_Motor.c **** #endif /* PWM_Motor_UseStatus */
 448:.\Generated_Source\PSoC5/PWM_Motor.c **** #endif /* !PWM_Motor_UsingFixedFunction */
 449:.\Generated_Source\PSoC5/PWM_Motor.c **** 
 450:.\Generated_Source\PSoC5/PWM_Motor.c **** 
 451:.\Generated_Source\PSoC5/PWM_Motor.c **** /*******************************************************************************
 452:.\Generated_Source\PSoC5/PWM_Motor.c **** * Function Name: PWM_Motor_WritePeriod
 453:.\Generated_Source\PSoC5/PWM_Motor.c **** ********************************************************************************
 454:.\Generated_Source\PSoC5/PWM_Motor.c **** * 
 455:.\Generated_Source\PSoC5/PWM_Motor.c **** * Summary:
 456:.\Generated_Source\PSoC5/PWM_Motor.c **** *  This function is used to change the period of the counter.  The new period 
 457:.\Generated_Source\PSoC5/PWM_Motor.c **** *  will be loaded the next time terminal count is detected.
 458:.\Generated_Source\PSoC5/PWM_Motor.c **** *
 459:.\Generated_Source\PSoC5/PWM_Motor.c **** * Parameters:  
 460:.\Generated_Source\PSoC5/PWM_Motor.c **** *  period:  Period value. May be between 1 and (2^Resolution)-1.  A value of 0 
 461:.\Generated_Source\PSoC5/PWM_Motor.c **** *           will result in the counter remaining at zero.
 462:.\Generated_Source\PSoC5/PWM_Motor.c **** *
 463:.\Generated_Source\PSoC5/PWM_Motor.c **** * Return: 
 464:.\Generated_Source\PSoC5/PWM_Motor.c **** *  void
 465:.\Generated_Source\PSoC5/PWM_Motor.c **** *
 466:.\Generated_Source\PSoC5/PWM_Motor.c **** *******************************************************************************/
 467:.\Generated_Source\PSoC5/PWM_Motor.c **** void PWM_Motor_WritePeriod(uint16 period) 
 468:.\Generated_Source\PSoC5/PWM_Motor.c **** {
 369              		.loc 1 468 0
 370              		.cfi_startproc
 371              		@ args = 0, pretend = 0, frame = 8
 372              		@ frame_needed = 1, uses_anonymous_args = 0
 373              		@ link register save eliminated.
 374 0000 80B4     		push	{r7}
 375              	.LCFI16:
 376              		.cfi_def_cfa_offset 4
 377 0002 83B0     		sub	sp, sp, #12
 378              	.LCFI17:
 379              		.cfi_def_cfa_offset 16
 380 0004 00AF     		add	r7, sp, #0
 381              		.cfi_offset 7, -4
 382              	.LCFI18:
 383              		.cfi_def_cfa_register 7
ARM GAS  C:\Users\bccho\AppData\Local\Temp\ccAQrP7i.s 			page 16


 384 0006 0346     		mov	r3, r0
 385 0008 FB80     		strh	r3, [r7, #6]	@ movhi
 469:.\Generated_Source\PSoC5/PWM_Motor.c ****     #if(PWM_Motor_UsingFixedFunction)
 470:.\Generated_Source\PSoC5/PWM_Motor.c ****         CY_SET_REG16(PWM_Motor_PERIOD_LSB_PTR, (uint16)period);
 471:.\Generated_Source\PSoC5/PWM_Motor.c ****     #else
 472:.\Generated_Source\PSoC5/PWM_Motor.c ****         CY_SET_REG16(PWM_Motor_PERIOD_LSB_PTR, period);
 386              		.loc 1 472 0
 387 000a 46F24443 		movw	r3, #:lower16:1073767492
 388 000e C4F20003 		movt	r3, #:upper16:1073767492
 389 0012 FA88     		ldrh	r2, [r7, #6]	@ movhi
 390 0014 1A80     		strh	r2, [r3, #0]	@ movhi
 473:.\Generated_Source\PSoC5/PWM_Motor.c ****     #endif /* (PWM_Motor_UsingFixedFunction) */
 474:.\Generated_Source\PSoC5/PWM_Motor.c **** }
 391              		.loc 1 474 0
 392 0016 07F10C07 		add	r7, r7, #12
 393 001a BD46     		mov	sp, r7
 394 001c 80BC     		pop	{r7}
 395 001e 7047     		bx	lr
 396              		.cfi_endproc
 397              	.LFE7:
 398              		.size	PWM_Motor_WritePeriod, .-PWM_Motor_WritePeriod
 399              		.section	.text.PWM_Motor_WriteCompare,"ax",%progbits
 400              		.align	2
 401              		.global	PWM_Motor_WriteCompare
 402              		.thumb
 403              		.thumb_func
 404              		.type	PWM_Motor_WriteCompare, %function
 405              	PWM_Motor_WriteCompare:
 406              	.LFB8:
 475:.\Generated_Source\PSoC5/PWM_Motor.c **** 
 476:.\Generated_Source\PSoC5/PWM_Motor.c **** 
 477:.\Generated_Source\PSoC5/PWM_Motor.c **** #if (PWM_Motor_UseOneCompareMode)
 478:.\Generated_Source\PSoC5/PWM_Motor.c **** 
 479:.\Generated_Source\PSoC5/PWM_Motor.c **** 
 480:.\Generated_Source\PSoC5/PWM_Motor.c **** /*******************************************************************************
 481:.\Generated_Source\PSoC5/PWM_Motor.c **** * Function Name: PWM_Motor_WriteCompare
 482:.\Generated_Source\PSoC5/PWM_Motor.c **** ********************************************************************************
 483:.\Generated_Source\PSoC5/PWM_Motor.c **** * 
 484:.\Generated_Source\PSoC5/PWM_Motor.c **** * Summary:
 485:.\Generated_Source\PSoC5/PWM_Motor.c **** *  This funtion is used to change the compare1 value when the PWM is in Dither
 486:.\Generated_Source\PSoC5/PWM_Motor.c **** *  mode. The compare output will reflect the new value on the next UDB clock. 
 487:.\Generated_Source\PSoC5/PWM_Motor.c **** *  The compare output will be driven high when the present counter value is 
 488:.\Generated_Source\PSoC5/PWM_Motor.c **** *  compared to the compare value based on the compare mode defined in 
 489:.\Generated_Source\PSoC5/PWM_Motor.c **** *  Dither Mode.
 490:.\Generated_Source\PSoC5/PWM_Motor.c **** *
 491:.\Generated_Source\PSoC5/PWM_Motor.c **** * Parameters:  
 492:.\Generated_Source\PSoC5/PWM_Motor.c **** *  compare:  New compare value.  
 493:.\Generated_Source\PSoC5/PWM_Motor.c **** *
 494:.\Generated_Source\PSoC5/PWM_Motor.c **** * Return: 
 495:.\Generated_Source\PSoC5/PWM_Motor.c **** *  void
 496:.\Generated_Source\PSoC5/PWM_Motor.c **** *
 497:.\Generated_Source\PSoC5/PWM_Motor.c **** * Side Effects:
 498:.\Generated_Source\PSoC5/PWM_Motor.c **** *  This function is only available if the PWM mode parameter is set to
 499:.\Generated_Source\PSoC5/PWM_Motor.c **** *  Dither Mode, Center Aligned Mode or One Output Mode
 500:.\Generated_Source\PSoC5/PWM_Motor.c **** *
 501:.\Generated_Source\PSoC5/PWM_Motor.c **** *******************************************************************************/
 502:.\Generated_Source\PSoC5/PWM_Motor.c **** void PWM_Motor_WriteCompare(uint16 compare) \
ARM GAS  C:\Users\bccho\AppData\Local\Temp\ccAQrP7i.s 			page 17


 503:.\Generated_Source\PSoC5/PWM_Motor.c ****                                    
 504:.\Generated_Source\PSoC5/PWM_Motor.c **** {
 407              		.loc 1 504 0
 408              		.cfi_startproc
 409              		@ args = 0, pretend = 0, frame = 8
 410              		@ frame_needed = 1, uses_anonymous_args = 0
 411              		@ link register save eliminated.
 412 0000 80B4     		push	{r7}
 413              	.LCFI19:
 414              		.cfi_def_cfa_offset 4
 415 0002 83B0     		sub	sp, sp, #12
 416              	.LCFI20:
 417              		.cfi_def_cfa_offset 16
 418 0004 00AF     		add	r7, sp, #0
 419              		.cfi_offset 7, -4
 420              	.LCFI21:
 421              		.cfi_def_cfa_register 7
 422 0006 0346     		mov	r3, r0
 423 0008 FB80     		strh	r3, [r7, #6]	@ movhi
 505:.\Generated_Source\PSoC5/PWM_Motor.c ****    CY_SET_REG16(PWM_Motor_COMPARE1_LSB_PTR, compare);
 424              		.loc 1 505 0
 425 000a 46F22443 		movw	r3, #:lower16:1073767460
 426 000e C4F20003 		movt	r3, #:upper16:1073767460
 427 0012 FA88     		ldrh	r2, [r7, #6]	@ movhi
 428 0014 1A80     		strh	r2, [r3, #0]	@ movhi
 506:.\Generated_Source\PSoC5/PWM_Motor.c ****    #if (PWM_Motor_PWMMode == PWM_Motor__B_PWM__DITHER)
 507:.\Generated_Source\PSoC5/PWM_Motor.c ****         CY_SET_REG16(PWM_Motor_COMPARE2_LSB_PTR, compare+1);
 508:.\Generated_Source\PSoC5/PWM_Motor.c ****    #endif /* (PWM_Motor_PWMMode == PWM_Motor__B_PWM__DITHER) */
 509:.\Generated_Source\PSoC5/PWM_Motor.c **** }
 429              		.loc 1 509 0
 430 0016 07F10C07 		add	r7, r7, #12
 431 001a BD46     		mov	sp, r7
 432 001c 80BC     		pop	{r7}
 433 001e 7047     		bx	lr
 434              		.cfi_endproc
 435              	.LFE8:
 436              		.size	PWM_Motor_WriteCompare, .-PWM_Motor_WriteCompare
 437              		.text
 438              	.Letext0:
 439              		.section	.debug_loc,"",%progbits
 440              	.Ldebug_loc0:
 441              	.LLST0:
 442 0000 00000000 		.4byte	.LFB0
 443 0004 02000000 		.4byte	.LCFI0
 444 0008 0100     		.2byte	0x1
 445 000a 5D       		.byte	0x5d
 446 000b 02000000 		.4byte	.LCFI0
 447 000f 04000000 		.4byte	.LCFI1
 448 0013 0200     		.2byte	0x2
 449 0015 7D       		.byte	0x7d
 450 0016 08       		.sleb128 8
 451 0017 04000000 		.4byte	.LCFI1
 452 001b 2A000000 		.4byte	.LFE0
 453 001f 0200     		.2byte	0x2
 454 0021 77       		.byte	0x77
 455 0022 08       		.sleb128 8
 456 0023 00000000 		.4byte	0x0
ARM GAS  C:\Users\bccho\AppData\Local\Temp\ccAQrP7i.s 			page 18


 457 0027 00000000 		.4byte	0x0
 458              	.LLST1:
 459 002b 00000000 		.4byte	.LFB1
 460 002f 02000000 		.4byte	.LCFI2
 461 0033 0100     		.2byte	0x1
 462 0035 5D       		.byte	0x5d
 463 0036 02000000 		.4byte	.LCFI2
 464 003a 04000000 		.4byte	.LCFI3
 465 003e 0200     		.2byte	0x2
 466 0040 7D       		.byte	0x7d
 467 0041 08       		.sleb128 8
 468 0042 04000000 		.4byte	.LCFI3
 469 0046 06000000 		.4byte	.LCFI4
 470 004a 0200     		.2byte	0x2
 471 004c 7D       		.byte	0x7d
 472 004d 10       		.sleb128 16
 473 004e 06000000 		.4byte	.LCFI4
 474 0052 C0000000 		.4byte	.LFE1
 475 0056 0200     		.2byte	0x2
 476 0058 77       		.byte	0x77
 477 0059 10       		.sleb128 16
 478 005a 00000000 		.4byte	0x0
 479 005e 00000000 		.4byte	0x0
 480              	.LLST2:
 481 0062 00000000 		.4byte	.LFB2
 482 0066 02000000 		.4byte	.LCFI5
 483 006a 0100     		.2byte	0x1
 484 006c 5D       		.byte	0x5d
 485 006d 02000000 		.4byte	.LCFI5
 486 0071 04000000 		.4byte	.LCFI6
 487 0075 0200     		.2byte	0x2
 488 0077 7D       		.byte	0x7d
 489 0078 04       		.sleb128 4
 490 0079 04000000 		.4byte	.LCFI6
 491 007d 2A000000 		.4byte	.LFE2
 492 0081 0200     		.2byte	0x2
 493 0083 77       		.byte	0x77
 494 0084 04       		.sleb128 4
 495 0085 00000000 		.4byte	0x0
 496 0089 00000000 		.4byte	0x0
 497              	.LLST3:
 498 008d 00000000 		.4byte	.LFB3
 499 0091 02000000 		.4byte	.LCFI7
 500 0095 0100     		.2byte	0x1
 501 0097 5D       		.byte	0x5d
 502 0098 02000000 		.4byte	.LCFI7
 503 009c 04000000 		.4byte	.LCFI8
 504 00a0 0200     		.2byte	0x2
 505 00a2 7D       		.byte	0x7d
 506 00a3 04       		.sleb128 4
 507 00a4 04000000 		.4byte	.LCFI8
 508 00a8 24000000 		.4byte	.LFE3
 509 00ac 0200     		.2byte	0x2
 510 00ae 77       		.byte	0x77
 511 00af 04       		.sleb128 4
 512 00b0 00000000 		.4byte	0x0
 513 00b4 00000000 		.4byte	0x0
ARM GAS  C:\Users\bccho\AppData\Local\Temp\ccAQrP7i.s 			page 19


 514              	.LLST4:
 515 00b8 00000000 		.4byte	.LFB4
 516 00bc 02000000 		.4byte	.LCFI9
 517 00c0 0100     		.2byte	0x1
 518 00c2 5D       		.byte	0x5d
 519 00c3 02000000 		.4byte	.LCFI9
 520 00c7 04000000 		.4byte	.LCFI10
 521 00cb 0200     		.2byte	0x2
 522 00cd 7D       		.byte	0x7d
 523 00ce 04       		.sleb128 4
 524 00cf 04000000 		.4byte	.LCFI10
 525 00d3 06000000 		.4byte	.LCFI11
 526 00d7 0200     		.2byte	0x2
 527 00d9 7D       		.byte	0x7d
 528 00da 10       		.sleb128 16
 529 00db 06000000 		.4byte	.LCFI11
 530 00df 20000000 		.4byte	.LFE4
 531 00e3 0200     		.2byte	0x2
 532 00e5 77       		.byte	0x77
 533 00e6 10       		.sleb128 16
 534 00e7 00000000 		.4byte	0x0
 535 00eb 00000000 		.4byte	0x0
 536              	.LLST5:
 537 00ef 00000000 		.4byte	.LFB5
 538 00f3 02000000 		.4byte	.LCFI12
 539 00f7 0100     		.2byte	0x1
 540 00f9 5D       		.byte	0x5d
 541 00fa 02000000 		.4byte	.LCFI12
 542 00fe 04000000 		.4byte	.LCFI13
 543 0102 0200     		.2byte	0x2
 544 0104 7D       		.byte	0x7d
 545 0105 04       		.sleb128 4
 546 0106 04000000 		.4byte	.LCFI13
 547 010a 22000000 		.4byte	.LFE5
 548 010e 0200     		.2byte	0x2
 549 0110 77       		.byte	0x77
 550 0111 04       		.sleb128 4
 551 0112 00000000 		.4byte	0x0
 552 0116 00000000 		.4byte	0x0
 553              	.LLST6:
 554 011a 00000000 		.4byte	.LFB6
 555 011e 02000000 		.4byte	.LCFI14
 556 0122 0100     		.2byte	0x1
 557 0124 5D       		.byte	0x5d
 558 0125 02000000 		.4byte	.LCFI14
 559 0129 04000000 		.4byte	.LCFI15
 560 012d 0200     		.2byte	0x2
 561 012f 7D       		.byte	0x7d
 562 0130 04       		.sleb128 4
 563 0131 04000000 		.4byte	.LCFI15
 564 0135 2A000000 		.4byte	.LFE6
 565 0139 0200     		.2byte	0x2
 566 013b 77       		.byte	0x77
 567 013c 04       		.sleb128 4
 568 013d 00000000 		.4byte	0x0
 569 0141 00000000 		.4byte	0x0
 570              	.LLST7:
ARM GAS  C:\Users\bccho\AppData\Local\Temp\ccAQrP7i.s 			page 20


 571 0145 00000000 		.4byte	.LFB7
 572 0149 02000000 		.4byte	.LCFI16
 573 014d 0100     		.2byte	0x1
 574 014f 5D       		.byte	0x5d
 575 0150 02000000 		.4byte	.LCFI16
 576 0154 04000000 		.4byte	.LCFI17
 577 0158 0200     		.2byte	0x2
 578 015a 7D       		.byte	0x7d
 579 015b 04       		.sleb128 4
 580 015c 04000000 		.4byte	.LCFI17
 581 0160 06000000 		.4byte	.LCFI18
 582 0164 0200     		.2byte	0x2
 583 0166 7D       		.byte	0x7d
 584 0167 10       		.sleb128 16
 585 0168 06000000 		.4byte	.LCFI18
 586 016c 20000000 		.4byte	.LFE7
 587 0170 0200     		.2byte	0x2
 588 0172 77       		.byte	0x77
 589 0173 10       		.sleb128 16
 590 0174 00000000 		.4byte	0x0
 591 0178 00000000 		.4byte	0x0
 592              	.LLST8:
 593 017c 00000000 		.4byte	.LFB8
 594 0180 02000000 		.4byte	.LCFI19
 595 0184 0100     		.2byte	0x1
 596 0186 5D       		.byte	0x5d
 597 0187 02000000 		.4byte	.LCFI19
 598 018b 04000000 		.4byte	.LCFI20
 599 018f 0200     		.2byte	0x2
 600 0191 7D       		.byte	0x7d
 601 0192 04       		.sleb128 4
 602 0193 04000000 		.4byte	.LCFI20
 603 0197 06000000 		.4byte	.LCFI21
 604 019b 0200     		.2byte	0x2
 605 019d 7D       		.byte	0x7d
 606 019e 10       		.sleb128 16
 607 019f 06000000 		.4byte	.LCFI21
 608 01a3 20000000 		.4byte	.LFE8
 609 01a7 0200     		.2byte	0x2
 610 01a9 77       		.byte	0x77
 611 01aa 10       		.sleb128 16
 612 01ab 00000000 		.4byte	0x0
 613 01af 00000000 		.4byte	0x0
 614              		.file 2 ".\\Generated_Source\\PSoC5\\/cytypes.h"
 615              		.section	.debug_info
 616 0000 C1010000 		.4byte	0x1c1
 617 0004 0200     		.2byte	0x2
 618 0006 00000000 		.4byte	.Ldebug_abbrev0
 619 000a 04       		.byte	0x4
 620 000b 01       		.uleb128 0x1
 621 000c 9C010000 		.4byte	.LASF25
 622 0010 01       		.byte	0x1
 623 0011 36010000 		.4byte	.LASF26
 624 0015 9F000000 		.4byte	.LASF27
 625 0019 00000000 		.4byte	0x0
 626 001d 00000000 		.4byte	0x0
 627 0021 00000000 		.4byte	.Ldebug_ranges0+0x0
ARM GAS  C:\Users\bccho\AppData\Local\Temp\ccAQrP7i.s 			page 21


 628 0025 00000000 		.4byte	.Ldebug_line0
 629 0029 02       		.uleb128 0x2
 630 002a 01       		.byte	0x1
 631 002b 06       		.byte	0x6
 632 002c ED010000 		.4byte	.LASF0
 633 0030 02       		.uleb128 0x2
 634 0031 01       		.byte	0x1
 635 0032 08       		.byte	0x8
 636 0033 79000000 		.4byte	.LASF1
 637 0037 02       		.uleb128 0x2
 638 0038 02       		.byte	0x2
 639 0039 05       		.byte	0x5
 640 003a DA010000 		.4byte	.LASF2
 641 003e 02       		.uleb128 0x2
 642 003f 02       		.byte	0x2
 643 0040 07       		.byte	0x7
 644 0041 2B000000 		.4byte	.LASF3
 645 0045 02       		.uleb128 0x2
 646 0046 04       		.byte	0x4
 647 0047 05       		.byte	0x5
 648 0048 E4010000 		.4byte	.LASF4
 649 004c 02       		.uleb128 0x2
 650 004d 04       		.byte	0x4
 651 004e 07       		.byte	0x7
 652 004f 87000000 		.4byte	.LASF5
 653 0053 02       		.uleb128 0x2
 654 0054 08       		.byte	0x8
 655 0055 05       		.byte	0x5
 656 0056 00000000 		.4byte	.LASF6
 657 005a 02       		.uleb128 0x2
 658 005b 08       		.byte	0x8
 659 005c 07       		.byte	0x7
 660 005d 80010000 		.4byte	.LASF7
 661 0061 03       		.uleb128 0x3
 662 0062 04       		.byte	0x4
 663 0063 05       		.byte	0x5
 664 0064 696E7400 		.ascii	"int\000"
 665 0068 02       		.uleb128 0x2
 666 0069 04       		.byte	0x4
 667 006a 07       		.byte	0x7
 668 006b 73010000 		.4byte	.LASF8
 669 006f 02       		.uleb128 0x2
 670 0070 01       		.byte	0x1
 671 0071 08       		.byte	0x8
 672 0072 A8010000 		.4byte	.LASF9
 673 0076 04       		.uleb128 0x4
 674 0077 99000000 		.4byte	.LASF10
 675 007b 02       		.byte	0x2
 676 007c 60       		.byte	0x60
 677 007d 30000000 		.4byte	0x30
 678 0081 04       		.uleb128 0x4
 679 0082 5B010000 		.4byte	.LASF11
 680 0086 02       		.byte	0x2
 681 0087 61       		.byte	0x61
 682 0088 3E000000 		.4byte	0x3e
 683 008c 05       		.uleb128 0x5
 684 008d 04       		.byte	0x4
ARM GAS  C:\Users\bccho\AppData\Local\Temp\ccAQrP7i.s 			page 22


 685 008e 07       		.byte	0x7
 686 008f 06       		.uleb128 0x6
 687 0090 01       		.byte	0x1
 688 0091 3E000000 		.4byte	.LASF14
 689 0095 01       		.byte	0x1
 690 0096 32       		.byte	0x32
 691 0097 01       		.byte	0x1
 692 0098 00000000 		.4byte	.LFB0
 693 009c 2A000000 		.4byte	.LFE0
 694 00a0 00000000 		.4byte	.LLST0
 695 00a4 07       		.uleb128 0x7
 696 00a5 01       		.byte	0x1
 697 00a6 01020000 		.4byte	.LASF17
 698 00aa 01       		.byte	0x1
 699 00ab 4F       		.byte	0x4f
 700 00ac 01       		.byte	0x1
 701 00ad 00000000 		.4byte	.LFB1
 702 00b1 C0000000 		.4byte	.LFE1
 703 00b5 2B000000 		.4byte	.LLST1
 704 00b9 DA000000 		.4byte	0xda
 705 00bd 08       		.uleb128 0x8
 706 00be 97010000 		.4byte	.LASF12
 707 00c2 01       		.byte	0x1
 708 00c3 52       		.byte	0x52
 709 00c4 76000000 		.4byte	0x76
 710 00c8 02       		.byte	0x2
 711 00c9 91       		.byte	0x91
 712 00ca 76       		.sleb128 -10
 713 00cb 08       		.uleb128 0x8
 714 00cc 1D010000 		.4byte	.LASF13
 715 00d0 01       		.byte	0x1
 716 00d1 58       		.byte	0x58
 717 00d2 76000000 		.4byte	0x76
 718 00d6 02       		.byte	0x2
 719 00d7 91       		.byte	0x91
 720 00d8 77       		.sleb128 -9
 721 00d9 00       		.byte	0x0
 722 00da 06       		.uleb128 0x6
 723 00db 01       		.byte	0x1
 724 00dc 62010000 		.4byte	.LASF15
 725 00e0 01       		.byte	0x1
 726 00e1 C8       		.byte	0xc8
 727 00e2 01       		.byte	0x1
 728 00e3 00000000 		.4byte	.LFB2
 729 00e7 2A000000 		.4byte	.LFE2
 730 00eb 62000000 		.4byte	.LLST2
 731 00ef 06       		.uleb128 0x6
 732 00f0 01       		.byte	0x1
 733 00f1 6A000000 		.4byte	.LASF16
 734 00f5 01       		.byte	0x1
 735 00f6 EA       		.byte	0xea
 736 00f7 01       		.byte	0x1
 737 00f8 00000000 		.4byte	.LFB3
 738 00fc 24000000 		.4byte	.LFE3
 739 0100 8D000000 		.4byte	.LLST3
 740 0104 09       		.uleb128 0x9
 741 0105 01       		.byte	0x1
ARM GAS  C:\Users\bccho\AppData\Local\Temp\ccAQrP7i.s 			page 23


 742 0106 AD010000 		.4byte	.LASF18
 743 010a 01       		.byte	0x1
 744 010b 8801     		.2byte	0x188
 745 010d 01       		.byte	0x1
 746 010e 00000000 		.4byte	.LFB4
 747 0112 20000000 		.4byte	.LFE4
 748 0116 B8000000 		.4byte	.LLST4
 749 011a 2E010000 		.4byte	0x12e
 750 011e 0A       		.uleb128 0xa
 751 011f 62000000 		.4byte	.LASF21
 752 0123 01       		.byte	0x1
 753 0124 8801     		.2byte	0x188
 754 0126 81000000 		.4byte	0x81
 755 012a 02       		.byte	0x2
 756 012b 91       		.byte	0x91
 757 012c 76       		.sleb128 -10
 758 012d 00       		.byte	0x0
 759 012e 0B       		.uleb128 0xb
 760 012f 01       		.byte	0x1
 761 0130 0E000000 		.4byte	.LASF28
 762 0134 01       		.byte	0x1
 763 0135 9D01     		.2byte	0x19d
 764 0137 01       		.byte	0x1
 765 0138 81000000 		.4byte	0x81
 766 013c 00000000 		.4byte	.LFB5
 767 0140 22000000 		.4byte	.LFE5
 768 0144 EF000000 		.4byte	.LLST5
 769 0148 0C       		.uleb128 0xc
 770 0149 01       		.byte	0x1
 771 014a 4E000000 		.4byte	.LASF19
 772 014e 01       		.byte	0x1
 773 014f BA01     		.2byte	0x1ba
 774 0151 01       		.byte	0x1
 775 0152 00000000 		.4byte	.LFB6
 776 0156 2A000000 		.4byte	.LFE6
 777 015a 1A010000 		.4byte	.LLST6
 778 015e 09       		.uleb128 0x9
 779 015f 01       		.byte	0x1
 780 0160 C4010000 		.4byte	.LASF20
 781 0164 01       		.byte	0x1
 782 0165 D301     		.2byte	0x1d3
 783 0167 01       		.byte	0x1
 784 0168 00000000 		.4byte	.LFB7
 785 016c 20000000 		.4byte	.LFE7
 786 0170 45010000 		.4byte	.LLST7
 787 0174 88010000 		.4byte	0x188
 788 0178 0A       		.uleb128 0xa
 789 0179 24000000 		.4byte	.LASF22
 790 017d 01       		.byte	0x1
 791 017e D301     		.2byte	0x1d3
 792 0180 81000000 		.4byte	0x81
 793 0184 02       		.byte	0x2
 794 0185 91       		.byte	0x91
 795 0186 76       		.sleb128 -10
 796 0187 00       		.byte	0x0
 797 0188 09       		.uleb128 0x9
 798 0189 01       		.byte	0x1
ARM GAS  C:\Users\bccho\AppData\Local\Temp\ccAQrP7i.s 			page 24


 799 018a F4000000 		.4byte	.LASF23
 800 018e 01       		.byte	0x1
 801 018f F601     		.2byte	0x1f6
 802 0191 01       		.byte	0x1
 803 0192 00000000 		.4byte	.LFB8
 804 0196 20000000 		.4byte	.LFE8
 805 019a 7C010000 		.4byte	.LLST8
 806 019e B2010000 		.4byte	0x1b2
 807 01a2 0A       		.uleb128 0xa
 808 01a3 F9010000 		.4byte	.LASF24
 809 01a7 01       		.byte	0x1
 810 01a8 F601     		.2byte	0x1f6
 811 01aa 81000000 		.4byte	0x81
 812 01ae 02       		.byte	0x2
 813 01af 91       		.byte	0x91
 814 01b0 76       		.sleb128 -10
 815 01b1 00       		.byte	0x0
 816 01b2 0D       		.uleb128 0xd
 817 01b3 0B010000 		.4byte	.LASF29
 818 01b7 01       		.byte	0x1
 819 01b8 1B       		.byte	0x1b
 820 01b9 76000000 		.4byte	0x76
 821 01bd 01       		.byte	0x1
 822 01be 05       		.byte	0x5
 823 01bf 03       		.byte	0x3
 824 01c0 00000000 		.4byte	PWM_Motor_initVar
 825 01c4 00       		.byte	0x0
 826              		.section	.debug_abbrev
 827 0000 01       		.uleb128 0x1
 828 0001 11       		.uleb128 0x11
 829 0002 01       		.byte	0x1
 830 0003 25       		.uleb128 0x25
 831 0004 0E       		.uleb128 0xe
 832 0005 13       		.uleb128 0x13
 833 0006 0B       		.uleb128 0xb
 834 0007 03       		.uleb128 0x3
 835 0008 0E       		.uleb128 0xe
 836 0009 1B       		.uleb128 0x1b
 837 000a 0E       		.uleb128 0xe
 838 000b 11       		.uleb128 0x11
 839 000c 01       		.uleb128 0x1
 840 000d 52       		.uleb128 0x52
 841 000e 01       		.uleb128 0x1
 842 000f 55       		.uleb128 0x55
 843 0010 06       		.uleb128 0x6
 844 0011 10       		.uleb128 0x10
 845 0012 06       		.uleb128 0x6
 846 0013 00       		.byte	0x0
 847 0014 00       		.byte	0x0
 848 0015 02       		.uleb128 0x2
 849 0016 24       		.uleb128 0x24
 850 0017 00       		.byte	0x0
 851 0018 0B       		.uleb128 0xb
 852 0019 0B       		.uleb128 0xb
 853 001a 3E       		.uleb128 0x3e
 854 001b 0B       		.uleb128 0xb
 855 001c 03       		.uleb128 0x3
ARM GAS  C:\Users\bccho\AppData\Local\Temp\ccAQrP7i.s 			page 25


 856 001d 0E       		.uleb128 0xe
 857 001e 00       		.byte	0x0
 858 001f 00       		.byte	0x0
 859 0020 03       		.uleb128 0x3
 860 0021 24       		.uleb128 0x24
 861 0022 00       		.byte	0x0
 862 0023 0B       		.uleb128 0xb
 863 0024 0B       		.uleb128 0xb
 864 0025 3E       		.uleb128 0x3e
 865 0026 0B       		.uleb128 0xb
 866 0027 03       		.uleb128 0x3
 867 0028 08       		.uleb128 0x8
 868 0029 00       		.byte	0x0
 869 002a 00       		.byte	0x0
 870 002b 04       		.uleb128 0x4
 871 002c 16       		.uleb128 0x16
 872 002d 00       		.byte	0x0
 873 002e 03       		.uleb128 0x3
 874 002f 0E       		.uleb128 0xe
 875 0030 3A       		.uleb128 0x3a
 876 0031 0B       		.uleb128 0xb
 877 0032 3B       		.uleb128 0x3b
 878 0033 0B       		.uleb128 0xb
 879 0034 49       		.uleb128 0x49
 880 0035 13       		.uleb128 0x13
 881 0036 00       		.byte	0x0
 882 0037 00       		.byte	0x0
 883 0038 05       		.uleb128 0x5
 884 0039 24       		.uleb128 0x24
 885 003a 00       		.byte	0x0
 886 003b 0B       		.uleb128 0xb
 887 003c 0B       		.uleb128 0xb
 888 003d 3E       		.uleb128 0x3e
 889 003e 0B       		.uleb128 0xb
 890 003f 00       		.byte	0x0
 891 0040 00       		.byte	0x0
 892 0041 06       		.uleb128 0x6
 893 0042 2E       		.uleb128 0x2e
 894 0043 00       		.byte	0x0
 895 0044 3F       		.uleb128 0x3f
 896 0045 0C       		.uleb128 0xc
 897 0046 03       		.uleb128 0x3
 898 0047 0E       		.uleb128 0xe
 899 0048 3A       		.uleb128 0x3a
 900 0049 0B       		.uleb128 0xb
 901 004a 3B       		.uleb128 0x3b
 902 004b 0B       		.uleb128 0xb
 903 004c 27       		.uleb128 0x27
 904 004d 0C       		.uleb128 0xc
 905 004e 11       		.uleb128 0x11
 906 004f 01       		.uleb128 0x1
 907 0050 12       		.uleb128 0x12
 908 0051 01       		.uleb128 0x1
 909 0052 40       		.uleb128 0x40
 910 0053 06       		.uleb128 0x6
 911 0054 00       		.byte	0x0
 912 0055 00       		.byte	0x0
ARM GAS  C:\Users\bccho\AppData\Local\Temp\ccAQrP7i.s 			page 26


 913 0056 07       		.uleb128 0x7
 914 0057 2E       		.uleb128 0x2e
 915 0058 01       		.byte	0x1
 916 0059 3F       		.uleb128 0x3f
 917 005a 0C       		.uleb128 0xc
 918 005b 03       		.uleb128 0x3
 919 005c 0E       		.uleb128 0xe
 920 005d 3A       		.uleb128 0x3a
 921 005e 0B       		.uleb128 0xb
 922 005f 3B       		.uleb128 0x3b
 923 0060 0B       		.uleb128 0xb
 924 0061 27       		.uleb128 0x27
 925 0062 0C       		.uleb128 0xc
 926 0063 11       		.uleb128 0x11
 927 0064 01       		.uleb128 0x1
 928 0065 12       		.uleb128 0x12
 929 0066 01       		.uleb128 0x1
 930 0067 40       		.uleb128 0x40
 931 0068 06       		.uleb128 0x6
 932 0069 01       		.uleb128 0x1
 933 006a 13       		.uleb128 0x13
 934 006b 00       		.byte	0x0
 935 006c 00       		.byte	0x0
 936 006d 08       		.uleb128 0x8
 937 006e 34       		.uleb128 0x34
 938 006f 00       		.byte	0x0
 939 0070 03       		.uleb128 0x3
 940 0071 0E       		.uleb128 0xe
 941 0072 3A       		.uleb128 0x3a
 942 0073 0B       		.uleb128 0xb
 943 0074 3B       		.uleb128 0x3b
 944 0075 0B       		.uleb128 0xb
 945 0076 49       		.uleb128 0x49
 946 0077 13       		.uleb128 0x13
 947 0078 02       		.uleb128 0x2
 948 0079 0A       		.uleb128 0xa
 949 007a 00       		.byte	0x0
 950 007b 00       		.byte	0x0
 951 007c 09       		.uleb128 0x9
 952 007d 2E       		.uleb128 0x2e
 953 007e 01       		.byte	0x1
 954 007f 3F       		.uleb128 0x3f
 955 0080 0C       		.uleb128 0xc
 956 0081 03       		.uleb128 0x3
 957 0082 0E       		.uleb128 0xe
 958 0083 3A       		.uleb128 0x3a
 959 0084 0B       		.uleb128 0xb
 960 0085 3B       		.uleb128 0x3b
 961 0086 05       		.uleb128 0x5
 962 0087 27       		.uleb128 0x27
 963 0088 0C       		.uleb128 0xc
 964 0089 11       		.uleb128 0x11
 965 008a 01       		.uleb128 0x1
 966 008b 12       		.uleb128 0x12
 967 008c 01       		.uleb128 0x1
 968 008d 40       		.uleb128 0x40
 969 008e 06       		.uleb128 0x6
ARM GAS  C:\Users\bccho\AppData\Local\Temp\ccAQrP7i.s 			page 27


 970 008f 01       		.uleb128 0x1
 971 0090 13       		.uleb128 0x13
 972 0091 00       		.byte	0x0
 973 0092 00       		.byte	0x0
 974 0093 0A       		.uleb128 0xa
 975 0094 05       		.uleb128 0x5
 976 0095 00       		.byte	0x0
 977 0096 03       		.uleb128 0x3
 978 0097 0E       		.uleb128 0xe
 979 0098 3A       		.uleb128 0x3a
 980 0099 0B       		.uleb128 0xb
 981 009a 3B       		.uleb128 0x3b
 982 009b 05       		.uleb128 0x5
 983 009c 49       		.uleb128 0x49
 984 009d 13       		.uleb128 0x13
 985 009e 02       		.uleb128 0x2
 986 009f 0A       		.uleb128 0xa
 987 00a0 00       		.byte	0x0
 988 00a1 00       		.byte	0x0
 989 00a2 0B       		.uleb128 0xb
 990 00a3 2E       		.uleb128 0x2e
 991 00a4 00       		.byte	0x0
 992 00a5 3F       		.uleb128 0x3f
 993 00a6 0C       		.uleb128 0xc
 994 00a7 03       		.uleb128 0x3
 995 00a8 0E       		.uleb128 0xe
 996 00a9 3A       		.uleb128 0x3a
 997 00aa 0B       		.uleb128 0xb
 998 00ab 3B       		.uleb128 0x3b
 999 00ac 05       		.uleb128 0x5
 1000 00ad 27       		.uleb128 0x27
 1001 00ae 0C       		.uleb128 0xc
 1002 00af 49       		.uleb128 0x49
 1003 00b0 13       		.uleb128 0x13
 1004 00b1 11       		.uleb128 0x11
 1005 00b2 01       		.uleb128 0x1
 1006 00b3 12       		.uleb128 0x12
 1007 00b4 01       		.uleb128 0x1
 1008 00b5 40       		.uleb128 0x40
 1009 00b6 06       		.uleb128 0x6
 1010 00b7 00       		.byte	0x0
 1011 00b8 00       		.byte	0x0
 1012 00b9 0C       		.uleb128 0xc
 1013 00ba 2E       		.uleb128 0x2e
 1014 00bb 00       		.byte	0x0
 1015 00bc 3F       		.uleb128 0x3f
 1016 00bd 0C       		.uleb128 0xc
 1017 00be 03       		.uleb128 0x3
 1018 00bf 0E       		.uleb128 0xe
 1019 00c0 3A       		.uleb128 0x3a
 1020 00c1 0B       		.uleb128 0xb
 1021 00c2 3B       		.uleb128 0x3b
 1022 00c3 05       		.uleb128 0x5
 1023 00c4 27       		.uleb128 0x27
 1024 00c5 0C       		.uleb128 0xc
 1025 00c6 11       		.uleb128 0x11
 1026 00c7 01       		.uleb128 0x1
ARM GAS  C:\Users\bccho\AppData\Local\Temp\ccAQrP7i.s 			page 28


 1027 00c8 12       		.uleb128 0x12
 1028 00c9 01       		.uleb128 0x1
 1029 00ca 40       		.uleb128 0x40
 1030 00cb 06       		.uleb128 0x6
 1031 00cc 00       		.byte	0x0
 1032 00cd 00       		.byte	0x0
 1033 00ce 0D       		.uleb128 0xd
 1034 00cf 34       		.uleb128 0x34
 1035 00d0 00       		.byte	0x0
 1036 00d1 03       		.uleb128 0x3
 1037 00d2 0E       		.uleb128 0xe
 1038 00d3 3A       		.uleb128 0x3a
 1039 00d4 0B       		.uleb128 0xb
 1040 00d5 3B       		.uleb128 0x3b
 1041 00d6 0B       		.uleb128 0xb
 1042 00d7 49       		.uleb128 0x49
 1043 00d8 13       		.uleb128 0x13
 1044 00d9 3F       		.uleb128 0x3f
 1045 00da 0C       		.uleb128 0xc
 1046 00db 02       		.uleb128 0x2
 1047 00dc 0A       		.uleb128 0xa
 1048 00dd 00       		.byte	0x0
 1049 00de 00       		.byte	0x0
 1050 00df 00       		.byte	0x0
 1051              		.section	.debug_pubnames,"",%progbits
 1052 0000 F5000000 		.4byte	0xf5
 1053 0004 0200     		.2byte	0x2
 1054 0006 00000000 		.4byte	.Ldebug_info0
 1055 000a C5010000 		.4byte	0x1c5
 1056 000e 8F000000 		.4byte	0x8f
 1057 0012 50574D5F 		.ascii	"PWM_Motor_Start\000"
 1057      4D6F746F 
 1057      725F5374 
 1057      61727400 
 1058 0022 A4000000 		.4byte	0xa4
 1059 0026 50574D5F 		.ascii	"PWM_Motor_Init\000"
 1059      4D6F746F 
 1059      725F496E 
 1059      697400
 1060 0035 DA000000 		.4byte	0xda
 1061 0039 50574D5F 		.ascii	"PWM_Motor_Enable\000"
 1061      4D6F746F 
 1061      725F456E 
 1061      61626C65 
 1061      00
 1062 004a EF000000 		.4byte	0xef
 1063 004e 50574D5F 		.ascii	"PWM_Motor_Stop\000"
 1063      4D6F746F 
 1063      725F5374 
 1063      6F7000
 1064 005d 04010000 		.4byte	0x104
 1065 0061 50574D5F 		.ascii	"PWM_Motor_WriteCounter\000"
 1065      4D6F746F 
 1065      725F5772 
 1065      69746543 
 1065      6F756E74 
 1066 0078 2E010000 		.4byte	0x12e
ARM GAS  C:\Users\bccho\AppData\Local\Temp\ccAQrP7i.s 			page 29


 1067 007c 50574D5F 		.ascii	"PWM_Motor_ReadCounter\000"
 1067      4D6F746F 
 1067      725F5265 
 1067      6164436F 
 1067      756E7465 
 1068 0092 48010000 		.4byte	0x148
 1069 0096 50574D5F 		.ascii	"PWM_Motor_ClearFIFO\000"
 1069      4D6F746F 
 1069      725F436C 
 1069      65617246 
 1069      49464F00 
 1070 00aa 5E010000 		.4byte	0x15e
 1071 00ae 50574D5F 		.ascii	"PWM_Motor_WritePeriod\000"
 1071      4D6F746F 
 1071      725F5772 
 1071      69746550 
 1071      6572696F 
 1072 00c4 88010000 		.4byte	0x188
 1073 00c8 50574D5F 		.ascii	"PWM_Motor_WriteCompare\000"
 1073      4D6F746F 
 1073      725F5772 
 1073      69746543 
 1073      6F6D7061 
 1074 00df B2010000 		.4byte	0x1b2
 1075 00e3 50574D5F 		.ascii	"PWM_Motor_initVar\000"
 1075      4D6F746F 
 1075      725F696E 
 1075      69745661 
 1075      7200
 1076 00f5 00000000 		.4byte	0x0
 1077              		.section	.debug_aranges,"",%progbits
 1078 0000 5C000000 		.4byte	0x5c
 1079 0004 0200     		.2byte	0x2
 1080 0006 00000000 		.4byte	.Ldebug_info0
 1081 000a 04       		.byte	0x4
 1082 000b 00       		.byte	0x0
 1083 000c 0000     		.2byte	0x0
 1084 000e 0000     		.2byte	0x0
 1085 0010 00000000 		.4byte	.LFB0
 1086 0014 2A000000 		.4byte	.LFE0-.LFB0
 1087 0018 00000000 		.4byte	.LFB1
 1088 001c C0000000 		.4byte	.LFE1-.LFB1
 1089 0020 00000000 		.4byte	.LFB2
 1090 0024 2A000000 		.4byte	.LFE2-.LFB2
 1091 0028 00000000 		.4byte	.LFB3
 1092 002c 24000000 		.4byte	.LFE3-.LFB3
 1093 0030 00000000 		.4byte	.LFB4
 1094 0034 20000000 		.4byte	.LFE4-.LFB4
 1095 0038 00000000 		.4byte	.LFB5
 1096 003c 22000000 		.4byte	.LFE5-.LFB5
 1097 0040 00000000 		.4byte	.LFB6
 1098 0044 2A000000 		.4byte	.LFE6-.LFB6
 1099 0048 00000000 		.4byte	.LFB7
 1100 004c 20000000 		.4byte	.LFE7-.LFB7
 1101 0050 00000000 		.4byte	.LFB8
 1102 0054 20000000 		.4byte	.LFE8-.LFB8
 1103 0058 00000000 		.4byte	0x0
ARM GAS  C:\Users\bccho\AppData\Local\Temp\ccAQrP7i.s 			page 30


 1104 005c 00000000 		.4byte	0x0
 1105              		.section	.debug_ranges,"",%progbits
 1106              	.Ldebug_ranges0:
 1107 0000 00000000 		.4byte	.Ltext0
 1108 0004 00000000 		.4byte	.Letext0
 1109 0008 00000000 		.4byte	.LFB0
 1110 000c 2A000000 		.4byte	.LFE0
 1111 0010 00000000 		.4byte	.LFB1
 1112 0014 C0000000 		.4byte	.LFE1
 1113 0018 00000000 		.4byte	.LFB2
 1114 001c 2A000000 		.4byte	.LFE2
 1115 0020 00000000 		.4byte	.LFB3
 1116 0024 24000000 		.4byte	.LFE3
 1117 0028 00000000 		.4byte	.LFB4
 1118 002c 20000000 		.4byte	.LFE4
 1119 0030 00000000 		.4byte	.LFB5
 1120 0034 22000000 		.4byte	.LFE5
 1121 0038 00000000 		.4byte	.LFB6
 1122 003c 2A000000 		.4byte	.LFE6
 1123 0040 00000000 		.4byte	.LFB7
 1124 0044 20000000 		.4byte	.LFE7
 1125 0048 00000000 		.4byte	.LFB8
 1126 004c 20000000 		.4byte	.LFE8
 1127 0050 00000000 		.4byte	0x0
 1128 0054 00000000 		.4byte	0x0
 1129              		.section	.debug_str,"MS",%progbits,1
 1130              	.LASF6:
 1131 0000 6C6F6E67 		.ascii	"long long int\000"
 1131      206C6F6E 
 1131      6720696E 
 1131      7400
 1132              	.LASF28:
 1133 000e 50574D5F 		.ascii	"PWM_Motor_ReadCounter\000"
 1133      4D6F746F 
 1133      725F5265 
 1133      6164436F 
 1133      756E7465 
 1134              	.LASF22:
 1135 0024 70657269 		.ascii	"period\000"
 1135      6F6400
 1136              	.LASF3:
 1137 002b 73686F72 		.ascii	"short unsigned int\000"
 1137      7420756E 
 1137      7369676E 
 1137      65642069 
 1137      6E7400
 1138              	.LASF14:
 1139 003e 50574D5F 		.ascii	"PWM_Motor_Start\000"
 1139      4D6F746F 
 1139      725F5374 
 1139      61727400 
 1140              	.LASF19:
 1141 004e 50574D5F 		.ascii	"PWM_Motor_ClearFIFO\000"
 1141      4D6F746F 
 1141      725F436C 
 1141      65617246 
 1141      49464F00 
ARM GAS  C:\Users\bccho\AppData\Local\Temp\ccAQrP7i.s 			page 31


 1142              	.LASF21:
 1143 0062 636F756E 		.ascii	"counter\000"
 1143      74657200 
 1144              	.LASF16:
 1145 006a 50574D5F 		.ascii	"PWM_Motor_Stop\000"
 1145      4D6F746F 
 1145      725F5374 
 1145      6F7000
 1146              	.LASF1:
 1147 0079 756E7369 		.ascii	"unsigned char\000"
 1147      676E6564 
 1147      20636861 
 1147      7200
 1148              	.LASF5:
 1149 0087 6C6F6E67 		.ascii	"long unsigned int\000"
 1149      20756E73 
 1149      69676E65 
 1149      6420696E 
 1149      7400
 1150              	.LASF10:
 1151 0099 75696E74 		.ascii	"uint8\000"
 1151      3800
 1152              	.LASF27:
 1153 009f 433A5C55 		.ascii	"C:\\Users\\Public\\Documents\\Carlab\\BC and TJ\\Pr"
 1153      73657273 
 1153      5C507562 
 1153      6C69635C 
 1153      446F6375 
 1154 00cc 6F6A6563 		.ascii	"oject 4\\Navigation01\\Navigation01.cydsn\000"
 1154      7420345C 
 1154      4E617669 
 1154      67617469 
 1154      6F6E3031 
 1155              	.LASF23:
 1156 00f4 50574D5F 		.ascii	"PWM_Motor_WriteCompare\000"
 1156      4D6F746F 
 1156      725F5772 
 1156      69746543 
 1156      6F6D7061 
 1157              	.LASF29:
 1158 010b 50574D5F 		.ascii	"PWM_Motor_initVar\000"
 1158      4D6F746F 
 1158      725F696E 
 1158      69745661 
 1158      7200
 1159              	.LASF13:
 1160 011d 50574D5F 		.ascii	"PWM_Motor_interruptState\000"
 1160      4D6F746F 
 1160      725F696E 
 1160      74657272 
 1160      75707453 
 1161              	.LASF26:
 1162 0136 2E5C4765 		.ascii	".\\Generated_Source\\PSoC5\\PWM_Motor.c\000"
 1162      6E657261 
 1162      7465645F 
 1162      536F7572 
 1162      63655C50 
ARM GAS  C:\Users\bccho\AppData\Local\Temp\ccAQrP7i.s 			page 32


 1163              	.LASF11:
 1164 015b 75696E74 		.ascii	"uint16\000"
 1164      313600
 1165              	.LASF15:
 1166 0162 50574D5F 		.ascii	"PWM_Motor_Enable\000"
 1166      4D6F746F 
 1166      725F456E 
 1166      61626C65 
 1166      00
 1167              	.LASF8:
 1168 0173 756E7369 		.ascii	"unsigned int\000"
 1168      676E6564 
 1168      20696E74 
 1168      00
 1169              	.LASF7:
 1170 0180 6C6F6E67 		.ascii	"long long unsigned int\000"
 1170      206C6F6E 
 1170      6720756E 
 1170      7369676E 
 1170      65642069 
 1171              	.LASF12:
 1172 0197 6374726C 		.ascii	"ctrl\000"
 1172      00
 1173              	.LASF25:
 1174 019c 474E5520 		.ascii	"GNU C 4.4.1\000"
 1174      4320342E 
 1174      342E3100 
 1175              	.LASF9:
 1176 01a8 63686172 		.ascii	"char\000"
 1176      00
 1177              	.LASF18:
 1178 01ad 50574D5F 		.ascii	"PWM_Motor_WriteCounter\000"
 1178      4D6F746F 
 1178      725F5772 
 1178      69746543 
 1178      6F756E74 
 1179              	.LASF20:
 1180 01c4 50574D5F 		.ascii	"PWM_Motor_WritePeriod\000"
 1180      4D6F746F 
 1180      725F5772 
 1180      69746550 
 1180      6572696F 
 1181              	.LASF2:
 1182 01da 73686F72 		.ascii	"short int\000"
 1182      7420696E 
 1182      7400
 1183              	.LASF4:
 1184 01e4 6C6F6E67 		.ascii	"long int\000"
 1184      20696E74 
 1184      00
 1185              	.LASF0:
 1186 01ed 7369676E 		.ascii	"signed char\000"
 1186      65642063 
 1186      68617200 
 1187              	.LASF24:
 1188 01f9 636F6D70 		.ascii	"compare\000"
 1188      61726500 
ARM GAS  C:\Users\bccho\AppData\Local\Temp\ccAQrP7i.s 			page 33


 1189              	.LASF17:
 1190 0201 50574D5F 		.ascii	"PWM_Motor_Init\000"
 1190      4D6F746F 
 1190      725F496E 
 1190      697400
 1191              		.ident	"GCC: (Sourcery G++ Lite 2010q1-188) 4.4.1"
