--------------- Build Started: 03/29/2017 18:19:04 Project: SpeedControl01, Configuration: ARM GCC 4.4.1 Debug ---------------
cydsfit.exe "-.appdatapath" "C:\Users\bccho\AppData\Local\Cypress Semiconductor\PSoC Creator\2.1" "-.fdsnotice" "-.fdswarpdepfile=warp_dependencies.txt" "-.fdselabdepfile=elab_dependencies.txt" "-.fdsbldfile=generated_files.txt" "-p" "C:\Users\Public\Documents\Carlab\BC and TJ\Project 4\SpeedControl01\SpeedControl01.cydsn\SpeedControl01.cyprj" "-d" "CY8C5868AXI-LP035" "-s" "C:\Users\Public\Documents\Carlab\BC and TJ\Project 4\SpeedControl01\SpeedControl01.cydsn\Generated_Source\PSoC5" "--" "-yv2" "-v3" "-ygs" "-q10" "-o2" "-.fftcfgtype=LE"
Elaborating Design...
HDL Generation ...
Synthesis ...
Place and Route ...
Tech mapping ...
Info: mpr.M0037: Unused pieces of the design have been optimized out. See the Tech mapping section of the report file for details. (App=cydsfit)
Analog Placement ...
Analog Routing ...
Analog Code Generation ...
Digital Placement ...
Log: plm.M0038: The pin named Pin_servo(0) at location P0[1] prevents usage of special purposes: OpAmp:out. (App=cydsfit)
Log: plm.M0038: The pin named \LCD:LCDPort(3)\ at location P2[3] prevents usage of special purposes: Trace. (App=cydsfit)
Log: plm.M0038: The pin named \LCD:LCDPort(4)\ at location P2[4] prevents usage of special purposes: Trace. (App=cydsfit)
Log: plm.M0038: The pin named \LCD:LCDPort(5)\ at location P2[5] prevents usage of special purposes: Trace. (App=cydsfit)
Log: plm.M0038: The pin named \LCD:LCDPort(6)\ at location P2[6] prevents usage of special purposes: Trace. (App=cydsfit)
Log: plm.M0039: The pin named Rx_1(0) at location P3[0] prevents usage of the high current (2mA) feature of an IDAC. (App=cydsfit)
Log: plm.M0039: The pin named Tx_1(0) at location P3[1] prevents usage of the high current (2mA) feature of an IDAC. (App=cydsfit)
Info: plm.M0037: SpeedControl01.rpt: 
      Certain internal analog resources use the following pins for preferred routing: P0[1], P2[3], P2[4], P2[5], P2[6], P3[0], P3[1].
      Please check the "Final Placement Details" section of the report file (SpeedControl01.rpt) to see what resources are impacted by your pin selections.
     (File=C:\Users\Public\Documents\Carlab\BC and TJ\Project 4\SpeedControl01\SpeedControl01.cydsn\SpeedControl01.rpt(1))
Digital Routing ...
Bitstream Generation ...
Static timing analysis ...
API Generation ...
Dependency Generation ...
Clean Temporary Files ...
arm-none-eabi-gcc.exe -I. -Wno-main -I./Generated_Source/PSoC5 -mcpu=cortex-m3 -mthumb -Wall -g -Wa,-alh=.\CortexM3\ARM_GCC_441\Debug\main.lst -ffunction-sections -c .\main.c -o .\CortexM3\ARM_GCC_441\Debug\main.o
arm-none-eabi-gcc.exe -I. -Wno-main -I./Generated_Source/PSoC5 -mcpu=cortex-m3 -mthumb -Wall -g -Wa,-alh=.\CortexM3\ARM_GCC_441\Debug\serial.lst -ffunction-sections -c .\serial.c -o .\CortexM3\ARM_GCC_441\Debug\serial.o
arm-none-eabi-gcc.exe -I. -Wno-main -I./Generated_Source/PSoC5 -mcpu=cortex-m3 -mthumb -Wall -g -Wa,-alh=.\CortexM3\ARM_GCC_441\Debug\speedcontrol.lst -ffunction-sections -c .\speedcontrol.c -o .\CortexM3\ARM_GCC_441\Debug\speedcontrol.o
arm-none-eabi-gcc.exe -I. -Wno-main -I./Generated_Source/PSoC5 -mcpu=cortex-m3 -mthumb -Wall -g -Wa,-alh=.\CortexM3\ARM_GCC_441\Debug\LCD.lst -ffunction-sections -c .\Generated_Source\PSoC5\LCD.c -o .\CortexM3\ARM_GCC_441\Debug\LCD.o
arm-none-eabi-gcc.exe -I. -Wno-main -I./Generated_Source/PSoC5 -mcpu=cortex-m3 -mthumb -Wall -g -Wa,-alh=.\CortexM3\ARM_GCC_441\Debug\LCD_PM.lst -ffunction-sections -c .\Generated_Source\PSoC5\LCD_PM.c -o .\CortexM3\ARM_GCC_441\Debug\LCD_PM.o
arm-none-eabi-gcc.exe -I. -Wno-main -I./Generated_Source/PSoC5 -mcpu=cortex-m3 -mthumb -Wall -g -Wa,-alh=.\CortexM3\ARM_GCC_441\Debug\Pin_button.lst -ffunction-sections -c .\Generated_Source\PSoC5\Pin_button.c -o .\CortexM3\ARM_GCC_441\Debug\Pin_button.o
arm-none-eabi-gcc.exe -I. -Wno-main -I./Generated_Source/PSoC5 -mcpu=cortex-m3 -mthumb -Wall -g -Wa,-alh=.\CortexM3\ARM_GCC_441\Debug\inter_button.lst -ffunction-sections -c .\Generated_Source\PSoC5\inter_button.c -o .\CortexM3\ARM_GCC_441\Debug\inter_button.o
arm-none-eabi-gcc.exe -I. -Wno-main -I./Generated_Source/PSoC5 -mcpu=cortex-m3 -mthumb -Wall -g -Wa,-alh=.\CortexM3\ARM_GCC_441\Debug\Pin_motor.lst -ffunction-sections -c .\Generated_Source\PSoC5\Pin_motor.c -o .\CortexM3\ARM_GCC_441\Debug\Pin_motor.o
arm-none-eabi-gcc.exe -I. -Wno-main -I./Generated_Source/PSoC5 -mcpu=cortex-m3 -mthumb -Wall -g -Wa,-alh=.\CortexM3\ARM_GCC_441\Debug\Clock_1.lst -ffunction-sections -c .\Generated_Source\PSoC5\Clock_1.c -o .\CortexM3\ARM_GCC_441\Debug\Clock_1.o
arm-none-eabi-gcc.exe -I. -Wno-main -I./Generated_Source/PSoC5 -mcpu=cortex-m3 -mthumb -Wall -g -Wa,-alh=.\CortexM3\ARM_GCC_441\Debug\LCD_LCDPort.lst -ffunction-sections -c .\Generated_Source\PSoC5\LCD_LCDPort.c -o .\CortexM3\ARM_GCC_441\Debug\LCD_LCDPort.o
arm-none-eabi-gcc.exe -I. -Wno-main -I./Generated_Source/PSoC5 -mcpu=cortex-m3 -mthumb -Wall -g -Wa,-alh=.\CortexM3\ARM_GCC_441\Debug\Cm3Start.lst -ffunction-sections -c .\Generated_Source\PSoC5\Cm3Start.c -o .\CortexM3\ARM_GCC_441\Debug\Cm3Start.o
arm-none-eabi-gcc.exe -I. -Wno-main -I./Generated_Source/PSoC5 -mcpu=cortex-m3 -mthumb -Wall -g -Wa,-alh=.\CortexM3\ARM_GCC_441\Debug\CyDmac.lst -ffunction-sections -c .\Generated_Source\PSoC5\CyDmac.c -o .\CortexM3\ARM_GCC_441\Debug\CyDmac.o
arm-none-eabi-gcc.exe -I. -Wno-main -I./Generated_Source/PSoC5 -mcpu=cortex-m3 -mthumb -Wall -g -Wa,-alh=.\CortexM3\ARM_GCC_441\Debug\CyFlash.lst -ffunction-sections -c .\Generated_Source\PSoC5\CyFlash.c -o .\CortexM3\ARM_GCC_441\Debug\CyFlash.o
arm-none-eabi-gcc.exe -I. -Wno-main -I./Generated_Source/PSoC5 -mcpu=cortex-m3 -mthumb -Wall -g -Wa,-alh=.\CortexM3\ARM_GCC_441\Debug\CyLib.lst -ffunction-sections -c .\Generated_Source\PSoC5\CyLib.c -o .\CortexM3\ARM_GCC_441\Debug\CyLib.o
arm-none-eabi-gcc.exe -I. -Wno-main -I./Generated_Source/PSoC5 -mcpu=cortex-m3 -mthumb -Wall -g -Wa,-alh=.\CortexM3\ARM_GCC_441\Debug\cyPm.lst -ffunction-sections -c .\Generated_Source\PSoC5\cyPm.c -o .\CortexM3\ARM_GCC_441\Debug\cyPm.o
arm-none-eabi-gcc.exe -I. -Wno-main -I./Generated_Source/PSoC5 -mcpu=cortex-m3 -mthumb -Wall -g -Wa,-alh=.\CortexM3\ARM_GCC_441\Debug\CySpc.lst -ffunction-sections -c .\Generated_Source\PSoC5\CySpc.c -o .\CortexM3\ARM_GCC_441\Debug\CySpc.o
arm-none-eabi-gcc.exe -I. -Wno-main -I./Generated_Source/PSoC5 -mcpu=cortex-m3 -mthumb -Wall -g -Wa,-alh=.\CortexM3\ARM_GCC_441\Debug\cyutils.lst -ffunction-sections -c .\Generated_Source\PSoC5\cyutils.c -o .\CortexM3\ARM_GCC_441\Debug\cyutils.o
arm-none-eabi-gcc.exe -I. -Wno-main -I./Generated_Source/PSoC5 -mcpu=cortex-m3 -mthumb -Wall -g -Wa,-alh=.\CortexM3\ARM_GCC_441\Debug\rx_rcvd.lst -ffunction-sections -c .\Generated_Source\PSoC5\rx_rcvd.c -o .\CortexM3\ARM_GCC_441\Debug\rx_rcvd.o
arm-none-eabi-gcc.exe -I. -Wno-main -I./Generated_Source/PSoC5 -mcpu=cortex-m3 -mthumb -Wall -g -Wa,-alh=.\CortexM3\ARM_GCC_441\Debug\Hall_sensor.lst -ffunction-sections -c .\Generated_Source\PSoC5\Hall_sensor.c -o .\CortexM3\ARM_GCC_441\Debug\Hall_sensor.o
arm-none-eabi-gcc.exe -I. -Wno-main -I./Generated_Source/PSoC5 -mcpu=cortex-m3 -mthumb -Wall -g -Wa,-alh=.\CortexM3\ARM_GCC_441\Debug\wheel_tick.lst -ffunction-sections -c .\Generated_Source\PSoC5\wheel_tick.c -o .\CortexM3\ARM_GCC_441\Debug\wheel_tick.o
arm-none-eabi-gcc.exe -I. -Wno-main -I./Generated_Source/PSoC5 -mcpu=cortex-m3 -mthumb -Wall -g -Wa,-alh=.\CortexM3\ARM_GCC_441\Debug\tick_timeout.lst -ffunction-sections -c .\Generated_Source\PSoC5\tick_timeout.c -o .\CortexM3\ARM_GCC_441\Debug\tick_timeout.o
arm-none-eabi-gcc.exe -I. -Wno-main -I./Generated_Source/PSoC5 -mcpu=cortex-m3 -mthumb -Wall -g -Wa,-alh=.\CortexM3\ARM_GCC_441\Debug\throttle_update.lst -ffunction-sections -c .\Generated_Source\PSoC5\throttle_update.c -o .\CortexM3\ARM_GCC_441\Debug\throttle_update.o
arm-none-eabi-gcc.exe -I. -Wno-main -I./Generated_Source/PSoC5 -mcpu=cortex-m3 -mthumb -Wall -g -Wa,-alh=.\CortexM3\ARM_GCC_441\Debug\Clock_2.lst -ffunction-sections -c .\Generated_Source\PSoC5\Clock_2.c -o .\CortexM3\ARM_GCC_441\Debug\Clock_2.o
arm-none-eabi-gcc.exe -I. -Wno-main -I./Generated_Source/PSoC5 -mcpu=cortex-m3 -mthumb -Wall -g -Wa,-alh=.\CortexM3\ARM_GCC_441\Debug\PWM_Motor.lst -ffunction-sections -c .\Generated_Source\PSoC5\PWM_Motor.c -o .\CortexM3\ARM_GCC_441\Debug\PWM_Motor.o
arm-none-eabi-gcc.exe -I. -Wno-main -I./Generated_Source/PSoC5 -mcpu=cortex-m3 -mthumb -Wall -g -Wa,-alh=.\CortexM3\ARM_GCC_441\Debug\PWM_Motor_PM.lst -ffunction-sections -c .\Generated_Source\PSoC5\PWM_Motor_PM.c -o .\CortexM3\ARM_GCC_441\Debug\PWM_Motor_PM.o
arm-none-eabi-gcc.exe -I. -Wno-main -I./Generated_Source/PSoC5 -mcpu=cortex-m3 -mthumb -Wall -g -Wa,-alh=.\CortexM3\ARM_GCC_441\Debug\UART.lst -ffunction-sections -c .\Generated_Source\PSoC5\UART.c -o .\CortexM3\ARM_GCC_441\Debug\UART.o
arm-none-eabi-gcc.exe -I. -Wno-main -I./Generated_Source/PSoC5 -mcpu=cortex-m3 -mthumb -Wall -g -Wa,-alh=.\CortexM3\ARM_GCC_441\Debug\UART_PM.lst -ffunction-sections -c .\Generated_Source\PSoC5\UART_PM.c -o .\CortexM3\ARM_GCC_441\Debug\UART_PM.o
arm-none-eabi-gcc.exe -I. -Wno-main -I./Generated_Source/PSoC5 -mcpu=cortex-m3 -mthumb -Wall -g -Wa,-alh=.\CortexM3\ARM_GCC_441\Debug\UART_INT.lst -ffunction-sections -c .\Generated_Source\PSoC5\UART_INT.c -o .\CortexM3\ARM_GCC_441\Debug\UART_INT.o
arm-none-eabi-gcc.exe -I. -Wno-main -I./Generated_Source/PSoC5 -mcpu=cortex-m3 -mthumb -Wall -g -Wa,-alh=.\CortexM3\ARM_GCC_441\Debug\Counter_PID.lst -ffunction-sections -c .\Generated_Source\PSoC5\Counter_PID.c -o .\CortexM3\ARM_GCC_441\Debug\Counter_PID.o
arm-none-eabi-gcc.exe -I. -Wno-main -I./Generated_Source/PSoC5 -mcpu=cortex-m3 -mthumb -Wall -g -Wa,-alh=.\CortexM3\ARM_GCC_441\Debug\Counter_PID_PM.lst -ffunction-sections -c .\Generated_Source\PSoC5\Counter_PID_PM.c -o .\CortexM3\ARM_GCC_441\Debug\Counter_PID_PM.o
arm-none-eabi-gcc.exe -I. -Wno-main -I./Generated_Source/PSoC5 -mcpu=cortex-m3 -mthumb -Wall -g -Wa,-alh=.\CortexM3\ARM_GCC_441\Debug\Timer_Wheel_Tick.lst -ffunction-sections -c .\Generated_Source\PSoC5\Timer_Wheel_Tick.c -o .\CortexM3\ARM_GCC_441\Debug\Timer_Wheel_Tick.o
arm-none-eabi-gcc.exe -I. -Wno-main -I./Generated_Source/PSoC5 -mcpu=cortex-m3 -mthumb -Wall -g -Wa,-alh=.\CortexM3\ARM_GCC_441\Debug\Timer_Wheel_Tick_PM.lst -ffunction-sections -c .\Generated_Source\PSoC5\Timer_Wheel_Tick_PM.c -o .\CortexM3\ARM_GCC_441\Debug\Timer_Wheel_Tick_PM.o
arm-none-eabi-gcc.exe -I. -Wno-main -I./Generated_Source/PSoC5 -mcpu=cortex-m3 -mthumb -Wall -g -Wa,-alh=.\CortexM3\ARM_GCC_441\Debug\Counter_Tick_Timeout.lst -ffunction-sections -c .\Generated_Source\PSoC5\Counter_Tick_Timeout.c -o .\CortexM3\ARM_GCC_441\Debug\Counter_Tick_Timeout.o
arm-none-eabi-gcc.exe -I. -Wno-main -I./Generated_Source/PSoC5 -mcpu=cortex-m3 -mthumb -Wall -g -Wa,-alh=.\CortexM3\ARM_GCC_441\Debug\Counter_Tick_Timeout_PM.lst -ffunction-sections -c .\Generated_Source\PSoC5\Counter_Tick_Timeout_PM.c -o .\CortexM3\ARM_GCC_441\Debug\Counter_Tick_Timeout_PM.o
arm-none-eabi-gcc.exe -I. -Wno-main -I./Generated_Source/PSoC5 -mcpu=cortex-m3 -mthumb -Wall -g -Wa,-alh=.\CortexM3\ARM_GCC_441\Debug\PWM_Servo.lst -ffunction-sections -c .\Generated_Source\PSoC5\PWM_Servo.c -o .\CortexM3\ARM_GCC_441\Debug\PWM_Servo.o
arm-none-eabi-gcc.exe -I. -Wno-main -I./Generated_Source/PSoC5 -mcpu=cortex-m3 -mthumb -Wall -g -Wa,-alh=.\CortexM3\ARM_GCC_441\Debug\PWM_Servo_PM.lst -ffunction-sections -c .\Generated_Source\PSoC5\PWM_Servo_PM.c -o .\CortexM3\ARM_GCC_441\Debug\PWM_Servo_PM.o
arm-none-eabi-gcc.exe -I. -Wno-main -I./Generated_Source/PSoC5 -mcpu=cortex-m3 -mthumb -Wall -g -Wa,-alh=.\CortexM3\ARM_GCC_441\Debug\Pin_servo.lst -ffunction-sections -c .\Generated_Source\PSoC5\Pin_servo.c -o .\CortexM3\ARM_GCC_441\Debug\Pin_servo.o
arm-none-eabi-gcc.exe -I. -Wno-main -I./Generated_Source/PSoC5 -mcpu=cortex-m3 -mthumb -Wall -g -Wa,-alh=.\CortexM3\ARM_GCC_441\Debug\Clock_3.lst -ffunction-sections -c .\Generated_Source\PSoC5\Clock_3.c -o .\CortexM3\ARM_GCC_441\Debug\Clock_3.o
arm-none-eabi-gcc.exe -I. -Wno-main -I./Generated_Source/PSoC5 -mcpu=cortex-m3 -mthumb -Wall -g -Wa,-alh=.\CortexM3\ARM_GCC_441\Debug\Vertical_sync.lst -ffunction-sections -c .\Generated_Source\PSoC5\Vertical_sync.c -o .\CortexM3\ARM_GCC_441\Debug\Vertical_sync.o
arm-none-eabi-gcc.exe -I. -Wno-main -I./Generated_Source/PSoC5 -mcpu=cortex-m3 -mthumb -Wall -g -Wa,-alh=.\CortexM3\ARM_GCC_441\Debug\Horiz_sync.lst -ffunction-sections -c .\Generated_Source\PSoC5\Horiz_sync.c -o .\CortexM3\ARM_GCC_441\Debug\Horiz_sync.o
arm-none-eabi-gcc.exe -I. -Wno-main -I./Generated_Source/PSoC5 -mcpu=cortex-m3 -mthumb -Wall -g -Wa,-alh=.\CortexM3\ARM_GCC_441\Debug\Comparator.lst -ffunction-sections -c .\Generated_Source\PSoC5\Comparator.c -o .\CortexM3\ARM_GCC_441\Debug\Comparator.o
arm-none-eabi-gcc.exe -I. -Wno-main -I./Generated_Source/PSoC5 -mcpu=cortex-m3 -mthumb -Wall -g -Wa,-alh=.\CortexM3\ARM_GCC_441\Debug\Camera_data.lst -ffunction-sections -c .\Generated_Source\PSoC5\Camera_data.c -o .\CortexM3\ARM_GCC_441\Debug\Camera_data.o
arm-none-eabi-gcc.exe -I. -Wno-main -I./Generated_Source/PSoC5 -mcpu=cortex-m3 -mthumb -Wall -g -Wa,-alh=.\CortexM3\ARM_GCC_441\Debug\camera_frame_start.lst -ffunction-sections -c .\Generated_Source\PSoC5\camera_frame_start.c -o .\CortexM3\ARM_GCC_441\Debug\camera_frame_start.o
arm-none-eabi-gcc.exe -I. -Wno-main -I./Generated_Source/PSoC5 -mcpu=cortex-m3 -mthumb -Wall -g -Wa,-alh=.\CortexM3\ARM_GCC_441\Debug\Timer_Row.lst -ffunction-sections -c .\Generated_Source\PSoC5\Timer_Row.c -o .\CortexM3\ARM_GCC_441\Debug\Timer_Row.o
arm-none-eabi-gcc.exe -I. -Wno-main -I./Generated_Source/PSoC5 -mcpu=cortex-m3 -mthumb -Wall -g -Wa,-alh=.\CortexM3\ARM_GCC_441\Debug\Timer_Row_PM.lst -ffunction-sections -c .\Generated_Source\PSoC5\Timer_Row_PM.c -o .\CortexM3\ARM_GCC_441\Debug\Timer_Row_PM.o
arm-none-eabi-gcc.exe -I. -Wno-main -I./Generated_Source/PSoC5 -mcpu=cortex-m3 -mthumb -Wall -g -Wa,-alh=.\CortexM3\ARM_GCC_441\Debug\Timer_Line_Begin.lst -ffunction-sections -c .\Generated_Source\PSoC5\Timer_Line_Begin.c -o .\CortexM3\ARM_GCC_441\Debug\Timer_Line_Begin.o
arm-none-eabi-gcc.exe -I. -Wno-main -I./Generated_Source/PSoC5 -mcpu=cortex-m3 -mthumb -Wall -g -Wa,-alh=.\CortexM3\ARM_GCC_441\Debug\Timer_Line_Begin_PM.lst -ffunction-sections -c .\Generated_Source\PSoC5\Timer_Line_Begin_PM.c -o .\CortexM3\ARM_GCC_441\Debug\Timer_Line_Begin_PM.o
arm-none-eabi-gcc.exe -I. -Wno-main -I./Generated_Source/PSoC5 -mcpu=cortex-m3 -mthumb -Wall -g -Wa,-alh=.\CortexM3\ARM_GCC_441\Debug\camera_row_start.lst -ffunction-sections -c .\Generated_Source\PSoC5\camera_row_start.c -o .\CortexM3\ARM_GCC_441\Debug\camera_row_start.o
arm-none-eabi-gcc.exe -I. -Wno-main -I./Generated_Source/PSoC5 -mcpu=cortex-m3 -mthumb -Wall -g -Wa,-alh=.\CortexM3\ARM_GCC_441\Debug\camera_comp_rise.lst -ffunction-sections -c .\Generated_Source\PSoC5\camera_comp_rise.c -o .\CortexM3\ARM_GCC_441\Debug\camera_comp_rise.o
arm-none-eabi-gcc.exe -I. -Wno-main -I./Generated_Source/PSoC5 -mcpu=cortex-m3 -mthumb -Wall -g -Wa,-alh=.\CortexM3\ARM_GCC_441\Debug\Timer_Line_End.lst -ffunction-sections -c .\Generated_Source\PSoC5\Timer_Line_End.c -o .\CortexM3\ARM_GCC_441\Debug\Timer_Line_End.o
arm-none-eabi-gcc.exe -I. -Wno-main -I./Generated_Source/PSoC5 -mcpu=cortex-m3 -mthumb -Wall -g -Wa,-alh=.\CortexM3\ARM_GCC_441\Debug\Timer_Line_End_PM.lst -ffunction-sections -c .\Generated_Source\PSoC5\Timer_Line_End_PM.c -o .\CortexM3\ARM_GCC_441\Debug\Timer_Line_End_PM.o
arm-none-eabi-gcc.exe -I. -Wno-main -I./Generated_Source/PSoC5 -mcpu=cortex-m3 -mthumb -Wall -g -Wa,-alh=.\CortexM3\ARM_GCC_441\Debug\camera_comp_fall.lst -ffunction-sections -c .\Generated_Source\PSoC5\camera_comp_fall.c -o .\CortexM3\ARM_GCC_441\Debug\camera_comp_fall.o
arm-none-eabi-gcc.exe -I. -Wno-main -I./Generated_Source/PSoC5 -mcpu=cortex-m3 -mthumb -Wall -g -Wa,-alh=.\CortexM3\ARM_GCC_441\Debug\cyfitter_cfg.lst -ffunction-sections -c .\Generated_Source\PSoC5\cyfitter_cfg.c -o .\CortexM3\ARM_GCC_441\Debug\cyfitter_cfg.o
arm-none-eabi-ar.exe -rs .\CortexM3\ARM_GCC_441\Debug\SpeedControl01.a .\CortexM3\ARM_GCC_441\Debug\LCD.o .\CortexM3\ARM_GCC_441\Debug\LCD_PM.o .\CortexM3\ARM_GCC_441\Debug\Pin_button.o .\CortexM3\ARM_GCC_441\Debug\inter_button.o .\CortexM3\ARM_GCC_441\Debug\Pin_motor.o .\CortexM3\ARM_GCC_441\Debug\Clock_1.o .\CortexM3\ARM_GCC_441\Debug\LCD_LCDPort.o .\CortexM3\ARM_GCC_441\Debug\core_cm3.o .\CortexM3\ARM_GCC_441\Debug\CyBootAsmGnu.o .\CortexM3\ARM_GCC_441\Debug\CyDmac.o .\CortexM3\ARM_GCC_441\Debug\CyFlash.o .\CortexM3\ARM_GCC_441\Debug\CyLib.o .\CortexM3\ARM_GCC_441\Debug\cyPm.o .\CortexM3\ARM_GCC_441\Debug\CySpc.o .\CortexM3\ARM_GCC_441\Debug\cyutils.o .\CortexM3\ARM_GCC_441\Debug\rx_rcvd.o .\CortexM3\ARM_GCC_441\Debug\Hall_sensor.o .\CortexM3\ARM_GCC_441\Debug\wheel_tick.o .\CortexM3\ARM_GCC_441\Debug\tick_timeout.o .\CortexM3\ARM_GCC_441\Debug\throttle_update.o .\CortexM3\ARM_GCC_441\Debug\Clock_2.o .\CortexM3\ARM_GCC_441\Debug\PWM_Motor.o .\CortexM3\ARM_GCC_441\Debug\PWM_Motor_PM.o .\CortexM3\ARM_GCC_441\Debug\UART.o .\CortexM3\ARM_GCC_441\Debug\UART_PM.o .\CortexM3\ARM_GCC_441\Debug\UART_INT.o .\CortexM3\ARM_GCC_441\Debug\Counter_PID.o .\CortexM3\ARM_GCC_441\Debug\Counter_PID_PM.o .\CortexM3\ARM_GCC_441\Debug\Timer_Wheel_Tick.o .\CortexM3\ARM_GCC_441\Debug\Timer_Wheel_Tick_PM.o .\CortexM3\ARM_GCC_441\Debug\Counter_Tick_Timeout.o .\CortexM3\ARM_GCC_441\Debug\Counter_Tick_Timeout_PM.o .\CortexM3\ARM_GCC_441\Debug\PWM_Servo.o .\CortexM3\ARM_GCC_441\Debug\PWM_Servo_PM.o .\CortexM3\ARM_GCC_441\Debug\Pin_servo.o .\CortexM3\ARM_GCC_441\Debug\Clock_3.o .\CortexM3\ARM_GCC_441\Debug\Vertical_sync.o .\CortexM3\ARM_GCC_441\Debug\Horiz_sync.o .\CortexM3\ARM_GCC_441\Debug\Comparator.o .\CortexM3\ARM_GCC_441\Debug\Camera_data.o .\CortexM3\ARM_GCC_441\Debug\camera_frame_start.o .\CortexM3\ARM_GCC_441\Debug\Timer_Row.o .\CortexM3\ARM_GCC_441\Debug\Timer_Row_PM.o .\CortexM3\ARM_GCC_441\Debug\Timer_Line_Begin.o .\CortexM3\ARM_GCC_441\Debug\Timer_Line_Begin_PM.o .\CortexM3\ARM_GCC_441\Debug\camera_row_start.o .\CortexM3\ARM_GCC_441\Debug\camera_comp_rise.o .\CortexM3\ARM_GCC_441\Debug\Timer_Line_End.o .\CortexM3\ARM_GCC_441\Debug\Timer_Line_End_PM.o .\CortexM3\ARM_GCC_441\Debug\camera_comp_fall.o .\CortexM3\ARM_GCC_441\Debug\cyfitter_cfg.o
arm-none-eabi-ar.exe: creating .\CortexM3\ARM_GCC_441\Debug\SpeedControl01.a
arm-none-eabi-gcc.exe -mthumb -march=armv7-m -mfix-cortex-m3-ldrd -T .\Generated_Source\PSoC5\cm3gcc.ld -g -Wl,-Map,.\CortexM3\ARM_GCC_441\Debug\SpeedControl01.map -Wl,--gc-sections -Wl,--start-group -o .\CortexM3\ARM_GCC_441\Debug\SpeedControl01.elf .\CortexM3\ARM_GCC_441\Debug\main.o .\CortexM3\ARM_GCC_441\Debug\serial.o .\CortexM3\ARM_GCC_441\Debug\speedcontrol.o .\CortexM3\ARM_GCC_441\Debug\Cm3Start.o .\CortexM3\ARM_GCC_441\Debug\SpeedControl01.a "C:\Program Files (x86)\Cypress\PSoC Creator\2.1\PSoC Creator\psoc\content\cycomponentlibrary\CyComponentLibrary.cylib\CortexM3\ARM_GCC_441\Debug\CyComponentLibrary.a" -Wl,--end-group
c:/program files (x86)/cypress/psoc creator/2.1/psoc creator/import/gnu_cs/arm/4.4.1/bin/../lib/gcc/arm-none-eabi/4.4.1/../../../../arm-none-eabi/lib/thumb2\libcs3unhosted.a(unhosted-_close.o): warning: IO function '_close' used
c:/program files (x86)/cypress/psoc creator/2.1/psoc creator/import/gnu_cs/arm/4.4.1/bin/../lib/gcc/arm-none-eabi/4.4.1/../../../../arm-none-eabi/lib/thumb2\libcs3unhosted.a(unhosted-_lseek.o): warning: IO function '_lseek' used
c:/program files (x86)/cypress/psoc creator/2.1/psoc creator/import/gnu_cs/arm/4.4.1/bin/../lib/gcc/arm-none-eabi/4.4.1/../../../../arm-none-eabi/lib/thumb2\libcs3unhosted.a(unhosted-_read.o): warning: IO function '_read' used
c:/program files (x86)/cypress/psoc creator/2.1/psoc creator/import/gnu_cs/arm/4.4.1/bin/../lib/gcc/arm-none-eabi/4.4.1/../../../../arm-none-eabi/lib/thumb2\libcs3unhosted.a(unhosted-_write.o): warning: IO function '_write' used
arm-none-eabi-objcopy.exe -O ihex .\CortexM3\ARM_GCC_441\Debug\SpeedControl01.elf .\CortexM3\ARM_GCC_441\Debug\SpeedControl01.ihx
cyhextool -o .\CortexM3\ARM_GCC_441\Debug\SpeedControl01.hex -f .\CortexM3\ARM_GCC_441\Debug\SpeedControl01.ihx -prot .\Generated_Source\PSoC5\protect.hex -id 2E123069 -a EEPROM=90200000:800,PROGRAM=00000000:40000,CONFIG=80000000:8000,PROTECT=90400000:100 -meta 0001 -cunv 00004005 -wonv AFAC90BC -ecc .\Generated_Source\PSoC5\config.hex
Flash used: 57516 of 262144 bytes (21.9 %).
SRAM used: 2584 of 65536 bytes (3.9 %).
--------------- Build Succeeded: 03/29/2017 18:19:25 ---------------
