ARM GAS  C:\Users\bccho\AppData\Local\Temp\ccT4Xrbu.s 			page 1


   1              		.syntax unified
   2              		.cpu cortex-m3
   3              		.fpu softvfp
   4              		.eabi_attribute 20, 1
   5              		.eabi_attribute 21, 1
   6              		.eabi_attribute 23, 3
   7              		.eabi_attribute 24, 1
   8              		.eabi_attribute 25, 1
   9              		.eabi_attribute 26, 1
  10              		.eabi_attribute 30, 6
  11              		.eabi_attribute 18, 4
  12              		.thumb
  13              		.file	"Counter_1_PM.c"
  14              		.section	.debug_abbrev,"",%progbits
  15              	.Ldebug_abbrev0:
  16              		.section	.debug_info,"",%progbits
  17              	.Ldebug_info0:
  18              		.section	.debug_line,"",%progbits
  19              	.Ldebug_line0:
  20 0000 C9000000 		.text
  20      02007400 
  20      00000201 
  20      FB0E0D00 
  20      01010101 
  21              	.Ltext0:
  22              		.cfi_sections	.debug_frame
  23              		.bss
  24              		.align	2
  25              	Counter_1_backup:
  26 0000 00000000 		.space	6
  26      0000
  27 0006 0000     		.section	.text.Counter_1_SaveConfig,"ax",%progbits
  28              		.align	2
  29              		.global	Counter_1_SaveConfig
  30              		.thumb
  31              		.thumb_func
  32              		.type	Counter_1_SaveConfig, %function
  33              	Counter_1_SaveConfig:
  34              	.LFB0:
  35              		.file 1 ".\\Generated_Source\\PSoC5\\Counter_1_PM.c"
   1:.\Generated_Source\PSoC5/Counter_1_PM.c **** /*******************************************************************************
   2:.\Generated_Source\PSoC5/Counter_1_PM.c **** * File Name: Counter_1_PM.c  
   3:.\Generated_Source\PSoC5/Counter_1_PM.c **** * Version 2.20
   4:.\Generated_Source\PSoC5/Counter_1_PM.c **** *
   5:.\Generated_Source\PSoC5/Counter_1_PM.c **** *  Description:
   6:.\Generated_Source\PSoC5/Counter_1_PM.c **** *    This file provides the power management source code to API for the
   7:.\Generated_Source\PSoC5/Counter_1_PM.c **** *    Counter.  
   8:.\Generated_Source\PSoC5/Counter_1_PM.c **** *
   9:.\Generated_Source\PSoC5/Counter_1_PM.c **** *   Note:
  10:.\Generated_Source\PSoC5/Counter_1_PM.c **** *     None
  11:.\Generated_Source\PSoC5/Counter_1_PM.c **** *
  12:.\Generated_Source\PSoC5/Counter_1_PM.c **** *******************************************************************************
  13:.\Generated_Source\PSoC5/Counter_1_PM.c **** * Copyright 2008-2012, Cypress Semiconductor Corporation.  All rights reserved.
  14:.\Generated_Source\PSoC5/Counter_1_PM.c **** * You may use this file only in accordance with the license, terms, conditions, 
  15:.\Generated_Source\PSoC5/Counter_1_PM.c **** * disclaimers, and limitations in the end user license agreement accompanying 
  16:.\Generated_Source\PSoC5/Counter_1_PM.c **** * the software package with which this file was provided.
  17:.\Generated_Source\PSoC5/Counter_1_PM.c **** ********************************************************************************/
ARM GAS  C:\Users\bccho\AppData\Local\Temp\ccT4Xrbu.s 			page 2


  18:.\Generated_Source\PSoC5/Counter_1_PM.c **** 
  19:.\Generated_Source\PSoC5/Counter_1_PM.c **** #include "Counter_1.h"
  20:.\Generated_Source\PSoC5/Counter_1_PM.c **** 
  21:.\Generated_Source\PSoC5/Counter_1_PM.c **** static Counter_1_backupStruct Counter_1_backup;
  22:.\Generated_Source\PSoC5/Counter_1_PM.c **** 
  23:.\Generated_Source\PSoC5/Counter_1_PM.c **** 
  24:.\Generated_Source\PSoC5/Counter_1_PM.c **** /*******************************************************************************
  25:.\Generated_Source\PSoC5/Counter_1_PM.c **** * Function Name: Counter_1_SaveConfig
  26:.\Generated_Source\PSoC5/Counter_1_PM.c **** ********************************************************************************
  27:.\Generated_Source\PSoC5/Counter_1_PM.c **** * Summary:
  28:.\Generated_Source\PSoC5/Counter_1_PM.c **** *     Save the current user configuration
  29:.\Generated_Source\PSoC5/Counter_1_PM.c **** *
  30:.\Generated_Source\PSoC5/Counter_1_PM.c **** * Parameters:  
  31:.\Generated_Source\PSoC5/Counter_1_PM.c **** *  void
  32:.\Generated_Source\PSoC5/Counter_1_PM.c **** *
  33:.\Generated_Source\PSoC5/Counter_1_PM.c **** * Return: 
  34:.\Generated_Source\PSoC5/Counter_1_PM.c **** *  void
  35:.\Generated_Source\PSoC5/Counter_1_PM.c **** *
  36:.\Generated_Source\PSoC5/Counter_1_PM.c **** * Global variables:
  37:.\Generated_Source\PSoC5/Counter_1_PM.c **** *  Counter_1_backup:  Variables of this global structure are modified to 
  38:.\Generated_Source\PSoC5/Counter_1_PM.c **** *  store the values of non retention configuration registers when Sleep() API is 
  39:.\Generated_Source\PSoC5/Counter_1_PM.c **** *  called.
  40:.\Generated_Source\PSoC5/Counter_1_PM.c **** *
  41:.\Generated_Source\PSoC5/Counter_1_PM.c **** *******************************************************************************/
  42:.\Generated_Source\PSoC5/Counter_1_PM.c **** void Counter_1_SaveConfig(void) 
  43:.\Generated_Source\PSoC5/Counter_1_PM.c **** {
  36              		.loc 1 43 0
  37              		.cfi_startproc
  38              		@ args = 0, pretend = 0, frame = 0
  39              		@ frame_needed = 1, uses_anonymous_args = 0
  40              		@ link register save eliminated.
  41 0000 80B4     		push	{r7}
  42              	.LCFI0:
  43              		.cfi_def_cfa_offset 4
  44 0002 00AF     		add	r7, sp, #0
  45              		.cfi_offset 7, -4
  46              	.LCFI1:
  47              		.cfi_def_cfa_register 7
  44:.\Generated_Source\PSoC5/Counter_1_PM.c ****     #if (!Counter_1_UsingFixedFunction)
  45:.\Generated_Source\PSoC5/Counter_1_PM.c ****         /* Backup the UDB non-rentention registers for PSoC5A */
  46:.\Generated_Source\PSoC5/Counter_1_PM.c ****         #if (CY_PSOC5A)
  47:.\Generated_Source\PSoC5/Counter_1_PM.c ****             Counter_1_backup.CounterUdb = Counter_1_ReadCounter();
  48:.\Generated_Source\PSoC5/Counter_1_PM.c ****             Counter_1_backup.CounterPeriod = Counter_1_ReadPeriod();
  49:.\Generated_Source\PSoC5/Counter_1_PM.c ****             Counter_1_backup.CompareValue = Counter_1_ReadCompare();
  50:.\Generated_Source\PSoC5/Counter_1_PM.c ****             Counter_1_backup.InterruptMaskValue = Counter_1_STATUS_MASK;
  51:.\Generated_Source\PSoC5/Counter_1_PM.c ****         #endif /* (CY_PSOC5A) */
  52:.\Generated_Source\PSoC5/Counter_1_PM.c ****         
  53:.\Generated_Source\PSoC5/Counter_1_PM.c ****         #if (CY_PSOC3 || CY_PSOC5LP)
  54:.\Generated_Source\PSoC5/Counter_1_PM.c ****             Counter_1_backup.CounterUdb = Counter_1_ReadCounter();
  55:.\Generated_Source\PSoC5/Counter_1_PM.c ****             Counter_1_backup.InterruptMaskValue = Counter_1_STATUS_MASK;
  56:.\Generated_Source\PSoC5/Counter_1_PM.c ****         #endif /* (CY_PSOC3 || CY_PSOC5LP) */
  57:.\Generated_Source\PSoC5/Counter_1_PM.c ****         
  58:.\Generated_Source\PSoC5/Counter_1_PM.c ****         #if(!Counter_1_ControlRegRemoved)
  59:.\Generated_Source\PSoC5/Counter_1_PM.c ****             Counter_1_backup.CounterControlRegister = Counter_1_ReadControlRegister();
  60:.\Generated_Source\PSoC5/Counter_1_PM.c ****         #endif /* (!Counter_1_ControlRegRemoved) */
  61:.\Generated_Source\PSoC5/Counter_1_PM.c ****     #endif /* (!Counter_1_UsingFixedFunction) */
  62:.\Generated_Source\PSoC5/Counter_1_PM.c **** }
ARM GAS  C:\Users\bccho\AppData\Local\Temp\ccT4Xrbu.s 			page 3


  48              		.loc 1 62 0
  49 0004 BD46     		mov	sp, r7
  50 0006 80BC     		pop	{r7}
  51 0008 7047     		bx	lr
  52              		.cfi_endproc
  53              	.LFE0:
  54              		.size	Counter_1_SaveConfig, .-Counter_1_SaveConfig
  55 000a 00BF     		.section	.text.Counter_1_RestoreConfig,"ax",%progbits
  56              		.align	2
  57              		.global	Counter_1_RestoreConfig
  58              		.thumb
  59              		.thumb_func
  60              		.type	Counter_1_RestoreConfig, %function
  61              	Counter_1_RestoreConfig:
  62              	.LFB1:
  63:.\Generated_Source\PSoC5/Counter_1_PM.c **** 
  64:.\Generated_Source\PSoC5/Counter_1_PM.c **** 
  65:.\Generated_Source\PSoC5/Counter_1_PM.c **** /*******************************************************************************
  66:.\Generated_Source\PSoC5/Counter_1_PM.c **** * Function Name: Counter_1_RestoreConfig
  67:.\Generated_Source\PSoC5/Counter_1_PM.c **** ********************************************************************************
  68:.\Generated_Source\PSoC5/Counter_1_PM.c **** *
  69:.\Generated_Source\PSoC5/Counter_1_PM.c **** * Summary:
  70:.\Generated_Source\PSoC5/Counter_1_PM.c **** *  Restores the current user configuration.
  71:.\Generated_Source\PSoC5/Counter_1_PM.c **** *
  72:.\Generated_Source\PSoC5/Counter_1_PM.c **** * Parameters:  
  73:.\Generated_Source\PSoC5/Counter_1_PM.c **** *  void
  74:.\Generated_Source\PSoC5/Counter_1_PM.c **** *
  75:.\Generated_Source\PSoC5/Counter_1_PM.c **** * Return: 
  76:.\Generated_Source\PSoC5/Counter_1_PM.c **** *  void
  77:.\Generated_Source\PSoC5/Counter_1_PM.c **** *
  78:.\Generated_Source\PSoC5/Counter_1_PM.c **** * Global variables:
  79:.\Generated_Source\PSoC5/Counter_1_PM.c **** *  Counter_1_backup:  Variables of this global structure are used to 
  80:.\Generated_Source\PSoC5/Counter_1_PM.c **** *  restore the values of non retention registers on wakeup from sleep mode.
  81:.\Generated_Source\PSoC5/Counter_1_PM.c **** *
  82:.\Generated_Source\PSoC5/Counter_1_PM.c **** *******************************************************************************/
  83:.\Generated_Source\PSoC5/Counter_1_PM.c **** void Counter_1_RestoreConfig(void) 
  84:.\Generated_Source\PSoC5/Counter_1_PM.c **** {      
  63              		.loc 1 84 0
  64              		.cfi_startproc
  65              		@ args = 0, pretend = 0, frame = 0
  66              		@ frame_needed = 1, uses_anonymous_args = 0
  67              		@ link register save eliminated.
  68 0000 80B4     		push	{r7}
  69              	.LCFI2:
  70              		.cfi_def_cfa_offset 4
  71 0002 00AF     		add	r7, sp, #0
  72              		.cfi_offset 7, -4
  73              	.LCFI3:
  74              		.cfi_def_cfa_register 7
  85:.\Generated_Source\PSoC5/Counter_1_PM.c ****     #if (!Counter_1_UsingFixedFunction)     
  86:.\Generated_Source\PSoC5/Counter_1_PM.c ****         /* Restore the UDB non-rentention registers for PSoC5A */
  87:.\Generated_Source\PSoC5/Counter_1_PM.c ****         #if (CY_PSOC5A)
  88:.\Generated_Source\PSoC5/Counter_1_PM.c ****             /* Interrupt State Backup for Critical Region*/
  89:.\Generated_Source\PSoC5/Counter_1_PM.c ****             uint8 Counter_1_interruptState;
  90:.\Generated_Source\PSoC5/Counter_1_PM.c ****         
  91:.\Generated_Source\PSoC5/Counter_1_PM.c ****             Counter_1_WriteCounter(Counter_1_backup.CounterUdb);
  92:.\Generated_Source\PSoC5/Counter_1_PM.c ****             Counter_1_WritePeriod(Counter_1_backup.CounterPeriod);
ARM GAS  C:\Users\bccho\AppData\Local\Temp\ccT4Xrbu.s 			page 4


  93:.\Generated_Source\PSoC5/Counter_1_PM.c ****             Counter_1_WriteCompare(Counter_1_backup.CompareValue);
  94:.\Generated_Source\PSoC5/Counter_1_PM.c ****             /* Enter Critical Region*/
  95:.\Generated_Source\PSoC5/Counter_1_PM.c ****             Counter_1_interruptState = CyEnterCriticalSection();
  96:.\Generated_Source\PSoC5/Counter_1_PM.c ****         
  97:.\Generated_Source\PSoC5/Counter_1_PM.c ****             Counter_1_STATUS_AUX_CTRL |= Counter_1_STATUS_ACTL_INT_EN_MASK;
  98:.\Generated_Source\PSoC5/Counter_1_PM.c ****             /* Exit Critical Region*/
  99:.\Generated_Source\PSoC5/Counter_1_PM.c ****             CyExitCriticalSection(Counter_1_interruptState);
 100:.\Generated_Source\PSoC5/Counter_1_PM.c ****             Counter_1_STATUS_MASK = Counter_1_backup.InterruptMaskValue;
 101:.\Generated_Source\PSoC5/Counter_1_PM.c ****         #endif  /* (CY_PSOC5A) */
 102:.\Generated_Source\PSoC5/Counter_1_PM.c ****         
 103:.\Generated_Source\PSoC5/Counter_1_PM.c ****         #if (CY_PSOC3 || CY_PSOC5LP)
 104:.\Generated_Source\PSoC5/Counter_1_PM.c ****             Counter_1_WriteCounter(Counter_1_backup.CounterUdb);
 105:.\Generated_Source\PSoC5/Counter_1_PM.c ****             Counter_1_STATUS_MASK = Counter_1_backup.InterruptMaskValue;
 106:.\Generated_Source\PSoC5/Counter_1_PM.c ****         #endif /* (CY_PSOC3 || CY_PSOC5LP) */
 107:.\Generated_Source\PSoC5/Counter_1_PM.c ****         
 108:.\Generated_Source\PSoC5/Counter_1_PM.c ****         #if(!Counter_1_ControlRegRemoved)
 109:.\Generated_Source\PSoC5/Counter_1_PM.c ****             Counter_1_WriteControlRegister(Counter_1_backup.CounterControlRegister);
 110:.\Generated_Source\PSoC5/Counter_1_PM.c ****         #endif /* (!Counter_1_ControlRegRemoved) */
 111:.\Generated_Source\PSoC5/Counter_1_PM.c ****     #endif /* (!Counter_1_UsingFixedFunction) */
 112:.\Generated_Source\PSoC5/Counter_1_PM.c **** }
  75              		.loc 1 112 0
  76 0004 BD46     		mov	sp, r7
  77 0006 80BC     		pop	{r7}
  78 0008 7047     		bx	lr
  79              		.cfi_endproc
  80              	.LFE1:
  81              		.size	Counter_1_RestoreConfig, .-Counter_1_RestoreConfig
  82 000a 00BF     		.section	.text.Counter_1_Sleep,"ax",%progbits
  83              		.align	2
  84              		.global	Counter_1_Sleep
  85              		.thumb
  86              		.thumb_func
  87              		.type	Counter_1_Sleep, %function
  88              	Counter_1_Sleep:
  89              	.LFB2:
 113:.\Generated_Source\PSoC5/Counter_1_PM.c **** 
 114:.\Generated_Source\PSoC5/Counter_1_PM.c **** 
 115:.\Generated_Source\PSoC5/Counter_1_PM.c **** /*******************************************************************************
 116:.\Generated_Source\PSoC5/Counter_1_PM.c **** * Function Name: Counter_1_Sleep
 117:.\Generated_Source\PSoC5/Counter_1_PM.c **** ********************************************************************************
 118:.\Generated_Source\PSoC5/Counter_1_PM.c **** * Summary:
 119:.\Generated_Source\PSoC5/Counter_1_PM.c **** *     Stop and Save the user configuration
 120:.\Generated_Source\PSoC5/Counter_1_PM.c **** *
 121:.\Generated_Source\PSoC5/Counter_1_PM.c **** * Parameters:  
 122:.\Generated_Source\PSoC5/Counter_1_PM.c **** *  void
 123:.\Generated_Source\PSoC5/Counter_1_PM.c **** *
 124:.\Generated_Source\PSoC5/Counter_1_PM.c **** * Return: 
 125:.\Generated_Source\PSoC5/Counter_1_PM.c **** *  void
 126:.\Generated_Source\PSoC5/Counter_1_PM.c **** *
 127:.\Generated_Source\PSoC5/Counter_1_PM.c **** * Global variables:
 128:.\Generated_Source\PSoC5/Counter_1_PM.c **** *  Counter_1_backup.enableState:  Is modified depending on the enable 
 129:.\Generated_Source\PSoC5/Counter_1_PM.c **** *  state of the block before entering sleep mode.
 130:.\Generated_Source\PSoC5/Counter_1_PM.c **** *
 131:.\Generated_Source\PSoC5/Counter_1_PM.c **** *******************************************************************************/
 132:.\Generated_Source\PSoC5/Counter_1_PM.c **** void Counter_1_Sleep(void) 
 133:.\Generated_Source\PSoC5/Counter_1_PM.c **** {
  90              		.loc 1 133 0
ARM GAS  C:\Users\bccho\AppData\Local\Temp\ccT4Xrbu.s 			page 5


  91              		.cfi_startproc
  92              		@ args = 0, pretend = 0, frame = 0
  93              		@ frame_needed = 1, uses_anonymous_args = 0
  94 0000 80B5     		push	{r7, lr}
  95              	.LCFI4:
  96              		.cfi_def_cfa_offset 8
  97 0002 00AF     		add	r7, sp, #0
  98              		.cfi_offset 14, -4
  99              		.cfi_offset 7, -8
 100              	.LCFI5:
 101              		.cfi_def_cfa_register 7
 134:.\Generated_Source\PSoC5/Counter_1_PM.c ****     #if(!Counter_1_ControlRegRemoved)
 135:.\Generated_Source\PSoC5/Counter_1_PM.c ****         /* Save Counter's enable state */
 136:.\Generated_Source\PSoC5/Counter_1_PM.c ****         if(Counter_1_CTRL_ENABLE == (Counter_1_CONTROL & Counter_1_CTRL_ENABLE))
 102              		.loc 1 136 0
 103 0004 44F60073 		movw	r3, #:lower16:1073762048
 104 0008 C4F20003 		movt	r3, #:upper16:1073762048
 105 000c 1B78     		ldrb	r3, [r3, #0]
 106 000e DBB2     		uxtb	r3, r3
 107 0010 03F00103 		and	r3, r3, #1
 108 0014 DBB2     		uxtb	r3, r3
 109 0016 002B     		cmp	r3, #0
 110 0018 07D0     		beq	.L6
 137:.\Generated_Source\PSoC5/Counter_1_PM.c ****         {
 138:.\Generated_Source\PSoC5/Counter_1_PM.c ****             /* Counter is enabled */
 139:.\Generated_Source\PSoC5/Counter_1_PM.c ****             Counter_1_backup.CounterEnableState = 1u;
 111              		.loc 1 139 0
 112 001a 40F20003 		movw	r3, #:lower16:Counter_1_backup
 113 001e C0F20003 		movt	r3, #:upper16:Counter_1_backup
 114 0022 4FF00102 		mov	r2, #1
 115 0026 1A70     		strb	r2, [r3, #0]
 116 0028 06E0     		b	.L7
 117              	.L6:
 140:.\Generated_Source\PSoC5/Counter_1_PM.c ****         }
 141:.\Generated_Source\PSoC5/Counter_1_PM.c ****         else
 142:.\Generated_Source\PSoC5/Counter_1_PM.c ****         {
 143:.\Generated_Source\PSoC5/Counter_1_PM.c ****             /* Counter is disabled */
 144:.\Generated_Source\PSoC5/Counter_1_PM.c ****             Counter_1_backup.CounterEnableState = 0u;
 118              		.loc 1 144 0
 119 002a 40F20003 		movw	r3, #:lower16:Counter_1_backup
 120 002e C0F20003 		movt	r3, #:upper16:Counter_1_backup
 121 0032 4FF00002 		mov	r2, #0
 122 0036 1A70     		strb	r2, [r3, #0]
 123              	.L7:
 145:.\Generated_Source\PSoC5/Counter_1_PM.c ****         }
 146:.\Generated_Source\PSoC5/Counter_1_PM.c ****     #endif /* (!Counter_1_ControlRegRemoved) */
 147:.\Generated_Source\PSoC5/Counter_1_PM.c ****     Counter_1_Stop();
 124              		.loc 1 147 0
 125 0038 FFF7FEFF 		bl	Counter_1_Stop
 148:.\Generated_Source\PSoC5/Counter_1_PM.c ****     Counter_1_SaveConfig();
 126              		.loc 1 148 0
 127 003c FFF7FEFF 		bl	Counter_1_SaveConfig
 149:.\Generated_Source\PSoC5/Counter_1_PM.c **** }
 128              		.loc 1 149 0
 129 0040 80BD     		pop	{r7, pc}
 130              		.cfi_endproc
 131              	.LFE2:
ARM GAS  C:\Users\bccho\AppData\Local\Temp\ccT4Xrbu.s 			page 6


 132              		.size	Counter_1_Sleep, .-Counter_1_Sleep
 133 0042 00BF     		.section	.text.Counter_1_Wakeup,"ax",%progbits
 134              		.align	2
 135              		.global	Counter_1_Wakeup
 136              		.thumb
 137              		.thumb_func
 138              		.type	Counter_1_Wakeup, %function
 139              	Counter_1_Wakeup:
 140              	.LFB3:
 150:.\Generated_Source\PSoC5/Counter_1_PM.c **** 
 151:.\Generated_Source\PSoC5/Counter_1_PM.c **** 
 152:.\Generated_Source\PSoC5/Counter_1_PM.c **** /*******************************************************************************
 153:.\Generated_Source\PSoC5/Counter_1_PM.c **** * Function Name: Counter_1_Wakeup
 154:.\Generated_Source\PSoC5/Counter_1_PM.c **** ********************************************************************************
 155:.\Generated_Source\PSoC5/Counter_1_PM.c **** *
 156:.\Generated_Source\PSoC5/Counter_1_PM.c **** * Summary:
 157:.\Generated_Source\PSoC5/Counter_1_PM.c **** *  Restores and enables the user configuration
 158:.\Generated_Source\PSoC5/Counter_1_PM.c **** *  
 159:.\Generated_Source\PSoC5/Counter_1_PM.c **** * Parameters:  
 160:.\Generated_Source\PSoC5/Counter_1_PM.c **** *  void
 161:.\Generated_Source\PSoC5/Counter_1_PM.c **** *
 162:.\Generated_Source\PSoC5/Counter_1_PM.c **** * Return: 
 163:.\Generated_Source\PSoC5/Counter_1_PM.c **** *  void
 164:.\Generated_Source\PSoC5/Counter_1_PM.c **** *
 165:.\Generated_Source\PSoC5/Counter_1_PM.c **** * Global variables:
 166:.\Generated_Source\PSoC5/Counter_1_PM.c **** *  Counter_1_backup.enableState:  Is used to restore the enable state of 
 167:.\Generated_Source\PSoC5/Counter_1_PM.c **** *  block on wakeup from sleep mode.
 168:.\Generated_Source\PSoC5/Counter_1_PM.c **** *
 169:.\Generated_Source\PSoC5/Counter_1_PM.c **** *******************************************************************************/
 170:.\Generated_Source\PSoC5/Counter_1_PM.c **** void Counter_1_Wakeup(void) 
 171:.\Generated_Source\PSoC5/Counter_1_PM.c **** {
 141              		.loc 1 171 0
 142              		.cfi_startproc
 143              		@ args = 0, pretend = 0, frame = 0
 144              		@ frame_needed = 1, uses_anonymous_args = 0
 145 0000 80B5     		push	{r7, lr}
 146              	.LCFI6:
 147              		.cfi_def_cfa_offset 8
 148 0002 00AF     		add	r7, sp, #0
 149              		.cfi_offset 14, -4
 150              		.cfi_offset 7, -8
 151              	.LCFI7:
 152              		.cfi_def_cfa_register 7
 172:.\Generated_Source\PSoC5/Counter_1_PM.c ****     Counter_1_RestoreConfig();
 153              		.loc 1 172 0
 154 0004 FFF7FEFF 		bl	Counter_1_RestoreConfig
 173:.\Generated_Source\PSoC5/Counter_1_PM.c ****     #if(!Counter_1_ControlRegRemoved)
 174:.\Generated_Source\PSoC5/Counter_1_PM.c ****         if(Counter_1_backup.CounterEnableState == 1u)
 155              		.loc 1 174 0
 156 0008 40F20003 		movw	r3, #:lower16:Counter_1_backup
 157 000c C0F20003 		movt	r3, #:upper16:Counter_1_backup
 158 0010 1B78     		ldrb	r3, [r3, #0]	@ zero_extendqisi2
 159 0012 012B     		cmp	r3, #1
 160 0014 01D1     		bne	.L11
 175:.\Generated_Source\PSoC5/Counter_1_PM.c ****         {
 176:.\Generated_Source\PSoC5/Counter_1_PM.c ****             /* Enable Counter's operation */
 177:.\Generated_Source\PSoC5/Counter_1_PM.c ****             Counter_1_Enable();
ARM GAS  C:\Users\bccho\AppData\Local\Temp\ccT4Xrbu.s 			page 7


 161              		.loc 1 177 0
 162 0016 FFF7FEFF 		bl	Counter_1_Enable
 163              	.L11:
 178:.\Generated_Source\PSoC5/Counter_1_PM.c ****         } /* Do nothing if Counter was disabled before */    
 179:.\Generated_Source\PSoC5/Counter_1_PM.c ****     #endif /* (!Counter_1_ControlRegRemoved) */
 180:.\Generated_Source\PSoC5/Counter_1_PM.c ****     
 181:.\Generated_Source\PSoC5/Counter_1_PM.c **** }
 164              		.loc 1 181 0
 165 001a 80BD     		pop	{r7, pc}
 166              		.cfi_endproc
 167              	.LFE3:
 168              		.size	Counter_1_Wakeup, .-Counter_1_Wakeup
 169              		.text
 170              	.Letext0:
 171              		.section	.debug_loc,"",%progbits
 172              	.Ldebug_loc0:
 173              	.LLST0:
 174 0000 00000000 		.4byte	.LFB0
 175 0004 02000000 		.4byte	.LCFI0
 176 0008 0100     		.2byte	0x1
 177 000a 5D       		.byte	0x5d
 178 000b 02000000 		.4byte	.LCFI0
 179 000f 04000000 		.4byte	.LCFI1
 180 0013 0200     		.2byte	0x2
 181 0015 7D       		.byte	0x7d
 182 0016 04       		.sleb128 4
 183 0017 04000000 		.4byte	.LCFI1
 184 001b 0A000000 		.4byte	.LFE0
 185 001f 0200     		.2byte	0x2
 186 0021 77       		.byte	0x77
 187 0022 04       		.sleb128 4
 188 0023 00000000 		.4byte	0x0
 189 0027 00000000 		.4byte	0x0
 190              	.LLST1:
 191 002b 00000000 		.4byte	.LFB1
 192 002f 02000000 		.4byte	.LCFI2
 193 0033 0100     		.2byte	0x1
 194 0035 5D       		.byte	0x5d
 195 0036 02000000 		.4byte	.LCFI2
 196 003a 04000000 		.4byte	.LCFI3
 197 003e 0200     		.2byte	0x2
 198 0040 7D       		.byte	0x7d
 199 0041 04       		.sleb128 4
 200 0042 04000000 		.4byte	.LCFI3
 201 0046 0A000000 		.4byte	.LFE1
 202 004a 0200     		.2byte	0x2
 203 004c 77       		.byte	0x77
 204 004d 04       		.sleb128 4
 205 004e 00000000 		.4byte	0x0
 206 0052 00000000 		.4byte	0x0
 207              	.LLST2:
 208 0056 00000000 		.4byte	.LFB2
 209 005a 02000000 		.4byte	.LCFI4
 210 005e 0100     		.2byte	0x1
 211 0060 5D       		.byte	0x5d
 212 0061 02000000 		.4byte	.LCFI4
 213 0065 04000000 		.4byte	.LCFI5
ARM GAS  C:\Users\bccho\AppData\Local\Temp\ccT4Xrbu.s 			page 8


 214 0069 0200     		.2byte	0x2
 215 006b 7D       		.byte	0x7d
 216 006c 08       		.sleb128 8
 217 006d 04000000 		.4byte	.LCFI5
 218 0071 42000000 		.4byte	.LFE2
 219 0075 0200     		.2byte	0x2
 220 0077 77       		.byte	0x77
 221 0078 08       		.sleb128 8
 222 0079 00000000 		.4byte	0x0
 223 007d 00000000 		.4byte	0x0
 224              	.LLST3:
 225 0081 00000000 		.4byte	.LFB3
 226 0085 02000000 		.4byte	.LCFI6
 227 0089 0100     		.2byte	0x1
 228 008b 5D       		.byte	0x5d
 229 008c 02000000 		.4byte	.LCFI6
 230 0090 04000000 		.4byte	.LCFI7
 231 0094 0200     		.2byte	0x2
 232 0096 7D       		.byte	0x7d
 233 0097 08       		.sleb128 8
 234 0098 04000000 		.4byte	.LCFI7
 235 009c 1C000000 		.4byte	.LFE3
 236 00a0 0200     		.2byte	0x2
 237 00a2 77       		.byte	0x77
 238 00a3 08       		.sleb128 8
 239 00a4 00000000 		.4byte	0x0
 240 00a8 00000000 		.4byte	0x0
 241              		.file 2 ".\\Generated_Source\\PSoC5\\/cytypes.h"
 242              		.file 3 ".\\Generated_Source\\PSoC5\\/Counter_1.h"
 243              		.section	.debug_info
 244 0000 41010000 		.4byte	0x141
 245 0004 0200     		.2byte	0x2
 246 0006 00000000 		.4byte	.Ldebug_abbrev0
 247 000a 04       		.byte	0x4
 248 000b 01       		.uleb128 0x1
 249 000c 01010000 		.4byte	.LASF21
 250 0010 01       		.byte	0x1
 251 0011 1B000000 		.4byte	.LASF22
 252 0015 54000000 		.4byte	.LASF23
 253 0019 00000000 		.4byte	0x0
 254 001d 00000000 		.4byte	0x0
 255 0021 00000000 		.4byte	.Ldebug_ranges0+0x0
 256 0025 00000000 		.4byte	.Ldebug_line0
 257 0029 02       		.uleb128 0x2
 258 002a 01       		.byte	0x1
 259 002b 06       		.byte	0x6
 260 002c 91010000 		.4byte	.LASF0
 261 0030 02       		.uleb128 0x2
 262 0031 01       		.byte	0x1
 263 0032 08       		.byte	0x8
 264 0033 0D010000 		.4byte	.LASF1
 265 0037 02       		.uleb128 0x2
 266 0038 02       		.byte	0x2
 267 0039 05       		.byte	0x5
 268 003a C5010000 		.4byte	.LASF2
 269 003e 02       		.uleb128 0x2
 270 003f 02       		.byte	0x2
ARM GAS  C:\Users\bccho\AppData\Local\Temp\ccT4Xrbu.s 			page 9


 271 0040 07       		.byte	0x7
 272 0041 7E010000 		.4byte	.LASF3
 273 0045 02       		.uleb128 0x2
 274 0046 04       		.byte	0x4
 275 0047 05       		.byte	0x5
 276 0048 20010000 		.4byte	.LASF4
 277 004c 02       		.uleb128 0x2
 278 004d 04       		.byte	0x4
 279 004e 07       		.byte	0x7
 280 004f D8000000 		.4byte	.LASF5
 281 0053 02       		.uleb128 0x2
 282 0054 08       		.byte	0x8
 283 0055 05       		.byte	0x5
 284 0056 00000000 		.4byte	.LASF6
 285 005a 02       		.uleb128 0x2
 286 005b 08       		.byte	0x8
 287 005c 07       		.byte	0x7
 288 005d EA000000 		.4byte	.LASF7
 289 0061 03       		.uleb128 0x3
 290 0062 04       		.byte	0x4
 291 0063 05       		.byte	0x5
 292 0064 696E7400 		.ascii	"int\000"
 293 0068 02       		.uleb128 0x2
 294 0069 04       		.byte	0x4
 295 006a 07       		.byte	0x7
 296 006b 0E000000 		.4byte	.LASF8
 297 006f 02       		.uleb128 0x2
 298 0070 01       		.byte	0x1
 299 0071 08       		.byte	0x8
 300 0072 1B010000 		.4byte	.LASF9
 301 0076 04       		.uleb128 0x4
 302 0077 D2000000 		.4byte	.LASF10
 303 007b 02       		.byte	0x2
 304 007c 60       		.byte	0x60
 305 007d 30000000 		.4byte	0x30
 306 0081 04       		.uleb128 0x4
 307 0082 CF010000 		.4byte	.LASF11
 308 0086 02       		.byte	0x2
 309 0087 61       		.byte	0x61
 310 0088 3E000000 		.4byte	0x3e
 311 008c 05       		.uleb128 0x5
 312 008d 04       		.byte	0x4
 313 008e 07       		.byte	0x7
 314 008f 06       		.uleb128 0x6
 315 0090 67010000 		.4byte	.LASF16
 316 0094 06       		.byte	0x6
 317 0095 03       		.byte	0x3
 318 0096 37       		.byte	0x37
 319 0097 D4000000 		.4byte	0xd4
 320 009b 07       		.uleb128 0x7
 321 009c 3C010000 		.4byte	.LASF12
 322 00a0 03       		.byte	0x3
 323 00a1 39       		.byte	0x39
 324 00a2 76000000 		.4byte	0x76
 325 00a6 02       		.byte	0x2
 326 00a7 23       		.byte	0x23
 327 00a8 00       		.uleb128 0x0
ARM GAS  C:\Users\bccho\AppData\Local\Temp\ccT4Xrbu.s 			page 10


 328 00a9 07       		.uleb128 0x7
 329 00aa D6010000 		.4byte	.LASF13
 330 00ae 03       		.byte	0x3
 331 00af 42       		.byte	0x42
 332 00b0 81000000 		.4byte	0x81
 333 00b4 02       		.byte	0x2
 334 00b5 23       		.byte	0x23
 335 00b6 02       		.uleb128 0x2
 336 00b7 07       		.uleb128 0x7
 337 00b8 29010000 		.4byte	.LASF14
 338 00bc 03       		.byte	0x3
 339 00bd 43       		.byte	0x43
 340 00be 76000000 		.4byte	0x76
 341 00c2 02       		.byte	0x2
 342 00c3 23       		.byte	0x23
 343 00c4 04       		.uleb128 0x4
 344 00c5 07       		.uleb128 0x7
 345 00c6 AE010000 		.4byte	.LASF15
 346 00ca 03       		.byte	0x3
 347 00cb 47       		.byte	0x47
 348 00cc 76000000 		.4byte	0x76
 349 00d0 02       		.byte	0x2
 350 00d1 23       		.byte	0x23
 351 00d2 05       		.uleb128 0x5
 352 00d3 00       		.byte	0x0
 353 00d4 04       		.uleb128 0x4
 354 00d5 67010000 		.4byte	.LASF16
 355 00d9 03       		.byte	0x3
 356 00da 49       		.byte	0x49
 357 00db 8F000000 		.4byte	0x8f
 358 00df 08       		.uleb128 0x8
 359 00e0 01       		.byte	0x1
 360 00e1 AD000000 		.4byte	.LASF17
 361 00e5 01       		.byte	0x1
 362 00e6 2A       		.byte	0x2a
 363 00e7 01       		.byte	0x1
 364 00e8 00000000 		.4byte	.LFB0
 365 00ec 0A000000 		.4byte	.LFE0
 366 00f0 00000000 		.4byte	.LLST0
 367 00f4 08       		.uleb128 0x8
 368 00f5 01       		.byte	0x1
 369 00f6 4F010000 		.4byte	.LASF18
 370 00fa 01       		.byte	0x1
 371 00fb 53       		.byte	0x53
 372 00fc 01       		.byte	0x1
 373 00fd 00000000 		.4byte	.LFB1
 374 0101 0A000000 		.4byte	.LFE1
 375 0105 2B000000 		.4byte	.LLST1
 376 0109 08       		.uleb128 0x8
 377 010a 01       		.byte	0x1
 378 010b C2000000 		.4byte	.LASF19
 379 010f 01       		.byte	0x1
 380 0110 84       		.byte	0x84
 381 0111 01       		.byte	0x1
 382 0112 00000000 		.4byte	.LFB2
 383 0116 42000000 		.4byte	.LFE2
 384 011a 56000000 		.4byte	.LLST2
ARM GAS  C:\Users\bccho\AppData\Local\Temp\ccT4Xrbu.s 			page 11


 385 011e 08       		.uleb128 0x8
 386 011f 01       		.byte	0x1
 387 0120 43000000 		.4byte	.LASF20
 388 0124 01       		.byte	0x1
 389 0125 AA       		.byte	0xaa
 390 0126 01       		.byte	0x1
 391 0127 00000000 		.4byte	.LFB3
 392 012b 1C000000 		.4byte	.LFE3
 393 012f 81000000 		.4byte	.LLST3
 394 0133 09       		.uleb128 0x9
 395 0134 9D010000 		.4byte	.LASF24
 396 0138 01       		.byte	0x1
 397 0139 15       		.byte	0x15
 398 013a D4000000 		.4byte	0xd4
 399 013e 05       		.byte	0x5
 400 013f 03       		.byte	0x3
 401 0140 00000000 		.4byte	Counter_1_backup
 402 0144 00       		.byte	0x0
 403              		.section	.debug_abbrev
 404 0000 01       		.uleb128 0x1
 405 0001 11       		.uleb128 0x11
 406 0002 01       		.byte	0x1
 407 0003 25       		.uleb128 0x25
 408 0004 0E       		.uleb128 0xe
 409 0005 13       		.uleb128 0x13
 410 0006 0B       		.uleb128 0xb
 411 0007 03       		.uleb128 0x3
 412 0008 0E       		.uleb128 0xe
 413 0009 1B       		.uleb128 0x1b
 414 000a 0E       		.uleb128 0xe
 415 000b 11       		.uleb128 0x11
 416 000c 01       		.uleb128 0x1
 417 000d 52       		.uleb128 0x52
 418 000e 01       		.uleb128 0x1
 419 000f 55       		.uleb128 0x55
 420 0010 06       		.uleb128 0x6
 421 0011 10       		.uleb128 0x10
 422 0012 06       		.uleb128 0x6
 423 0013 00       		.byte	0x0
 424 0014 00       		.byte	0x0
 425 0015 02       		.uleb128 0x2
 426 0016 24       		.uleb128 0x24
 427 0017 00       		.byte	0x0
 428 0018 0B       		.uleb128 0xb
 429 0019 0B       		.uleb128 0xb
 430 001a 3E       		.uleb128 0x3e
 431 001b 0B       		.uleb128 0xb
 432 001c 03       		.uleb128 0x3
 433 001d 0E       		.uleb128 0xe
 434 001e 00       		.byte	0x0
 435 001f 00       		.byte	0x0
 436 0020 03       		.uleb128 0x3
 437 0021 24       		.uleb128 0x24
 438 0022 00       		.byte	0x0
 439 0023 0B       		.uleb128 0xb
 440 0024 0B       		.uleb128 0xb
 441 0025 3E       		.uleb128 0x3e
ARM GAS  C:\Users\bccho\AppData\Local\Temp\ccT4Xrbu.s 			page 12


 442 0026 0B       		.uleb128 0xb
 443 0027 03       		.uleb128 0x3
 444 0028 08       		.uleb128 0x8
 445 0029 00       		.byte	0x0
 446 002a 00       		.byte	0x0
 447 002b 04       		.uleb128 0x4
 448 002c 16       		.uleb128 0x16
 449 002d 00       		.byte	0x0
 450 002e 03       		.uleb128 0x3
 451 002f 0E       		.uleb128 0xe
 452 0030 3A       		.uleb128 0x3a
 453 0031 0B       		.uleb128 0xb
 454 0032 3B       		.uleb128 0x3b
 455 0033 0B       		.uleb128 0xb
 456 0034 49       		.uleb128 0x49
 457 0035 13       		.uleb128 0x13
 458 0036 00       		.byte	0x0
 459 0037 00       		.byte	0x0
 460 0038 05       		.uleb128 0x5
 461 0039 24       		.uleb128 0x24
 462 003a 00       		.byte	0x0
 463 003b 0B       		.uleb128 0xb
 464 003c 0B       		.uleb128 0xb
 465 003d 3E       		.uleb128 0x3e
 466 003e 0B       		.uleb128 0xb
 467 003f 00       		.byte	0x0
 468 0040 00       		.byte	0x0
 469 0041 06       		.uleb128 0x6
 470 0042 13       		.uleb128 0x13
 471 0043 01       		.byte	0x1
 472 0044 03       		.uleb128 0x3
 473 0045 0E       		.uleb128 0xe
 474 0046 0B       		.uleb128 0xb
 475 0047 0B       		.uleb128 0xb
 476 0048 3A       		.uleb128 0x3a
 477 0049 0B       		.uleb128 0xb
 478 004a 3B       		.uleb128 0x3b
 479 004b 0B       		.uleb128 0xb
 480 004c 01       		.uleb128 0x1
 481 004d 13       		.uleb128 0x13
 482 004e 00       		.byte	0x0
 483 004f 00       		.byte	0x0
 484 0050 07       		.uleb128 0x7
 485 0051 0D       		.uleb128 0xd
 486 0052 00       		.byte	0x0
 487 0053 03       		.uleb128 0x3
 488 0054 0E       		.uleb128 0xe
 489 0055 3A       		.uleb128 0x3a
 490 0056 0B       		.uleb128 0xb
 491 0057 3B       		.uleb128 0x3b
 492 0058 0B       		.uleb128 0xb
 493 0059 49       		.uleb128 0x49
 494 005a 13       		.uleb128 0x13
 495 005b 38       		.uleb128 0x38
 496 005c 0A       		.uleb128 0xa
 497 005d 00       		.byte	0x0
 498 005e 00       		.byte	0x0
ARM GAS  C:\Users\bccho\AppData\Local\Temp\ccT4Xrbu.s 			page 13


 499 005f 08       		.uleb128 0x8
 500 0060 2E       		.uleb128 0x2e
 501 0061 00       		.byte	0x0
 502 0062 3F       		.uleb128 0x3f
 503 0063 0C       		.uleb128 0xc
 504 0064 03       		.uleb128 0x3
 505 0065 0E       		.uleb128 0xe
 506 0066 3A       		.uleb128 0x3a
 507 0067 0B       		.uleb128 0xb
 508 0068 3B       		.uleb128 0x3b
 509 0069 0B       		.uleb128 0xb
 510 006a 27       		.uleb128 0x27
 511 006b 0C       		.uleb128 0xc
 512 006c 11       		.uleb128 0x11
 513 006d 01       		.uleb128 0x1
 514 006e 12       		.uleb128 0x12
 515 006f 01       		.uleb128 0x1
 516 0070 40       		.uleb128 0x40
 517 0071 06       		.uleb128 0x6
 518 0072 00       		.byte	0x0
 519 0073 00       		.byte	0x0
 520 0074 09       		.uleb128 0x9
 521 0075 34       		.uleb128 0x34
 522 0076 00       		.byte	0x0
 523 0077 03       		.uleb128 0x3
 524 0078 0E       		.uleb128 0xe
 525 0079 3A       		.uleb128 0x3a
 526 007a 0B       		.uleb128 0xb
 527 007b 3B       		.uleb128 0x3b
 528 007c 0B       		.uleb128 0xb
 529 007d 49       		.uleb128 0x49
 530 007e 13       		.uleb128 0x13
 531 007f 02       		.uleb128 0x2
 532 0080 0A       		.uleb128 0xa
 533 0081 00       		.byte	0x0
 534 0082 00       		.byte	0x0
 535 0083 00       		.byte	0x0
 536              		.section	.debug_pubnames,"",%progbits
 537 0000 6C000000 		.4byte	0x6c
 538 0004 0200     		.2byte	0x2
 539 0006 00000000 		.4byte	.Ldebug_info0
 540 000a 45010000 		.4byte	0x145
 541 000e DF000000 		.4byte	0xdf
 542 0012 436F756E 		.ascii	"Counter_1_SaveConfig\000"
 542      7465725F 
 542      315F5361 
 542      7665436F 
 542      6E666967 
 543 0027 F4000000 		.4byte	0xf4
 544 002b 436F756E 		.ascii	"Counter_1_RestoreConfig\000"
 544      7465725F 
 544      315F5265 
 544      73746F72 
 544      65436F6E 
 545 0043 09010000 		.4byte	0x109
 546 0047 436F756E 		.ascii	"Counter_1_Sleep\000"
 546      7465725F 
ARM GAS  C:\Users\bccho\AppData\Local\Temp\ccT4Xrbu.s 			page 14


 546      315F536C 
 546      65657000 
 547 0057 1E010000 		.4byte	0x11e
 548 005b 436F756E 		.ascii	"Counter_1_Wakeup\000"
 548      7465725F 
 548      315F5761 
 548      6B657570 
 548      00
 549 006c 00000000 		.4byte	0x0
 550              		.section	.debug_aranges,"",%progbits
 551 0000 34000000 		.4byte	0x34
 552 0004 0200     		.2byte	0x2
 553 0006 00000000 		.4byte	.Ldebug_info0
 554 000a 04       		.byte	0x4
 555 000b 00       		.byte	0x0
 556 000c 0000     		.2byte	0x0
 557 000e 0000     		.2byte	0x0
 558 0010 00000000 		.4byte	.LFB0
 559 0014 0A000000 		.4byte	.LFE0-.LFB0
 560 0018 00000000 		.4byte	.LFB1
 561 001c 0A000000 		.4byte	.LFE1-.LFB1
 562 0020 00000000 		.4byte	.LFB2
 563 0024 42000000 		.4byte	.LFE2-.LFB2
 564 0028 00000000 		.4byte	.LFB3
 565 002c 1C000000 		.4byte	.LFE3-.LFB3
 566 0030 00000000 		.4byte	0x0
 567 0034 00000000 		.4byte	0x0
 568              		.section	.debug_ranges,"",%progbits
 569              	.Ldebug_ranges0:
 570 0000 00000000 		.4byte	.Ltext0
 571 0004 00000000 		.4byte	.Letext0
 572 0008 00000000 		.4byte	.LFB0
 573 000c 0A000000 		.4byte	.LFE0
 574 0010 00000000 		.4byte	.LFB1
 575 0014 0A000000 		.4byte	.LFE1
 576 0018 00000000 		.4byte	.LFB2
 577 001c 42000000 		.4byte	.LFE2
 578 0020 00000000 		.4byte	.LFB3
 579 0024 1C000000 		.4byte	.LFE3
 580 0028 00000000 		.4byte	0x0
 581 002c 00000000 		.4byte	0x0
 582              		.section	.debug_str,"MS",%progbits,1
 583              	.LASF6:
 584 0000 6C6F6E67 		.ascii	"long long int\000"
 584      206C6F6E 
 584      6720696E 
 584      7400
 585              	.LASF8:
 586 000e 756E7369 		.ascii	"unsigned int\000"
 586      676E6564 
 586      20696E74 
 586      00
 587              	.LASF22:
 588 001b 2E5C4765 		.ascii	".\\Generated_Source\\PSoC5\\Counter_1_PM.c\000"
 588      6E657261 
 588      7465645F 
 588      536F7572 
ARM GAS  C:\Users\bccho\AppData\Local\Temp\ccT4Xrbu.s 			page 15


 588      63655C50 
 589              	.LASF20:
 590 0043 436F756E 		.ascii	"Counter_1_Wakeup\000"
 590      7465725F 
 590      315F5761 
 590      6B657570 
 590      00
 591              	.LASF23:
 592 0054 433A5C55 		.ascii	"C:\\Users\\Public\\Documents\\Carlab\\BC and TJ\\Pr"
 592      73657273 
 592      5C507562 
 592      6C69635C 
 592      446F6375 
 593 0081 6F6A6563 		.ascii	"oject 2\\SpeedControl01\\SpeedControl01.cydsn\000"
 593      7420325C 
 593      53706565 
 593      64436F6E 
 593      74726F6C 
 594              	.LASF17:
 595 00ad 436F756E 		.ascii	"Counter_1_SaveConfig\000"
 595      7465725F 
 595      315F5361 
 595      7665436F 
 595      6E666967 
 596              	.LASF19:
 597 00c2 436F756E 		.ascii	"Counter_1_Sleep\000"
 597      7465725F 
 597      315F536C 
 597      65657000 
 598              	.LASF10:
 599 00d2 75696E74 		.ascii	"uint8\000"
 599      3800
 600              	.LASF5:
 601 00d8 6C6F6E67 		.ascii	"long unsigned int\000"
 601      20756E73 
 601      69676E65 
 601      6420696E 
 601      7400
 602              	.LASF7:
 603 00ea 6C6F6E67 		.ascii	"long long unsigned int\000"
 603      206C6F6E 
 603      6720756E 
 603      7369676E 
 603      65642069 
 604              	.LASF21:
 605 0101 474E5520 		.ascii	"GNU C 4.4.1\000"
 605      4320342E 
 605      342E3100 
 606              	.LASF1:
 607 010d 756E7369 		.ascii	"unsigned char\000"
 607      676E6564 
 607      20636861 
 607      7200
 608              	.LASF9:
 609 011b 63686172 		.ascii	"char\000"
 609      00
 610              	.LASF4:
ARM GAS  C:\Users\bccho\AppData\Local\Temp\ccT4Xrbu.s 			page 16


 611 0120 6C6F6E67 		.ascii	"long int\000"
 611      20696E74 
 611      00
 612              	.LASF14:
 613 0129 496E7465 		.ascii	"InterruptMaskValue\000"
 613      72727570 
 613      744D6173 
 613      6B56616C 
 613      756500
 614              	.LASF12:
 615 013c 436F756E 		.ascii	"CounterEnableState\000"
 615      74657245 
 615      6E61626C 
 615      65537461 
 615      746500
 616              	.LASF18:
 617 014f 436F756E 		.ascii	"Counter_1_RestoreConfig\000"
 617      7465725F 
 617      315F5265 
 617      73746F72 
 617      65436F6E 
 618              	.LASF16:
 619 0167 436F756E 		.ascii	"Counter_1_backupStruct\000"
 619      7465725F 
 619      315F6261 
 619      636B7570 
 619      53747275 
 620              	.LASF3:
 621 017e 73686F72 		.ascii	"short unsigned int\000"
 621      7420756E 
 621      7369676E 
 621      65642069 
 621      6E7400
 622              	.LASF0:
 623 0191 7369676E 		.ascii	"signed char\000"
 623      65642063 
 623      68617200 
 624              	.LASF24:
 625 019d 436F756E 		.ascii	"Counter_1_backup\000"
 625      7465725F 
 625      315F6261 
 625      636B7570 
 625      00
 626              	.LASF15:
 627 01ae 436F756E 		.ascii	"CounterControlRegister\000"
 627      74657243 
 627      6F6E7472 
 627      6F6C5265 
 627      67697374 
 628              	.LASF2:
 629 01c5 73686F72 		.ascii	"short int\000"
 629      7420696E 
 629      7400
 630              	.LASF11:
 631 01cf 75696E74 		.ascii	"uint16\000"
 631      313600
 632              	.LASF13:
ARM GAS  C:\Users\bccho\AppData\Local\Temp\ccT4Xrbu.s 			page 17


 633 01d6 436F756E 		.ascii	"CounterUdb\000"
 633      74657255 
 633      646200
 634              		.ident	"GCC: (Sourcery G++ Lite 2010q1-188) 4.4.1"
