--------------- Rebuild Started: 03/02/2017 14:12:38 Project: SpeedControl01, Configuration: ARM GCC 4.4.1 Debug ---------------
Deleting file ".\CortexM3\ARM_GCC_441\Debug\main.o"
Deleting file ".\CortexM3\ARM_GCC_441\Debug\LCD.o"
Deleting file ".\CortexM3\ARM_GCC_441\Debug\LCD_PM.o"
Deleting file ".\CortexM3\ARM_GCC_441\Debug\Pin_button.o"
Deleting file ".\CortexM3\ARM_GCC_441\Debug\inter_button.o"
Deleting file ".\CortexM3\ARM_GCC_441\Debug\PWM.o"
Deleting file ".\CortexM3\ARM_GCC_441\Debug\PWM_PM.o"
Deleting file ".\CortexM3\ARM_GCC_441\Debug\Pin_motor.o"
Deleting file ".\CortexM3\ARM_GCC_441\Debug\Clock_1.o"
Deleting file ".\CortexM3\ARM_GCC_441\Debug\LCD_LCDPort.o"
Deleting file ".\CortexM3\ARM_GCC_441\Debug\Cm3Start.o"
Deleting file ".\CortexM3\ARM_GCC_441\Debug\core_cm3.o"
Deleting file ".\CortexM3\ARM_GCC_441\Debug\CyBootAsmGnu.o"
Deleting file ".\CortexM3\ARM_GCC_441\Debug\CyDmac.o"
Deleting file ".\CortexM3\ARM_GCC_441\Debug\CyFlash.o"
Deleting file ".\CortexM3\ARM_GCC_441\Debug\CyLib.o"
Deleting file ".\CortexM3\ARM_GCC_441\Debug\cyPm.o"
Deleting file ".\CortexM3\ARM_GCC_441\Debug\CySpc.o"
Deleting file ".\CortexM3\ARM_GCC_441\Debug\cyutils.o"
Deleting file ".\CortexM3\ARM_GCC_441\Debug\UART_1.o"
Deleting file ".\CortexM3\ARM_GCC_441\Debug\UART_1_PM.o"
Deleting file ".\CortexM3\ARM_GCC_441\Debug\UART_1_INT.o"
Deleting file ".\CortexM3\ARM_GCC_441\Debug\rx_rcvd.o"
Deleting file ".\CortexM3\ARM_GCC_441\Debug\Hall_sensor.o"
Deleting file ".\CortexM3\ARM_GCC_441\Debug\wheel_tick.o"
Deleting file ".\CortexM3\ARM_GCC_441\Debug\Counter_1.o"
Deleting file ".\CortexM3\ARM_GCC_441\Debug\Counter_1_PM.o"
Deleting file ".\CortexM3\ARM_GCC_441\Debug\Timer_1.o"
Deleting file ".\CortexM3\ARM_GCC_441\Debug\Timer_1_PM.o"
Deleting file ".\CortexM3\ARM_GCC_441\Debug\tick_timeout.o"
Deleting file ".\CortexM3\ARM_GCC_441\Debug\ShiftReg_1.o"
Deleting file ".\CortexM3\ARM_GCC_441\Debug\ShiftReg_1_PM.o"
Deleting file ".\CortexM3\ARM_GCC_441\Debug\Counter_2.o"
Deleting file ".\CortexM3\ARM_GCC_441\Debug\Counter_2_PM.o"
Deleting file ".\CortexM3\ARM_GCC_441\Debug\throttle_update.o"
Deleting file ".\CortexM3\ARM_GCC_441\Debug\cyfitter_cfg.o"
Deleting file ".\CortexM3\ARM_GCC_441\Debug\SpeedControl01.hex"
Deleting file ".\CortexM3\ARM_GCC_441\Debug\SpeedControl01.elf"
Deleting file ".\CortexM3\ARM_GCC_441\Debug\SpeedControl01.map"
Deleting file ".\SpeedControl01.cycdx"
Deleting file ".\SpeedControl01.svd"
Deleting file ".\SpeedControl01.rpt"
Deleting file ".\SpeedControl01_timing.html"
Deleting file ".\CortexM3\ARM_GCC_441\Debug\.deps\C_FILE.P"
Deleting file ".\CortexM3\ARM_GCC_441\Debug\.deps\ARM_C_FILE.P"
Deleting file ".\CortexM3\ARM_GCC_441\Debug\.deps\GNU_ARM_ASM_FILE.P"
cydsfit.exe "-.appdatapath" "C:\Users\tjs8\AppData\Local\Cypress Semiconductor\PSoC Creator\2.1" "-.fdsnotice" "-.fdswarpdepfile=warp_dependencies.txt" "-.fdselabdepfile=elab_dependencies.txt" "-.fdsbldfile=generated_files.txt" "-p" "C:\Users\Public\Documents\Carlab\BC and TJ\Project 1\SpeedControl01\SpeedControl01.cydsn\SpeedControl01.cyprj" "-d" "CY8C5868AXI-LP035" "-s" "C:\Users\Public\Documents\Carlab\BC and TJ\Project 1\SpeedControl01\SpeedControl01.cydsn\Generated_Source\PSoC5" "--" "-yv2" "-v3" "-ygs" "-q10" "-o2" "-.fftcfgtype=LE"
Elaborating Design...
HDL Generation ...
Synthesis ...
Place and Route ...
Tech mapping ...
Info: mpr.M0037: Unused pieces of the design have been optimized out. See the Tech mapping section of the report file for details. (App=cydsfit)
Analog Placement ...
Analog Routing ...
Analog Code Generation ...
Digital Placement ...
Log: plm.M0038: The pin named \LCD:LCDPort(3)\ at location P2[3] prevents usage of special purposes: Trace. (App=cydsfit)
Log: plm.M0038: The pin named \LCD:LCDPort(4)\ at location P2[4] prevents usage of special purposes: Trace. (App=cydsfit)
Log: plm.M0038: The pin named \LCD:LCDPort(5)\ at location P2[5] prevents usage of special purposes: Trace. (App=cydsfit)
Log: plm.M0038: The pin named \LCD:LCDPort(6)\ at location P2[6] prevents usage of special purposes: Trace. (App=cydsfit)
Log: plm.M0039: The pin named Rx_1(0) at location P3[0] prevents usage of the high current (2mA) feature of an IDAC. (App=cydsfit)
Log: plm.M0039: The pin named Tx_1(0) at location P3[1] prevents usage of the high current (2mA) feature of an IDAC. (App=cydsfit)
Info: plm.M0037: SpeedControl01.rpt: 
      Certain internal analog resources use the following pins for preferred routing: P2[3], P2[4], P2[5], P2[6], P3[0], P3[1].
      Please check the "Final Placement Details" section of the report file (SpeedControl01.rpt) to see what resources are impacted by your pin selections.
     (File=C:\Users\Public\Documents\Carlab\BC and TJ\Project 1\SpeedControl01\SpeedControl01.cydsn\SpeedControl01.rpt(1))
Digital Routing ...
Bitstream Generation ...
Static timing analysis ...
API Generation ...
Dependency Generation ...
Clean Temporary Files ...
arm-none-eabi-gcc.exe -I. -Wno-main -I./Generated_Source/PSoC5 -mcpu=cortex-m3 -mthumb -Wall -g -Wa,-alh=.\CortexM3\ARM_GCC_441\Debug\main.lst -ffunction-sections -c .\main.c -o .\CortexM3\ARM_GCC_441\Debug\main.o
arm-none-eabi-gcc.exe -I. -Wno-main -I./Generated_Source/PSoC5 -mcpu=cortex-m3 -mthumb -Wall -g -Wa,-alh=.\CortexM3\ARM_GCC_441\Debug\LCD.lst -ffunction-sections -c .\Generated_Source\PSoC5\LCD.c -o .\CortexM3\ARM_GCC_441\Debug\LCD.o
arm-none-eabi-gcc.exe -I. -Wno-main -I./Generated_Source/PSoC5 -mcpu=cortex-m3 -mthumb -Wall -g -Wa,-alh=.\CortexM3\ARM_GCC_441\Debug\LCD_PM.lst -ffunction-sections -c .\Generated_Source\PSoC5\LCD_PM.c -o .\CortexM3\ARM_GCC_441\Debug\LCD_PM.o
arm-none-eabi-gcc.exe -I. -Wno-main -I./Generated_Source/PSoC5 -mcpu=cortex-m3 -mthumb -Wall -g -Wa,-alh=.\CortexM3\ARM_GCC_441\Debug\Pin_button.lst -ffunction-sections -c .\Generated_Source\PSoC5\Pin_button.c -o .\CortexM3\ARM_GCC_441\Debug\Pin_button.o
arm-none-eabi-gcc.exe -I. -Wno-main -I./Generated_Source/PSoC5 -mcpu=cortex-m3 -mthumb -Wall -g -Wa,-alh=.\CortexM3\ARM_GCC_441\Debug\inter_button.lst -ffunction-sections -c .\Generated_Source\PSoC5\inter_button.c -o .\CortexM3\ARM_GCC_441\Debug\inter_button.o
arm-none-eabi-gcc.exe -I. -Wno-main -I./Generated_Source/PSoC5 -mcpu=cortex-m3 -mthumb -Wall -g -Wa,-alh=.\CortexM3\ARM_GCC_441\Debug\PWM.lst -ffunction-sections -c .\Generated_Source\PSoC5\PWM.c -o .\CortexM3\ARM_GCC_441\Debug\PWM.o
arm-none-eabi-gcc.exe -I. -Wno-main -I./Generated_Source/PSoC5 -mcpu=cortex-m3 -mthumb -Wall -g -Wa,-alh=.\CortexM3\ARM_GCC_441\Debug\PWM_PM.lst -ffunction-sections -c .\Generated_Source\PSoC5\PWM_PM.c -o .\CortexM3\ARM_GCC_441\Debug\PWM_PM.o
arm-none-eabi-gcc.exe -I. -Wno-main -I./Generated_Source/PSoC5 -mcpu=cortex-m3 -mthumb -Wall -g -Wa,-alh=.\CortexM3\ARM_GCC_441\Debug\Pin_motor.lst -ffunction-sections -c .\Generated_Source\PSoC5\Pin_motor.c -o .\CortexM3\ARM_GCC_441\Debug\Pin_motor.o
arm-none-eabi-gcc.exe -I. -Wno-main -I./Generated_Source/PSoC5 -mcpu=cortex-m3 -mthumb -Wall -g -Wa,-alh=.\CortexM3\ARM_GCC_441\Debug\Clock_1.lst -ffunction-sections -c .\Generated_Source\PSoC5\Clock_1.c -o .\CortexM3\ARM_GCC_441\Debug\Clock_1.o
arm-none-eabi-gcc.exe -I. -Wno-main -I./Generated_Source/PSoC5 -mcpu=cortex-m3 -mthumb -Wall -g -Wa,-alh=.\CortexM3\ARM_GCC_441\Debug\LCD_LCDPort.lst -ffunction-sections -c .\Generated_Source\PSoC5\LCD_LCDPort.c -o .\CortexM3\ARM_GCC_441\Debug\LCD_LCDPort.o
arm-none-eabi-gcc.exe -I. -Wno-main -I./Generated_Source/PSoC5 -mcpu=cortex-m3 -mthumb -Wall -g -Wa,-alh=.\CortexM3\ARM_GCC_441\Debug\Cm3Start.lst -ffunction-sections -c .\Generated_Source\PSoC5\Cm3Start.c -o .\CortexM3\ARM_GCC_441\Debug\Cm3Start.o
arm-none-eabi-gcc.exe -I. -Wno-main -I./Generated_Source/PSoC5 -mcpu=cortex-m3 -mthumb -Wall -g -Wa,-alh=.\CortexM3\ARM_GCC_441\Debug\core_cm3.lst -ffunction-sections -c .\Generated_Source\PSoC5\core_cm3.c -o .\CortexM3\ARM_GCC_441\Debug\core_cm3.o
arm-none-eabi-as.exe -I. -I./Generated_Source/PSoC5 -mcpu=cortex-m3 -mthumb -g -alh=.\CortexM3\ARM_GCC_441\Debug/CyBootAsmGnu.lst -o .\CortexM3\ARM_GCC_441\Debug\CyBootAsmGnu.o .\Generated_Source\PSoC5\CyBootAsmGnu.s
arm-none-eabi-gcc.exe -I. -Wno-main -I./Generated_Source/PSoC5 -mcpu=cortex-m3 -mthumb -Wall -g -Wa,-alh=.\CortexM3\ARM_GCC_441\Debug\CyDmac.lst -ffunction-sections -c .\Generated_Source\PSoC5\CyDmac.c -o .\CortexM3\ARM_GCC_441\Debug\CyDmac.o
arm-none-eabi-gcc.exe -I. -Wno-main -I./Generated_Source/PSoC5 -mcpu=cortex-m3 -mthumb -Wall -g -Wa,-alh=.\CortexM3\ARM_GCC_441\Debug\CyFlash.lst -ffunction-sections -c .\Generated_Source\PSoC5\CyFlash.c -o .\CortexM3\ARM_GCC_441\Debug\CyFlash.o
arm-none-eabi-gcc.exe -I. -Wno-main -I./Generated_Source/PSoC5 -mcpu=cortex-m3 -mthumb -Wall -g -Wa,-alh=.\CortexM3\ARM_GCC_441\Debug\CyLib.lst -ffunction-sections -c .\Generated_Source\PSoC5\CyLib.c -o .\CortexM3\ARM_GCC_441\Debug\CyLib.o
arm-none-eabi-gcc.exe -I. -Wno-main -I./Generated_Source/PSoC5 -mcpu=cortex-m3 -mthumb -Wall -g -Wa,-alh=.\CortexM3\ARM_GCC_441\Debug\cyPm.lst -ffunction-sections -c .\Generated_Source\PSoC5\cyPm.c -o .\CortexM3\ARM_GCC_441\Debug\cyPm.o
arm-none-eabi-gcc.exe -I. -Wno-main -I./Generated_Source/PSoC5 -mcpu=cortex-m3 -mthumb -Wall -g -Wa,-alh=.\CortexM3\ARM_GCC_441\Debug\CySpc.lst -ffunction-sections -c .\Generated_Source\PSoC5\CySpc.c -o .\CortexM3\ARM_GCC_441\Debug\CySpc.o
arm-none-eabi-gcc.exe -I. -Wno-main -I./Generated_Source/PSoC5 -mcpu=cortex-m3 -mthumb -Wall -g -Wa,-alh=.\CortexM3\ARM_GCC_441\Debug\cyutils.lst -ffunction-sections -c .\Generated_Source\PSoC5\cyutils.c -o .\CortexM3\ARM_GCC_441\Debug\cyutils.o
arm-none-eabi-gcc.exe -I. -Wno-main -I./Generated_Source/PSoC5 -mcpu=cortex-m3 -mthumb -Wall -g -Wa,-alh=.\CortexM3\ARM_GCC_441\Debug\UART_1.lst -ffunction-sections -c .\Generated_Source\PSoC5\UART_1.c -o .\CortexM3\ARM_GCC_441\Debug\UART_1.o
arm-none-eabi-gcc.exe -I. -Wno-main -I./Generated_Source/PSoC5 -mcpu=cortex-m3 -mthumb -Wall -g -Wa,-alh=.\CortexM3\ARM_GCC_441\Debug\UART_1_PM.lst -ffunction-sections -c .\Generated_Source\PSoC5\UART_1_PM.c -o .\CortexM3\ARM_GCC_441\Debug\UART_1_PM.o
arm-none-eabi-gcc.exe -I. -Wno-main -I./Generated_Source/PSoC5 -mcpu=cortex-m3 -mthumb -Wall -g -Wa,-alh=.\CortexM3\ARM_GCC_441\Debug\UART_1_INT.lst -ffunction-sections -c .\Generated_Source\PSoC5\UART_1_INT.c -o .\CortexM3\ARM_GCC_441\Debug\UART_1_INT.o
arm-none-eabi-gcc.exe -I. -Wno-main -I./Generated_Source/PSoC5 -mcpu=cortex-m3 -mthumb -Wall -g -Wa,-alh=.\CortexM3\ARM_GCC_441\Debug\rx_rcvd.lst -ffunction-sections -c .\Generated_Source\PSoC5\rx_rcvd.c -o .\CortexM3\ARM_GCC_441\Debug\rx_rcvd.o
arm-none-eabi-gcc.exe -I. -Wno-main -I./Generated_Source/PSoC5 -mcpu=cortex-m3 -mthumb -Wall -g -Wa,-alh=.\CortexM3\ARM_GCC_441\Debug\Hall_sensor.lst -ffunction-sections -c .\Generated_Source\PSoC5\Hall_sensor.c -o .\CortexM3\ARM_GCC_441\Debug\Hall_sensor.o
arm-none-eabi-gcc.exe -I. -Wno-main -I./Generated_Source/PSoC5 -mcpu=cortex-m3 -mthumb -Wall -g -Wa,-alh=.\CortexM3\ARM_GCC_441\Debug\wheel_tick.lst -ffunction-sections -c .\Generated_Source\PSoC5\wheel_tick.c -o .\CortexM3\ARM_GCC_441\Debug\wheel_tick.o
arm-none-eabi-gcc.exe -I. -Wno-main -I./Generated_Source/PSoC5 -mcpu=cortex-m3 -mthumb -Wall -g -Wa,-alh=.\CortexM3\ARM_GCC_441\Debug\Counter_1.lst -ffunction-sections -c .\Generated_Source\PSoC5\Counter_1.c -o .\CortexM3\ARM_GCC_441\Debug\Counter_1.o
arm-none-eabi-gcc.exe -I. -Wno-main -I./Generated_Source/PSoC5 -mcpu=cortex-m3 -mthumb -Wall -g -Wa,-alh=.\CortexM3\ARM_GCC_441\Debug\Counter_1_PM.lst -ffunction-sections -c .\Generated_Source\PSoC5\Counter_1_PM.c -o .\CortexM3\ARM_GCC_441\Debug\Counter_1_PM.o
arm-none-eabi-gcc.exe -I. -Wno-main -I./Generated_Source/PSoC5 -mcpu=cortex-m3 -mthumb -Wall -g -Wa,-alh=.\CortexM3\ARM_GCC_441\Debug\Timer_1.lst -ffunction-sections -c .\Generated_Source\PSoC5\Timer_1.c -o .\CortexM3\ARM_GCC_441\Debug\Timer_1.o
arm-none-eabi-gcc.exe -I. -Wno-main -I./Generated_Source/PSoC5 -mcpu=cortex-m3 -mthumb -Wall -g -Wa,-alh=.\CortexM3\ARM_GCC_441\Debug\Timer_1_PM.lst -ffunction-sections -c .\Generated_Source\PSoC5\Timer_1_PM.c -o .\CortexM3\ARM_GCC_441\Debug\Timer_1_PM.o
arm-none-eabi-gcc.exe -I. -Wno-main -I./Generated_Source/PSoC5 -mcpu=cortex-m3 -mthumb -Wall -g -Wa,-alh=.\CortexM3\ARM_GCC_441\Debug\tick_timeout.lst -ffunction-sections -c .\Generated_Source\PSoC5\tick_timeout.c -o .\CortexM3\ARM_GCC_441\Debug\tick_timeout.o
arm-none-eabi-gcc.exe -I. -Wno-main -I./Generated_Source/PSoC5 -mcpu=cortex-m3 -mthumb -Wall -g -Wa,-alh=.\CortexM3\ARM_GCC_441\Debug\ShiftReg_1.lst -ffunction-sections -c .\Generated_Source\PSoC5\ShiftReg_1.c -o .\CortexM3\ARM_GCC_441\Debug\ShiftReg_1.o
arm-none-eabi-gcc.exe -I. -Wno-main -I./Generated_Source/PSoC5 -mcpu=cortex-m3 -mthumb -Wall -g -Wa,-alh=.\CortexM3\ARM_GCC_441\Debug\ShiftReg_1_PM.lst -ffunction-sections -c .\Generated_Source\PSoC5\ShiftReg_1_PM.c -o .\CortexM3\ARM_GCC_441\Debug\ShiftReg_1_PM.o
arm-none-eabi-gcc.exe -I. -Wno-main -I./Generated_Source/PSoC5 -mcpu=cortex-m3 -mthumb -Wall -g -Wa,-alh=.\CortexM3\ARM_GCC_441\Debug\Counter_2.lst -ffunction-sections -c .\Generated_Source\PSoC5\Counter_2.c -o .\CortexM3\ARM_GCC_441\Debug\Counter_2.o
arm-none-eabi-gcc.exe -I. -Wno-main -I./Generated_Source/PSoC5 -mcpu=cortex-m3 -mthumb -Wall -g -Wa,-alh=.\CortexM3\ARM_GCC_441\Debug\Counter_2_PM.lst -ffunction-sections -c .\Generated_Source\PSoC5\Counter_2_PM.c -o .\CortexM3\ARM_GCC_441\Debug\Counter_2_PM.o
arm-none-eabi-gcc.exe -I. -Wno-main -I./Generated_Source/PSoC5 -mcpu=cortex-m3 -mthumb -Wall -g -Wa,-alh=.\CortexM3\ARM_GCC_441\Debug\throttle_update.lst -ffunction-sections -c .\Generated_Source\PSoC5\throttle_update.c -o .\CortexM3\ARM_GCC_441\Debug\throttle_update.o
arm-none-eabi-gcc.exe -I. -Wno-main -I./Generated_Source/PSoC5 -mcpu=cortex-m3 -mthumb -Wall -g -Wa,-alh=.\CortexM3\ARM_GCC_441\Debug\cyfitter_cfg.lst -ffunction-sections -c .\Generated_Source\PSoC5\cyfitter_cfg.c -o .\CortexM3\ARM_GCC_441\Debug\cyfitter_cfg.o
arm-none-eabi-ar.exe -rs .\CortexM3\ARM_GCC_441\Debug\SpeedControl01.a .\CortexM3\ARM_GCC_441\Debug\LCD.o .\CortexM3\ARM_GCC_441\Debug\LCD_PM.o .\CortexM3\ARM_GCC_441\Debug\Pin_button.o .\CortexM3\ARM_GCC_441\Debug\inter_button.o .\CortexM3\ARM_GCC_441\Debug\PWM.o .\CortexM3\ARM_GCC_441\Debug\PWM_PM.o .\CortexM3\ARM_GCC_441\Debug\Pin_motor.o .\CortexM3\ARM_GCC_441\Debug\Clock_1.o .\CortexM3\ARM_GCC_441\Debug\LCD_LCDPort.o .\CortexM3\ARM_GCC_441\Debug\core_cm3.o .\CortexM3\ARM_GCC_441\Debug\CyBootAsmGnu.o .\CortexM3\ARM_GCC_441\Debug\CyDmac.o .\CortexM3\ARM_GCC_441\Debug\CyFlash.o .\CortexM3\ARM_GCC_441\Debug\CyLib.o .\CortexM3\ARM_GCC_441\Debug\cyPm.o .\CortexM3\ARM_GCC_441\Debug\CySpc.o .\CortexM3\ARM_GCC_441\Debug\cyutils.o .\CortexM3\ARM_GCC_441\Debug\UART_1.o .\CortexM3\ARM_GCC_441\Debug\UART_1_PM.o .\CortexM3\ARM_GCC_441\Debug\UART_1_INT.o .\CortexM3\ARM_GCC_441\Debug\rx_rcvd.o .\CortexM3\ARM_GCC_441\Debug\Hall_sensor.o .\CortexM3\ARM_GCC_441\Debug\wheel_tick.o .\CortexM3\ARM_GCC_441\Debug\Counter_1.o .\CortexM3\ARM_GCC_441\Debug\Counter_1_PM.o .\CortexM3\ARM_GCC_441\Debug\Timer_1.o .\CortexM3\ARM_GCC_441\Debug\Timer_1_PM.o .\CortexM3\ARM_GCC_441\Debug\tick_timeout.o .\CortexM3\ARM_GCC_441\Debug\ShiftReg_1.o .\CortexM3\ARM_GCC_441\Debug\ShiftReg_1_PM.o .\CortexM3\ARM_GCC_441\Debug\Counter_2.o .\CortexM3\ARM_GCC_441\Debug\Counter_2_PM.o .\CortexM3\ARM_GCC_441\Debug\throttle_update.o .\CortexM3\ARM_GCC_441\Debug\cyfitter_cfg.o
arm-none-eabi-ar.exe: creating .\CortexM3\ARM_GCC_441\Debug\SpeedControl01.a
arm-none-eabi-gcc.exe -mthumb -march=armv7-m -mfix-cortex-m3-ldrd -T .\Generated_Source\PSoC5\cm3gcc.ld -g -Wl,-Map,.\CortexM3\ARM_GCC_441\Debug\SpeedControl01.map -Wl,--gc-sections -Wl,--start-group -o .\CortexM3\ARM_GCC_441\Debug\SpeedControl01.elf .\CortexM3\ARM_GCC_441\Debug\main.o .\CortexM3\ARM_GCC_441\Debug\Cm3Start.o .\CortexM3\ARM_GCC_441\Debug\SpeedControl01.a "C:\Program Files (x86)\Cypress\PSoC Creator\2.1\PSoC Creator\psoc\content\cycomponentlibrary\CyComponentLibrary.cylib\CortexM3\ARM_GCC_441\Debug\CyComponentLibrary.a" -Wl,--end-group
arm-none-eabi-objcopy.exe -O ihex .\CortexM3\ARM_GCC_441\Debug\SpeedControl01.elf .\CortexM3\ARM_GCC_441\Debug\SpeedControl01.ihx
cyhextool -o .\CortexM3\ARM_GCC_441\Debug\SpeedControl01.hex -f .\CortexM3\ARM_GCC_441\Debug\SpeedControl01.ihx -prot .\Generated_Source\PSoC5\protect.hex -id 2E123069 -a EEPROM=90200000:800,PROGRAM=00000000:40000,CONFIG=80000000:8000,PROTECT=90400000:100 -meta 0001 -cunv 00004005 -wonv AFAC90BC -ecc .\Generated_Source\PSoC5\config.hex
Flash used: 35048 of 262144 bytes (13.4 %).
SRAM used: 1960 of 65536 bytes (3.0 %).
--------------- Rebuild Failed: 03/02/2017 14:12:56 ---------------
