#***************************************************************************

#sjplacer

#Version:            1.1

#Build Date:         Sep 13 2012 13:30:21

#File Generated:     Mar 30 2017 14:09:52

#Purpose:            

#Copyright (C) 2010-2011 by Softjin Technologies Pvt Ltd. All rights reserved.

#***************************************************************************

Executing : C:\Program Files (x86)\Cypress\PSoC Creator\2.1\PSoC Creator\bin/sjplacer.exe --proj-name Navigation01 --netlist-vh2 Navigation01_p.vh2 --arch-file C:\Program Files (x86)\Cypress\PSoC Creator\2.1\PSoC Creator\dev/psoc3/psoc35_placer.ark --rrg-file C:\Program Files (x86)\Cypress\PSoC Creator\2.1\PSoC Creator\dev/psoc5/psoc5lp/route_arch-rrg.cydata --irq-file C:\Program Files (x86)\Cypress\PSoC Creator\2.1\PSoC Creator\dev/psoc5/psoc5lp/psoc5_lp_irqconn.cydata --drq-file C:\Program Files (x86)\Cypress\PSoC Creator\2.1\PSoC Creator\dev/psoc5/psoc5lp/psoc5_lp_dmaconn.cydata --dsi-conn-file C:\Program Files (x86)\Cypress\PSoC Creator\2.1\PSoC Creator\dev/psoc5/psoc5lp/psoc5_lp_dsiconn.cydata --pins-file PSoC5_PSoC5LP_100-TQFP.xml --lib-file Navigation01_p.lib --sdc-file Navigation01.sdc --io-pcf Navigation01.pci --outdir .

		Softjin Techologies Placer, Version 1.1

Build Date : Sep 13 2012	13:32:44

D2004: Option and Settings Summary
=============================================================
Netlist vh2 file          - Navigation01_p.vh2
Architecture file         - C:\Program Files (x86)\Cypress\PSoC Creator\2.1\PSoC Creator\dev/psoc3/psoc35_placer.ark
Package                   - 
Defparam file             - 
SDC file                  - Navigation01.sdc
Output directory          - .
Timing library            - Navigation01_p.lib
IO Placement file         - Navigation01.pci

D2050: Starting reading inputs for placer
=============================================================
D2065: Reading netlist file : "Navigation01_p.vh2"
D2065: Reading arch file : "C:\Program Files (x86)\Cypress\PSoC Creator\2.1\PSoC Creator\dev/psoc3/psoc35_placer.ark"
D2051: Reading of inputs for placer completed successfully

D2053: Starting placement of the design
=============================================================

Phase 2
Phase 3

Design Statistics after Packing
    Number of Combinational MCs 	:	18
    Number of Sequential MCs    	:	32
    Number of DPs               	:	11
    Number of Controls          	:	5
    Number of Status            	:	6
    Number of SyncCells         	:	0
    Number of count7cells       	:	1

Device Utilization Summary after Packing
    Macrocells                  :	50/192
    UDBS                        :	14/24
    IOs                         :	17/672


D2088: Phase 3, elapsed time : 0.0 (sec)

Phase 4
D2088: Phase 4, elapsed time : 0.0 (sec)

Phase 5
D2088: Phase 5, elapsed time : 0.0 (sec)

Phase 6

######################################################################
Placement Timing Summary

The timing summary is based on estimated routing delays after
placement. For final timing report, please carry out the timing
analysis after routing.
======================================================================

######################################################################
                     Clock Summary 
======================================================================
Number of clocks: 9
Clock: Clock_1              | Frequency:  41.7 MHz | Target:   0.1 MHz
Clock: Clock_2              | Frequency:  67.1 MHz | Target:   0.0 MHz
Clock: Clock_3              | Frequency:  29.8 MHz | Target:  12.0 MHz
Clock: CyBUS_CLK            | Frequency:  29.8 MHz | Target:  24.0 MHz
Clock: CyILO                | Frequency: N/A       | Target:   0.0 MHz
Clock: CyIMO                | Frequency: N/A       | Target:   3.0 MHz
Clock: CyMASTER_CLK         | Frequency: N/A       | Target:  24.0 MHz
Clock: CyPLL_OUT            | Frequency: N/A       | Target:  24.0 MHz
Clock: UART_IntClock        | Frequency:  37.5 MHz | Target:   0.1 MHz

======================================================================
                     End of Clock Summary
######################################################################

D2088: Phase 6, elapsed time : 0.0 (sec)

Phase 7
######################################################################
                     Clock Summary 
======================================================================
Number of clocks: 9
Clock: Clock_1              | Frequency:   2.4 MHz | Target:   0.1 MHz
Clock: Clock_2              | Frequency:   3.2 MHz | Target:   0.0 MHz
Clock: Clock_3              | Frequency:  27.2 MHz | Target:  12.0 MHz
Clock: CyBUS_CLK            | Frequency:   1.2 MHz | Target:  24.0 MHz
Clock: CyILO                | Frequency: N/A       | Target:   0.0 MHz
Clock: CyIMO                | Frequency: N/A       | Target:   3.0 MHz
Clock: CyMASTER_CLK         | Frequency: N/A       | Target:  24.0 MHz
Clock: CyPLL_OUT            | Frequency: N/A       | Target:  24.0 MHz
Clock: UART_IntClock        | Frequency:   1.2 MHz | Target:   0.1 MHz

======================================================================
                     End of Clock Summary
######################################################################
D2088: Phase 7, elapsed time : 0.6 (sec)

Final Design Statistics
    Number of Combinational MCs 	:	18
    Number of Sequential MCs    	:	32
    Number of DPs               	:	11
    Number of Controls          	:	5
    Number of Status            	:	6
    Number of SyncCells         	:	0
    Number of count7cells       	:	1
    Number of IOs       	:	17

Device Utilization Summary
    Macrocells                  :	50/192
    IOs                         :	17/672



######################################################################
Placement Timing Summary

The timing summary is based on estimated routing delays after
placement. For final timing report, please carry out the timing
analysis after routing.
======================================================================


######################################################################
                     Clock Summary 
======================================================================
Number of clocks: 9
Clock: Clock_1              | Frequency:   2.4 MHz | Target:   0.1 MHz
Clock: Clock_2              | Frequency:   4.1 MHz | Target:   0.0 MHz
Clock: Clock_3              | Frequency:  27.2 MHz | Target:  12.0 MHz
Clock: CyBUS_CLK            | Frequency:   1.3 MHz | Target:  24.0 MHz
Clock: CyILO                | Frequency: N/A       | Target:   0.0 MHz
Clock: CyIMO                | Frequency: N/A       | Target:   3.0 MHz
Clock: CyMASTER_CLK         | Frequency: N/A       | Target:  24.0 MHz
Clock: CyPLL_OUT            | Frequency: N/A       | Target:  24.0 MHz
Clock: UART_IntClock        | Frequency:   1.3 MHz | Target:   0.1 MHz

======================================================================
                     End of Clock Summary
######################################################################

Phase 8
D2088: Phase 8, elapsed time : 0.0 (sec)

D2054: Placement of the design completed successfully

I2076: Total run-time: 1.2 sec.

